2004.08.12 10:23 B C:\Saul Robles Garcia\saul\proyectos\proyectiles\ProyectilSimple\AcercaFrame.class --> mayo.uson.mx /robles/Proyectiles/ProyectilSimple AcercaFrame.class
2004.08.12 10:23 B C:\Saul Robles Garcia\saul\proyectos\proyectiles\ProyectilSimple\AcercaFrame_btnCerrar_actionAdapter.class --> mayo.uson.mx /robles/Proyectiles/ProyectilSimple AcercaFrame_btnCerrar_actionAdapter.class
2004.08.12 10:23 B C:\Saul Robles Garcia\saul\proyectos\proyectiles\ProyectilSimple\AcercaFrame_this_windowAdapter.class --> mayo.uson.mx /robles/Proyectiles/ProyectilSimple AcercaFrame_this_windowAdapter.class
2004.08.12 10:23 B C:\Saul Robles Garcia\saul\proyectos\proyectiles\ProyectilSimple\BevelPanel.class --> mayo.uson.mx /robles/Proyectiles/ProyectilSimple BevelPanel.class
2004.08.12 10:23 B C:\Saul Robles Garcia\saul\proyectos\proyectiles\ProyectilSimple\CFrame.class --> mayo.uson.mx /robles/Proyectiles/ProyectilSimple CFrame.class
2004.08.12 10:23 B C:\Saul Robles Garcia\saul\proyectos\proyectiles\ProyectilSimple\CFrame_btnCerrar_actionAdapter.class --> mayo.uson.mx /robles/Proyectiles/ProyectilSimple CFrame_btnCerrar_actionAdapter.class
2004.08.12 10:23 B C:\Saul Robles Garcia\saul\proyectos\proyectiles\ProyectilSimple\CFrame_this_windowAdapter.class --> mayo.uson.mx /robles/Proyectiles/ProyectilSimple CFrame_this_windowAdapter.class
2004.08.12 10:23 B C:\Saul Robles Garcia\saul\proyectos\proyectiles\ProyectilSimple\DatosV.class --> mayo.uson.mx /robles/Proyectiles/ProyectilSimple DatosV.class
2004.08.12 10:23 B C:\Saul Robles Garcia\saul\proyectos\proyectiles\ProyectilSimple\DatosXY.class --> mayo.uson.mx /robles/Proyectiles/ProyectilSimple DatosXY.class
2004.08.12 10:23 B C:\Saul Robles Garcia\saul\proyectos\proyectiles\ProyectilSimple\dosproyectiles.htm --> mayo.uson.mx /robles/Proyectiles/ProyectilSimple dosproyectiles.htm
2004.08.12 10:23 B C:\Saul Robles Garcia\saul\proyectos\proyectiles\ProyectilSimple\GPoint.class --> mayo.uson.mx /robles/Proyectiles/ProyectilSimple GPoint.class
2004.08.12 10:23 B C:\Saul Robles Garcia\saul\proyectos\proyectiles\ProyectilSimple\PCanvas.class --> mayo.uson.mx /robles/Proyectiles/ProyectilSimple PCanvas.class
2004.08.12 10:23 B C:\Saul Robles Garcia\saul\proyectos\proyectiles\ProyectilSimple\PFrame.class --> mayo.uson.mx /robles/Proyectiles/ProyectilSimple PFrame.class
2004.08.12 10:24 B C:\Saul Robles Garcia\saul\proyectos\proyectiles\ProyectilSimple\PFrame_mni_ex_actionAdapter.class --> mayo.uson.mx /robles/Proyectiles/ProyectilSimple PFrame_mni_ex_actionAdapter.class
2004.08.12 10:24 B C:\Saul Robles Garcia\saul\proyectos\proyectiles\ProyectilSimple\PFrame_mni_g1_actionAdapter.class --> mayo.uson.mx /robles/Proyectiles/ProyectilSimple PFrame_mni_g1_actionAdapter.class
2004.08.12 10:24 B C:\Saul Robles Garcia\saul\proyectos\proyectiles\ProyectilSimple\PFrame_mni_g2_actionAdapter.class --> mayo.uson.mx /robles/Proyectiles/ProyectilSimple PFrame_mni_g2_actionAdapter.class
2004.08.12 10:24 B C:\Saul Robles Garcia\saul\proyectos\proyectiles\ProyectilSimple\PFrame_mni_g3_actionAdapter.class --> mayo.uson.mx /robles/Proyectiles/ProyectilSimple PFrame_mni_g3_actionAdapter.class
2004.08.12 10:24 B C:\Saul Robles Garcia\saul\proyectos\proyectiles\ProyectilSimple\PFrame_mni_g4_actionAdapter.class --> mayo.uson.mx /robles/Proyectiles/ProyectilSimple PFrame_mni_g4_actionAdapter.class
2004.08.12 10:24 B C:\Saul Robles Garcia\saul\proyectos\proyectiles\ProyectilSimple\PFrame_mni_g5_actionAdapter.class --> mayo.uson.mx /robles/Proyectiles/ProyectilSimple PFrame_mni_g5_actionAdapter.class
2004.08.12 10:24 B C:\Saul Robles Garcia\saul\proyectos\proyectiles\ProyectilSimple\PFrame_this_windowAdapter.class --> mayo.uson.mx /robles/Proyectiles/ProyectilSimple PFrame_this_windowAdapter.class
2004.08.12 10:24 B C:\Saul Robles Garcia\saul\proyectos\proyectiles\ProyectilSimple\Proyectil.class --> mayo.uson.mx /robles/Proyectiles/ProyectilSimple Proyectil.class
2004.08.12 10:24 B C:\Saul Robles Garcia\saul\proyectos\proyectiles\ProyectilSimple\ProyectilSimpleApplet.class --> mayo.uson.mx /robles/Proyectiles/ProyectilSimple ProyectilSimpleApplet.class
2004.08.12 10:24 B C:\Saul Robles Garcia\saul\proyectos\proyectiles\ProyectilSimple\ProyectilSimpleApplet_btnAcerca_actionAdapter.class --> mayo.uson.mx /robles/Proyectiles/ProyectilSimple ProyectilSimpleApplet_btnAcerca_actionAdapter.class
2004.08.12 10:24 B C:\Saul Robles Garcia\saul\proyectos\proyectiles\ProyectilSimple\ProyectilSimpleApplet_btnCalcular_actionAdapter.class --> mayo.uson.mx /robles/Proyectiles/ProyectilSimple ProyectilSimpleApplet_btnCalcular_actionAdapter.class
2004.08.12 10:24 B C:\Saul Robles Garcia\saul\proyectos\proyectiles\ProyectilSimple\ProyectilSimpleApplet_btnConfig_actionAdapter.class --> mayo.uson.mx /robles/Proyectiles/ProyectilSimple ProyectilSimpleApplet_btnConfig_actionAdapter.class
2004.08.12 10:24 B C:\Saul Robles Garcia\saul\proyectos\proyectiles\ProyectilSimple\ProyectilSimpleApplet_btnGraficar_actionAdapter.class --> mayo.uson.mx /robles/Proyectiles/ProyectilSimple ProyectilSimpleApplet_btnGraficar_actionAdapter.class
2004.08.12 10:24 B C:\Saul Robles Garcia\saul\proyectos\proyectiles\ProyectilSimple\ProyectilSimpleApplet_btnTabla_actionAdapter.class --> mayo.uson.mx /robles/Proyectiles/ProyectilSimple ProyectilSimpleApplet_btnTabla_actionAdapter.class
2004.08.12 10:24 B C:\Saul Robles Garcia\saul\proyectos\proyectiles\ProyectilSimple\ProyectilSimpleApplet_chPlaneta1_itemAdapter.class --> mayo.uson.mx /robles/Proyectiles/ProyectilSimple ProyectilSimpleApplet_chPlaneta1_itemAdapter.class
2004.08.12 10:24 B C:\Saul Robles Garcia\saul\proyectos\proyectiles\ProyectilSimple\ProyectilSimpleApplet_chPlaneta2_itemAdapter.class --> mayo.uson.mx /robles/Proyectiles/ProyectilSimple ProyectilSimpleApplet_chPlaneta2_itemAdapter.class
2004.08.12 10:24 B C:\Saul Robles Garcia\saul\proyectos\proyectiles\ProyectilSimple\TablaFrame.class --> mayo.uson.mx /robles/Proyectiles/ProyectilSimple TablaFrame.class
2004.08.12 10:24 B C:\Saul Robles Garcia\saul\proyectos\proyectiles\ProyectilSimple\TablaFrame_this_windowAdapter.class --> mayo.uson.mx /robles/Proyectiles/ProyectilSimple TablaFrame_this_windowAdapter.class
