#
# A fatal error has been detected by the Java Runtime Environment:
#
#  EXCEPTION_ACCESS_VIOLATION (0xc0000005) at pc=0x00000004, pid=1892, tid=392
#
# JRE version: Java(TM) SE Runtime Environment (7.0_51-b13) (build 1.7.0_51-b13)
# Java VM: Java HotSpot(TM) Client VM (24.51-b03 mixed mode, sharing windows-x86 )
# Problematic frame:
# C  0x00000004
#
# Failed to write core dump. Minidumps are not enabled by default on client versions of Windows
#
# If you would like to submit a bug report, please visit:
#   http://bugreport.sun.com/bugreport/crash.jsp
# The crash happened outside the Java Virtual Machine in native code.
# See problematic frame for where to report the bug.
#

---------------  T H R E A D  ---------------

Current thread (0x085d1800):  JavaThread "Thread-4" [_thread_in_native, id=392, stack(0x00110000,0x00210000)]

siginfo: ExceptionCode=0xc0000005, ExceptionInformation=0x00000008 0x00000004

Registers:
EAX=0x60978ff8, EBX=0x00000000, ECX=0x0020eff0, EDX=0x042bde9c
ESP=0x0020efb8, EBP=0x0020efe8, ESI=0x085d1930, EDI=0x03ce6a58
EIP=0x00000004, EFLAGS=0x00210246

Top of Stack: (sp=0x0020efb8)
0x0020efb8:   6b8380d1 03ce6a58 000001f6 042a1380
0x0020efc8:   0020eff0 0020efe4 085d1800 337a5258
0x0020efd8:   337a5258 042a1380 00000000 00000000
0x0020efe8:   0020eff8 6b839198 00000000 0020f048
0x0020eff8:   0020f038 05a5a9dd 085d1930 0020f054
0x0020f008:   03ce6a58 00000000 0020f048 042bdeb4
0x0020f018:   0020f018 337a5258 0020f054 337ad2b0
0x0020f028:   00000000 337a5258 00000000 0020f048 

Instructions: (pc=0x00000004)
0xffffffe4:   


Register to memory mapping:

EAX=0x60978ff8 is an unknown value
EBX=0x00000000 is an unknown value
ECX=0x0020eff0 is pointing into the stack for thread: 0x085d1800
EDX=0x042bde9c is an unknown value
ESP=0x0020efb8 is pointing into the stack for thread: 0x085d1800
EBP=0x0020efe8 is pointing into the stack for thread: 0x085d1800
ESI=0x085d1930 is an unknown value
EDI=0x03ce6a58 is an unknown value


Stack: [0x00110000,0x00210000],  sp=0x0020efb8,  free space=1019k
Native frames: (J=compiled Java code, j=interpreted, Vv=VM code, C=native code)
C  0x00000004
C  [npjp2.dll+0x9198]
j  sun.plugin2.main.server.MozillaPlugin.getProxy0(JLjava/lang/String;)Ljava/lang/String;+0
j  sun.plugin2.main.server.MozillaPlugin.getProxy(Ljava/lang/String;)Ljava/lang/String;+17
j  sun.plugin2.main.server.MozillaBrowserService$MozillaProxyHandler.findProxyForURL(Ljava/lang/String;)Ljava/lang/String;+7
j  com.sun.deploy.net.proxy.AbstractBrowserProxyHandler.getProxyInfo(Ljava/net/URL;)[Lcom/sun/deploy/net/proxy/ProxyInfo;+5
j  com.sun.deploy.net.proxy.DynamicProxyManager.getProxyList(Ljava/net/URL;Z)Ljava/util/List;+113
j  sun.plugin2.main.server.ProxySupport.getProxyReply(Lsun/plugin2/main/server/Plugin;Lsun/plugin2/message/GetProxyMessage;)Lsun/plugin2/message/ProxyReplyMessage;+20
j  sun.plugin2.main.server.JVMInstance$1.run()V+26
j  sun.plugin2.main.server.MozillaPlugin$RunnableWrapper.run()V+4
j  sun.plugin2.main.server.MozillaPlugin.drainRunnableQueue()V+39
j  sun.plugin2.main.server.MozillaPlugin.access$000(Lsun/plugin2/main/server/MozillaPlugin;)V+1
j  sun.plugin2.main.server.MozillaPlugin$DrainRunnableQueue.run()V+4
v  ~StubRoutines::call_stub
V  [jvm.dll+0x13f35a]
V  [jvm.dll+0x202c6e]
V  [jvm.dll+0x13f3dd]
V  [jvm.dll+0xc9bc2]
V  [jvm.dll+0xcd813]
C  [npjp2.dll+0x203f]
C  [xul.dll+0x58de1e]

Java frames: (J=compiled Java code, j=interpreted, Vv=VM code)
j  sun.plugin2.main.server.MozillaPlugin.getProxy0(JLjava/lang/String;)Ljava/lang/String;+0
j  sun.plugin2.main.server.MozillaPlugin.getProxy(Ljava/lang/String;)Ljava/lang/String;+17
j  sun.plugin2.main.server.MozillaBrowserService$MozillaProxyHandler.findProxyForURL(Ljava/lang/String;)Ljava/lang/String;+7
j  com.sun.deploy.net.proxy.AbstractBrowserProxyHandler.getProxyInfo(Ljava/net/URL;)[Lcom/sun/deploy/net/proxy/ProxyInfo;+5
j  com.sun.deploy.net.proxy.DynamicProxyManager.getProxyList(Ljava/net/URL;Z)Ljava/util/List;+113
j  sun.plugin2.main.server.ProxySupport.getProxyReply(Lsun/plugin2/main/server/Plugin;Lsun/plugin2/message/GetProxyMessage;)Lsun/plugin2/message/ProxyReplyMessage;+20
j  sun.plugin2.main.server.JVMInstance$1.run()V+26
j  sun.plugin2.main.server.MozillaPlugin$RunnableWrapper.run()V+4
j  sun.plugin2.main.server.MozillaPlugin.drainRunnableQueue()V+39
j  sun.plugin2.main.server.MozillaPlugin.access$000(Lsun/plugin2/main/server/MozillaPlugin;)V+1
j  sun.plugin2.main.server.MozillaPlugin$DrainRunnableQueue.run()V+4
v  ~StubRoutines::call_stub

---------------  P R O C E S S  ---------------

Java Threads: ( => current thread )
  0x084fe000 JavaThread "Keep-Alive-Timer" daemon [_thread_blocked, id=3908, stack(0x0a450000,0x0a550000)]
  0x084fc000 JavaThread "Thread-5" [_thread_in_native, id=540, stack(0x0a030000,0x0a130000)]
=>0x085d1800 JavaThread "Thread-4" [_thread_in_native, id=392, stack(0x00110000,0x00210000)]
  0x0859a400 JavaThread "JVM[id=1]-Heartbeat" [_thread_blocked, id=3784, stack(0x050f0000,0x051f0000)]
  0x085c9000 JavaThread "JRE 1.7.0.51 Worker Thread" [_thread_blocked, id=2640, stack(0x092d0000,0x093d0000)]
  0x085c8000 JavaThread "JRE 1.7.0.51 Output Reader Thread" [_thread_in_native, id=1228, stack(0x09120000,0x09220000)]
  0x085c1800 JavaThread "JRE 1.7.0.51 Output Reader Thread" [_thread_in_native, id=1392, stack(0x08e50000,0x08f50000)]
  0x085c1000 JavaThread "Thread-3" [_thread_in_native, id=3928, stack(0x08cc0000,0x08dc0000)]
  0x085c0800 JavaThread "Java Plug-In Pipe Worker Thread (Server-Side)" daemon [_thread_in_native, id=3504, stack(0x08710000,0x08810000)]
  0x042ff800 JavaThread "traceMsgQueueThread" daemon [_thread_blocked, id=3204, stack(0x08830000,0x08930000)]
  0x042b6c00 JavaThread "Service Thread" daemon [_thread_blocked, id=2692, stack(0x07c80000,0x07d80000)]
  0x042b2000 JavaThread "C1 CompilerThread0" daemon [_thread_blocked, id=560, stack(0x08210000,0x08310000)]
  0x042aec00 JavaThread "Attach Listener" daemon [_thread_blocked, id=3456, stack(0x08060000,0x08160000)]
  0x042ab800 JavaThread "Signal Dispatcher" daemon [_thread_blocked, id=2300, stack(0x07f50000,0x08050000)]
  0x0423f400 JavaThread "Finalizer" daemon [_thread_blocked, id=2008, stack(0x07a80000,0x07b80000)]
  0x0423dc00 JavaThread "Reference Handler" daemon [_thread_blocked, id=2488, stack(0x057e0000,0x058e0000)]

Other Threads:
  0x0423c400 VMThread [stack: 0x07b80000,0x07c80000] [id=3740]
  0x042d3000 WatcherThread [stack: 0x083f0000,0x084f0000] [id=2544]

VM state:not at safepoint (normal execution)

VM Mutex/Monitor currently owned by a thread: None

Heap
 def new generation   total 4928K, used 2068K [0x31790000, 0x31ce0000, 0x32230000)
  eden space 4416K,  35% used [0x31790000, 0x31915310, 0x31be0000)
  from space 512K, 100% used [0x31c60000, 0x31ce0000, 0x31ce0000)
  to   space 512K,   0% used [0x31be0000, 0x31be0000, 0x31c60000)
 tenured generation   total 10944K, used 2578K [0x32230000, 0x32ce0000, 0x33790000)
   the space 10944K,  23% used [0x32230000, 0x324b4af0, 0x324b4c00, 0x32ce0000)
 compacting perm gen  total 12288K, used 2900K [0x33790000, 0x34390000, 0x37790000)
   the space 12288K,  23% used [0x33790000, 0x33a65180, 0x33a65200, 0x34390000)
    ro space 10240K,  41% used [0x37790000, 0x37bc2050, 0x37bc2200, 0x38190000)
    rw space 12288K,  52% used [0x38190000, 0x387d6800, 0x387d6800, 0x38d90000)

Card table byte_map: [0x036b0000,0x036f0000] byte_map_base: 0x03524380

Polling page: 0x03680000

Code Cache  [0x05a50000, 0x05b78000, 0x07a50000)
 total_blobs=502 nmethods=318 adapters=121 free_code_cache=31587Kb largest_free_block=32345216

Compilation events (10 events):
Event: 30.501 Thread 0x042b2000  314             java.lang.String::endsWith (17 bytes)
Event: 30.501 Thread 0x042b2000 nmethod 314 0x05b76188 code [0x05b76290, 0x05b7633c]
Event: 30.501 Thread 0x042b2000  315             java.util.HashSet::add (20 bytes)
Event: 30.501 Thread 0x042b2000 nmethod 315 0x05b76408 code [0x05b76510, 0x05b765bc]
Event: 30.501 Thread 0x042b2000  316             java.util.TreeMap::getEntry (84 bytes)
Event: 30.501 Thread 0x042b2000 nmethod 316 0x05b76608 code [0x05b76740, 0x05b76924]
Event: 30.507 Thread 0x042b2000  317             java.util.ArrayList::rangeCheck (22 bytes)
Event: 30.507 Thread 0x042b2000 nmethod 317 0x05b76a88 code [0x05b76be0, 0x05b76ea8]
Event: 30.507 Thread 0x042b2000  318             java.util.ArrayList::elementData (7 bytes)
Event: 30.507 Thread 0x042b2000 nmethod 318 0x05b77148 code [0x05b77240, 0x05b772e0]

GC Heap History (6 events):
Event: 30.146 GC heap before
{Heap before GC invocations=0 (full 0):
 def new generation   total 4928K, used 4416K [0x31790000, 0x31ce0000, 0x32230000)
  eden space 4416K, 100% used [0x31790000, 0x31be0000, 0x31be0000)
  from space 512K,   0% used [0x31be0000, 0x31be0000, 0x31c60000)
  to   space 512K,   0% used [0x31c60000, 0x31c60000, 0x31ce0000)
 tenured generation   total 10944K, used 0K [0x32230000, 0x32ce0000, 0x33790000)
   the space 10944K,   0% used [0x32230000, 0x32230000, 0x32230200, 0x32ce0000)
 compacting perm gen  total 12288K, used 1691K [0x33790000, 0x34390000, 0x37790000)
   the space 12288K,  13% used [0x33790000, 0x33936c68, 0x33936e00, 0x34390000)
    ro space 10240K,  41% used [0x37790000, 0x37bc2050, 0x37bc2200, 0x38190000)
    rw space 12288K,  52% used [0x38190000, 0x387d6800, 0x387d6800, 0x38d90000)
Event: 30.152 GC heap after
Heap after GC invocations=1 (full 0):
 def new generation   total 4928K, used 512K [0x31790000, 0x31ce0000, 0x32230000)
  eden space 4416K,   0% used [0x31790000, 0x31790000, 0x31be0000)
  from space 512K, 100% used [0x31c60000, 0x31ce0000, 0x31ce0000)
  to   space 512K,   0% used [0x31be0000, 0x31be0000, 0x31c60000)
 tenured generation   total 10944K, used 549K [0x32230000, 0x32ce0000, 0x33790000)
   the space 10944K,   5% used [0x32230000, 0x322b9450, 0x322b9600, 0x32ce0000)
 compacting perm gen  total 12288K, used 1691K [0x33790000, 0x34390000, 0x37790000)
   the space 12288K,  13% used [0x33790000, 0x33936c68, 0x33936e00, 0x34390000)
    ro space 10240K,  41% used [0x37790000, 0x37bc2050, 0x37bc2200, 0x38190000)
    rw space 12288K,  52% used [0x38190000, 0x387d6800, 0x387d6800, 0x38d90000)
}
Event: 30.261 GC heap before
{Heap before GC invocations=1 (full 0):
 def new generation   total 4928K, used 4928K [0x31790000, 0x31ce0000, 0x32230000)
  eden space 4416K, 100% used [0x31790000, 0x31be0000, 0x31be0000)
  from space 512K, 100% used [0x31c60000, 0x31ce0000, 0x31ce0000)
  to   space 512K,   0% used [0x31be0000, 0x31be0000, 0x31c60000)
 tenured generation   total 10944K, used 549K [0x32230000, 0x32ce0000, 0x33790000)
   the space 10944K,   5% used [0x32230000, 0x322b9450, 0x322b9600, 0x32ce0000)
 compacting perm gen  total 12288K, used 2270K [0x33790000, 0x34390000, 0x37790000)
   the space 12288K,  18% used [0x33790000, 0x339c7880, 0x339c7a00, 0x34390000)
    ro space 10240K,  41% used [0x37790000, 0x37bc2050, 0x37bc2200, 0x38190000)
    rw space 12288K,  52% used [0x38190000, 0x387d6800, 0x387d6800, 0x38d90000)
Event: 30.269 GC heap after
Heap after GC invocations=2 (full 0):
 def new generation   total 4928K, used 512K [0x31790000, 0x31ce0000, 0x32230000)
  eden space 4416K,   0% used [0x31790000, 0x31790000, 0x31be0000)
  from space 512K, 100% used [0x31be0000, 0x31c60000, 0x31c60000)
  to   space 512K,   0% used [0x31c60000, 0x31c60000, 0x31ce0000)
 tenured generation   total 10944K, used 1417K [0x32230000, 0x32ce0000, 0x33790000)
   the space 10944K,  12% used [0x32230000, 0x32392700, 0x32392800, 0x32ce0000)
 compacting perm gen  total 12288K, used 2270K [0x33790000, 0x34390000, 0x37790000)
   the space 12288K,  18% used [0x33790000, 0x339c7880, 0x339c7a00, 0x34390000)
    ro space 10240K,  41% used [0x37790000, 0x37bc2050, 0x37bc2200, 0x38190000)
    rw space 12288K,  52% used [0x38190000, 0x387d6800, 0x387d6800, 0x38d90000)
}
Event: 30.399 GC heap before
{Heap before GC invocations=2 (full 0):
 def new generation   total 4928K, used 4928K [0x31790000, 0x31ce0000, 0x32230000)
  eden space 4416K, 100% used [0x31790000, 0x31be0000, 0x31be0000)
  from space 512K, 100% used [0x31be0000, 0x31c60000, 0x31c60000)
  to   space 512K,   0% used [0x31c60000, 0x31c60000, 0x31ce0000)
 tenured generation   total 10944K, used 1417K [0x32230000, 0x32ce0000, 0x33790000)
   the space 10944K,  12% used [0x32230000, 0x32392700, 0x32392800, 0x32ce0000)
 compacting perm gen  total 12288K, used 2607K [0x33790000, 0x34390000, 0x37790000)
   the space 12288K,  21% used [0x33790000, 0x33a1bf60, 0x33a1c000, 0x34390000)
    ro space 10240K,  41% used [0x37790000, 0x37bc2050, 0x37bc2200, 0x38190000)
    rw space 12288K,  52% used [0x38190000, 0x387d6800, 0x387d6800, 0x38d90000)
Event: 30.405 GC heap after
Heap after GC invocations=3 (full 0):
 def new generation   total 4928K, used 512K [0x31790000, 0x31ce0000, 0x32230000)
  eden space 4416K,   0% used [0x31790000, 0x31790000, 0x31be0000)
  from space 512K, 100% used [0x31c60000, 0x31ce0000, 0x31ce0000)
  to   space 512K,   0% used [0x31be0000, 0x31be0000, 0x31c60000)
 tenured generation   total 10944K, used 2578K [0x32230000, 0x32ce0000, 0x33790000)
   the space 10944K,  23% used [0x32230000, 0x324b4af0, 0x324b4c00, 0x32ce0000)
 compacting perm gen  total 12288K, used 2607K [0x33790000, 0x34390000, 0x37790000)
   the space 12288K,  21% used [0x33790000, 0x33a1bf60, 0x33a1c000, 0x34390000)
    ro space 10240K,  41% used [0x37790000, 0x37bc2050, 0x37bc2200, 0x38190000)
    rw space 12288K,  52% used [0x38190000, 0x387d6800, 0x387d6800, 0x38d90000)
}

Deoptimization events (0 events):
No events

Internal exceptions (10 events):
Event: 0.013 Thread 0x036fc800 Threw 0x31795750 at C:\re\jdk7u51\527\hotspot\src\share\vm\prims\jni.cpp:3991
Event: 0.098 Thread 0x036fc800 Threw 0x3188cd30 at C:\re\jdk7u51\527\hotspot\src\share\vm\prims\jvm.cpp:1244
Event: 0.098 Thread 0x036fc800 Threw 0x3188ce48 at C:\re\jdk7u51\527\hotspot\src\share\vm\prims\jvm.cpp:1244
Event: 0.098 Thread 0x036fc800 Threw 0x31890180 at C:\re\jdk7u51\527\hotspot\src\share\vm\prims\jvm.cpp:1244
Event: 0.098 Thread 0x036fc800 Threw 0x31890298 at C:\re\jdk7u51\527\hotspot\src\share\vm\prims\jvm.cpp:1244
Event: 0.139 Thread 0x036fc800 Threw 0x318fe580 at C:\re\jdk7u51\527\hotspot\src\share\vm\prims\jni.cpp:717
Event: 0.139 Thread 0x036fc800 Threw 0x318fe718 at C:\re\jdk7u51\527\hotspot\src\share\vm\prims\jni.cpp:717
Event: 0.139 Thread 0x036fc800 Threw 0x318fe880 at C:\re\jdk7u51\527\hotspot\src\share\vm\prims\jni.cpp:717
Event: 30.507 Thread 0x085d1800 Threw 0x31900690 at C:\re\jdk7u51\527\hotspot\src\share\vm\prims\jvm.cpp:1244
Event: 30.508 Thread 0x085d1800 Threw 0x31901788 at C:\re\jdk7u51\527\hotspot\src\share\vm\prims\jvm.cpp:1244

Events (10 events):
Event: 30.509 loading class 0x0867a768
Event: 30.509 loading class 0x0867a768 done
Event: 30.509 loading class 0x0867a6e0
Event: 30.509 loading class 0x0867a6e0 done
Event: 30.510 loading class 0x0867a1c8
Event: 30.510 loading class 0x0867a1c8 done
Event: 30.510 loading class 0x0867a188
Event: 30.510 loading class 0x0867a188 done
Event: 30.510 loading class 0x08679318
Event: 30.510 loading class 0x08679318 done


Dynamic libraries:
0x00c70000 - 0x00cbd000 	C:\Users\Mecánica\Documents\moz\FirefoxPortable\App\Firefox\firefox.exe
0x772a0000 - 0x773dc000 	C:\Windows\SYSTEM32\ntdll.dll
0x755c0000 - 0x75694000 	C:\Windows\system32\kernel32.dll
0x75460000 - 0x754ab000 	C:\Windows\system32\KERNELBASE.dll
0x60090000 - 0x609fe000 	C:\Users\Mecánica\Documents\moz\FirefoxPortable\App\Firefox\xul.dll
0x6b4d0000 - 0x6b53f000 	C:\Users\Mecánica\Documents\moz\FirefoxPortable\App\Firefox\sqlite3.dll
0x6bad0000 - 0x6bb7e000 	C:\Users\Mecánica\Documents\moz\FirefoxPortable\App\Firefox\MOZCRT19.dll
0x75ba0000 - 0x75c4c000 	C:\Windows\system32\msvcrt.dll
0x6b420000 - 0x6b4ce000 	C:\Users\Mecánica\Documents\moz\FirefoxPortable\App\Firefox\js3250.dll
0x00060000 - 0x00090000 	C:\Users\Mecánica\Documents\moz\FirefoxPortable\App\Firefox\nspr4.dll
0x77200000 - 0x772a0000 	C:\Windows\system32\ADVAPI32.dll
0x77140000 - 0x77159000 	C:\Windows\SYSTEM32\sechost.dll
0x75840000 - 0x758e2000 	C:\Windows\system32\RPCRT4.dll
0x716d0000 - 0x716d7000 	C:\Windows\system32\WSOCK32.dll
0x76c90000 - 0x76cc5000 	C:\Windows\system32\WS2_32.dll
0x757d0000 - 0x757d6000 	C:\Windows\system32\NSI.dll
0x733d0000 - 0x73402000 	C:\Windows\system32\WINMM.dll
0x76cd0000 - 0x76d99000 	C:\Windows\system32\USER32.dll
0x75720000 - 0x7576e000 	C:\Windows\system32\GDI32.dll
0x76c70000 - 0x76c7a000 	C:\Windows\system32\LPK.dll
0x77160000 - 0x771fd000 	C:\Windows\system32\USP10.dll
0x000d0000 - 0x000e8000 	C:\Users\Mecánica\Documents\moz\FirefoxPortable\App\Firefox\smime3.dll
0x00280000 - 0x0031a000 	C:\Users\Mecánica\Documents\moz\FirefoxPortable\App\Firefox\nss3.dll
0x000f0000 - 0x00104000 	C:\Users\Mecánica\Documents\moz\FirefoxPortable\App\Firefox\nssutil3.dll
0x00020000 - 0x00027000 	C:\Users\Mecánica\Documents\moz\FirefoxPortable\App\Firefox\plc4.dll
0x00320000 - 0x00327000 	C:\Users\Mecánica\Documents\moz\FirefoxPortable\App\Firefox\plds4.dll
0x00330000 - 0x00350000 	C:\Users\Mecánica\Documents\moz\FirefoxPortable\App\Firefox\ssl3.dll
0x75ed0000 - 0x76b1b000 	C:\Windows\system32\SHELL32.dll
0x75770000 - 0x757c7000 	C:\Windows\system32\SHLWAPI.dll
0x76fe0000 - 0x7713c000 	C:\Windows\system32\ole32.dll
0x74650000 - 0x74659000 	C:\Windows\system32\VERSION.dll
0x6f200000 - 0x6f251000 	C:\Windows\system32\WINSPOOL.DRV
0x75a90000 - 0x75b0b000 	C:\Windows\system32\COMDLG32.dll
0x73cd0000 - 0x73e6e000 	C:\Windows\WinSxS\x86_microsoft.windows.common-controls_6595b64144ccf1df_6.0.7601.17514_none_41e6975e2bd6f2b2\COMCTL32.dll
0x773e0000 - 0x773ff000 	C:\Windows\system32\IMM32.dll
0x77400000 - 0x774cc000 	C:\Windows\system32\MSCTF.dll
0x70ff0000 - 0x70ff5000 	C:\Windows\system32\MSIMG32.dll
0x75b10000 - 0x75b9f000 	C:\Windows\system32\OLEAUT32.dll
0x72720000 - 0x72727000 	C:\Users\Mecánica\Documents\moz\FirefoxPortable\App\Firefox\xpcom.dll
0x69d80000 - 0x69e6b000 	C:\Windows\system32\dbghelp.dll
0x751b0000 - 0x751bc000 	C:\Windows\system32\CRYPTBASE.dll
0x73c70000 - 0x73cb0000 	C:\Windows\system32\uxtheme.dll
0x758f0000 - 0x75a8d000 	C:\Windows\system32\SETUPAPI.dll
0x75410000 - 0x75437000 	C:\Windows\system32\CFGMGR32.dll
0x754b0000 - 0x754c2000 	C:\Windows\system32\DEVOBJ.dll
0x75c50000 - 0x75cd3000 	C:\Windows\system32\CLBCatQ.DLL
0x74220000 - 0x74315000 	C:\Windows\system32\propsys.dll
0x74470000 - 0x74491000 	C:\Windows\system32\ntmarta.dll
0x756d0000 - 0x75715000 	C:\Windows\system32\WLDAP32.dll
0x73990000 - 0x739a3000 	C:\Windows\system32\dwmapi.dll
0x752a0000 - 0x752ab000 	C:\Windows\system32\profapi.dll
0x70fd0000 - 0x70fd8000 	C:\Users\Mecánica\Documents\moz\FirefoxPortable\App\Firefox\components\browserdirprovider.dll
0x74c90000 - 0x74ccc000 	C:\Windows\system32\mswsock.dll
0x747d0000 - 0x747d5000 	C:\Windows\System32\wshtcpip.dll
0x72340000 - 0x7235c000 	C:\Windows\system32\iphlpapi.dll
0x72330000 - 0x72337000 	C:\Windows\system32\WINNSI.DLL
0x73620000 - 0x73630000 	C:\Windows\system32\NLAapi.dll
0x6fbd0000 - 0x6fbe0000 	C:\Windows\system32\napinsp.dll
0x6fbb0000 - 0x6fbc2000 	C:\Windows\system32\pnrpnsp.dll
0x74b50000 - 0x74b94000 	C:\Windows\system32\DNSAPI.dll
0x6fba0000 - 0x6fba8000 	C:\Windows\System32\winrnr.dll
0x73820000 - 0x73951000 	C:\Windows\system32\WindowsCodecs.dll
0x75160000 - 0x751ac000 	C:\Windows\system32\apphelp.dll
0x6e3a0000 - 0x6e3d1000 	C:\Windows\system32\EhStorShell.dll
0x6db80000 - 0x6df86000 	C:\PROGRA~1\MICROS~1\Office14\GROOVEEX.DLL
0x6e2f0000 - 0x6e393000 	C:\Windows\WinSxS\x86_microsoft.vc90.crt_1fc8b3b9a1e18e3b_9.0.30729.4940_none_50916076bcb9a742\MSVCR90.dll
0x6e260000 - 0x6e2ee000 	C:\Windows\WinSxS\x86_microsoft.vc90.crt_1fc8b3b9a1e18e3b_9.0.30729.4940_none_50916076bcb9a742\MSVCP90.dll
0x6e230000 - 0x6e25b000 	C:\Windows\WinSxS\x86_microsoft.vc90.atl_1fc8b3b9a1e18e3b_9.0.30729.4148_none_51ca66a2bbe76806\ATL90.DLL
0x6d760000 - 0x6db7a000 	C:\PROGRA~1\COMMON~1\MICROS~1\OFFICE14\Cultures\office.odf
0x6cee0000 - 0x6d760000 	C:\PROGRA~1\MICROS~1\Office14\3082\GrooveIntlResource.dll
0x6e1c0000 - 0x6e22a000 	C:\Windows\System32\cscui.dll
0x6e1b0000 - 0x6e1b9000 	C:\Windows\System32\CSCDLL.dll
0x6eee0000 - 0x6eeeb000 	C:\Windows\system32\CSCAPI.dll
0x6e140000 - 0x6e1b0000 	C:\Windows\system32\ntshrui.dll
0x74f70000 - 0x74f89000 	C:\Windows\system32\srvcli.dll
0x727e0000 - 0x727ea000 	C:\Windows\system32\slc.dll
0x74cd0000 - 0x74ce7000 	C:\Windows\system32\CRYPTSP.dll
0x74a70000 - 0x74aab000 	C:\Windows\system32\rsaenh.dll
0x75220000 - 0x7522e000 	C:\Windows\system32\RpcRtRemote.dll
0x6fe20000 - 0x6fe43000 	C:\Users\Mecánica\Documents\moz\FirefoxPortable\App\Firefox\components\brwsrcmp.dll
0x6b830000 - 0x6b85b000 	C:\Program Files\Java\jre7\bin\plugin2\npjp2.dll
0x6b1c0000 - 0x6b27f000 	C:\Windows\system32\MSVCR100.dll
0x60c70000 - 0x60ff0000 	C:\PROGRA~1\Java\jre7\bin\client\jvm.dll
0x76c80000 - 0x76c85000 	C:\Windows\system32\PSAPI.DLL
0x70f90000 - 0x70f9c000 	C:\PROGRA~1\Java\jre7\bin\verify.dll
0x70f70000 - 0x70f90000 	C:\PROGRA~1\Java\jre7\bin\java.dll
0x6b810000 - 0x6b823000 	C:\PROGRA~1\Java\jre7\bin\zip.dll
0x6b100000 - 0x6b1bf000 	C:\Program Files\Java\jre7\bin\msvcr100.dll
0x6b0a0000 - 0x6b0fc000 	C:\Program Files\Java\jre7\bin\deploy.dll
0x75cf0000 - 0x75ec5000 	C:\Windows\system32\WININET.dll
0x75450000 - 0x75454000 	C:\Windows\system32\api-ms-win-downlevel-user32-l1-1-0.dll
0x75500000 - 0x75504000 	C:\Windows\system32\api-ms-win-downlevel-shlwapi-l1-1-0.dll
0x75440000 - 0x75444000 	C:\Windows\system32\api-ms-win-downlevel-version-l1-1-0.dll
0x75520000 - 0x75523000 	C:\Windows\system32\api-ms-win-downlevel-normaliz-l1-1-0.dll
0x75ce0000 - 0x75ce3000 	C:\Windows\system32\normaliz.DLL
0x76da0000 - 0x76fd2000 	C:\Windows\system32\iertutil.dll
0x75510000 - 0x75515000 	C:\Windows\system32\api-ms-win-downlevel-advapi32-l1-1-0.dll
0x753f0000 - 0x75407000 	C:\Windows\system32\USERENV.dll
0x76b20000 - 0x76c6b000 	C:\Windows\system32\urlmon.dll
0x752b0000 - 0x752b4000 	C:\Windows\system32\api-ms-win-downlevel-ole32-l1-1-0.dll
0x70fe0000 - 0x70fe6000 	C:\Program Files\Java\jre7\bin\jp2native.dll
0x6ce00000 - 0x6ce14000 	C:\Program Files\Java\jre7\bin\net.dll
0x74c80000 - 0x74c86000 	C:\Windows\System32\wship6.dll
0x6fed0000 - 0x6fedf000 	C:\Program Files\Java\jre7\bin\nio.dll
0x04350000 - 0x04376000 	C:\Users\Mecánica\Documents\moz\FirefoxPortable\App\Firefox\softokn3.dll
0x05090000 - 0x050a8000 	C:\Users\Mecánica\Documents\moz\FirefoxPortable\App\Firefox\nssdbm3.dll
0x05300000 - 0x05341000 	C:\Users\Mecánica\Documents\moz\FirefoxPortable\App\Firefox\freebl3.dll
0x05350000 - 0x0539c000 	C:\Users\Mecánica\Documents\moz\FirefoxPortable\App\Firefox\nssckbi.dll
0x6ff40000 - 0x6ff46000 	C:\Windows\system32\rasadhlp.dll
0x72220000 - 0x72258000 	C:\Windows\System32\fwpuclnt.dll
0x6ce40000 - 0x6ce6f000 	C:\Windows\system32\shdocvw.dll
0x6aff0000 - 0x6b010000 	C:\Program Files\Java\jre7\bin\sunec.dll
0x6fc10000 - 0x6fc19000 	C:\Program Files\Java\jre7\bin\sunmscapi.dll
0x752c0000 - 0x753e1000 	C:\Windows\system32\CRYPT32.dll
0x75290000 - 0x7529c000 	C:\Windows\system32\MSASN1.dll

VM Arguments:
jvm_args: -Xbootclasspath/a:C:\PROGRA~1\Java\jre7\lib\deploy.jar;C:\PROGRA~1\Java\jre7\lib\javaws.jar;C:\PROGRA~1\Java\jre7\lib\plugin.jar -Xmx32m -Djava.awt.headless=true -XX:MaxDirectMemorySize=64m 
java_command: <unknown>
Launcher Type: generic

Environment Variables:
PATH=C:\Program Files\Mozilla Firefox;C:\Windows\system32;C:\Windows;C:\Windows\System32\Wbem;C:\Windows\System32\WindowsPowerShell\v1.0\;C:\Program Files\Intel\DMIX
USERNAME=Mecánica
OS=Windows_NT
PROCESSOR_IDENTIFIER=x86 Family 6 Model 37 Stepping 2, GenuineIntel



---------------  S Y S T E M  ---------------

OS: Windows 7 Build 7601 Service Pack 1

CPU:total 4 (2 cores per cpu, 2 threads per core) family 6 model 37 stepping 2, cmov, cx8, fxsr, mmx, sse, sse2, sse3, ssse3, sse4.1, sse4.2, popcnt, ht, tsc, tscinvbit

Memory: 4k page, physical 3005740k(1712124k free), swap 6009732k(4712012k free)

vm_info: Java HotSpot(TM) Client VM (24.51-b03) for windows-x86 JRE (1.7.0_51-b13), built on Dec 18 2013 19:09:58 by "java_re" with unknown MS VC++:1600

time: Fri Mar 27 07:34:39 2015
elapsed time: 30 seconds

