#
# A fatal error has been detected by the Java Runtime Environment:
#
#  EXCEPTION_ACCESS_VIOLATION (0xc0000005) at pc=0x00000001, pid=3628, tid=3632
#
# JRE version: Java(TM) SE Runtime Environment (7.0_51-b13) (build 1.7.0_51-b13)
# Java VM: Java HotSpot(TM) Client VM (24.51-b03 mixed mode, sharing windows-x86 )
# Problematic frame:
# C  0x00000001
#
# Failed to write core dump. Minidumps are not enabled by default on client versions of Windows
#
# If you would like to submit a bug report, please visit:
#   http://bugreport.sun.com/bugreport/crash.jsp
# The crash happened outside the Java Virtual Machine in native code.
# See problematic frame for where to report the bug.
#

---------------  T H R E A D  ---------------

Current thread (0x08fe8400):  JavaThread "Thread-2" [_thread_in_native, id=3632, stack(0x001b0000,0x002b0000)]

siginfo: ExceptionCode=0xc0000005, ExceptionInformation=0x00000008 0x00000001

Registers:
EAX=0x6a118ff8, EBX=0x00000000, ECX=0x002af3c0, EDX=0x0643bb1c
ESP=0x002af388, EBP=0x002af3b8, ESI=0x08fe8530, EDI=0x04b314d8
EIP=0x00000001, EFLAGS=0x00210246

Top of Stack: (sp=0x002af388)
0x002af388:   6e0e80d1 04b314d8 000001f6 09100b48
0x002af398:   002af3c0 002af3b4 08fe8400 337a5258
0x002af3a8:   337a5258 09100b48 00000000 00000000
0x002af3b8:   002af3c8 6e0e9198 00000000 002af418
0x002af3c8:   002af408 0648a9dd 08fe8530 002af424
0x002af3d8:   04b314d8 00000000 002af418 0643bb34
0x002af3e8:   002af3e8 337a5258 002af424 337ad2b0
0x002af3f8:   00000000 337a5258 00000000 002af418 

Instructions: (pc=0x00000001)
0xffffffe1:   


Register to memory mapping:

EAX=0x6a118ff8 is an unknown value
EBX=0x00000000 is an unknown value
ECX=0x002af3c0 is pointing into the stack for thread: 0x08fe8400
EDX=0x0643bb1c is an unknown value
ESP=0x002af388 is pointing into the stack for thread: 0x08fe8400
EBP=0x002af3b8 is pointing into the stack for thread: 0x08fe8400
ESI=0x08fe8530 is an unknown value
EDI=0x04b314d8 is an unknown value


Stack: [0x001b0000,0x002b0000],  sp=0x002af388,  free space=1020k
Native frames: (J=compiled Java code, j=interpreted, Vv=VM code, C=native code)
C  0x00000001
C  [npjp2.dll+0x9198]
j  sun.plugin2.main.server.MozillaPlugin.getProxy0(JLjava/lang/String;)Ljava/lang/String;+0
j  sun.plugin2.main.server.MozillaPlugin.getProxy(Ljava/lang/String;)Ljava/lang/String;+17
j  sun.plugin2.main.server.MozillaBrowserService$MozillaProxyHandler.findProxyForURL(Ljava/lang/String;)Ljava/lang/String;+7
j  com.sun.deploy.net.proxy.AbstractBrowserProxyHandler.getProxyInfo(Ljava/net/URL;)[Lcom/sun/deploy/net/proxy/ProxyInfo;+5
j  com.sun.deploy.net.proxy.DynamicProxyManager.getProxyList(Ljava/net/URL;Z)Ljava/util/List;+113
j  sun.plugin2.main.server.ProxySupport.getProxyReply(Lsun/plugin2/main/server/Plugin;Lsun/plugin2/message/GetProxyMessage;)Lsun/plugin2/message/ProxyReplyMessage;+20
j  sun.plugin2.main.server.JVMInstance$1.run()V+26
j  sun.plugin2.main.server.MozillaPlugin$RunnableWrapper.run()V+4
j  sun.plugin2.main.server.MozillaPlugin.drainRunnableQueue()V+39
j  sun.plugin2.main.server.MozillaPlugin.access$000(Lsun/plugin2/main/server/MozillaPlugin;)V+1
j  sun.plugin2.main.server.MozillaPlugin$DrainRunnableQueue.run()V+4
v  ~StubRoutines::call_stub
V  [jvm.dll+0x13f35a]
V  [jvm.dll+0x202c6e]
V  [jvm.dll+0x13f3dd]
V  [jvm.dll+0xc9bc2]
V  [jvm.dll+0xcd813]
C  [npjp2.dll+0x203f]
C  [xul.dll+0x58de1e]

Java frames: (J=compiled Java code, j=interpreted, Vv=VM code)
j  sun.plugin2.main.server.MozillaPlugin.getProxy0(JLjava/lang/String;)Ljava/lang/String;+0
j  sun.plugin2.main.server.MozillaPlugin.getProxy(Ljava/lang/String;)Ljava/lang/String;+17
j  sun.plugin2.main.server.MozillaBrowserService$MozillaProxyHandler.findProxyForURL(Ljava/lang/String;)Ljava/lang/String;+7
j  com.sun.deploy.net.proxy.AbstractBrowserProxyHandler.getProxyInfo(Ljava/net/URL;)[Lcom/sun/deploy/net/proxy/ProxyInfo;+5
j  com.sun.deploy.net.proxy.DynamicProxyManager.getProxyList(Ljava/net/URL;Z)Ljava/util/List;+113
j  sun.plugin2.main.server.ProxySupport.getProxyReply(Lsun/plugin2/main/server/Plugin;Lsun/plugin2/message/GetProxyMessage;)Lsun/plugin2/message/ProxyReplyMessage;+20
j  sun.plugin2.main.server.JVMInstance$1.run()V+26
j  sun.plugin2.main.server.MozillaPlugin$RunnableWrapper.run()V+4
j  sun.plugin2.main.server.MozillaPlugin.drainRunnableQueue()V+39
j  sun.plugin2.main.server.MozillaPlugin.access$000(Lsun/plugin2/main/server/MozillaPlugin;)V+1
j  sun.plugin2.main.server.MozillaPlugin$DrainRunnableQueue.run()V+4
v  ~StubRoutines::call_stub

---------------  P R O C E S S  ---------------

Java Threads: ( => current thread )
  0x063c7400 JavaThread "Keep-Alive-Timer" daemon [_thread_blocked, id=2564, stack(0x095c0000,0x096c0000)]
=>0x08fe8400 JavaThread "Thread-2" [_thread_in_native, id=3632, stack(0x001b0000,0x002b0000)]
  0x08fb2c00 JavaThread "JVM[id=1]-Heartbeat" [_thread_blocked, id=2128, stack(0x04620000,0x04720000)]
  0x08fe4c00 JavaThread "JRE 1.7.0.51 Worker Thread" [_thread_blocked, id=4016, stack(0x09d80000,0x09e80000)]
  0x08fde400 JavaThread "JRE 1.7.0.51 Output Reader Thread" [_thread_in_native, id=4012, stack(0x09bd0000,0x09cd0000)]
  0x08fde000 JavaThread "JRE 1.7.0.51 Output Reader Thread" [_thread_in_native, id=4008, stack(0x09940000,0x09a40000)]
  0x08fdd000 JavaThread "Thread-1" [_thread_in_native, id=4004, stack(0x09730000,0x09830000)]
  0x08fd8800 JavaThread "Java Plug-In Pipe Worker Thread (Server-Side)" daemon [_thread_in_native, id=3992, stack(0x09380000,0x09480000)]
  0x08f21000 JavaThread "traceMsgQueueThread" daemon [_thread_blocked, id=3980, stack(0x09160000,0x09260000)]
  0x06435400 JavaThread "Service Thread" daemon [_thread_blocked, id=3972, stack(0x089b0000,0x08ab0000)]
  0x06430800 JavaThread "C1 CompilerThread0" daemon [_thread_blocked, id=3968, stack(0x08e10000,0x08f10000)]
  0x0642d400 JavaThread "Attach Listener" daemon [_thread_blocked, id=3964, stack(0x08c40000,0x08d40000)]
  0x0642a000 JavaThread "Signal Dispatcher" daemon [_thread_blocked, id=3960, stack(0x08ab0000,0x08bb0000)]
  0x063bf400 JavaThread "Finalizer" daemon [_thread_blocked, id=3956, stack(0x08870000,0x08970000)]
  0x063bdc00 JavaThread "Reference Handler" daemon [_thread_blocked, id=3952, stack(0x085f0000,0x086f0000)]
  0x0266c800 JavaThread "main" [_thread_in_native, id=3940, stack(0x06280000,0x06380000)]

Other Threads:
  0x063bc000 VMThread [stack: 0x084b0000,0x085b0000] [id=3944]
  0x06448000 WatcherThread [stack: 0x08770000,0x08870000] [id=3976]

VM state:not at safepoint (normal execution)

VM Mutex/Monitor currently owned by a thread: None

Heap
 def new generation   total 4928K, used 1674K [0x31790000, 0x31ce0000, 0x32230000)
  eden space 4416K,  26% used [0x31790000, 0x318b2930, 0x31be0000)
  from space 512K, 100% used [0x31c60000, 0x31ce0000, 0x31ce0000)
  to   space 512K,   0% used [0x31be0000, 0x31be0000, 0x31c60000)
 tenured generation   total 10944K, used 2619K [0x32230000, 0x32ce0000, 0x33790000)
   the space 10944K,  23% used [0x32230000, 0x324bee38, 0x324bf000, 0x32ce0000)
 compacting perm gen  total 12288K, used 2889K [0x33790000, 0x34390000, 0x37790000)
   the space 12288K,  23% used [0x33790000, 0x33a624f0, 0x33a62600, 0x34390000)
    ro space 10240K,  41% used [0x37790000, 0x37bc2050, 0x37bc2200, 0x38190000)
    rw space 12288K,  52% used [0x38190000, 0x387d6800, 0x387d6800, 0x38d90000)

Card table byte_map: [0x028c0000,0x02900000] byte_map_base: 0x02734380

Polling page: 0x02630000

Code Cache  [0x06480000, 0x065a8000, 0x08480000)
 total_blobs=492 nmethods=308 adapters=121 free_code_cache=31594Kb largest_free_block=32352704

Compilation events (10 events):
Event: 33.675 Thread 0x06430800  304   !         sun.nio.cs.ISO_8859_1$Encoder::encodeArrayLoop (356 bytes)
Event: 33.677 Thread 0x06430800 nmethod 304 0x065a0848 code [0x065a0c50, 0x065a2170]
Event: 34.393 Thread 0x06430800  305             java.util.Properties::getProperty (46 bytes)
Event: 34.394 Thread 0x06430800 nmethod 305 0x065a4288 code [0x065a43a0, 0x065a44d8]
Event: 34.418 Thread 0x06430800  306             java.util.Properties::load0 (250 bytes)
Event: 34.419 Thread 0x06430800 nmethod 306 0x065a4588 code [0x065a46d0, 0x065a49f0]
Event: 34.454 Thread 0x06430800  307             java.util.ArrayList::elementData (7 bytes)
Event: 34.454 Thread 0x06430800 nmethod 307 0x065a4d48 code [0x065a4e40, 0x065a4ee0]
Event: 34.454 Thread 0x06430800  308             java.util.ArrayList::rangeCheck (22 bytes)
Event: 34.455 Thread 0x06430800 nmethod 308 0x065a4f88 code [0x065a50e0, 0x065a53a8]

GC Heap History (6 events):
Event: 32.384 GC heap before
{Heap before GC invocations=0 (full 0):
 def new generation   total 4928K, used 4416K [0x31790000, 0x31ce0000, 0x32230000)
  eden space 4416K, 100% used [0x31790000, 0x31be0000, 0x31be0000)
  from space 512K,   0% used [0x31be0000, 0x31be0000, 0x31c60000)
  to   space 512K,   0% used [0x31c60000, 0x31c60000, 0x31ce0000)
 tenured generation   total 10944K, used 0K [0x32230000, 0x32ce0000, 0x33790000)
   the space 10944K,   0% used [0x32230000, 0x32230000, 0x32230200, 0x32ce0000)
 compacting perm gen  total 12288K, used 1704K [0x33790000, 0x34390000, 0x37790000)
   the space 12288K,  13% used [0x33790000, 0x3393a108, 0x3393a200, 0x34390000)
    ro space 10240K,  41% used [0x37790000, 0x37bc2050, 0x37bc2200, 0x38190000)
    rw space 12288K,  52% used [0x38190000, 0x387d6800, 0x387d6800, 0x38d90000)
Event: 32.392 GC heap after
Heap after GC invocations=1 (full 0):
 def new generation   total 4928K, used 512K [0x31790000, 0x31ce0000, 0x32230000)
  eden space 4416K,   0% used [0x31790000, 0x31790000, 0x31be0000)
  from space 512K, 100% used [0x31c60000, 0x31ce0000, 0x31ce0000)
  to   space 512K,   0% used [0x31be0000, 0x31be0000, 0x31c60000)
 tenured generation   total 10944K, used 644K [0x32230000, 0x32ce0000, 0x33790000)
   the space 10944K,   5% used [0x32230000, 0x322d12b8, 0x322d1400, 0x32ce0000)
 compacting perm gen  total 12288K, used 1704K [0x33790000, 0x34390000, 0x37790000)
   the space 12288K,  13% used [0x33790000, 0x3393a108, 0x3393a200, 0x34390000)
    ro space 10240K,  41% used [0x37790000, 0x37bc2050, 0x37bc2200, 0x38190000)
    rw space 12288K,  52% used [0x38190000, 0x387d6800, 0x387d6800, 0x38d90000)
}
Event: 33.230 GC heap before
{Heap before GC invocations=1 (full 0):
 def new generation   total 4928K, used 4928K [0x31790000, 0x31ce0000, 0x32230000)
  eden space 4416K, 100% used [0x31790000, 0x31be0000, 0x31be0000)
  from space 512K, 100% used [0x31c60000, 0x31ce0000, 0x31ce0000)
  to   space 512K,   0% used [0x31be0000, 0x31be0000, 0x31c60000)
 tenured generation   total 10944K, used 644K [0x32230000, 0x32ce0000, 0x33790000)
   the space 10944K,   5% used [0x32230000, 0x322d12b8, 0x322d1400, 0x32ce0000)
 compacting perm gen  total 12288K, used 2270K [0x33790000, 0x34390000, 0x37790000)
   the space 12288K,  18% used [0x33790000, 0x339c78b0, 0x339c7a00, 0x34390000)
    ro space 10240K,  41% used [0x37790000, 0x37bc2050, 0x37bc2200, 0x38190000)
    rw space 12288K,  52% used [0x38190000, 0x387d6800, 0x387d6800, 0x38d90000)
Event: 33.243 GC heap after
Heap after GC invocations=2 (full 0):
 def new generation   total 4928K, used 512K [0x31790000, 0x31ce0000, 0x32230000)
  eden space 4416K,   0% used [0x31790000, 0x31790000, 0x31be0000)
  from space 512K, 100% used [0x31be0000, 0x31c60000, 0x31c60000)
  to   space 512K,   0% used [0x31c60000, 0x31c60000, 0x31ce0000)
 tenured generation   total 10944K, used 1468K [0x32230000, 0x32ce0000, 0x33790000)
   the space 10944K,  13% used [0x32230000, 0x3239f1f0, 0x3239f200, 0x32ce0000)
 compacting perm gen  total 12288K, used 2270K [0x33790000, 0x34390000, 0x37790000)
   the space 12288K,  18% used [0x33790000, 0x339c78b0, 0x339c7a00, 0x34390000)
    ro space 10240K,  41% used [0x37790000, 0x37bc2050, 0x37bc2200, 0x38190000)
    rw space 12288K,  52% used [0x38190000, 0x387d6800, 0x387d6800, 0x38d90000)
}
Event: 33.590 GC heap before
{Heap before GC invocations=2 (full 0):
 def new generation   total 4928K, used 4928K [0x31790000, 0x31ce0000, 0x32230000)
  eden space 4416K, 100% used [0x31790000, 0x31be0000, 0x31be0000)
  from space 512K, 100% used [0x31be0000, 0x31c60000, 0x31c60000)
  to   space 512K,   0% used [0x31c60000, 0x31c60000, 0x31ce0000)
 tenured generation   total 10944K, used 1468K [0x32230000, 0x32ce0000, 0x33790000)
   the space 10944K,  13% used [0x32230000, 0x3239f1f0, 0x3239f200, 0x32ce0000)
 compacting perm gen  total 12288K, used 2620K [0x33790000, 0x34390000, 0x37790000)
   the space 12288K,  21% used [0x33790000, 0x33a1f0f0, 0x33a1f200, 0x34390000)
    ro space 10240K,  41% used [0x37790000, 0x37bc2050, 0x37bc2200, 0x38190000)
    rw space 12288K,  52% used [0x38190000, 0x387d6800, 0x387d6800, 0x38d90000)
Event: 33.600 GC heap after
Heap after GC invocations=3 (full 0):
 def new generation   total 4928K, used 512K [0x31790000, 0x31ce0000, 0x32230000)
  eden space 4416K,   0% used [0x31790000, 0x31790000, 0x31be0000)
  from space 512K, 100% used [0x31c60000, 0x31ce0000, 0x31ce0000)
  to   space 512K,   0% used [0x31be0000, 0x31be0000, 0x31c60000)
 tenured generation   total 10944K, used 2619K [0x32230000, 0x32ce0000, 0x33790000)
   the space 10944K,  23% used [0x32230000, 0x324bee38, 0x324bf000, 0x32ce0000)
 compacting perm gen  total 12288K, used 2620K [0x33790000, 0x34390000, 0x37790000)
   the space 12288K,  21% used [0x33790000, 0x33a1f0f0, 0x33a1f200, 0x34390000)
    ro space 10240K,  41% used [0x37790000, 0x37bc2050, 0x37bc2200, 0x38190000)
    rw space 12288K,  52% used [0x38190000, 0x387d6800, 0x387d6800, 0x38d90000)
}

Deoptimization events (0 events):
No events

Internal exceptions (10 events):
Event: 0.513 Thread 0x0266c800 Threw 0x31795750 at C:\re\jdk7u51\527\hotspot\src\share\vm\prims\jni.cpp:3991
Event: 2.801 Thread 0x0266c800 Threw 0x318609d0 at C:\re\jdk7u51\527\hotspot\src\share\vm\prims\jvm.cpp:1244
Event: 2.801 Thread 0x0266c800 Threw 0x31860ae8 at C:\re\jdk7u51\527\hotspot\src\share\vm\prims\jvm.cpp:1244
Event: 2.801 Thread 0x0266c800 Threw 0x31863e20 at C:\re\jdk7u51\527\hotspot\src\share\vm\prims\jvm.cpp:1244
Event: 2.801 Thread 0x0266c800 Threw 0x31863f38 at C:\re\jdk7u51\527\hotspot\src\share\vm\prims\jvm.cpp:1244
Event: 3.299 Thread 0x0266c800 Threw 0x318d2230 at C:\re\jdk7u51\527\hotspot\src\share\vm\prims\jni.cpp:717
Event: 3.311 Thread 0x0266c800 Threw 0x318d23c8 at C:\re\jdk7u51\527\hotspot\src\share\vm\prims\jni.cpp:717
Event: 3.311 Thread 0x0266c800 Threw 0x318d2530 at C:\re\jdk7u51\527\hotspot\src\share\vm\prims\jni.cpp:717
Event: 34.453 Thread 0x08fe8400 Threw 0x318a69d8 at C:\re\jdk7u51\527\hotspot\src\share\vm\prims\jvm.cpp:1244
Event: 34.454 Thread 0x08fe8400 Threw 0x318a7ae8 at C:\re\jdk7u51\527\hotspot\src\share\vm\prims\jvm.cpp:1244

Events (10 events):
Event: 34.458 loading class 0x09097580
Event: 34.458 loading class 0x09097580 done
Event: 34.458 loading class 0x090974f8
Event: 34.459 loading class 0x090974f8 done
Event: 34.459 loading class 0x09096fe0
Event: 34.459 loading class 0x09096fe0 done
Event: 34.459 loading class 0x09096fa0
Event: 34.459 loading class 0x09096fa0 done
Event: 34.459 loading class 0x09096130
Event: 34.459 loading class 0x09096130 done


Dynamic libraries:
0x00040000 - 0x0008d000 	C:\Users\Mecánica\Documents\moz\FirefoxPortable\App\Firefox\firefox.exe
0x76e70000 - 0x76fac000 	C:\Windows\SYSTEM32\ntdll.dll
0x76820000 - 0x768f4000 	C:\Windows\system32\kernel32.dll
0x75090000 - 0x750db000 	C:\Windows\system32\KERNELBASE.dll
0x69830000 - 0x6a19e000 	C:\Users\Mecánica\Documents\moz\FirefoxPortable\App\Firefox\xul.dll
0x6e410000 - 0x6e47f000 	C:\Users\Mecánica\Documents\moz\FirefoxPortable\App\Firefox\sqlite3.dll
0x6e360000 - 0x6e40e000 	C:\Users\Mecánica\Documents\moz\FirefoxPortable\App\Firefox\MOZCRT19.dll
0x76b80000 - 0x76c2c000 	C:\Windows\system32\msvcrt.dll
0x6e110000 - 0x6e1be000 	C:\Users\Mecánica\Documents\moz\FirefoxPortable\App\Firefox\js3250.dll
0x600b0000 - 0x600e0000 	C:\Users\Mecánica\Documents\moz\FirefoxPortable\App\Firefox\nspr4.dll
0x76ae0000 - 0x76b80000 	C:\Windows\system32\ADVAPI32.dll
0x75380000 - 0x75399000 	C:\Windows\SYSTEM32\sechost.dll
0x76460000 - 0x76502000 	C:\Windows\system32\RPCRT4.dll
0x717b0000 - 0x717b7000 	C:\Windows\system32\WSOCK32.dll
0x760e0000 - 0x76115000 	C:\Windows\system32\WS2_32.dll
0x77090000 - 0x77096000 	C:\Windows\system32\NSI.dll
0x72730000 - 0x72762000 	C:\Windows\system32\WINMM.dll
0x761a0000 - 0x76269000 	C:\Windows\system32\USER32.dll
0x76fd0000 - 0x7701e000 	C:\Windows\system32\GDI32.dll
0x75190000 - 0x7519a000 	C:\Windows\system32\LPK.dll
0x76510000 - 0x765ad000 	C:\Windows\system32\USP10.dll
0x60420000 - 0x60438000 	C:\Users\Mecánica\Documents\moz\FirefoxPortable\App\Firefox\smime3.dll
0x60340000 - 0x603da000 	C:\Users\Mecánica\Documents\moz\FirefoxPortable\App\Firefox\nss3.dll
0x603e0000 - 0x603f4000 	C:\Users\Mecánica\Documents\moz\FirefoxPortable\App\Firefox\nssutil3.dll
0x600f0000 - 0x600f7000 	C:\Users\Mecánica\Documents\moz\FirefoxPortable\App\Firefox\plc4.dll
0x600e0000 - 0x600e7000 	C:\Users\Mecánica\Documents\moz\FirefoxPortable\App\Firefox\plds4.dll
0x60400000 - 0x60420000 	C:\Users\Mecánica\Documents\moz\FirefoxPortable\App\Firefox\ssl3.dll
0x75490000 - 0x760da000 	C:\Windows\system32\SHELL32.dll
0x75430000 - 0x75487000 	C:\Windows\system32\SHLWAPI.dll
0x76270000 - 0x763cc000 	C:\Windows\system32\ole32.dll
0x74220000 - 0x74229000 	C:\Windows\system32\VERSION.dll
0x6eb60000 - 0x6ebb1000 	C:\Windows\system32\WINSPOOL.DRV
0x76120000 - 0x7619b000 	C:\Windows\system32\COMDLG32.dll
0x73d20000 - 0x73ebe000 	C:\Windows\WinSxS\x86_microsoft.windows.common-controls_6595b64144ccf1df_6.0.7601.17514_none_41e6975e2bd6f2b2\COMCTL32.dll
0x76fb0000 - 0x76fcf000 	C:\Windows\system32\IMM32.dll
0x765b0000 - 0x7667c000 	C:\Windows\system32\MSCTF.dll
0x70e60000 - 0x70e65000 	C:\Windows\system32\MSIMG32.dll
0x753a0000 - 0x7542f000 	C:\Windows\system32\OLEAUT32.dll
0x70e50000 - 0x70e57000 	C:\Users\Mecánica\Documents\moz\FirefoxPortable\App\Firefox\xpcom.dll
0x69740000 - 0x6982b000 	C:\Windows\system32\dbghelp.dll
0x74d80000 - 0x74d8c000 	C:\Windows\system32\CRYPTBASE.dll
0x73ba0000 - 0x73be0000 	C:\Windows\system32\uxtheme.dll
0x76680000 - 0x7681d000 	C:\Windows\system32\SETUPAPI.dll
0x750e0000 - 0x75107000 	C:\Windows\system32\CFGMGR32.dll
0x74eb0000 - 0x74ec2000 	C:\Windows\system32\DEVOBJ.dll
0x751a0000 - 0x75223000 	C:\Windows\system32\CLBCatQ.DLL
0x73be0000 - 0x73cd5000 	C:\Windows\system32\propsys.dll
0x731a0000 - 0x731c1000 	C:\Windows\system32\ntmarta.dll
0x77030000 - 0x77075000 	C:\Windows\system32\WLDAP32.dll
0x73870000 - 0x73883000 	C:\Windows\system32\dwmapi.dll
0x74e70000 - 0x74e7b000 	C:\Windows\system32\profapi.dll
0x70e40000 - 0x70e48000 	C:\Users\Mecánica\Documents\moz\FirefoxPortable\App\Firefox\components\browserdirprovider.dll
0x74860000 - 0x7489c000 	C:\Windows\system32\mswsock.dll
0x743a0000 - 0x743a5000 	C:\Windows\System32\wshtcpip.dll
0x72d30000 - 0x72d4c000 	C:\Windows\system32\iphlpapi.dll
0x72d10000 - 0x72d17000 	C:\Windows\system32\WINNSI.DLL
0x72490000 - 0x724a0000 	C:\Windows\system32\NLAapi.dll
0x6f8d0000 - 0x6f8e0000 	C:\Windows\system32\napinsp.dll
0x6f8b0000 - 0x6f8c2000 	C:\Windows\system32\pnrpnsp.dll
0x74720000 - 0x74764000 	C:\Windows\system32\DNSAPI.dll
0x6f8a0000 - 0x6f8a8000 	C:\Windows\System32\winrnr.dll
0x73710000 - 0x73840000 	C:\Windows\system32\WindowsCodecs.dll
0x74d30000 - 0x74d7c000 	C:\Windows\system32\apphelp.dll
0x6e2a0000 - 0x6e2d1000 	C:\Windows\system32\EhStorShell.dll
0x6d830000 - 0x6dc36000 	C:\PROGRA~1\MICROS~1\Office14\GROOVEEX.DLL
0x6e1f0000 - 0x6e293000 	C:\Windows\WinSxS\x86_microsoft.vc90.crt_1fc8b3b9a1e18e3b_9.0.30729.4940_none_50916076bcb9a742\MSVCR90.dll
0x6e030000 - 0x6e0be000 	C:\Windows\WinSxS\x86_microsoft.vc90.crt_1fc8b3b9a1e18e3b_9.0.30729.4940_none_50916076bcb9a742\MSVCP90.dll
0x6e1c0000 - 0x6e1eb000 	C:\Windows\WinSxS\x86_microsoft.vc90.atl_1fc8b3b9a1e18e3b_9.0.30729.4148_none_51ca66a2bbe76806\ATL90.DLL
0x6d410000 - 0x6d82a000 	C:\PROGRA~1\COMMON~1\MICROS~1\OFFICE14\Cultures\office.odf
0x6cb90000 - 0x6d410000 	C:\PROGRA~1\MICROS~1\Office14\3082\GrooveIntlResource.dll
0x6dfc0000 - 0x6e02a000 	C:\Windows\System32\cscui.dll
0x6e0c0000 - 0x6e0c9000 	C:\Windows\System32\CSCDLL.dll
0x6e640000 - 0x6e64b000 	C:\Windows\system32\CSCAPI.dll
0x6df50000 - 0x6dfc0000 	C:\Windows\system32\ntshrui.dll
0x74b40000 - 0x74b59000 	C:\Windows\system32\srvcli.dll
0x723e0000 - 0x723ea000 	C:\Windows\system32\slc.dll
0x748a0000 - 0x748b7000 	C:\Windows\system32\CRYPTSP.dll
0x74640000 - 0x7467b000 	C:\Windows\system32\rsaenh.dll
0x74df0000 - 0x74dfe000 	C:\Windows\system32\RpcRtRemote.dll
0x70e10000 - 0x70e33000 	C:\Users\Mecánica\Documents\moz\FirefoxPortable\App\Firefox\components\brwsrcmp.dll
0x602f0000 - 0x60316000 	C:\Users\Mecánica\Documents\moz\FirefoxPortable\App\Firefox\softokn3.dll
0x60320000 - 0x60338000 	C:\Users\Mecánica\Documents\moz\FirefoxPortable\App\Firefox\nssdbm3.dll
0x60440000 - 0x60481000 	C:\Users\Mecánica\Documents\moz\FirefoxPortable\App\Firefox\freebl3.dll
0x602a0000 - 0x602ec000 	C:\Users\Mecánica\Documents\moz\FirefoxPortable\App\Firefox\nssckbi.dll
0x74850000 - 0x74856000 	C:\Windows\System32\wship6.dll
0x6fc40000 - 0x6fc46000 	C:\Windows\system32\rasadhlp.dll
0x72a50000 - 0x72a88000 	C:\Windows\System32\fwpuclnt.dll
0x6de90000 - 0x6debf000 	C:\Windows\system32\shdocvw.dll
0x6e0e0000 - 0x6e10b000 	C:\Program Files\Java\jre7\bin\plugin2\npjp2.dll
0x67c60000 - 0x67d1f000 	C:\Windows\system32\MSVCR100.dll
0x67140000 - 0x674c0000 	C:\PROGRA~1\Java\jre7\bin\client\jvm.dll
0x77020000 - 0x77025000 	C:\Windows\system32\PSAPI.DLL
0x6e0d0000 - 0x6e0dc000 	C:\PROGRA~1\Java\jre7\bin\verify.dll
0x6b530000 - 0x6b550000 	C:\PROGRA~1\Java\jre7\bin\java.dll
0x6b510000 - 0x6b523000 	C:\PROGRA~1\Java\jre7\bin\zip.dll
0x67ba0000 - 0x67c5f000 	C:\Program Files\Java\jre7\bin\msvcr100.dll
0x696e0000 - 0x6973c000 	C:\Program Files\Java\jre7\bin\deploy.dll
0x76900000 - 0x76ad5000 	C:\Windows\system32\WININET.dll
0x75170000 - 0x75174000 	C:\Windows\system32\api-ms-win-downlevel-user32-l1-1-0.dll
0x75140000 - 0x75144000 	C:\Windows\system32\api-ms-win-downlevel-shlwapi-l1-1-0.dll
0x75150000 - 0x75154000 	C:\Windows\system32\api-ms-win-downlevel-version-l1-1-0.dll
0x75110000 - 0x75113000 	C:\Windows\system32\api-ms-win-downlevel-normaliz-l1-1-0.dll
0x77080000 - 0x77083000 	C:\Windows\system32\normaliz.DLL
0x76c30000 - 0x76e62000 	C:\Windows\system32\iertutil.dll
0x75180000 - 0x75185000 	C:\Windows\system32\api-ms-win-downlevel-advapi32-l1-1-0.dll
0x75120000 - 0x75137000 	C:\Windows\system32\USERENV.dll
0x75230000 - 0x7537a000 	C:\Windows\system32\urlmon.dll
0x75160000 - 0x75164000 	C:\Windows\system32\api-ms-win-downlevel-ole32-l1-1-0.dll
0x6b8d0000 - 0x6b8d6000 	C:\Program Files\Java\jre7\bin\jp2native.dll
0x696c0000 - 0x696d4000 	C:\Program Files\Java\jre7\bin\net.dll
0x6b500000 - 0x6b50f000 	C:\Program Files\Java\jre7\bin\nio.dll
0x6b830000 - 0x6b850000 	C:\Program Files\Java\jre7\bin\sunec.dll
0x6f610000 - 0x6f619000 	C:\Program Files\Java\jre7\bin\sunmscapi.dll
0x74ed0000 - 0x74ff1000 	C:\Windows\system32\CRYPT32.dll
0x74e60000 - 0x74e6c000 	C:\Windows\system32\MSASN1.dll

VM Arguments:
jvm_args: -Xbootclasspath/a:C:\PROGRA~1\Java\jre7\lib\deploy.jar;C:\PROGRA~1\Java\jre7\lib\javaws.jar;C:\PROGRA~1\Java\jre7\lib\plugin.jar -Xmx32m -Djava.awt.headless=true -XX:MaxDirectMemorySize=64m 
java_command: <unknown>
Launcher Type: generic

Environment Variables:
PATH=C:\Program Files\Mozilla Firefox;C:\Windows\system32;C:\Windows;C:\Windows\System32\Wbem;C:\Windows\System32\WindowsPowerShell\v1.0\;C:\Program Files\Intel\DMIX
USERNAME=Mecánica
OS=Windows_NT
PROCESSOR_IDENTIFIER=x86 Family 6 Model 37 Stepping 2, GenuineIntel



---------------  S Y S T E M  ---------------

OS: Windows 7 Build 7601 Service Pack 1

CPU:total 4 (2 cores per cpu, 2 threads per core) family 6 model 37 stepping 2, cmov, cx8, fxsr, mmx, sse, sse2, sse3, ssse3, sse4.1, sse4.2, popcnt, ht, tsc, tscinvbit

Memory: 4k page, physical 3005740k(2184544k free), swap 6009732k(5107612k free)

vm_info: Java HotSpot(TM) Client VM (24.51-b03) for windows-x86 JRE (1.7.0_51-b13), built on Dec 18 2013 19:09:58 by "java_re" with unknown MS VC++:1600

time: Sat Feb 21 11:29:47 2015
elapsed time: 34 seconds

