#
# A fatal error has been detected by the Java Runtime Environment:
#
#  EXCEPTION_ACCESS_VIOLATION (0xc0000005) at pc=0x00000001, pid=3036, tid=3040
#
# JRE version: Java(TM) SE Runtime Environment (7.0_51-b13) (build 1.7.0_51-b13)
# Java VM: Java HotSpot(TM) Client VM (24.51-b03 mixed mode, sharing windows-x86 )
# Problematic frame:
# C  0x00000001
#
# Failed to write core dump. Minidumps are not enabled by default on client versions of Windows
#
# If you would like to submit a bug report, please visit:
#   http://bugreport.sun.com/bugreport/crash.jsp
# The crash happened outside the Java Virtual Machine in native code.
# See problematic frame for where to report the bug.
#

---------------  T H R E A D  ---------------

Current thread (0x08ec8000):  JavaThread "Thread-2" [_thread_in_native, id=3040, stack(0x001b0000,0x002b0000)]

siginfo: ExceptionCode=0xc0000005, ExceptionInformation=0x00000008 0x00000001

Registers:
EAX=0x66fc8ff8, EBX=0x00000000, ECX=0x002af3b0, EDX=0x040bb684
ESP=0x002af378, EBP=0x002af3a8, ESI=0x08ec8130, EDI=0x05ee2e98
EIP=0x00000001, EFLAGS=0x00210246

Top of Stack: (sp=0x002af378)
0x002af378:   6e4880d1 05ee2e98 000001f6 040dd520
0x002af388:   002af3b0 002af3a4 08ec8000 337a5258
0x002af398:   337a5258 040dd520 00000000 00000000
0x002af3a8:   002af3b8 6e489198 00000000 002af408
0x002af3b8:   002af3f8 0628a9dd 08ec8130 002af414
0x002af3c8:   05ee2e98 00000000 002af408 040bb69c
0x002af3d8:   002af3d8 337a5258 002af414 337ad2b0
0x002af3e8:   00000000 337a5258 00000000 002af408 

Instructions: (pc=0x00000001)
0xffffffe1:   


Register to memory mapping:

EAX=0x66fc8ff8 is an unknown value
EBX=0x00000000 is an unknown value
ECX=0x002af3b0 is pointing into the stack for thread: 0x08ec8000
EDX=0x040bb684 is an unknown value
ESP=0x002af378 is pointing into the stack for thread: 0x08ec8000
EBP=0x002af3a8 is pointing into the stack for thread: 0x08ec8000
ESI=0x08ec8130 is an unknown value
EDI=0x05ee2e98 is an unknown value


Stack: [0x001b0000,0x002b0000],  sp=0x002af378,  free space=1020k
Native frames: (J=compiled Java code, j=interpreted, Vv=VM code, C=native code)
C  0x00000001
C  [npjp2.dll+0x9198]
j  sun.plugin2.main.server.MozillaPlugin.getProxy0(JLjava/lang/String;)Ljava/lang/String;+0
j  sun.plugin2.main.server.MozillaPlugin.getProxy(Ljava/lang/String;)Ljava/lang/String;+17
j  sun.plugin2.main.server.MozillaBrowserService$MozillaProxyHandler.findProxyForURL(Ljava/lang/String;)Ljava/lang/String;+7
j  com.sun.deploy.net.proxy.AbstractBrowserProxyHandler.getProxyInfo(Ljava/net/URL;)[Lcom/sun/deploy/net/proxy/ProxyInfo;+5
j  com.sun.deploy.net.proxy.DynamicProxyManager.getProxyList(Ljava/net/URL;Z)Ljava/util/List;+113
j  sun.plugin2.main.server.ProxySupport.getProxyReply(Lsun/plugin2/main/server/Plugin;Lsun/plugin2/message/GetProxyMessage;)Lsun/plugin2/message/ProxyReplyMessage;+20
j  sun.plugin2.main.server.JVMInstance$1.run()V+26
j  sun.plugin2.main.server.MozillaPlugin$RunnableWrapper.run()V+4
j  sun.plugin2.main.server.MozillaPlugin.drainRunnableQueue()V+39
j  sun.plugin2.main.server.MozillaPlugin.access$000(Lsun/plugin2/main/server/MozillaPlugin;)V+1
j  sun.plugin2.main.server.MozillaPlugin$DrainRunnableQueue.run()V+4
v  ~StubRoutines::call_stub
V  [jvm.dll+0x13f35a]
V  [jvm.dll+0x202c6e]
V  [jvm.dll+0x13f3dd]
V  [jvm.dll+0xc9bc2]
V  [jvm.dll+0xcd813]
C  [npjp2.dll+0x203f]
C  [xul.dll+0x58de1e]

Java frames: (J=compiled Java code, j=interpreted, Vv=VM code)
j  sun.plugin2.main.server.MozillaPlugin.getProxy0(JLjava/lang/String;)Ljava/lang/String;+0
j  sun.plugin2.main.server.MozillaPlugin.getProxy(Ljava/lang/String;)Ljava/lang/String;+17
j  sun.plugin2.main.server.MozillaBrowserService$MozillaProxyHandler.findProxyForURL(Ljava/lang/String;)Ljava/lang/String;+7
j  com.sun.deploy.net.proxy.AbstractBrowserProxyHandler.getProxyInfo(Ljava/net/URL;)[Lcom/sun/deploy/net/proxy/ProxyInfo;+5
j  com.sun.deploy.net.proxy.DynamicProxyManager.getProxyList(Ljava/net/URL;Z)Ljava/util/List;+113
j  sun.plugin2.main.server.ProxySupport.getProxyReply(Lsun/plugin2/main/server/Plugin;Lsun/plugin2/message/GetProxyMessage;)Lsun/plugin2/message/ProxyReplyMessage;+20
j  sun.plugin2.main.server.JVMInstance$1.run()V+26
j  sun.plugin2.main.server.MozillaPlugin$RunnableWrapper.run()V+4
j  sun.plugin2.main.server.MozillaPlugin.drainRunnableQueue()V+39
j  sun.plugin2.main.server.MozillaPlugin.access$000(Lsun/plugin2/main/server/MozillaPlugin;)V+1
j  sun.plugin2.main.server.MozillaPlugin$DrainRunnableQueue.run()V+4
v  ~StubRoutines::call_stub

---------------  P R O C E S S  ---------------

Java Threads: ( => current thread )
  0x08e40c00 JavaThread "Thread-5" daemon [_thread_in_native, id=2792, stack(0x09da0000,0x09ea0000)]
  0x08e52c00 JavaThread "Thread-4" daemon [_thread_blocked, id=3188, stack(0x09b50000,0x09c50000)]
  0x08ec8400 JavaThread "Thread-3" daemon [_thread_blocked, id=3064, stack(0x09440000,0x09540000)]
=>0x08ec8000 JavaThread "Thread-2" [_thread_in_native, id=3040, stack(0x001b0000,0x002b0000)]
  0x08e92800 JavaThread "JVM[id=1]-Heartbeat" [_thread_blocked, id=2948, stack(0x04210000,0x04310000)]
  0x08ec0800 JavaThread "JRE 1.7.0.51 Worker Thread" [_thread_blocked, id=2964, stack(0x08790000,0x08890000)]
  0x08ec0000 JavaThread "JRE 1.7.0.51 Output Reader Thread" [_thread_in_native, id=1240, stack(0x097d0000,0x098d0000)]
  0x08ebcc00 JavaThread "JRE 1.7.0.51 Output Reader Thread" [_thread_in_native, id=2888, stack(0x096b0000,0x097b0000)]
  0x08ebd800 JavaThread "Thread-1" [_thread_in_native, id=2912, stack(0x09550000,0x09650000)]
  0x08eb8400 JavaThread "Java Plug-In Pipe Worker Thread (Server-Side)" daemon [_thread_in_native, id=2892, stack(0x09280000,0x09380000)]
  0x040f0000 JavaThread "Thread-0" daemon [_thread_blocked, id=2896, stack(0x090e0000,0x091e0000)]
  0x08e04800 JavaThread "traceMsgQueueThread" daemon [_thread_blocked, id=2916, stack(0x089d0000,0x08ad0000)]
  0x040b5000 JavaThread "Service Thread" daemon [_thread_blocked, id=2996, stack(0x08b00000,0x08c00000)]
  0x040b0000 JavaThread "C1 CompilerThread0" daemon [_thread_blocked, id=2348, stack(0x088a0000,0x089a0000)]
  0x040ad000 JavaThread "Attach Listener" daemon [_thread_blocked, id=3116, stack(0x08690000,0x08790000)]
  0x040ac000 JavaThread "Signal Dispatcher" daemon [_thread_blocked, id=3108, stack(0x08560000,0x08660000)]
  0x0403f400 JavaThread "Finalizer" daemon [_thread_blocked, id=2824, stack(0x08460000,0x08560000)]
  0x0403dc00 JavaThread "Reference Handler" daemon [_thread_blocked, id=3076, stack(0x08360000,0x08460000)]
  0x038cc800 JavaThread "main" [_thread_in_native, id=3100, stack(0x06180000,0x06280000)]

Other Threads:
  0x0403c000 VMThread [stack: 0x06040000,0x06140000] [id=3080]
  0x040c6800 WatcherThread [stack: 0x08cf0000,0x08df0000] [id=1244]

VM state:not at safepoint (normal execution)

VM Mutex/Monitor currently owned by a thread: None

Heap
 def new generation   total 4928K, used 4208K [0x31790000, 0x31ce0000, 0x32230000)
  eden space 4416K,  83% used [0x31790000, 0x31b2c310, 0x31be0000)
  from space 512K, 100% used [0x31be0000, 0x31c60000, 0x31c60000)
  to   space 512K,   0% used [0x31c60000, 0x31c60000, 0x31ce0000)
 tenured generation   total 10944K, used 1483K [0x32230000, 0x32ce0000, 0x33790000)
   the space 10944K,  13% used [0x32230000, 0x323a2c40, 0x323a2e00, 0x32ce0000)
 compacting perm gen  total 12288K, used 2719K [0x33790000, 0x34390000, 0x37790000)
   the space 12288K,  22% used [0x33790000, 0x33a37df8, 0x33a37e00, 0x34390000)
    ro space 10240K,  41% used [0x37790000, 0x37bc2050, 0x37bc2200, 0x38190000)
    rw space 12288K,  52% used [0x38190000, 0x387d6800, 0x387d6800, 0x38d90000)

Card table byte_map: [0x03200000,0x03240000] byte_map_base: 0x03074380

Polling page: 0x02df0000

Code Cache  [0x06280000, 0x06390000, 0x08280000)
 total_blobs=461 nmethods=278 adapters=120 free_code_cache=31701Kb largest_free_block=32461824

Compilation events (10 events):
Event: 31.118 Thread 0x040b0000  248             java.util.regex.Pattern$Start::match (90 bytes)
Event: 31.118 Thread 0x040b0000 nmethod 248 0x0637fe48 code [0x0637ff60, 0x063800dc]
Event: 31.132 Thread 0x040b0000  249             java.lang.String::endsWith (17 bytes)
Event: 31.132 Thread 0x040b0000 nmethod 249 0x06380248 code [0x06380350, 0x063803fc]
Event: 31.132 Thread 0x040b0000  250             java.util.HashMap::roundUpToPowerOf2 (42 bytes)
Event: 31.132 Thread 0x040b0000 nmethod 250 0x063804c8 code [0x063805d0, 0x063806b8]
Event: 31.132 Thread 0x040b0000  251             java.util.HashMap::inflateTable (37 bytes)
Event: 31.132 Thread 0x040b0000 nmethod 251 0x06380748 code [0x06380880, 0x06380a24]
Event: 31.132 Thread 0x040b0000  252             java.lang.StringBuilder::<init> (7 bytes)
Event: 31.132 Thread 0x040b0000 nmethod 252 0x06380b08 code [0x06380c00, 0x06380d10]

GC Heap History (4 events):
Event: 30.646 GC heap before
{Heap before GC invocations=0 (full 0):
 def new generation   total 4928K, used 4416K [0x31790000, 0x31ce0000, 0x32230000)
  eden space 4416K, 100% used [0x31790000, 0x31be0000, 0x31be0000)
  from space 512K,   0% used [0x31be0000, 0x31be0000, 0x31c60000)
  to   space 512K,   0% used [0x31c60000, 0x31c60000, 0x31ce0000)
 tenured generation   total 10944K, used 0K [0x32230000, 0x32ce0000, 0x33790000)
   the space 10944K,   0% used [0x32230000, 0x32230000, 0x32230200, 0x32ce0000)
 compacting perm gen  total 12288K, used 1704K [0x33790000, 0x34390000, 0x37790000)
   the space 12288K,  13% used [0x33790000, 0x3393a108, 0x3393a200, 0x34390000)
    ro space 10240K,  41% used [0x37790000, 0x37bc2050, 0x37bc2200, 0x38190000)
    rw space 12288K,  52% used [0x38190000, 0x387d6800, 0x387d6800, 0x38d90000)
Event: 30.654 GC heap after
Heap after GC invocations=1 (full 0):
 def new generation   total 4928K, used 512K [0x31790000, 0x31ce0000, 0x32230000)
  eden space 4416K,   0% used [0x31790000, 0x31790000, 0x31be0000)
  from space 512K, 100% used [0x31c60000, 0x31ce0000, 0x31ce0000)
  to   space 512K,   0% used [0x31be0000, 0x31be0000, 0x31c60000)
 tenured generation   total 10944K, used 644K [0x32230000, 0x32ce0000, 0x33790000)
   the space 10944K,   5% used [0x32230000, 0x322d13a0, 0x322d1400, 0x32ce0000)
 compacting perm gen  total 12288K, used 1704K [0x33790000, 0x34390000, 0x37790000)
   the space 12288K,  13% used [0x33790000, 0x3393a108, 0x3393a200, 0x34390000)
    ro space 10240K,  41% used [0x37790000, 0x37bc2050, 0x37bc2200, 0x38190000)
    rw space 12288K,  52% used [0x38190000, 0x387d6800, 0x387d6800, 0x38d90000)
}
Event: 30.907 GC heap before
{Heap before GC invocations=1 (full 0):
 def new generation   total 4928K, used 4928K [0x31790000, 0x31ce0000, 0x32230000)
  eden space 4416K, 100% used [0x31790000, 0x31be0000, 0x31be0000)
  from space 512K, 100% used [0x31c60000, 0x31ce0000, 0x31ce0000)
  to   space 512K,   0% used [0x31be0000, 0x31be0000, 0x31c60000)
 tenured generation   total 10944K, used 644K [0x32230000, 0x32ce0000, 0x33790000)
   the space 10944K,   5% used [0x32230000, 0x322d13a0, 0x322d1400, 0x32ce0000)
 compacting perm gen  total 12288K, used 2270K [0x33790000, 0x34390000, 0x37790000)
   the space 12288K,  18% used [0x33790000, 0x339c78b0, 0x339c7a00, 0x34390000)
    ro space 10240K,  41% used [0x37790000, 0x37bc2050, 0x37bc2200, 0x38190000)
    rw space 12288K,  52% used [0x38190000, 0x387d6800, 0x387d6800, 0x38d90000)
Event: 30.916 GC heap after
Heap after GC invocations=2 (full 0):
 def new generation   total 4928K, used 512K [0x31790000, 0x31ce0000, 0x32230000)
  eden space 4416K,   0% used [0x31790000, 0x31790000, 0x31be0000)
  from space 512K, 100% used [0x31be0000, 0x31c60000, 0x31c60000)
  to   space 512K,   0% used [0x31c60000, 0x31c60000, 0x31ce0000)
 tenured generation   total 10944K, used 1483K [0x32230000, 0x32ce0000, 0x33790000)
   the space 10944K,  13% used [0x32230000, 0x323a2c40, 0x323a2e00, 0x32ce0000)
 compacting perm gen  total 12288K, used 2270K [0x33790000, 0x34390000, 0x37790000)
   the space 12288K,  18% used [0x33790000, 0x339c78b0, 0x339c7a00, 0x34390000)
    ro space 10240K,  41% used [0x37790000, 0x37bc2050, 0x37bc2200, 0x38190000)
    rw space 12288K,  52% used [0x38190000, 0x387d6800, 0x387d6800, 0x38d90000)
}

Deoptimization events (0 events):
No events

Internal exceptions (10 events):
Event: 0.031 Thread 0x038cc800 Threw 0x31795750 at C:\re\jdk7u51\527\hotspot\src\share\vm\prims\jni.cpp:3991
Event: 0.446 Thread 0x038cc800 Threw 0x318609d0 at C:\re\jdk7u51\527\hotspot\src\share\vm\prims\jvm.cpp:1244
Event: 0.446 Thread 0x038cc800 Threw 0x31860ae8 at C:\re\jdk7u51\527\hotspot\src\share\vm\prims\jvm.cpp:1244
Event: 0.447 Thread 0x038cc800 Threw 0x31863e20 at C:\re\jdk7u51\527\hotspot\src\share\vm\prims\jvm.cpp:1244
Event: 0.447 Thread 0x038cc800 Threw 0x31863f38 at C:\re\jdk7u51\527\hotspot\src\share\vm\prims\jvm.cpp:1244
Event: 0.516 Thread 0x038cc800 Threw 0x318d22b8 at C:\re\jdk7u51\527\hotspot\src\share\vm\prims\jni.cpp:717
Event: 0.516 Thread 0x038cc800 Threw 0x318d2450 at C:\re\jdk7u51\527\hotspot\src\share\vm\prims\jni.cpp:717
Event: 0.516 Thread 0x038cc800 Threw 0x318d25b8 at C:\re\jdk7u51\527\hotspot\src\share\vm\prims\jni.cpp:717
Event: 31.131 Thread 0x08ec8000 Threw 0x31a2a438 at C:\re\jdk7u51\527\hotspot\src\share\vm\prims\jvm.cpp:1244
Event: 31.131 Thread 0x08ec8000 Threw 0x31a2b530 at C:\re\jdk7u51\527\hotspot\src\share\vm\prims\jvm.cpp:1244

Events (10 events):
Event: 31.135 loading class 0x08fc6dc0
Event: 31.135 loading class 0x08fc6dc0 done
Event: 31.135 loading class 0x08fc6d38
Event: 31.135 loading class 0x08fc6d38 done
Event: 31.135 loading class 0x08fc6820
Event: 31.135 loading class 0x08fc6820 done
Event: 31.135 loading class 0x08fc67e0
Event: 31.135 loading class 0x08fc67e0 done
Event: 31.135 loading class 0x08fc5970
Event: 31.135 loading class 0x08fc5970 done


Dynamic libraries:
0x01090000 - 0x010dd000 	C:\Users\Mecánica\Documents\moz\FirefoxPortable\App\Firefox\firefox.exe
0x76e00000 - 0x76f3c000 	C:\Windows\SYSTEM32\ntdll.dll
0x76240000 - 0x76314000 	C:\Windows\system32\kernel32.dll
0x74e30000 - 0x74e7b000 	C:\Windows\system32\KERNELBASE.dll
0x666e0000 - 0x6704e000 	C:\Users\Mecánica\Documents\moz\FirefoxPortable\App\Firefox\xul.dll
0x70aa0000 - 0x70b0f000 	C:\Users\Mecánica\Documents\moz\FirefoxPortable\App\Firefox\sqlite3.dll
0x6e2b0000 - 0x6e35e000 	C:\Users\Mecánica\Documents\moz\FirefoxPortable\App\Firefox\MOZCRT19.dll
0x75370000 - 0x7541c000 	C:\Windows\system32\msvcrt.dll
0x68d00000 - 0x68dae000 	C:\Users\Mecánica\Documents\moz\FirefoxPortable\App\Firefox\js3250.dll
0x600b0000 - 0x600e0000 	C:\Users\Mecánica\Documents\moz\FirefoxPortable\App\Firefox\nspr4.dll
0x766b0000 - 0x76750000 	C:\Windows\system32\ADVAPI32.dll
0x76580000 - 0x76599000 	C:\Windows\SYSTEM32\sechost.dll
0x75430000 - 0x754d2000 	C:\Windows\system32\RPCRT4.dll
0x72f20000 - 0x72f27000 	C:\Windows\system32\WSOCK32.dll
0x755b0000 - 0x755e5000 	C:\Windows\system32\WS2_32.dll
0x75420000 - 0x75426000 	C:\Windows\system32\NSI.dll
0x72ee0000 - 0x72f12000 	C:\Windows\system32\WINMM.dll
0x754e0000 - 0x755a9000 	C:\Windows\system32\USER32.dll
0x769c0000 - 0x76a0e000 	C:\Windows\system32\GDI32.dll
0x75120000 - 0x7512a000 	C:\Windows\system32\LPK.dll
0x76f50000 - 0x76fed000 	C:\Windows\system32\USP10.dll
0x60420000 - 0x60438000 	C:\Users\Mecánica\Documents\moz\FirefoxPortable\App\Firefox\smime3.dll
0x60340000 - 0x603da000 	C:\Users\Mecánica\Documents\moz\FirefoxPortable\App\Firefox\nss3.dll
0x603e0000 - 0x603f4000 	C:\Users\Mecánica\Documents\moz\FirefoxPortable\App\Firefox\nssutil3.dll
0x600f0000 - 0x600f7000 	C:\Users\Mecánica\Documents\moz\FirefoxPortable\App\Firefox\plc4.dll
0x600e0000 - 0x600e7000 	C:\Users\Mecánica\Documents\moz\FirefoxPortable\App\Firefox\plds4.dll
0x60400000 - 0x60420000 	C:\Users\Mecánica\Documents\moz\FirefoxPortable\App\Firefox\ssl3.dll
0x755f0000 - 0x7623a000 	C:\Windows\system32\SHELL32.dll
0x76520000 - 0x76577000 	C:\Windows\system32\SHLWAPI.dll
0x76a80000 - 0x76bdc000 	C:\Windows\system32\ole32.dll
0x741b0000 - 0x741b9000 	C:\Windows\system32\VERSION.dll
0x6f0b0000 - 0x6f101000 	C:\Windows\system32\WINSPOOL.DRV
0x765a0000 - 0x7661b000 	C:\Windows\system32\COMDLG32.dll
0x73cb0000 - 0x73e4e000 	C:\Windows\WinSxS\x86_microsoft.windows.common-controls_6595b64144ccf1df_6.0.7601.17514_none_41e6975e2bd6f2b2\COMCTL32.dll
0x76a60000 - 0x76a7f000 	C:\Windows\system32\IMM32.dll
0x76be0000 - 0x76cac000 	C:\Windows\system32\MSCTF.dll
0x715d0000 - 0x715d5000 	C:\Windows\system32\MSIMG32.dll
0x76620000 - 0x766af000 	C:\Windows\system32\OLEAUT32.dll
0x715e0000 - 0x715e7000 	C:\Users\Mecánica\Documents\moz\FirefoxPortable\App\Firefox\xpcom.dll
0x6e8d0000 - 0x6e9bb000 	C:\Windows\system32\dbghelp.dll
0x74d10000 - 0x74d1c000 	C:\Windows\system32\CRYPTBASE.dll
0x73b30000 - 0x73b70000 	C:\Windows\system32\uxtheme.dll
0x76380000 - 0x7651d000 	C:\Windows\system32\SETUPAPI.dll
0x75050000 - 0x75077000 	C:\Windows\system32\CFGMGR32.dll
0x75020000 - 0x75032000 	C:\Windows\system32\DEVOBJ.dll
0x76930000 - 0x769b3000 	C:\Windows\system32\CLBCatQ.DLL
0x73b70000 - 0x73c65000 	C:\Windows\system32\propsys.dll
0x737a0000 - 0x737c1000 	C:\Windows\system32\ntmarta.dll
0x76a10000 - 0x76a55000 	C:\Windows\system32\WLDAP32.dll
0x73800000 - 0x73813000 	C:\Windows\system32\dwmapi.dll
0x74df0000 - 0x74dfb000 	C:\Windows\system32\profapi.dll
0x715b0000 - 0x715b8000 	C:\Users\Mecánica\Documents\moz\FirefoxPortable\App\Firefox\components\browserdirprovider.dll
0x747f0000 - 0x7482c000 	C:\Windows\system32\mswsock.dll
0x74330000 - 0x74335000 	C:\Windows\System32\wshtcpip.dll
0x72ad0000 - 0x72aec000 	C:\Windows\system32\iphlpapi.dll
0x72ac0000 - 0x72ac7000 	C:\Windows\system32\WINNSI.DLL
0x72d20000 - 0x72d30000 	C:\Windows\system32\NLAapi.dll
0x701c0000 - 0x701d0000 	C:\Windows\system32\napinsp.dll
0x701a0000 - 0x701b2000 	C:\Windows\system32\pnrpnsp.dll
0x746b0000 - 0x746f4000 	C:\Windows\system32\DNSAPI.dll
0x70190000 - 0x70198000 	C:\Windows\System32\winrnr.dll
0x73560000 - 0x73690000 	C:\Windows\system32\WindowsCodecs.dll
0x74cc0000 - 0x74d0c000 	C:\Windows\system32\apphelp.dll
0x70780000 - 0x707b1000 	C:\Windows\system32\EhStorShell.dll
0x6ae20000 - 0x6b226000 	C:\PROGRA~1\MICROS~1\Office14\GROOVEEX.DLL
0x6e3b0000 - 0x6e453000 	C:\Windows\WinSxS\x86_microsoft.vc90.crt_1fc8b3b9a1e18e3b_9.0.30729.4940_none_50916076bcb9a742\MSVCR90.dll
0x6c7c0000 - 0x6c84e000 	C:\Windows\WinSxS\x86_microsoft.vc90.crt_1fc8b3b9a1e18e3b_9.0.30729.4940_none_50916076bcb9a742\MSVCP90.dll
0x70750000 - 0x7077b000 	C:\Windows\WinSxS\x86_microsoft.vc90.atl_1fc8b3b9a1e18e3b_9.0.30729.4148_none_51ca66a2bbe76806\ATL90.DLL
0x6aa00000 - 0x6ae1a000 	C:\PROGRA~1\COMMON~1\MICROS~1\OFFICE14\Cultures\office.odf
0x6a180000 - 0x6aa00000 	C:\PROGRA~1\MICROS~1\Office14\3082\GrooveIntlResource.dll
0x6c750000 - 0x6c7ba000 	C:\Windows\System32\cscui.dll
0x727f0000 - 0x727f9000 	C:\Windows\System32\CSCDLL.dll
0x6eb20000 - 0x6eb2b000 	C:\Windows\system32\CSCAPI.dll
0x6c520000 - 0x6c590000 	C:\Windows\system32\ntshrui.dll
0x74ad0000 - 0x74ae9000 	C:\Windows\system32\srvcli.dll
0x72ba0000 - 0x72baa000 	C:\Windows\system32\slc.dll
0x74830000 - 0x74847000 	C:\Windows\system32\CRYPTSP.dll
0x745d0000 - 0x7460b000 	C:\Windows\system32\rsaenh.dll
0x74d80000 - 0x74d8e000 	C:\Windows\system32\RpcRtRemote.dll
0x70a70000 - 0x70a93000 	C:\Users\Mecánica\Documents\moz\FirefoxPortable\App\Firefox\components\brwsrcmp.dll
0x602f0000 - 0x60316000 	C:\Users\Mecánica\Documents\moz\FirefoxPortable\App\Firefox\softokn3.dll
0x60320000 - 0x60338000 	C:\Users\Mecánica\Documents\moz\FirefoxPortable\App\Firefox\nssdbm3.dll
0x60440000 - 0x60481000 	C:\Users\Mecánica\Documents\moz\FirefoxPortable\App\Firefox\freebl3.dll
0x602a0000 - 0x602ec000 	C:\Users\Mecánica\Documents\moz\FirefoxPortable\App\Firefox\nssckbi.dll
0x70a10000 - 0x70a22000 	C:\Users\Mecánica\Documents\moz\FirefoxPortable\App\Firefox\plugins\npnul32.dll
0x747e0000 - 0x747e6000 	C:\Windows\System32\wship6.dll
0x70440000 - 0x70446000 	C:\Windows\system32\rasadhlp.dll
0x71ee0000 - 0x71f18000 	C:\Windows\System32\fwpuclnt.dll
0x6e480000 - 0x6e4ab000 	C:\Program Files\Java\jre7\bin\plugin2\npjp2.dll
0x68c40000 - 0x68cff000 	C:\Windows\system32\MSVCR100.dll
0x688c0000 - 0x68c40000 	C:\PROGRA~1\Java\jre7\bin\client\jvm.dll
0x76f40000 - 0x76f45000 	C:\Windows\system32\PSAPI.DLL
0x715c0000 - 0x715cc000 	C:\PROGRA~1\Java\jre7\bin\verify.dll
0x6e460000 - 0x6e480000 	C:\PROGRA~1\Java\jre7\bin\java.dll
0x6e290000 - 0x6e2a3000 	C:\PROGRA~1\Java\jre7\bin\zip.dll
0x68800000 - 0x688bf000 	C:\Program Files\Java\jre7\bin\msvcr100.dll
0x687a0000 - 0x687fc000 	C:\Program Files\Java\jre7\bin\deploy.dll
0x76750000 - 0x76926000 	C:\Windows\system32\WININET.dll
0x74e20000 - 0x74e24000 	C:\Windows\system32\api-ms-win-downlevel-user32-l1-1-0.dll
0x75040000 - 0x75044000 	C:\Windows\system32\api-ms-win-downlevel-shlwapi-l1-1-0.dll
0x75080000 - 0x75084000 	C:\Windows\system32\api-ms-win-downlevel-version-l1-1-0.dll
0x74e10000 - 0x74e13000 	C:\Windows\system32\api-ms-win-downlevel-normaliz-l1-1-0.dll
0x76ff0000 - 0x76ff3000 	C:\Windows\system32\normaliz.DLL
0x75130000 - 0x75362000 	C:\Windows\system32\iertutil.dll
0x75010000 - 0x75015000 	C:\Windows\system32\api-ms-win-downlevel-advapi32-l1-1-0.dll
0x74ff0000 - 0x75007000 	C:\Windows\system32\USERENV.dll
0x76cb0000 - 0x76dfa000 	C:\Windows\system32\urlmon.dll
0x74fe0000 - 0x74fe4000 	C:\Windows\system32\api-ms-win-downlevel-ole32-l1-1-0.dll
0x70b10000 - 0x70b16000 	C:\Program Files\Java\jre7\bin\jp2native.dll
0x6e270000 - 0x6e284000 	C:\Program Files\Java\jre7\bin\net.dll
0x6e260000 - 0x6e26f000 	C:\Program Files\Java\jre7\bin\nio.dll
0x71f50000 - 0x71f7f000 	C:\Windows\system32\shdocvw.dll
0x6e390000 - 0x6e3b0000 	C:\Program Files\Java\jre7\bin\sunec.dll
0x72c20000 - 0x72c29000 	C:\Program Files\Java\jre7\bin\sunmscapi.dll
0x74eb0000 - 0x74fd1000 	C:\Windows\system32\CRYPT32.dll
0x74e00000 - 0x74e0c000 	C:\Windows\system32\MSASN1.dll

VM Arguments:
jvm_args: -Xbootclasspath/a:C:\PROGRA~1\Java\jre7\lib\deploy.jar;C:\PROGRA~1\Java\jre7\lib\javaws.jar;C:\PROGRA~1\Java\jre7\lib\plugin.jar -Xmx32m -Djava.awt.headless=true -XX:MaxDirectMemorySize=64m 
java_command: <unknown>
Launcher Type: generic

Environment Variables:
PATH=C:\Program Files\Mozilla Firefox;C:\Windows\system32;C:\Windows;C:\Windows\System32\Wbem;C:\Windows\System32\WindowsPowerShell\v1.0\;C:\Program Files\Intel\DMIX
USERNAME=Mecánica
OS=Windows_NT
PROCESSOR_IDENTIFIER=x86 Family 6 Model 37 Stepping 2, GenuineIntel



---------------  S Y S T E M  ---------------

OS: Windows 7 Build 7601 Service Pack 1

CPU:total 4 (2 cores per cpu, 2 threads per core) family 6 model 37 stepping 2, cmov, cx8, fxsr, mmx, sse, sse2, sse3, ssse3, sse4.1, sse4.2, popcnt, ht, tsc, tscinvbit

Memory: 4k page, physical 3005740k(2157296k free), swap 6009728k(5073184k free)

vm_info: Java HotSpot(TM) Client VM (24.51-b03) for windows-x86 JRE (1.7.0_51-b13), built on Dec 18 2013 19:09:58 by "java_re" with unknown MS VC++:1600

time: Tue Feb 03 07:12:30 2015
elapsed time: 31 seconds

