#
# A fatal error has been detected by the Java Runtime Environment:
#
#  EXCEPTION_ACCESS_VIOLATION (0xc0000005) at pc=0x00000001, pid=3808, tid=3812
#
# JRE version: Java(TM) SE Runtime Environment (7.0_51-b13) (build 1.7.0_51-b13)
# Java VM: Java HotSpot(TM) Client VM (24.51-b03 mixed mode, sharing windows-x86 )
# Problematic frame:
# C  0x00000001
#
# Failed to write core dump. Minidumps are not enabled by default on client versions of Windows
#
# If you would like to submit a bug report, please visit:
#   http://bugreport.sun.com/bugreport/crash.jsp
# The crash happened outside the Java Virtual Machine in native code.
# See problematic frame for where to report the bug.
#

---------------  T H R E A D  ---------------

Current thread (0x09037400):  JavaThread "Thread-2" [_thread_in_native, id=3812, stack(0x001c0000,0x002c0000)]

siginfo: ExceptionCode=0xc0000005, ExceptionInformation=0x00000008 0x00000001

Registers:
EAX=0x71768ff8, EBX=0x00000000, ECX=0x002bf480, EDX=0x05ebbb1c
ESP=0x002bf448, EBP=0x002bf478, ESI=0x09037530, EDI=0x05a269d8
EIP=0x00000001, EFLAGS=0x00210246

Top of Stack: (sp=0x002bf448)
0x002bf448:   71e080d1 05a269d8 000001f6 05edcdb8
0x002bf458:   002bf480 002bf474 09037400 337a5258
0x002bf468:   337a5258 05edcdb8 00000000 00000000
0x002bf478:   002bf488 71e09198 00000000 002bf4d8
0x002bf488:   002bf4c8 061ba9dd 09037530 002bf4e4
0x002bf498:   05a269d8 00000000 002bf4d8 05ebbb34
0x002bf4a8:   002bf4a8 337a5258 002bf4e4 337ad2b0
0x002bf4b8:   00000000 337a5258 00000000 002bf4d8 

Instructions: (pc=0x00000001)
0xffffffe1:   


Register to memory mapping:

EAX=0x71768ff8 is an unknown value
EBX=0x00000000 is an unknown value
ECX=0x002bf480 is pointing into the stack for thread: 0x09037400
EDX=0x05ebbb1c is an unknown value
ESP=0x002bf448 is pointing into the stack for thread: 0x09037400
EBP=0x002bf478 is pointing into the stack for thread: 0x09037400
ESI=0x09037530 is an unknown value
EDI=0x05a269d8 is an unknown value


Stack: [0x001c0000,0x002c0000],  sp=0x002bf448,  free space=1021k
Native frames: (J=compiled Java code, j=interpreted, Vv=VM code, C=native code)
C  0x00000001
C  [npjp2.dll+0x9198]
j  sun.plugin2.main.server.MozillaPlugin.getProxy0(JLjava/lang/String;)Ljava/lang/String;+0
j  sun.plugin2.main.server.MozillaPlugin.getProxy(Ljava/lang/String;)Ljava/lang/String;+17
j  sun.plugin2.main.server.MozillaBrowserService$MozillaProxyHandler.findProxyForURL(Ljava/lang/String;)Ljava/lang/String;+7
j  com.sun.deploy.net.proxy.AbstractBrowserProxyHandler.getProxyInfo(Ljava/net/URL;)[Lcom/sun/deploy/net/proxy/ProxyInfo;+5
j  com.sun.deploy.net.proxy.DynamicProxyManager.getProxyList(Ljava/net/URL;Z)Ljava/util/List;+113
j  sun.plugin2.main.server.ProxySupport.getProxyReply(Lsun/plugin2/main/server/Plugin;Lsun/plugin2/message/GetProxyMessage;)Lsun/plugin2/message/ProxyReplyMessage;+20
j  sun.plugin2.main.server.JVMInstance$1.run()V+26
j  sun.plugin2.main.server.MozillaPlugin$RunnableWrapper.run()V+4
j  sun.plugin2.main.server.MozillaPlugin.drainRunnableQueue()V+39
j  sun.plugin2.main.server.MozillaPlugin.access$000(Lsun/plugin2/main/server/MozillaPlugin;)V+1
j  sun.plugin2.main.server.MozillaPlugin$DrainRunnableQueue.run()V+4
v  ~StubRoutines::call_stub
V  [jvm.dll+0x13f35a]
V  [jvm.dll+0x202c6e]
V  [jvm.dll+0x13f3dd]
V  [jvm.dll+0xc9bc2]
V  [jvm.dll+0xcd813]
C  [npjp2.dll+0x203f]
C  [xul.dll+0x58de1e]

Java frames: (J=compiled Java code, j=interpreted, Vv=VM code)
j  sun.plugin2.main.server.MozillaPlugin.getProxy0(JLjava/lang/String;)Ljava/lang/String;+0
j  sun.plugin2.main.server.MozillaPlugin.getProxy(Ljava/lang/String;)Ljava/lang/String;+17
j  sun.plugin2.main.server.MozillaBrowserService$MozillaProxyHandler.findProxyForURL(Ljava/lang/String;)Ljava/lang/String;+7
j  com.sun.deploy.net.proxy.AbstractBrowserProxyHandler.getProxyInfo(Ljava/net/URL;)[Lcom/sun/deploy/net/proxy/ProxyInfo;+5
j  com.sun.deploy.net.proxy.DynamicProxyManager.getProxyList(Ljava/net/URL;Z)Ljava/util/List;+113
j  sun.plugin2.main.server.ProxySupport.getProxyReply(Lsun/plugin2/main/server/Plugin;Lsun/plugin2/message/GetProxyMessage;)Lsun/plugin2/message/ProxyReplyMessage;+20
j  sun.plugin2.main.server.JVMInstance$1.run()V+26
j  sun.plugin2.main.server.MozillaPlugin$RunnableWrapper.run()V+4
j  sun.plugin2.main.server.MozillaPlugin.drainRunnableQueue()V+39
j  sun.plugin2.main.server.MozillaPlugin.access$000(Lsun/plugin2/main/server/MozillaPlugin;)V+1
j  sun.plugin2.main.server.MozillaPlugin$DrainRunnableQueue.run()V+4
v  ~StubRoutines::call_stub

---------------  P R O C E S S  ---------------

Java Threads: ( => current thread )
  0x05e46800 JavaThread "Keep-Alive-Timer" daemon [_thread_blocked, id=3296, stack(0x0a3d0000,0x0a4d0000)]
=>0x09037400 JavaThread "Thread-2" [_thread_in_native, id=3812, stack(0x001c0000,0x002c0000)]
  0x09001c00 JavaThread "JVM[id=1]-Heartbeat" [_thread_blocked, id=2172, stack(0x03e30000,0x03f30000)]
  0x09033c00 JavaThread "JRE 1.7.0.51 Worker Thread" [_thread_blocked, id=2404, stack(0x09b30000,0x09c30000)]
  0x0902d400 JavaThread "JRE 1.7.0.51 Output Reader Thread" [_thread_in_native, id=2428, stack(0x096f0000,0x097f0000)]
  0x0902c400 JavaThread "JRE 1.7.0.51 Output Reader Thread" [_thread_in_native, id=2424, stack(0x09980000,0x09a80000)]
  0x0902bc00 JavaThread "Thread-1" [_thread_in_native, id=2436, stack(0x09830000,0x09930000)]
  0x09027800 JavaThread "Java Plug-In Pipe Worker Thread (Server-Side)" daemon [_thread_in_native, id=2368, stack(0x095e0000,0x096e0000)]
  0x05edfc00 JavaThread "traceMsgQueueThread" daemon [_thread_blocked, id=2228, stack(0x091d0000,0x092d0000)]
  0x05eb5400 JavaThread "Service Thread" daemon [_thread_blocked, id=2196, stack(0x08b80000,0x08c80000)]
  0x05eb0800 JavaThread "C1 CompilerThread0" daemon [_thread_blocked, id=2192, stack(0x089f0000,0x08af0000)]
  0x05ead400 JavaThread "Attach Listener" daemon [_thread_blocked, id=2136, stack(0x08800000,0x08900000)]
  0x05eaa000 JavaThread "Signal Dispatcher" daemon [_thread_blocked, id=2140, stack(0x083b0000,0x084b0000)]
  0x05e3f400 JavaThread "Finalizer" daemon [_thread_blocked, id=1264, stack(0x086f0000,0x087f0000)]
  0x05e3dc00 JavaThread "Reference Handler" daemon [_thread_blocked, id=2128, stack(0x08500000,0x08600000)]
  0x0345c800 JavaThread "main" [_thread_in_native, id=2080, stack(0x060b0000,0x061b0000)]

Other Threads:
  0x05e3c000 VMThread [stack: 0x08280000,0x08380000] [id=1432]
  0x05ed8000 WatcherThread [stack: 0x08e60000,0x08f60000] [id=2200]

VM state:not at safepoint (normal execution)

VM Mutex/Monitor currently owned by a thread: None

Heap
 def new generation   total 4928K, used 1437K [0x31790000, 0x31ce0000, 0x32230000)
  eden space 4416K,  20% used [0x31790000, 0x31877778, 0x31be0000)
  from space 512K, 100% used [0x31c60000, 0x31ce0000, 0x31ce0000)
  to   space 512K,   0% used [0x31be0000, 0x31be0000, 0x31c60000)
 tenured generation   total 10944K, used 2620K [0x32230000, 0x32ce0000, 0x33790000)
   the space 10944K,  23% used [0x32230000, 0x324bf198, 0x324bf200, 0x32ce0000)
 compacting perm gen  total 12288K, used 2887K [0x33790000, 0x34390000, 0x37790000)
   the space 12288K,  23% used [0x33790000, 0x33a61de0, 0x33a61e00, 0x34390000)
    ro space 10240K,  41% used [0x37790000, 0x37bc2050, 0x37bc2200, 0x38190000)
    rw space 12288K,  52% used [0x38190000, 0x387d6800, 0x387d6800, 0x38d90000)

Card table byte_map: [0x03ab0000,0x03af0000] byte_map_base: 0x03924380

Polling page: 0x03420000

Code Cache  [0x061b0000, 0x062d8000, 0x081b0000)
 total_blobs=487 nmethods=303 adapters=121 free_code_cache=31602Kb largest_free_block=32360768

Compilation events (10 events):
Event: 33.757 Thread 0x05eb0800  299   !         sun.nio.cs.ISO_8859_1$Encoder::encodeArrayLoop (356 bytes)
Event: 33.761 Thread 0x05eb0800 nmethod 299 0x062ce8c8 code [0x062cecd0, 0x062d01f0]
Event: 34.540 Thread 0x05eb0800  300             java.util.Properties::getProperty (46 bytes)
Event: 34.540 Thread 0x05eb0800 nmethod 300 0x062d2308 code [0x062d2420, 0x062d2558]
Event: 34.558 Thread 0x05eb0800  301             java.util.Properties::load0 (250 bytes)
Event: 34.558 Thread 0x05eb0800 nmethod 301 0x062d2608 code [0x062d2750, 0x062d2a70]
Event: 34.602 Thread 0x05eb0800  302             java.util.ArrayList::rangeCheck (22 bytes)
Event: 34.602 Thread 0x05eb0800 nmethod 302 0x062d2dc8 code [0x062d2f20, 0x062d31e8]
Event: 34.602 Thread 0x05eb0800  303             java.util.ArrayList::elementData (7 bytes)
Event: 34.603 Thread 0x05eb0800 nmethod 303 0x062d3488 code [0x062d3580, 0x062d3620]

GC Heap History (6 events):
Event: 32.400 GC heap before
{Heap before GC invocations=0 (full 0):
 def new generation   total 4928K, used 4416K [0x31790000, 0x31ce0000, 0x32230000)
  eden space 4416K, 100% used [0x31790000, 0x31be0000, 0x31be0000)
  from space 512K,   0% used [0x31be0000, 0x31be0000, 0x31c60000)
  to   space 512K,   0% used [0x31c60000, 0x31c60000, 0x31ce0000)
 tenured generation   total 10944K, used 0K [0x32230000, 0x32ce0000, 0x33790000)
   the space 10944K,   0% used [0x32230000, 0x32230000, 0x32230200, 0x32ce0000)
 compacting perm gen  total 12288K, used 1704K [0x33790000, 0x34390000, 0x37790000)
   the space 12288K,  13% used [0x33790000, 0x3393a108, 0x3393a200, 0x34390000)
    ro space 10240K,  41% used [0x37790000, 0x37bc2050, 0x37bc2200, 0x38190000)
    rw space 12288K,  52% used [0x38190000, 0x387d6800, 0x387d6800, 0x38d90000)
Event: 32.409 GC heap after
Heap after GC invocations=1 (full 0):
 def new generation   total 4928K, used 512K [0x31790000, 0x31ce0000, 0x32230000)
  eden space 4416K,   0% used [0x31790000, 0x31790000, 0x31be0000)
  from space 512K, 100% used [0x31c60000, 0x31ce0000, 0x31ce0000)
  to   space 512K,   0% used [0x31be0000, 0x31be0000, 0x31c60000)
 tenured generation   total 10944K, used 644K [0x32230000, 0x32ce0000, 0x33790000)
   the space 10944K,   5% used [0x32230000, 0x322d1308, 0x322d1400, 0x32ce0000)
 compacting perm gen  total 12288K, used 1704K [0x33790000, 0x34390000, 0x37790000)
   the space 12288K,  13% used [0x33790000, 0x3393a108, 0x3393a200, 0x34390000)
    ro space 10240K,  41% used [0x37790000, 0x37bc2050, 0x37bc2200, 0x38190000)
    rw space 12288K,  52% used [0x38190000, 0x387d6800, 0x387d6800, 0x38d90000)
}
Event: 33.211 GC heap before
{Heap before GC invocations=1 (full 0):
 def new generation   total 4928K, used 4928K [0x31790000, 0x31ce0000, 0x32230000)
  eden space 4416K, 100% used [0x31790000, 0x31be0000, 0x31be0000)
  from space 512K, 100% used [0x31c60000, 0x31ce0000, 0x31ce0000)
  to   space 512K,   0% used [0x31be0000, 0x31be0000, 0x31c60000)
 tenured generation   total 10944K, used 644K [0x32230000, 0x32ce0000, 0x33790000)
   the space 10944K,   5% used [0x32230000, 0x322d1308, 0x322d1400, 0x32ce0000)
 compacting perm gen  total 12288K, used 2270K [0x33790000, 0x34390000, 0x37790000)
   the space 12288K,  18% used [0x33790000, 0x339c7890, 0x339c7a00, 0x34390000)
    ro space 10240K,  41% used [0x37790000, 0x37bc2050, 0x37bc2200, 0x38190000)
    rw space 12288K,  52% used [0x38190000, 0x387d6800, 0x387d6800, 0x38d90000)
Event: 33.221 GC heap after
Heap after GC invocations=2 (full 0):
 def new generation   total 4928K, used 512K [0x31790000, 0x31ce0000, 0x32230000)
  eden space 4416K,   0% used [0x31790000, 0x31790000, 0x31be0000)
  from space 512K, 100% used [0x31be0000, 0x31c60000, 0x31c60000)
  to   space 512K,   0% used [0x31c60000, 0x31c60000, 0x31ce0000)
 tenured generation   total 10944K, used 1477K [0x32230000, 0x32ce0000, 0x33790000)
   the space 10944K,  13% used [0x32230000, 0x323a14f0, 0x323a1600, 0x32ce0000)
 compacting perm gen  total 12288K, used 2270K [0x33790000, 0x34390000, 0x37790000)
   the space 12288K,  18% used [0x33790000, 0x339c7890, 0x339c7a00, 0x34390000)
    ro space 10240K,  41% used [0x37790000, 0x37bc2050, 0x37bc2200, 0x38190000)
    rw space 12288K,  52% used [0x38190000, 0x387d6800, 0x387d6800, 0x38d90000)
}
Event: 33.608 GC heap before
{Heap before GC invocations=2 (full 0):
 def new generation   total 4928K, used 4928K [0x31790000, 0x31ce0000, 0x32230000)
  eden space 4416K, 100% used [0x31790000, 0x31be0000, 0x31be0000)
  from space 512K, 100% used [0x31be0000, 0x31c60000, 0x31c60000)
  to   space 512K,   0% used [0x31c60000, 0x31c60000, 0x31ce0000)
 tenured generation   total 10944K, used 1477K [0x32230000, 0x32ce0000, 0x33790000)
   the space 10944K,  13% used [0x32230000, 0x323a14f0, 0x323a1600, 0x32ce0000)
 compacting perm gen  total 12288K, used 2661K [0x33790000, 0x34390000, 0x37790000)
   the space 12288K,  21% used [0x33790000, 0x33a29550, 0x33a29600, 0x34390000)
    ro space 10240K,  41% used [0x37790000, 0x37bc2050, 0x37bc2200, 0x38190000)
    rw space 12288K,  52% used [0x38190000, 0x387d6800, 0x387d6800, 0x38d90000)
Event: 33.615 GC heap after
Heap after GC invocations=3 (full 0):
 def new generation   total 4928K, used 512K [0x31790000, 0x31ce0000, 0x32230000)
  eden space 4416K,   0% used [0x31790000, 0x31790000, 0x31be0000)
  from space 512K, 100% used [0x31c60000, 0x31ce0000, 0x31ce0000)
  to   space 512K,   0% used [0x31be0000, 0x31be0000, 0x31c60000)
 tenured generation   total 10944K, used 2620K [0x32230000, 0x32ce0000, 0x33790000)
   the space 10944K,  23% used [0x32230000, 0x324bf198, 0x324bf200, 0x32ce0000)
 compacting perm gen  total 12288K, used 2661K [0x33790000, 0x34390000, 0x37790000)
   the space 12288K,  21% used [0x33790000, 0x33a29550, 0x33a29600, 0x34390000)
    ro space 10240K,  41% used [0x37790000, 0x37bc2050, 0x37bc2200, 0x38190000)
    rw space 12288K,  52% used [0x38190000, 0x387d6800, 0x387d6800, 0x38d90000)
}

Deoptimization events (0 events):
No events

Internal exceptions (10 events):
Event: 0.472 Thread 0x0345c800 Threw 0x31795750 at C:\re\jdk7u51\527\hotspot\src\share\vm\prims\jni.cpp:3991
Event: 2.459 Thread 0x0345c800 Threw 0x318609d0 at C:\re\jdk7u51\527\hotspot\src\share\vm\prims\jvm.cpp:1244
Event: 2.459 Thread 0x0345c800 Threw 0x31860ae8 at C:\re\jdk7u51\527\hotspot\src\share\vm\prims\jvm.cpp:1244
Event: 2.460 Thread 0x0345c800 Threw 0x31863e20 at C:\re\jdk7u51\527\hotspot\src\share\vm\prims\jvm.cpp:1244
Event: 2.460 Thread 0x0345c800 Threw 0x31863f38 at C:\re\jdk7u51\527\hotspot\src\share\vm\prims\jvm.cpp:1244
Event: 2.916 Thread 0x0345c800 Threw 0x318d2230 at C:\re\jdk7u51\527\hotspot\src\share\vm\prims\jni.cpp:717
Event: 2.928 Thread 0x0345c800 Threw 0x318d23c8 at C:\re\jdk7u51\527\hotspot\src\share\vm\prims\jni.cpp:717
Event: 2.928 Thread 0x0345c800 Threw 0x318d2530 at C:\re\jdk7u51\527\hotspot\src\share\vm\prims\jni.cpp:717
Event: 34.602 Thread 0x09037400 Threw 0x3186b820 at C:\re\jdk7u51\527\hotspot\src\share\vm\prims\jvm.cpp:1244
Event: 34.602 Thread 0x09037400 Threw 0x3186c930 at C:\re\jdk7u51\527\hotspot\src\share\vm\prims\jvm.cpp:1244

Events (10 events):
Event: 34.606 loading class 0x090d5520
Event: 34.606 loading class 0x090d5520 done
Event: 34.606 loading class 0x090d5498
Event: 34.606 loading class 0x090d5498 done
Event: 34.606 loading class 0x090d4f80
Event: 34.606 loading class 0x090d4f80 done
Event: 34.606 loading class 0x090d4f40
Event: 34.606 loading class 0x090d4f40 done
Event: 34.607 loading class 0x090d40d0
Event: 34.607 loading class 0x090d40d0 done


Dynamic libraries:
0x012c0000 - 0x0130d000 	C:\Users\Mecánica\Documents\moz\FirefoxPortable\App\Firefox\firefox.exe
0x76f00000 - 0x7703c000 	C:\Windows\SYSTEM32\ntdll.dll
0x76120000 - 0x761f4000 	C:\Windows\system32\kernel32.dll
0x74f30000 - 0x74f7b000 	C:\Windows\system32\KERNELBASE.dll
0x70e80000 - 0x717ee000 	C:\Users\Mecánica\Documents\moz\FirefoxPortable\App\Firefox\xul.dll
0x73360000 - 0x733cf000 	C:\Users\Mecánica\Documents\moz\FirefoxPortable\App\Firefox\sqlite3.dll
0x71fa0000 - 0x7204e000 	C:\Users\Mecánica\Documents\moz\FirefoxPortable\App\Firefox\MOZCRT19.dll
0x75fe0000 - 0x7608c000 	C:\Windows\system32\msvcrt.dll
0x71ef0000 - 0x71f9e000 	C:\Users\Mecánica\Documents\moz\FirefoxPortable\App\Firefox\js3250.dll
0x600b0000 - 0x600e0000 	C:\Users\Mecánica\Documents\moz\FirefoxPortable\App\Firefox\nspr4.dll
0x75c70000 - 0x75d10000 	C:\Windows\system32\ADVAPI32.dll
0x77040000 - 0x77059000 	C:\Windows\SYSTEM32\sechost.dll
0x76200000 - 0x762a2000 	C:\Windows\system32\RPCRT4.dll
0x6eb80000 - 0x6eb87000 	C:\Windows\system32\WSOCK32.dll
0x770f0000 - 0x77125000 	C:\Windows\system32\WS2_32.dll
0x75c60000 - 0x75c66000 	C:\Windows\system32\NSI.dll
0x73060000 - 0x73092000 	C:\Windows\system32\WINMM.dll
0x75d10000 - 0x75dd9000 	C:\Windows\system32\USER32.dll
0x770a0000 - 0x770ee000 	C:\Windows\system32\GDI32.dll
0x75a90000 - 0x75a9a000 	C:\Windows\system32\LPK.dll
0x75aa0000 - 0x75b3d000 	C:\Windows\system32\USP10.dll
0x60420000 - 0x60438000 	C:\Users\Mecánica\Documents\moz\FirefoxPortable\App\Firefox\smime3.dll
0x60340000 - 0x603da000 	C:\Users\Mecánica\Documents\moz\FirefoxPortable\App\Firefox\nss3.dll
0x603e0000 - 0x603f4000 	C:\Users\Mecánica\Documents\moz\FirefoxPortable\App\Firefox\nssutil3.dll
0x600f0000 - 0x600f7000 	C:\Users\Mecánica\Documents\moz\FirefoxPortable\App\Firefox\plc4.dll
0x600e0000 - 0x600e7000 	C:\Users\Mecánica\Documents\moz\FirefoxPortable\App\Firefox\plds4.dll
0x60400000 - 0x60420000 	C:\Users\Mecánica\Documents\moz\FirefoxPortable\App\Firefox\ssl3.dll
0x762b0000 - 0x76efa000 	C:\Windows\system32\SHELL32.dll
0x75de0000 - 0x75e37000 	C:\Windows\system32\SHLWAPI.dll
0x75220000 - 0x7537c000 	C:\Windows\system32\ole32.dll
0x742b0000 - 0x742b9000 	C:\Windows\system32\VERSION.dll
0x6ea10000 - 0x6ea61000 	C:\Windows\system32\WINSPOOL.DRV
0x75a10000 - 0x75a8b000 	C:\Windows\system32\COMDLG32.dll
0x73db0000 - 0x73f4e000 	C:\Windows\WinSxS\x86_microsoft.windows.common-controls_6595b64144ccf1df_6.0.7601.17514_none_41e6975e2bd6f2b2\COMCTL32.dll
0x77070000 - 0x7708f000 	C:\Windows\system32\IMM32.dll
0x75b40000 - 0x75c0c000 	C:\Windows\system32\MSCTF.dll
0x73350000 - 0x73355000 	C:\Windows\system32\MSIMG32.dll
0x76090000 - 0x7611f000 	C:\Windows\system32\OLEAUT32.dll
0x73340000 - 0x73347000 	C:\Users\Mecánica\Documents\moz\FirefoxPortable\App\Firefox\xpcom.dll
0x70d90000 - 0x70e7b000 	C:\Windows\system32\dbghelp.dll
0x74e10000 - 0x74e1c000 	C:\Windows\system32\CRYPTBASE.dll
0x73b20000 - 0x73b60000 	C:\Windows\system32\uxtheme.dll
0x75800000 - 0x75883000 	C:\Windows\system32\CLBCatQ.DLL
0x75e40000 - 0x75fdd000 	C:\Windows\system32\SETUPAPI.dll
0x75010000 - 0x75037000 	C:\Windows\system32\CFGMGR32.dll
0x75170000 - 0x75182000 	C:\Windows\system32\DEVOBJ.dll
0x73b60000 - 0x73c55000 	C:\Windows\system32\propsys.dll
0x73720000 - 0x73741000 	C:\Windows\system32\ntmarta.dll
0x75c10000 - 0x75c55000 	C:\Windows\system32\WLDAP32.dll
0x73700000 - 0x73713000 	C:\Windows\system32\dwmapi.dll
0x74ef0000 - 0x74efb000 	C:\Windows\system32\profapi.dll
0x73330000 - 0x73338000 	C:\Users\Mecánica\Documents\moz\FirefoxPortable\App\Firefox\components\browserdirprovider.dll
0x748f0000 - 0x7492c000 	C:\Windows\system32\mswsock.dll
0x74430000 - 0x74435000 	C:\Windows\System32\wshtcpip.dll
0x722c0000 - 0x722dc000 	C:\Windows\system32\iphlpapi.dll
0x722a0000 - 0x722a7000 	C:\Windows\system32\WINNSI.DLL
0x72590000 - 0x725a0000 	C:\Windows\system32\NLAapi.dll
0x6f730000 - 0x6f740000 	C:\Windows\system32\napinsp.dll
0x6f710000 - 0x6f722000 	C:\Windows\system32\pnrpnsp.dll
0x747b0000 - 0x747f4000 	C:\Windows\system32\DNSAPI.dll
0x6f700000 - 0x6f708000 	C:\Windows\System32\winrnr.dll
0x734b0000 - 0x735e0000 	C:\Windows\system32\WindowsCodecs.dll
0x74dc0000 - 0x74e0c000 	C:\Windows\system32\apphelp.dll
0x6e5f0000 - 0x6e621000 	C:\Windows\system32\EhStorShell.dll
0x6d730000 - 0x6db36000 	C:\PROGRA~1\MICROS~1\Office14\GROOVEEX.DLL
0x6e160000 - 0x6e203000 	C:\Windows\WinSxS\x86_microsoft.vc90.crt_1fc8b3b9a1e18e3b_9.0.30729.4940_none_50916076bcb9a742\MSVCR90.dll
0x6e0d0000 - 0x6e15e000 	C:\Windows\WinSxS\x86_microsoft.vc90.crt_1fc8b3b9a1e18e3b_9.0.30729.4940_none_50916076bcb9a742\MSVCP90.dll
0x6e5c0000 - 0x6e5eb000 	C:\Windows\WinSxS\x86_microsoft.vc90.atl_1fc8b3b9a1e18e3b_9.0.30729.4148_none_51ca66a2bbe76806\ATL90.DLL
0x6d310000 - 0x6d72a000 	C:\PROGRA~1\COMMON~1\MICROS~1\OFFICE14\Cultures\office.odf
0x6ca90000 - 0x6d310000 	C:\PROGRA~1\MICROS~1\Office14\3082\GrooveIntlResource.dll
0x6de10000 - 0x6de7a000 	C:\Windows\System32\cscui.dll
0x6e0c0000 - 0x6e0c9000 	C:\Windows\System32\CSCDLL.dll
0x6ed10000 - 0x6ed1b000 	C:\Windows\system32\CSCAPI.dll
0x6dda0000 - 0x6de10000 	C:\Windows\system32\ntshrui.dll
0x74bd0000 - 0x74be9000 	C:\Windows\system32\srvcli.dll
0x72410000 - 0x7241a000 	C:\Windows\system32\slc.dll
0x74930000 - 0x74947000 	C:\Windows\system32\CRYPTSP.dll
0x746d0000 - 0x7470b000 	C:\Windows\system32\rsaenh.dll
0x74e80000 - 0x74e8e000 	C:\Windows\system32\RpcRtRemote.dll
0x73240000 - 0x73263000 	C:\Users\Mecánica\Documents\moz\FirefoxPortable\App\Firefox\components\brwsrcmp.dll
0x602f0000 - 0x60316000 	C:\Users\Mecánica\Documents\moz\FirefoxPortable\App\Firefox\softokn3.dll
0x60320000 - 0x60338000 	C:\Users\Mecánica\Documents\moz\FirefoxPortable\App\Firefox\nssdbm3.dll
0x60440000 - 0x60481000 	C:\Users\Mecánica\Documents\moz\FirefoxPortable\App\Firefox\freebl3.dll
0x602a0000 - 0x602ec000 	C:\Users\Mecánica\Documents\moz\FirefoxPortable\App\Firefox\nssckbi.dll
0x748e0000 - 0x748e6000 	C:\Windows\System32\wship6.dll
0x6fc90000 - 0x6fc96000 	C:\Windows\system32\rasadhlp.dll
0x72de0000 - 0x72e18000 	C:\Windows\System32\fwpuclnt.dll
0x71e00000 - 0x71e2b000 	C:\Program Files\Java\jre7\bin\plugin2\npjp2.dll
0x6bd90000 - 0x6be4f000 	C:\Windows\system32\MSVCR100.dll
0x6b2a0000 - 0x6b620000 	C:\PROGRA~1\Java\jre7\bin\client\jvm.dll
0x77060000 - 0x77065000 	C:\Windows\system32\PSAPI.DLL
0x73320000 - 0x7332c000 	C:\PROGRA~1\Java\jre7\bin\verify.dll
0x73220000 - 0x73240000 	C:\PROGRA~1\Java\jre7\bin\java.dll
0x70d70000 - 0x70d83000 	C:\PROGRA~1\Java\jre7\bin\zip.dll
0x6bcd0000 - 0x6bd8f000 	C:\Program Files\Java\jre7\bin\msvcr100.dll
0x70d10000 - 0x70d6c000 	C:\Program Files\Java\jre7\bin\deploy.dll
0x75620000 - 0x757f6000 	C:\Windows\system32\WININET.dll
0x74fe0000 - 0x74fe4000 	C:\Windows\system32\api-ms-win-downlevel-user32-l1-1-0.dll
0x74f80000 - 0x74f84000 	C:\Windows\system32\api-ms-win-downlevel-shlwapi-l1-1-0.dll
0x74ff0000 - 0x74ff4000 	C:\Windows\system32\api-ms-win-downlevel-version-l1-1-0.dll
0x75000000 - 0x75003000 	C:\Windows\system32\api-ms-win-downlevel-normaliz-l1-1-0.dll
0x77090000 - 0x77093000 	C:\Windows\system32\normaliz.DLL
0x753e0000 - 0x75612000 	C:\Windows\system32\iertutil.dll
0x74f10000 - 0x74f15000 	C:\Windows\system32\api-ms-win-downlevel-advapi32-l1-1-0.dll
0x74fc0000 - 0x74fd7000 	C:\Windows\system32\USERENV.dll
0x758c0000 - 0x75a0a000 	C:\Windows\system32\urlmon.dll
0x74f20000 - 0x74f24000 	C:\Windows\system32\api-ms-win-downlevel-ole32-l1-1-0.dll
0x71ea0000 - 0x71ea6000 	C:\Program Files\Java\jre7\bin\jp2native.dll
0x70cf0000 - 0x70d04000 	C:\Program Files\Java\jre7\bin\net.dll
0x71df0000 - 0x71dff000 	C:\Program Files\Java\jre7\bin\nio.dll
0x6f630000 - 0x6f65f000 	C:\Windows\system32\shdocvw.dll
0x6bb90000 - 0x6bbb0000 	C:\Program Files\Java\jre7\bin\sunec.dll
0x6bc40000 - 0x6bc49000 	C:\Program Files\Java\jre7\bin\sunmscapi.dll
0x75040000 - 0x75161000 	C:\Windows\system32\CRYPT32.dll
0x74f00000 - 0x74f0c000 	C:\Windows\system32\MSASN1.dll

VM Arguments:
jvm_args: -Xbootclasspath/a:C:\PROGRA~1\Java\jre7\lib\deploy.jar;C:\PROGRA~1\Java\jre7\lib\javaws.jar;C:\PROGRA~1\Java\jre7\lib\plugin.jar -Xmx32m -Djava.awt.headless=true -XX:MaxDirectMemorySize=64m 
java_command: <unknown>
Launcher Type: generic

Environment Variables:
PATH=C:\Program Files\Mozilla Firefox;C:\Windows\system32;C:\Windows;C:\Windows\System32\Wbem;C:\Windows\System32\WindowsPowerShell\v1.0\;C:\Program Files\Intel\DMIX
USERNAME=Mecánica
OS=Windows_NT
PROCESSOR_IDENTIFIER=x86 Family 6 Model 37 Stepping 2, GenuineIntel



---------------  S Y S T E M  ---------------

OS: Windows 7 Build 7601 Service Pack 1

CPU:total 4 (2 cores per cpu, 2 threads per core) family 6 model 37 stepping 2, cmov, cx8, fxsr, mmx, sse, sse2, sse3, ssse3, sse4.1, sse4.2, popcnt, ht, tsc, tscinvbit

Memory: 4k page, physical 3005740k(2165048k free), swap 6009728k(5085436k free)

vm_info: Java HotSpot(TM) Client VM (24.51-b03) for windows-x86 JRE (1.7.0_51-b13), built on Dec 18 2013 19:09:58 by "java_re" with unknown MS VC++:1600

time: Thu Feb 05 08:39:52 2015
elapsed time: 34 seconds

