#
# A fatal error has been detected by the Java Runtime Environment:
#
#  EXCEPTION_ACCESS_VIOLATION (0xc0000005) at pc=0x00000002, pid=4024, tid=4020
#
# JRE version: Java(TM) SE Runtime Environment (7.0_51-b13) (build 1.7.0_51-b13)
# Java VM: Java HotSpot(TM) Client VM (24.51-b03 mixed mode, sharing windows-x86 )
# Problematic frame:
# C  0x00000002
#
# Failed to write core dump. Minidumps are not enabled by default on client versions of Windows
#
# If you would like to submit a bug report, please visit:
#   http://bugreport.sun.com/bugreport/crash.jsp
# The crash happened outside the Java Virtual Machine in native code.
# See problematic frame for where to report the bug.
#

---------------  T H R E A D  ---------------

Current thread (0x08816800):  JavaThread "Thread-2" [_thread_in_native, id=4020, stack(0x00130000,0x00230000)]

siginfo: ExceptionCode=0xc0000005, ExceptionInformation=0x00000008 0x00000002

Registers:
EAX=0x673c8ff8, EBX=0x00000000, ECX=0x0022efb0, EDX=0x03a871fc
ESP=0x0022ef78, EBP=0x0022efa8, ESI=0x08816930, EDI=0x09cffcd8
EIP=0x00000002, EFLAGS=0x00210246

Top of Stack: (sp=0x0022ef78)
0x0022ef78:   6b8d80d1 09cffcd8 000001f6 0889d890
0x0022ef88:   0022efb0 0022efa4 08816800 337a5258
0x0022ef98:   337a5258 0889d890 00000000 00000000
0x0022efa8:   0022efb8 6b8d9198 00000000 0022f008
0x0022efb8:   0022eff8 0600a9dd 08816930 0022f014
0x0022efc8:   09cffcd8 00000000 0022f008 03a87214
0x0022efd8:   0022efd8 337a5258 0022f014 337ad2b0
0x0022efe8:   00000000 337a5258 00000000 0022f008 

Instructions: (pc=0x00000002)
0xffffffe2:   


Register to memory mapping:

EAX=0x673c8ff8 is an unknown value
EBX=0x00000000 is an unknown value
ECX=0x0022efb0 is pointing into the stack for thread: 0x08816800
EDX=0x03a871fc is an unknown value
ESP=0x0022ef78 is pointing into the stack for thread: 0x08816800
EBP=0x0022efa8 is pointing into the stack for thread: 0x08816800
ESI=0x08816930 is an unknown value
EDI=0x09cffcd8 is an unknown value


Stack: [0x00130000,0x00230000],  sp=0x0022ef78,  free space=1019k
Native frames: (J=compiled Java code, j=interpreted, Vv=VM code, C=native code)
C  0x00000002
C  [npjp2.dll+0x9198]
j  sun.plugin2.main.server.MozillaPlugin.getProxy0(JLjava/lang/String;)Ljava/lang/String;+0
j  sun.plugin2.main.server.MozillaPlugin.getProxy(Ljava/lang/String;)Ljava/lang/String;+17
j  sun.plugin2.main.server.MozillaBrowserService$MozillaProxyHandler.findProxyForURL(Ljava/lang/String;)Ljava/lang/String;+7
j  com.sun.deploy.net.proxy.AbstractBrowserProxyHandler.getProxyInfo(Ljava/net/URL;)[Lcom/sun/deploy/net/proxy/ProxyInfo;+5
j  com.sun.deploy.net.proxy.DynamicProxyManager.getProxyList(Ljava/net/URL;Z)Ljava/util/List;+113
j  sun.plugin2.main.server.ProxySupport.getProxyReply(Lsun/plugin2/main/server/Plugin;Lsun/plugin2/message/GetProxyMessage;)Lsun/plugin2/message/ProxyReplyMessage;+20
j  sun.plugin2.main.server.JVMInstance$1.run()V+26
j  sun.plugin2.main.server.MozillaPlugin$RunnableWrapper.run()V+4
j  sun.plugin2.main.server.MozillaPlugin.drainRunnableQueue()V+39
j  sun.plugin2.main.server.MozillaPlugin.access$000(Lsun/plugin2/main/server/MozillaPlugin;)V+1
j  sun.plugin2.main.server.MozillaPlugin$DrainRunnableQueue.run()V+4
v  ~StubRoutines::call_stub
V  [jvm.dll+0x13f35a]
V  [jvm.dll+0x202c6e]
V  [jvm.dll+0x13f3dd]
V  [jvm.dll+0xc9bc2]
V  [jvm.dll+0xcd813]
C  [npjp2.dll+0x203f]
C  [xul.dll+0x58de1e]

Java frames: (J=compiled Java code, j=interpreted, Vv=VM code)
j  sun.plugin2.main.server.MozillaPlugin.getProxy0(JLjava/lang/String;)Ljava/lang/String;+0
j  sun.plugin2.main.server.MozillaPlugin.getProxy(Ljava/lang/String;)Ljava/lang/String;+17
j  sun.plugin2.main.server.MozillaBrowserService$MozillaProxyHandler.findProxyForURL(Ljava/lang/String;)Ljava/lang/String;+7
j  com.sun.deploy.net.proxy.AbstractBrowserProxyHandler.getProxyInfo(Ljava/net/URL;)[Lcom/sun/deploy/net/proxy/ProxyInfo;+5
j  com.sun.deploy.net.proxy.DynamicProxyManager.getProxyList(Ljava/net/URL;Z)Ljava/util/List;+113
j  sun.plugin2.main.server.ProxySupport.getProxyReply(Lsun/plugin2/main/server/Plugin;Lsun/plugin2/message/GetProxyMessage;)Lsun/plugin2/message/ProxyReplyMessage;+20
j  sun.plugin2.main.server.JVMInstance$1.run()V+26
j  sun.plugin2.main.server.MozillaPlugin$RunnableWrapper.run()V+4
j  sun.plugin2.main.server.MozillaPlugin.drainRunnableQueue()V+39
j  sun.plugin2.main.server.MozillaPlugin.access$000(Lsun/plugin2/main/server/MozillaPlugin;)V+1
j  sun.plugin2.main.server.MozillaPlugin$DrainRunnableQueue.run()V+4
v  ~StubRoutines::call_stub

---------------  P R O C E S S  ---------------

Java Threads: ( => current thread )
  0x08795400 JavaThread "Thread-6" daemon [_thread_in_native, id=1960, stack(0x0a290000,0x0a390000)]
  0x08794c00 JavaThread "Thread-5" daemon [_thread_in_native, id=3132, stack(0x09840000,0x09940000)]
  0x08817400 JavaThread "Thread-4" daemon [_thread_in_native, id=2948, stack(0x09630000,0x09730000)]
  0x08817000 JavaThread "Thread-3" [_thread_in_native, id=3060, stack(0x0a130000,0x0a230000)]
=>0x08816800 JavaThread "Thread-2" [_thread_in_native, id=4020, stack(0x00130000,0x00230000)]
  0x087e5c00 JavaThread "JVM[id=1]-Heartbeat" [_thread_blocked, id=3588, stack(0x04070000,0x04170000)]
  0x08813000 JavaThread "JRE 1.7.0.51 Worker Thread" [_thread_blocked, id=3736, stack(0x09370000,0x09470000)]
  0x0880fc00 JavaThread "JRE 1.7.0.51 Output Reader Thread" [_thread_in_native, id=2696, stack(0x09170000,0x09270000)]
  0x0880f400 JavaThread "JRE 1.7.0.51 Output Reader Thread" [_thread_in_native, id=2832, stack(0x08940000,0x08a40000)]
  0x08810800 JavaThread "Thread-1" [_thread_in_native, id=4000, stack(0x09020000,0x09120000)]
  0x0880b000 JavaThread "Java Plug-In Pipe Worker Thread (Server-Side)" daemon [_thread_in_native, id=2720, stack(0x08b60000,0x08c60000)]
  0x08751c00 JavaThread "Thread-0" daemon [_thread_blocked, id=2404, stack(0x08cd0000,0x08dd0000)]
  0x03ab2c00 JavaThread "traceMsgQueueThread" daemon [_thread_blocked, id=2312, stack(0x08a50000,0x08b50000)]
  0x03a8d000 JavaThread "Service Thread" daemon [_thread_blocked, id=3892, stack(0x08440000,0x08540000)]
  0x03a80800 JavaThread "C1 CompilerThread0" daemon [_thread_blocked, id=808, stack(0x08300000,0x08400000)]
  0x03a7d400 JavaThread "Attach Listener" daemon [_thread_blocked, id=2448, stack(0x05c10000,0x05d10000)]
  0x03a7a000 JavaThread "Signal Dispatcher" daemon [_thread_blocked, id=340, stack(0x08200000,0x08300000)]
  0x03a12c00 JavaThread "Finalizer" daemon [_thread_blocked, id=1844, stack(0x05b10000,0x05c10000)]
  0x03a0dc00 JavaThread "Reference Handler" daemon [_thread_blocked, id=1652, stack(0x04a10000,0x04b10000)]
  0x0364c800 JavaThread "main" [_thread_in_native, id=1164, stack(0x037d0000,0x038d0000)]

Other Threads:
  0x03a0c000 VMThread [stack: 0x08050000,0x08150000] [id=1244]
  0x03a96000 WatcherThread [stack: 0x08640000,0x08740000] [id=1128]

VM state:not at safepoint (normal execution)

VM Mutex/Monitor currently owned by a thread: None

Heap
 def new generation   total 4928K, used 1850K [0x31790000, 0x31ce0000, 0x32230000)
  eden space 4416K,  30% used [0x31790000, 0x318deb98, 0x31be0000)
  from space 512K, 100% used [0x31c60000, 0x31ce0000, 0x31ce0000)
  to   space 512K,   0% used [0x31be0000, 0x31be0000, 0x31c60000)
 tenured generation   total 10944K, used 2540K [0x32230000, 0x32ce0000, 0x33790000)
   the space 10944K,  23% used [0x32230000, 0x324ab308, 0x324ab400, 0x32ce0000)
 compacting perm gen  total 12288K, used 2852K [0x33790000, 0x34390000, 0x37790000)
   the space 12288K,  23% used [0x33790000, 0x33a59090, 0x33a59200, 0x34390000)
    ro space 10240K,  41% used [0x37790000, 0x37bc2050, 0x37bc2200, 0x38190000)
    rw space 12288K,  52% used [0x38190000, 0x387d6800, 0x387d6800, 0x38d90000)

Card table byte_map: [0x03010000,0x03050000] byte_map_base: 0x02e84380

Polling page: 0x02ee0000

Code Cache  [0x06000000, 0x06120000, 0x08000000)
 total_blobs=500 nmethods=316 adapters=121 free_code_cache=31636Kb largest_free_block=32395904

Compilation events (10 events):
Event: 30.553 Thread 0x03a80800  275             sun.security.x509.X509AttributeName::getPrefix (5 bytes)
Event: 30.554 Thread 0x03a80800 nmethod 275 0x06108f48 code [0x06109040, 0x061090c0]
Event: 30.554 Thread 0x03a80800  276             sun.security.x509.X509CertInfo::get (341 bytes)
Event: 30.555 Thread 0x03a80800 nmethod 276 0x06109108 code [0x061093a0, 0x06109d8c]
Event: 30.555 Thread 0x03a80800  277             sun.security.x509.X509CertInfo::attributeMap (24 bytes)
Event: 30.555 Thread 0x03a80800 nmethod 277 0x0610a748 code [0x0610a860, 0x0610a978]
Event: 30.555 Thread 0x03a80800  278             java.lang.String::compareTo (9 bytes)
Event: 30.555 Thread 0x03a80800 nmethod 278 0x0610aa88 code [0x0610ab90, 0x0610ac3c]
Event: 30.577 Thread 0x03a80800  279             java.lang.String::indexOf (25 bytes)
Event: 30.577 Thread 0x03a80800 nmethod 279 0x0610acc8 code [0x0610add0, 0x0610ae9c]

GC Heap History (4 events):
Event: 30.233 GC heap before
{Heap before GC invocations=0 (full 0):
 def new generation   total 4928K, used 4416K [0x31790000, 0x31ce0000, 0x32230000)
  eden space 4416K, 100% used [0x31790000, 0x31be0000, 0x31be0000)
  from space 512K,   0% used [0x31be0000, 0x31be0000, 0x31c60000)
  to   space 512K,   0% used [0x31c60000, 0x31c60000, 0x31ce0000)
 tenured generation   total 10944K, used 0K [0x32230000, 0x32ce0000, 0x33790000)
   the space 10944K,   0% used [0x32230000, 0x32230000, 0x32230200, 0x32ce0000)
 compacting perm gen  total 12288K, used 1696K [0x33790000, 0x34390000, 0x37790000)
   the space 12288K,  13% used [0x33790000, 0x33938070, 0x33938200, 0x34390000)
    ro space 10240K,  41% used [0x37790000, 0x37bc2050, 0x37bc2200, 0x38190000)
    rw space 12288K,  52% used [0x38190000, 0x387d6800, 0x387d6800, 0x38d90000)
Event: 30.240 GC heap after
Heap after GC invocations=1 (full 0):
 def new generation   total 4928K, used 512K [0x31790000, 0x31ce0000, 0x32230000)
  eden space 4416K,   0% used [0x31790000, 0x31790000, 0x31be0000)
  from space 512K, 100% used [0x31c60000, 0x31ce0000, 0x31ce0000)
  to   space 512K,   0% used [0x31be0000, 0x31be0000, 0x31c60000)
 tenured generation   total 10944K, used 613K [0x32230000, 0x32ce0000, 0x33790000)
   the space 10944K,   5% used [0x32230000, 0x322c95c8, 0x322c9600, 0x32ce0000)
 compacting perm gen  total 12288K, used 1696K [0x33790000, 0x34390000, 0x37790000)
   the space 12288K,  13% used [0x33790000, 0x33938070, 0x33938200, 0x34390000)
    ro space 10240K,  41% used [0x37790000, 0x37bc2050, 0x37bc2200, 0x38190000)
    rw space 12288K,  52% used [0x38190000, 0x387d6800, 0x387d6800, 0x38d90000)
}
Event: 30.407 GC heap before
{Heap before GC invocations=1 (full 0):
 def new generation   total 4928K, used 4928K [0x31790000, 0x31ce0000, 0x32230000)
  eden space 4416K, 100% used [0x31790000, 0x31be0000, 0x31be0000)
  from space 512K, 100% used [0x31c60000, 0x31ce0000, 0x31ce0000)
  to   space 512K,   0% used [0x31be0000, 0x31be0000, 0x31c60000)
 tenured generation   total 10944K, used 613K [0x32230000, 0x32ce0000, 0x33790000)
   the space 10944K,   5% used [0x32230000, 0x322c95c8, 0x322c9600, 0x32ce0000)
 compacting perm gen  total 12288K, used 2270K [0x33790000, 0x34390000, 0x37790000)
   the space 12288K,  18% used [0x33790000, 0x339c78b0, 0x339c7a00, 0x34390000)
    ro space 10240K,  41% used [0x37790000, 0x37bc2050, 0x37bc2200, 0x38190000)
    rw space 12288K,  52% used [0x38190000, 0x387d6800, 0x387d6800, 0x38d90000)
Event: 30.413 GC heap after
Heap after GC invocations=2 (full 0):
 def new generation   total 4928K, used 512K [0x31790000, 0x31ce0000, 0x32230000)
  eden space 4416K,   0% used [0x31790000, 0x31790000, 0x31be0000)
  from space 512K, 100% used [0x31be0000, 0x31c60000, 0x31c60000)
  to   space 512K,   0% used [0x31c60000, 0x31c60000, 0x31ce0000)
 tenured generation   total 10944K, used 1448K [0x32230000, 0x32ce0000, 0x33790000)
   the space 10944K,  13% used [0x32230000, 0x3239a1b0, 0x3239a200, 0x32ce0000)
 compacting perm gen  total 12288K, used 2270K [0x33790000, 0x34390000, 0x37790000)
   the space 12288K,  18% used [0x33790000, 0x339c78b0, 0x339c7a00, 0x34390000)
    ro space 10240K,  41% used [0x37790000, 0x37bc2050, 0x37bc2200, 0x38190000)
    rw space 12288K,  52% used [0x38190000, 0x387d6800, 0x387d6800, 0x38d90000)
}

Deoptimization events (0 events):
No events

Internal exceptions (10 events):
Event: 0.034 Thread 0x0364c800 Threw 0x31795750 at C:\re\jdk7u51\527\hotspot\src\share\vm\prims\jni.cpp:3991
Event: 0.151 Thread 0x0364c800 Threw 0x318609d0 at C:\re\jdk7u51\527\hotspot\src\share\vm\prims\jvm.cpp:1244
Event: 0.151 Thread 0x0364c800 Threw 0x31860ae8 at C:\re\jdk7u51\527\hotspot\src\share\vm\prims\jvm.cpp:1244
Event: 0.152 Thread 0x0364c800 Threw 0x31863e20 at C:\re\jdk7u51\527\hotspot\src\share\vm\prims\jvm.cpp:1244
Event: 0.152 Thread 0x0364c800 Threw 0x31863f38 at C:\re\jdk7u51\527\hotspot\src\share\vm\prims\jvm.cpp:1244
Event: 0.200 Thread 0x0364c800 Threw 0x318d2278 at C:\re\jdk7u51\527\hotspot\src\share\vm\prims\jni.cpp:717
Event: 0.200 Thread 0x0364c800 Threw 0x318d2410 at C:\re\jdk7u51\527\hotspot\src\share\vm\prims\jni.cpp:717
Event: 0.200 Thread 0x0364c800 Threw 0x318d2578 at C:\re\jdk7u51\527\hotspot\src\share\vm\prims\jni.cpp:717
Event: 30.564 Thread 0x08816800 Threw 0x31b18ba8 at C:\re\jdk7u51\527\hotspot\src\share\vm\prims\jvm.cpp:1244
Event: 30.565 Thread 0x08816800 Threw 0x31b19ca0 at C:\re\jdk7u51\527\hotspot\src\share\vm\prims\jvm.cpp:1244

Events (10 events):
Event: 30.578 loading class 0x0891bfb0
Event: 30.578 loading class 0x0891bfb0 done
Event: 30.578 loading class 0x0891bf28
Event: 30.578 loading class 0x0891bf28 done
Event: 30.578 loading class 0x0891ba10
Event: 30.578 loading class 0x0891ba10 done
Event: 30.578 loading class 0x0891b9d0
Event: 30.578 loading class 0x0891b9d0 done
Event: 30.578 loading class 0x089291f8
Event: 30.578 loading class 0x089291f8 done


Dynamic libraries:
0x00b30000 - 0x00b7d000 	C:\Users\Mecánica\Documents\moz\FirefoxPortable\App\Firefox\firefox.exe
0x77550000 - 0x7768c000 	C:\Windows\SYSTEM32\ntdll.dll
0x767d0000 - 0x768a4000 	C:\Windows\system32\kernel32.dll
0x756e0000 - 0x7572b000 	C:\Windows\system32\KERNELBASE.dll
0x66ae0000 - 0x6744e000 	C:\Users\Mecánica\Documents\moz\FirefoxPortable\App\Firefox\xul.dll
0x6e5a0000 - 0x6e60f000 	C:\Users\Mecánica\Documents\moz\FirefoxPortable\App\Firefox\sqlite3.dll
0x711f0000 - 0x7129e000 	C:\Users\Mecánica\Documents\moz\FirefoxPortable\App\Firefox\MOZCRT19.dll
0x76530000 - 0x765dc000 	C:\Windows\system32\msvcrt.dll
0x6b900000 - 0x6b9ae000 	C:\Users\Mecánica\Documents\moz\FirefoxPortable\App\Firefox\js3250.dll
0x600b0000 - 0x600e0000 	C:\Users\Mecánica\Documents\moz\FirefoxPortable\App\Firefox\nspr4.dll
0x765e0000 - 0x76680000 	C:\Windows\system32\ADVAPI32.dll
0x761f0000 - 0x76209000 	C:\Windows\SYSTEM32\sechost.dll
0x75ab0000 - 0x75b52000 	C:\Windows\system32\RPCRT4.dll
0x71a20000 - 0x71a27000 	C:\Windows\system32\WSOCK32.dll
0x761b0000 - 0x761e5000 	C:\Windows\system32\WS2_32.dll
0x760d0000 - 0x760d6000 	C:\Windows\system32\NSI.dll
0x73610000 - 0x73642000 	C:\Windows\system32\WINMM.dll
0x762a0000 - 0x76369000 	C:\Windows\system32\USER32.dll
0x768b0000 - 0x768fe000 	C:\Windows\system32\GDI32.dll
0x776b0000 - 0x776ba000 	C:\Windows\system32\LPK.dll
0x75d90000 - 0x75e2d000 	C:\Windows\system32\USP10.dll
0x60420000 - 0x60438000 	C:\Users\Mecánica\Documents\moz\FirefoxPortable\App\Firefox\smime3.dll
0x60340000 - 0x603da000 	C:\Users\Mecánica\Documents\moz\FirefoxPortable\App\Firefox\nss3.dll
0x603e0000 - 0x603f4000 	C:\Users\Mecánica\Documents\moz\FirefoxPortable\App\Firefox\nssutil3.dll
0x600f0000 - 0x600f7000 	C:\Users\Mecánica\Documents\moz\FirefoxPortable\App\Firefox\plc4.dll
0x600e0000 - 0x600e7000 	C:\Users\Mecánica\Documents\moz\FirefoxPortable\App\Firefox\plds4.dll
0x60400000 - 0x60420000 	C:\Users\Mecánica\Documents\moz\FirefoxPortable\App\Firefox\ssl3.dll
0x76900000 - 0x7754b000 	C:\Windows\system32\SHELL32.dll
0x776c0000 - 0x77717000 	C:\Windows\system32\SHLWAPI.dll
0x76370000 - 0x764cc000 	C:\Windows\system32\ole32.dll
0x74900000 - 0x74909000 	C:\Windows\system32\VERSION.dll
0x6f4d0000 - 0x6f521000 	C:\Windows\system32\WINSPOOL.DRV
0x76050000 - 0x760cb000 	C:\Windows\system32\COMDLG32.dll
0x74400000 - 0x7459e000 	C:\Windows\WinSxS\x86_microsoft.windows.common-controls_6595b64144ccf1df_6.0.7601.17514_none_41e6975e2bd6f2b2\COMCTL32.dll
0x77690000 - 0x776af000 	C:\Windows\system32\IMM32.dll
0x760e0000 - 0x761ac000 	C:\Windows\system32\MSCTF.dll
0x730f0000 - 0x730f5000 	C:\Windows\system32\MSIMG32.dll
0x75d00000 - 0x75d8f000 	C:\Windows\system32\OLEAUT32.dll
0x73270000 - 0x73277000 	C:\Users\Mecánica\Documents\moz\FirefoxPortable\App\Firefox\xpcom.dll
0x6bb90000 - 0x6bc7b000 	C:\Windows\system32\dbghelp.dll
0x75460000 - 0x7546c000 	C:\Windows\system32\CRYPTBASE.dll
0x74170000 - 0x741b0000 	C:\Windows\system32\uxtheme.dll
0x75b60000 - 0x75cfd000 	C:\Windows\system32\SETUPAPI.dll
0x756b0000 - 0x756d7000 	C:\Windows\system32\CFGMGR32.dll
0x75730000 - 0x75742000 	C:\Windows\system32\DEVOBJ.dll
0x76210000 - 0x76293000 	C:\Windows\system32\CLBCatQ.DLL
0x742c0000 - 0x743b5000 	C:\Windows\system32\propsys.dll
0x73e80000 - 0x73ea1000 	C:\Windows\system32\ntmarta.dll
0x764d0000 - 0x76515000 	C:\Windows\system32\WLDAP32.dll
0x73cd0000 - 0x73ce3000 	C:\Windows\system32\dwmapi.dll
0x75550000 - 0x7555b000 	C:\Windows\system32\profapi.dll
0x730b0000 - 0x730b8000 	C:\Users\Mecánica\Documents\moz\FirefoxPortable\App\Firefox\components\browserdirprovider.dll
0x74f40000 - 0x74f7c000 	C:\Windows\system32\mswsock.dll
0x74a80000 - 0x74a85000 	C:\Windows\System32\wshtcpip.dll
0x73050000 - 0x7306c000 	C:\Windows\system32\iphlpapi.dll
0x73040000 - 0x73047000 	C:\Windows\system32\WINNSI.DLL
0x733d0000 - 0x733e0000 	C:\Windows\system32\NLAapi.dll
0x6fe80000 - 0x6fe90000 	C:\Windows\system32\napinsp.dll
0x6fe60000 - 0x6fe72000 	C:\Windows\system32\pnrpnsp.dll
0x74e00000 - 0x74e44000 	C:\Windows\system32\DNSAPI.dll
0x6fe50000 - 0x6fe58000 	C:\Windows\System32\winrnr.dll
0x73a60000 - 0x73b91000 	C:\Windows\system32\WindowsCodecs.dll
0x75410000 - 0x7545c000 	C:\Windows\system32\apphelp.dll
0x6e720000 - 0x6e751000 	C:\Windows\system32\EhStorShell.dll
0x6dd60000 - 0x6e166000 	C:\PROGRA~1\MICROS~1\Office14\GROOVEEX.DLL
0x6e670000 - 0x6e713000 	C:\Windows\WinSxS\x86_microsoft.vc90.crt_1fc8b3b9a1e18e3b_9.0.30729.4940_none_50916076bcb9a742\MSVCR90.dll
0x6e4f0000 - 0x6e57e000 	C:\Windows\WinSxS\x86_microsoft.vc90.crt_1fc8b3b9a1e18e3b_9.0.30729.4940_none_50916076bcb9a742\MSVCP90.dll
0x6e4c0000 - 0x6e4eb000 	C:\Windows\WinSxS\x86_microsoft.vc90.atl_1fc8b3b9a1e18e3b_9.0.30729.4148_none_51ca66a2bbe76806\ATL90.DLL
0x6d940000 - 0x6dd5a000 	C:\PROGRA~1\COMMON~1\MICROS~1\OFFICE14\Cultures\office.odf
0x6d0c0000 - 0x6d940000 	C:\PROGRA~1\MICROS~1\Office14\3082\GrooveIntlResource.dll
0x6e450000 - 0x6e4ba000 	C:\Windows\System32\cscui.dll
0x6e440000 - 0x6e449000 	C:\Windows\System32\CSCDLL.dll
0x6ed20000 - 0x6ed2b000 	C:\Windows\system32\CSCAPI.dll
0x6e3d0000 - 0x6e440000 	C:\Windows\system32\ntshrui.dll
0x75220000 - 0x75239000 	C:\Windows\system32\srvcli.dll
0x73330000 - 0x7333a000 	C:\Windows\system32\slc.dll
0x74f80000 - 0x74f97000 	C:\Windows\system32\CRYPTSP.dll
0x74d20000 - 0x74d5b000 	C:\Windows\system32\rsaenh.dll
0x754d0000 - 0x754de000 	C:\Windows\system32\RpcRtRemote.dll
0x71340000 - 0x71363000 	C:\Users\Mecánica\Documents\moz\FirefoxPortable\App\Firefox\components\brwsrcmp.dll
0x6b8d0000 - 0x6b8fb000 	C:\Program Files\Java\jre7\bin\plugin2\npjp2.dll
0x6a110000 - 0x6a1cf000 	C:\Windows\system32\MSVCR100.dll
0x69d90000 - 0x6a110000 	C:\PROGRA~1\Java\jre7\bin\client\jvm.dll
0x76040000 - 0x76045000 	C:\Windows\system32\PSAPI.DLL
0x730e0000 - 0x730ec000 	C:\PROGRA~1\Java\jre7\bin\verify.dll
0x6b8b0000 - 0x6b8d0000 	C:\PROGRA~1\Java\jre7\bin\java.dll
0x6b7c0000 - 0x6b7d3000 	C:\PROGRA~1\Java\jre7\bin\zip.dll
0x67d00000 - 0x67dbf000 	C:\Program Files\Java\jre7\bin\msvcr100.dll
0x6a2d0000 - 0x6a32c000 	C:\Program Files\Java\jre7\bin\deploy.dll
0x75e60000 - 0x76035000 	C:\Windows\system32\WININET.dll
0x757a0000 - 0x757a4000 	C:\Windows\system32\api-ms-win-downlevel-user32-l1-1-0.dll
0x75570000 - 0x75574000 	C:\Windows\system32\api-ms-win-downlevel-shlwapi-l1-1-0.dll
0x75560000 - 0x75564000 	C:\Windows\system32\api-ms-win-downlevel-version-l1-1-0.dll
0x75850000 - 0x75853000 	C:\Windows\system32\api-ms-win-downlevel-normaliz-l1-1-0.dll
0x76520000 - 0x76523000 	C:\Windows\system32\normaliz.DLL
0x75870000 - 0x75aa2000 	C:\Windows\system32\iertutil.dll
0x75840000 - 0x75845000 	C:\Windows\system32\api-ms-win-downlevel-advapi32-l1-1-0.dll
0x75750000 - 0x75767000 	C:\Windows\system32\USERENV.dll
0x76680000 - 0x767cb000 	C:\Windows\system32\urlmon.dll
0x75860000 - 0x75864000 	C:\Windows\system32\api-ms-win-downlevel-ole32-l1-1-0.dll
0x71330000 - 0x71336000 	C:\Program Files\Java\jre7\bin\jp2native.dll
0x6b610000 - 0x6b624000 	C:\Program Files\Java\jre7\bin\net.dll
0x74f30000 - 0x74f36000 	C:\Windows\System32\wship6.dll
0x6f900000 - 0x6f90f000 	C:\Program Files\Java\jre7\bin\nio.dll
0x602f0000 - 0x60316000 	C:\Users\Mecánica\Documents\moz\FirefoxPortable\App\Firefox\softokn3.dll
0x60320000 - 0x60338000 	C:\Users\Mecánica\Documents\moz\FirefoxPortable\App\Firefox\nssdbm3.dll
0x60440000 - 0x60481000 	C:\Users\Mecánica\Documents\moz\FirefoxPortable\App\Firefox\freebl3.dll
0x602a0000 - 0x602ec000 	C:\Users\Mecánica\Documents\moz\FirefoxPortable\App\Firefox\nssckbi.dll
0x701f0000 - 0x701f6000 	C:\Windows\system32\rasadhlp.dll
0x72f30000 - 0x72f68000 	C:\Windows\System32\fwpuclnt.dll
0x6e2c0000 - 0x6e2ef000 	C:\Windows\system32\shdocvw.dll
0x67ca0000 - 0x67cc0000 	C:\Program Files\Java\jre7\bin\sunec.dll
0x6a930000 - 0x6a939000 	C:\Program Files\Java\jre7\bin\sunmscapi.dll
0x75580000 - 0x756a1000 	C:\Windows\system32\CRYPT32.dll
0x75540000 - 0x7554c000 	C:\Windows\system32\MSASN1.dll

VM Arguments:
jvm_args: -Xbootclasspath/a:C:\PROGRA~1\Java\jre7\lib\deploy.jar;C:\PROGRA~1\Java\jre7\lib\javaws.jar;C:\PROGRA~1\Java\jre7\lib\plugin.jar -Xmx32m -Djava.awt.headless=true -XX:MaxDirectMemorySize=64m 
java_command: <unknown>
Launcher Type: generic

Environment Variables:
PATH=C:\Program Files\Mozilla Firefox;C:\Windows\system32;C:\Windows;C:\Windows\System32\Wbem;C:\Windows\System32\WindowsPowerShell\v1.0\;C:\Program Files\Intel\DMIX
USERNAME=Mecánica
OS=Windows_NT
PROCESSOR_IDENTIFIER=x86 Family 6 Model 37 Stepping 2, GenuineIntel



---------------  S Y S T E M  ---------------

OS: Windows 7 Build 7601 Service Pack 1

CPU:total 4 (2 cores per cpu, 2 threads per core) family 6 model 37 stepping 2, cmov, cx8, fxsr, mmx, sse, sse2, sse3, ssse3, sse4.1, sse4.2, popcnt, ht, tsc, tscinvbit

Memory: 4k page, physical 3005740k(2131872k free), swap 6009732k(5034252k free)

vm_info: Java HotSpot(TM) Client VM (24.51-b03) for windows-x86 JRE (1.7.0_51-b13), built on Dec 18 2013 19:09:58 by "java_re" with unknown MS VC++:1600

time: Wed Mar 25 07:28:16 2015
elapsed time: 30 seconds

