#
# A fatal error has been detected by the Java Runtime Environment:
#
#  EXCEPTION_ACCESS_VIOLATION (0xc0000005) at pc=0x00000001, pid=2164, tid=3384
#
# JRE version: Java(TM) SE Runtime Environment (7.0_51-b13) (build 1.7.0_51-b13)
# Java VM: Java HotSpot(TM) Client VM (24.51-b03 mixed mode, sharing windows-x86 )
# Problematic frame:
# C  0x00000001
#
# Failed to write core dump. Minidumps are not enabled by default on client versions of Windows
#
# If you would like to submit a bug report, please visit:
#   http://bugreport.sun.com/bugreport/crash.jsp
# The crash happened outside the Java Virtual Machine in native code.
# See problematic frame for where to report the bug.
#

---------------  T H R E A D  ---------------

Current thread (0x08598400):  JavaThread "Thread-2" [_thread_in_native, id=3384, stack(0x000e0000,0x001e0000)]

siginfo: ExceptionCode=0xc0000005, ExceptionInformation=0x00000008 0x00000001

Registers:
EAX=0x62ca8ff8, EBX=0x00000000, ECX=0x001defd0, EDX=0x0413ba14
ESP=0x001def98, EBP=0x001defc8, ESI=0x08598530, EDI=0x0582f558
EIP=0x00000001, EFLAGS=0x00210246

Top of Stack: (sp=0x001def98)
0x001def98:   630280d1 0582f558 000001f6 086ae200
0x001defa8:   001defd0 001defc4 08598400 337a5258
0x001defb8:   337a5258 086ae200 00000000 00000000
0x001defc8:   001defd8 63029198 00000000 001df028
0x001defd8:   001df018 0590a9dd 08598530 001df034
0x001defe8:   0582f558 00000000 001df028 0413ba2c
0x001deff8:   001deff8 337a5258 001df034 337ad2b0
0x001df008:   00000000 337a5258 00000000 001df028 

Instructions: (pc=0x00000001)
0xffffffe1:   


Register to memory mapping:

EAX=0x62ca8ff8 is an unknown value
EBX=0x00000000 is an unknown value
ECX=0x001defd0 is pointing into the stack for thread: 0x08598400
EDX=0x0413ba14 is an unknown value
ESP=0x001def98 is pointing into the stack for thread: 0x08598400
EBP=0x001defc8 is pointing into the stack for thread: 0x08598400
ESI=0x08598530 is an unknown value
EDI=0x0582f558 is an unknown value


Stack: [0x000e0000,0x001e0000],  sp=0x001def98,  free space=1019k
Native frames: (J=compiled Java code, j=interpreted, Vv=VM code, C=native code)
C  0x00000001
C  [npjp2.dll+0x9198]
j  sun.plugin2.main.server.MozillaPlugin.getProxy0(JLjava/lang/String;)Ljava/lang/String;+0
j  sun.plugin2.main.server.MozillaPlugin.getProxy(Ljava/lang/String;)Ljava/lang/String;+17
j  sun.plugin2.main.server.MozillaBrowserService$MozillaProxyHandler.findProxyForURL(Ljava/lang/String;)Ljava/lang/String;+7
j  com.sun.deploy.net.proxy.AbstractBrowserProxyHandler.getProxyInfo(Ljava/net/URL;)[Lcom/sun/deploy/net/proxy/ProxyInfo;+5
j  com.sun.deploy.net.proxy.DynamicProxyManager.getProxyList(Ljava/net/URL;Z)Ljava/util/List;+113
j  sun.plugin2.main.server.ProxySupport.getProxyReply(Lsun/plugin2/main/server/Plugin;Lsun/plugin2/message/GetProxyMessage;)Lsun/plugin2/message/ProxyReplyMessage;+20
j  sun.plugin2.main.server.JVMInstance$1.run()V+26
j  sun.plugin2.main.server.MozillaPlugin$RunnableWrapper.run()V+4
j  sun.plugin2.main.server.MozillaPlugin.drainRunnableQueue()V+39
j  sun.plugin2.main.server.MozillaPlugin.access$000(Lsun/plugin2/main/server/MozillaPlugin;)V+1
j  sun.plugin2.main.server.MozillaPlugin$DrainRunnableQueue.run()V+4
v  ~StubRoutines::call_stub
V  [jvm.dll+0x13f35a]
V  [jvm.dll+0x202c6e]
V  [jvm.dll+0x13f3dd]
V  [jvm.dll+0xc9bc2]
V  [jvm.dll+0xcd813]
C  [npjp2.dll+0x203f]
C  [xul.dll+0x58de1e]

Java frames: (J=compiled Java code, j=interpreted, Vv=VM code)
j  sun.plugin2.main.server.MozillaPlugin.getProxy0(JLjava/lang/String;)Ljava/lang/String;+0
j  sun.plugin2.main.server.MozillaPlugin.getProxy(Ljava/lang/String;)Ljava/lang/String;+17
j  sun.plugin2.main.server.MozillaBrowserService$MozillaProxyHandler.findProxyForURL(Ljava/lang/String;)Ljava/lang/String;+7
j  com.sun.deploy.net.proxy.AbstractBrowserProxyHandler.getProxyInfo(Ljava/net/URL;)[Lcom/sun/deploy/net/proxy/ProxyInfo;+5
j  com.sun.deploy.net.proxy.DynamicProxyManager.getProxyList(Ljava/net/URL;Z)Ljava/util/List;+113
j  sun.plugin2.main.server.ProxySupport.getProxyReply(Lsun/plugin2/main/server/Plugin;Lsun/plugin2/message/GetProxyMessage;)Lsun/plugin2/message/ProxyReplyMessage;+20
j  sun.plugin2.main.server.JVMInstance$1.run()V+26
j  sun.plugin2.main.server.MozillaPlugin$RunnableWrapper.run()V+4
j  sun.plugin2.main.server.MozillaPlugin.drainRunnableQueue()V+39
j  sun.plugin2.main.server.MozillaPlugin.access$000(Lsun/plugin2/main/server/MozillaPlugin;)V+1
j  sun.plugin2.main.server.MozillaPlugin$DrainRunnableQueue.run()V+4
v  ~StubRoutines::call_stub

---------------  P R O C E S S  ---------------

Java Threads: ( => current thread )
  0x08530c00 JavaThread "Keep-Alive-Timer" daemon [_thread_blocked, id=3100, stack(0x09bc0000,0x09cc0000)]
  0x08598800 JavaThread "Thread-3" daemon [_thread_in_native, id=3108, stack(0x03cc0000,0x03dc0000)]
=>0x08598400 JavaThread "Thread-2" [_thread_in_native, id=3384, stack(0x000e0000,0x001e0000)]
  0x08562000 JavaThread "JVM[id=1]-Heartbeat" [_thread_blocked, id=2520, stack(0x08a40000,0x08b40000)]
  0x08595c00 JavaThread "JRE 1.7.0.51 Worker Thread" [_thread_blocked, id=1340, stack(0x09050000,0x09150000)]
  0x0858f400 JavaThread "JRE 1.7.0.51 Output Reader Thread" [_thread_in_native, id=2212, stack(0x08ef0000,0x08ff0000)]
  0x0858d800 JavaThread "JRE 1.7.0.51 Output Reader Thread" [_thread_in_native, id=612, stack(0x08d50000,0x08e50000)]
  0x0858d000 JavaThread "Thread-1" [_thread_in_native, id=416, stack(0x08920000,0x08a20000)]
  0x08587800 JavaThread "Java Plug-In Pipe Worker Thread (Server-Side)" daemon [_thread_in_native, id=3788, stack(0x086e0000,0x087e0000)]
  0x084d1c00 JavaThread "Thread-0" daemon [_thread_blocked, id=2216, stack(0x08800000,0x08900000)]
  0x0415fc00 JavaThread "traceMsgQueueThread" daemon [_thread_blocked, id=2192, stack(0x07f10000,0x08010000)]
  0x04135400 JavaThread "Service Thread" daemon [_thread_blocked, id=1660, stack(0x083c0000,0x084c0000)]
  0x04130800 JavaThread "C1 CompilerThread0" daemon [_thread_blocked, id=1788, stack(0x081b0000,0x082b0000)]
  0x0412d400 JavaThread "Attach Listener" daemon [_thread_blocked, id=3940, stack(0x080a0000,0x081a0000)]
  0x0412a000 JavaThread "Signal Dispatcher" daemon [_thread_blocked, id=1916, stack(0x07dd0000,0x07ed0000)]
  0x040c2c00 JavaThread "Finalizer" daemon [_thread_blocked, id=2108, stack(0x07be0000,0x07ce0000)]
  0x040bdc00 JavaThread "Reference Handler" daemon [_thread_blocked, id=876, stack(0x07930000,0x07a30000)]
  0x054dc800 JavaThread "main" [_thread_in_native, id=604, stack(0x05350000,0x05450000)]

Other Threads:
  0x040bc000 VMThread [stack: 0x07a30000,0x07b30000] [id=2188]
  0x04146c00 WatcherThread [stack: 0x082c0000,0x083c0000] [id=360]

VM state:not at safepoint (normal execution)

VM Mutex/Monitor currently owned by a thread: None

Heap
 def new generation   total 4928K, used 1732K [0x31790000, 0x31ce0000, 0x32230000)
  eden space 4416K,  27% used [0x31790000, 0x318c10f0, 0x31be0000)
  from space 512K, 100% used [0x31c60000, 0x31ce0000, 0x31ce0000)
  to   space 512K,   0% used [0x31be0000, 0x31be0000, 0x31c60000)
 tenured generation   total 10944K, used 2612K [0x32230000, 0x32ce0000, 0x33790000)
   the space 10944K,  23% used [0x32230000, 0x324bd0e8, 0x324bd200, 0x32ce0000)
 compacting perm gen  total 12288K, used 2900K [0x33790000, 0x34390000, 0x37790000)
   the space 12288K,  23% used [0x33790000, 0x33a651c0, 0x33a65200, 0x34390000)
    ro space 10240K,  41% used [0x37790000, 0x37bc2050, 0x37bc2200, 0x38190000)
    rw space 12288K,  52% used [0x38190000, 0x387d6800, 0x387d6800, 0x38d90000)

Card table byte_map: [0x02dc0000,0x02e00000] byte_map_base: 0x02c34380

Polling page: 0x02d70000

Code Cache  [0x05900000, 0x05a20000, 0x07900000)
 total_blobs=494 nmethods=310 adapters=121 free_code_cache=31631Kb largest_free_block=32390400

Compilation events (10 events):
Event: 30.986 Thread 0x04130800  306             com.sun.crypto.provider.DESCrypt::initialPermutationLeft (256 bytes)
Event: 30.986 Thread 0x04130800 nmethod 306 0x05a19648 code [0x05a197d0, 0x05a19c10]
Event: 30.986 Thread 0x04130800  307             com.sun.crypto.provider.DESCrypt::initialPermutationRight (256 bytes)
Event: 30.986 Thread 0x04130800 nmethod 307 0x05a1a448 code [0x05a1a5d0, 0x05a1aa10]
Event: 31.159 Thread 0x04130800  308             java.util.Properties::load0 (250 bytes)
Event: 31.160 Thread 0x04130800 nmethod 308 0x05a1b248 code [0x05a1b390, 0x05a1b6b0]
Event: 31.201 Thread 0x04130800  309             java.util.ArrayList::rangeCheck (22 bytes)
Event: 31.201 Thread 0x04130800 nmethod 309 0x05a1ba08 code [0x05a1bb60, 0x05a1be28]
Event: 31.201 Thread 0x04130800  310             java.util.ArrayList::elementData (7 bytes)
Event: 31.201 Thread 0x04130800 nmethod 310 0x05a1c0c8 code [0x05a1c1c0, 0x05a1c260]

GC Heap History (6 events):
Event: 30.482 GC heap before
{Heap before GC invocations=0 (full 0):
 def new generation   total 4928K, used 4416K [0x31790000, 0x31ce0000, 0x32230000)
  eden space 4416K, 100% used [0x31790000, 0x31be0000, 0x31be0000)
  from space 512K,   0% used [0x31be0000, 0x31be0000, 0x31c60000)
  to   space 512K,   0% used [0x31c60000, 0x31c60000, 0x31ce0000)
 tenured generation   total 10944K, used 0K [0x32230000, 0x32ce0000, 0x33790000)
   the space 10944K,   0% used [0x32230000, 0x32230000, 0x32230200, 0x32ce0000)
 compacting perm gen  total 12288K, used 1704K [0x33790000, 0x34390000, 0x37790000)
   the space 12288K,  13% used [0x33790000, 0x3393a108, 0x3393a200, 0x34390000)
    ro space 10240K,  41% used [0x37790000, 0x37bc2050, 0x37bc2200, 0x38190000)
    rw space 12288K,  52% used [0x38190000, 0x387d6800, 0x387d6800, 0x38d90000)
Event: 30.490 GC heap after
Heap after GC invocations=1 (full 0):
 def new generation   total 4928K, used 512K [0x31790000, 0x31ce0000, 0x32230000)
  eden space 4416K,   0% used [0x31790000, 0x31790000, 0x31be0000)
  from space 512K, 100% used [0x31c60000, 0x31ce0000, 0x31ce0000)
  to   space 512K,   0% used [0x31be0000, 0x31be0000, 0x31c60000)
 tenured generation   total 10944K, used 644K [0x32230000, 0x32ce0000, 0x33790000)
   the space 10944K,   5% used [0x32230000, 0x322d1260, 0x322d1400, 0x32ce0000)
 compacting perm gen  total 12288K, used 1704K [0x33790000, 0x34390000, 0x37790000)
   the space 12288K,  13% used [0x33790000, 0x3393a108, 0x3393a200, 0x34390000)
    ro space 10240K,  41% used [0x37790000, 0x37bc2050, 0x37bc2200, 0x38190000)
    rw space 12288K,  52% used [0x38190000, 0x387d6800, 0x387d6800, 0x38d90000)
}
Event: 30.752 GC heap before
{Heap before GC invocations=1 (full 0):
 def new generation   total 4928K, used 4928K [0x31790000, 0x31ce0000, 0x32230000)
  eden space 4416K, 100% used [0x31790000, 0x31be0000, 0x31be0000)
  from space 512K, 100% used [0x31c60000, 0x31ce0000, 0x31ce0000)
  to   space 512K,   0% used [0x31be0000, 0x31be0000, 0x31c60000)
 tenured generation   total 10944K, used 644K [0x32230000, 0x32ce0000, 0x33790000)
   the space 10944K,   5% used [0x32230000, 0x322d1260, 0x322d1400, 0x32ce0000)
 compacting perm gen  total 12288K, used 2270K [0x33790000, 0x34390000, 0x37790000)
   the space 12288K,  18% used [0x33790000, 0x339c78b0, 0x339c7a00, 0x34390000)
    ro space 10240K,  41% used [0x37790000, 0x37bc2050, 0x37bc2200, 0x38190000)
    rw space 12288K,  52% used [0x38190000, 0x387d6800, 0x387d6800, 0x38d90000)
Event: 30.761 GC heap after
Heap after GC invocations=2 (full 0):
 def new generation   total 4928K, used 512K [0x31790000, 0x31ce0000, 0x32230000)
  eden space 4416K,   0% used [0x31790000, 0x31790000, 0x31be0000)
  from space 512K, 100% used [0x31be0000, 0x31c60000, 0x31c60000)
  to   space 512K,   0% used [0x31c60000, 0x31c60000, 0x31ce0000)
 tenured generation   total 10944K, used 1463K [0x32230000, 0x32ce0000, 0x33790000)
   the space 10944K,  13% used [0x32230000, 0x3239ddf8, 0x3239de00, 0x32ce0000)
 compacting perm gen  total 12288K, used 2270K [0x33790000, 0x34390000, 0x37790000)
   the space 12288K,  18% used [0x33790000, 0x339c78b0, 0x339c7a00, 0x34390000)
    ro space 10240K,  41% used [0x37790000, 0x37bc2050, 0x37bc2200, 0x38190000)
    rw space 12288K,  52% used [0x38190000, 0x387d6800, 0x387d6800, 0x38d90000)
}
Event: 30.921 GC heap before
{Heap before GC invocations=2 (full 0):
 def new generation   total 4928K, used 4928K [0x31790000, 0x31ce0000, 0x32230000)
  eden space 4416K, 100% used [0x31790000, 0x31be0000, 0x31be0000)
  from space 512K, 100% used [0x31be0000, 0x31c60000, 0x31c60000)
  to   space 512K,   0% used [0x31c60000, 0x31c60000, 0x31ce0000)
 tenured generation   total 10944K, used 1463K [0x32230000, 0x32ce0000, 0x33790000)
   the space 10944K,  13% used [0x32230000, 0x3239ddf8, 0x3239de00, 0x32ce0000)
 compacting perm gen  total 12288K, used 2609K [0x33790000, 0x34390000, 0x37790000)
   the space 12288K,  21% used [0x33790000, 0x33a1c670, 0x33a1c800, 0x34390000)
    ro space 10240K,  41% used [0x37790000, 0x37bc2050, 0x37bc2200, 0x38190000)
    rw space 12288K,  52% used [0x38190000, 0x387d6800, 0x387d6800, 0x38d90000)
Event: 30.927 GC heap after
Heap after GC invocations=3 (full 0):
 def new generation   total 4928K, used 512K [0x31790000, 0x31ce0000, 0x32230000)
  eden space 4416K,   0% used [0x31790000, 0x31790000, 0x31be0000)
  from space 512K, 100% used [0x31c60000, 0x31ce0000, 0x31ce0000)
  to   space 512K,   0% used [0x31be0000, 0x31be0000, 0x31c60000)
 tenured generation   total 10944K, used 2612K [0x32230000, 0x32ce0000, 0x33790000)
   the space 10944K,  23% used [0x32230000, 0x324bd0e8, 0x324bd200, 0x32ce0000)
 compacting perm gen  total 12288K, used 2609K [0x33790000, 0x34390000, 0x37790000)
   the space 12288K,  21% used [0x33790000, 0x33a1c670, 0x33a1c800, 0x34390000)
    ro space 10240K,  41% used [0x37790000, 0x37bc2050, 0x37bc2200, 0x38190000)
    rw space 12288K,  52% used [0x38190000, 0x387d6800, 0x387d6800, 0x38d90000)
}

Deoptimization events (0 events):
No events

Internal exceptions (10 events):
Event: 0.020 Thread 0x054dc800 Threw 0x31795750 at C:\re\jdk7u51\527\hotspot\src\share\vm\prims\jni.cpp:3991
Event: 0.282 Thread 0x054dc800 Threw 0x318609d0 at C:\re\jdk7u51\527\hotspot\src\share\vm\prims\jvm.cpp:1244
Event: 0.282 Thread 0x054dc800 Threw 0x31860ae8 at C:\re\jdk7u51\527\hotspot\src\share\vm\prims\jvm.cpp:1244
Event: 0.283 Thread 0x054dc800 Threw 0x31863e20 at C:\re\jdk7u51\527\hotspot\src\share\vm\prims\jvm.cpp:1244
Event: 0.283 Thread 0x054dc800 Threw 0x31863f38 at C:\re\jdk7u51\527\hotspot\src\share\vm\prims\jvm.cpp:1244
Event: 0.552 Thread 0x054dc800 Threw 0x318d2280 at C:\re\jdk7u51\527\hotspot\src\share\vm\prims\jni.cpp:717
Event: 0.552 Thread 0x054dc800 Threw 0x318d2418 at C:\re\jdk7u51\527\hotspot\src\share\vm\prims\jni.cpp:717
Event: 0.552 Thread 0x054dc800 Threw 0x318d2580 at C:\re\jdk7u51\527\hotspot\src\share\vm\prims\jni.cpp:717
Event: 31.208 Thread 0x08598400 Threw 0x318ac3d8 at C:\re\jdk7u51\527\hotspot\src\share\vm\prims\jvm.cpp:1244
Event: 31.209 Thread 0x08598400 Threw 0x318ad4d0 at C:\re\jdk7u51\527\hotspot\src\share\vm\prims\jvm.cpp:1244

Events (10 events):
Event: 31.211 loading class 0x0864d528
Event: 31.211 loading class 0x0864d528 done
Event: 31.211 loading class 0x0864d4a0
Event: 31.212 loading class 0x0864d4a0 done
Event: 31.212 loading class 0x0864cf88
Event: 31.212 loading class 0x0864cf88 done
Event: 31.212 loading class 0x0864cf48
Event: 31.212 loading class 0x0864cf48 done
Event: 31.212 loading class 0x0864c0d8
Event: 31.212 loading class 0x0864c0d8 done


Dynamic libraries:
0x013a0000 - 0x013ed000 	C:\Users\Mecánica\Documents\moz\FirefoxPortable\App\Firefox\firefox.exe
0x77a70000 - 0x77bac000 	C:\Windows\SYSTEM32\ntdll.dll
0x76060000 - 0x76134000 	C:\Windows\system32\kernel32.dll
0x75aa0000 - 0x75aeb000 	C:\Windows\system32\KERNELBASE.dll
0x623c0000 - 0x62d2e000 	C:\Users\Mecánica\Documents\moz\FirefoxPortable\App\Firefox\xul.dll
0x63630000 - 0x6369f000 	C:\Users\Mecánica\Documents\moz\FirefoxPortable\App\Firefox\sqlite3.dll
0x63580000 - 0x6362e000 	C:\Users\Mecánica\Documents\moz\FirefoxPortable\App\Firefox\MOZCRT19.dll
0x777d0000 - 0x7787c000 	C:\Windows\system32\msvcrt.dll
0x634d0000 - 0x6357e000 	C:\Users\Mecánica\Documents\moz\FirefoxPortable\App\Firefox\js3250.dll
0x600b0000 - 0x600e0000 	C:\Users\Mecánica\Documents\moz\FirefoxPortable\App\Firefox\nspr4.dll
0x765a0000 - 0x76640000 	C:\Windows\system32\ADVAPI32.dll
0x76700000 - 0x76719000 	C:\Windows\SYSTEM32\sechost.dll
0x76140000 - 0x761e2000 	C:\Windows\system32\RPCRT4.dll
0x73310000 - 0x73317000 	C:\Windows\system32\WSOCK32.dll
0x75da0000 - 0x75dd5000 	C:\Windows\system32\WS2_32.dll
0x76690000 - 0x76696000 	C:\Windows\system32\NSI.dll
0x732d0000 - 0x73302000 	C:\Windows\system32\WINMM.dll
0x77bd0000 - 0x77c99000 	C:\Windows\system32\USER32.dll
0x76640000 - 0x7668e000 	C:\Windows\system32\GDI32.dll
0x75d90000 - 0x75d9a000 	C:\Windows\system32\LPK.dll
0x76880000 - 0x7691d000 	C:\Windows\system32\USP10.dll
0x60420000 - 0x60438000 	C:\Users\Mecánica\Documents\moz\FirefoxPortable\App\Firefox\smime3.dll
0x60340000 - 0x603da000 	C:\Users\Mecánica\Documents\moz\FirefoxPortable\App\Firefox\nss3.dll
0x603e0000 - 0x603f4000 	C:\Users\Mecánica\Documents\moz\FirefoxPortable\App\Firefox\nssutil3.dll
0x600f0000 - 0x600f7000 	C:\Users\Mecánica\Documents\moz\FirefoxPortable\App\Firefox\plc4.dll
0x600e0000 - 0x600e7000 	C:\Users\Mecánica\Documents\moz\FirefoxPortable\App\Firefox\plds4.dll
0x60400000 - 0x60420000 	C:\Users\Mecánica\Documents\moz\FirefoxPortable\App\Firefox\ssl3.dll
0x76920000 - 0x7756b000 	C:\Windows\system32\SHELL32.dll
0x766a0000 - 0x766f7000 	C:\Windows\system32\SHLWAPI.dll
0x76720000 - 0x7687c000 	C:\Windows\system32\ole32.dll
0x74e20000 - 0x74e29000 	C:\Windows\system32\VERSION.dll
0x6fb50000 - 0x6fba1000 	C:\Windows\system32\WINSPOOL.DRV
0x763d0000 - 0x7644b000 	C:\Windows\system32\COMDLG32.dll
0x74920000 - 0x74abe000 	C:\Windows\WinSxS\x86_microsoft.windows.common-controls_6595b64144ccf1df_6.0.7601.17514_none_41e6975e2bd6f2b2\COMCTL32.dll
0x777b0000 - 0x777cf000 	C:\Windows\system32\IMM32.dll
0x77940000 - 0x77a0c000 	C:\Windows\system32\MSCTF.dll
0x6f0c0000 - 0x6f0c5000 	C:\Windows\system32\MSIMG32.dll
0x778b0000 - 0x7793f000 	C:\Windows\system32\OLEAUT32.dll
0x701e0000 - 0x701e7000 	C:\Users\Mecánica\Documents\moz\FirefoxPortable\App\Firefox\xpcom.dll
0x72e40000 - 0x72f2b000 	C:\Windows\system32\dbghelp.dll
0x75980000 - 0x7598c000 	C:\Windows\system32\CRYPTBASE.dll
0x747a0000 - 0x747e0000 	C:\Windows\system32\uxtheme.dll
0x75ec0000 - 0x7605d000 	C:\Windows\system32\SETUPAPI.dll
0x75c30000 - 0x75c57000 	C:\Windows\system32\CFGMGR32.dll
0x75c10000 - 0x75c22000 	C:\Windows\system32\DEVOBJ.dll
0x75de0000 - 0x75e63000 	C:\Windows\system32\CLBCatQ.DLL
0x747e0000 - 0x748d5000 	C:\Windows\system32\propsys.dll
0x74350000 - 0x74371000 	C:\Windows\system32\ntmarta.dll
0x75e70000 - 0x75eb5000 	C:\Windows\system32\WLDAP32.dll
0x74290000 - 0x742a3000 	C:\Windows\system32\dwmapi.dll
0x75a70000 - 0x75a7b000 	C:\Windows\system32\profapi.dll
0x6e640000 - 0x6e648000 	C:\Users\Mecánica\Documents\moz\FirefoxPortable\App\Firefox\components\browserdirprovider.dll
0x75430000 - 0x7546c000 	C:\Windows\system32\mswsock.dll
0x74fa0000 - 0x74fa5000 	C:\Windows\System32\wshtcpip.dll
0x72590000 - 0x725ac000 	C:\Windows\system32\iphlpapi.dll
0x72580000 - 0x72587000 	C:\Windows\system32\WINNSI.DLL
0x72ca0000 - 0x72cb0000 	C:\Windows\system32\NLAapi.dll
0x6fc30000 - 0x6fc40000 	C:\Windows\system32\napinsp.dll
0x6fbf0000 - 0x6fc02000 	C:\Windows\system32\pnrpnsp.dll
0x752f0000 - 0x75334000 	C:\Windows\system32\DNSAPI.dll
0x6fbe0000 - 0x6fbe8000 	C:\Windows\System32\winrnr.dll
0x736a0000 - 0x737d1000 	C:\Windows\system32\WindowsCodecs.dll
0x75930000 - 0x7597c000 	C:\Windows\system32\apphelp.dll
0x73a30000 - 0x73a61000 	C:\Windows\system32\EhStorShell.dll
0x6ccc0000 - 0x6d0c6000 	C:\PROGRA~1\MICROS~1\Office14\GROOVEEX.DLL
0x73980000 - 0x73a23000 	C:\Windows\WinSxS\x86_microsoft.vc90.crt_1fc8b3b9a1e18e3b_9.0.30729.4940_none_50916076bcb9a742\MSVCR90.dll
0x72db0000 - 0x72e3e000 	C:\Windows\WinSxS\x86_microsoft.vc90.crt_1fc8b3b9a1e18e3b_9.0.30729.4940_none_50916076bcb9a742\MSVCP90.dll
0x73950000 - 0x7397b000 	C:\Windows\WinSxS\x86_microsoft.vc90.atl_1fc8b3b9a1e18e3b_9.0.30729.4148_none_51ca66a2bbe76806\ATL90.DLL
0x6c8a0000 - 0x6ccba000 	C:\PROGRA~1\COMMON~1\MICROS~1\OFFICE14\Cultures\office.odf
0x6c020000 - 0x6c8a0000 	C:\PROGRA~1\MICROS~1\Office14\3082\GrooveIntlResource.dll
0x72d40000 - 0x72daa000 	C:\Windows\System32\cscui.dll
0x73940000 - 0x73949000 	C:\Windows\System32\CSCDLL.dll
0x6f240000 - 0x6f24b000 	C:\Windows\system32\CSCAPI.dll
0x72c00000 - 0x72c70000 	C:\Windows\system32\ntshrui.dll
0x75850000 - 0x75869000 	C:\Windows\system32\srvcli.dll
0x72c70000 - 0x72c7a000 	C:\Windows\system32\slc.dll
0x75470000 - 0x75487000 	C:\Windows\system32\CRYPTSP.dll
0x75210000 - 0x7524b000 	C:\Windows\system32\rsaenh.dll
0x759f0000 - 0x759fe000 	C:\Windows\system32\RpcRtRemote.dll
0x634a0000 - 0x634c3000 	C:\Users\Mecánica\Documents\moz\FirefoxPortable\App\Firefox\components\brwsrcmp.dll
0x602f0000 - 0x60316000 	C:\Users\Mecánica\Documents\moz\FirefoxPortable\App\Firefox\softokn3.dll
0x60320000 - 0x60338000 	C:\Users\Mecánica\Documents\moz\FirefoxPortable\App\Firefox\nssdbm3.dll
0x60440000 - 0x60481000 	C:\Users\Mecánica\Documents\moz\FirefoxPortable\App\Firefox\freebl3.dll
0x602a0000 - 0x602ec000 	C:\Users\Mecánica\Documents\moz\FirefoxPortable\App\Firefox\nssckbi.dll
0x63020000 - 0x6304b000 	C:\Program Files\Java\jre7\bin\plugin2\npjp2.dll
0x62f60000 - 0x6301f000 	C:\Windows\system32\MSVCR100.dll
0x62040000 - 0x623c0000 	C:\PROGRA~1\Java\jre7\bin\client\jvm.dll
0x77bb0000 - 0x77bb5000 	C:\Windows\system32\PSAPI.DLL
0x6ee80000 - 0x6ee8c000 	C:\PROGRA~1\Java\jre7\bin\verify.dll
0x62f40000 - 0x62f60000 	C:\PROGRA~1\Java\jre7\bin\java.dll
0x62f20000 - 0x62f33000 	C:\PROGRA~1\Java\jre7\bin\zip.dll
0x62e60000 - 0x62f1f000 	C:\Program Files\Java\jre7\bin\msvcr100.dll
0x62e00000 - 0x62e5c000 	C:\Program Files\Java\jre7\bin\deploy.dll
0x761f0000 - 0x763c5000 	C:\Windows\system32\WININET.dll
0x75af0000 - 0x75af4000 	C:\Windows\system32\api-ms-win-downlevel-user32-l1-1-0.dll
0x75a80000 - 0x75a84000 	C:\Windows\system32\api-ms-win-downlevel-shlwapi-l1-1-0.dll
0x75c00000 - 0x75c04000 	C:\Windows\system32\api-ms-win-downlevel-version-l1-1-0.dll
0x75a90000 - 0x75a93000 	C:\Windows\system32\api-ms-win-downlevel-normaliz-l1-1-0.dll
0x77bc0000 - 0x77bc3000 	C:\Windows\system32\normaliz.DLL
0x77570000 - 0x777a2000 	C:\Windows\system32\iertutil.dll
0x75b30000 - 0x75b35000 	C:\Windows\system32\api-ms-win-downlevel-advapi32-l1-1-0.dll
0x75b10000 - 0x75b27000 	C:\Windows\system32\USERENV.dll
0x76450000 - 0x7659b000 	C:\Windows\system32\urlmon.dll
0x75b00000 - 0x75b04000 	C:\Windows\system32\api-ms-win-downlevel-ole32-l1-1-0.dll
0x6dd70000 - 0x6dd76000 	C:\Program Files\Java\jre7\bin\jp2native.dll
0x62de0000 - 0x62df4000 	C:\Program Files\Java\jre7\bin\net.dll
0x75420000 - 0x75426000 	C:\Windows\System32\wship6.dll
0x6d380000 - 0x6d38f000 	C:\Program Files\Java\jre7\bin\nio.dll
0x715c0000 - 0x715c6000 	C:\Windows\system32\rasadhlp.dll
0x73400000 - 0x73438000 	C:\Windows\System32\fwpuclnt.dll
0x72b50000 - 0x72b7f000 	C:\Windows\system32\shdocvw.dll
0x729d0000 - 0x729f0000 	C:\Program Files\Java\jre7\bin\sunec.dll
0x71560000 - 0x71569000 	C:\Program Files\Java\jre7\bin\sunmscapi.dll
0x75c60000 - 0x75d81000 	C:\Windows\system32\CRYPT32.dll
0x75a60000 - 0x75a6c000 	C:\Windows\system32\MSASN1.dll

VM Arguments:
jvm_args: -Xbootclasspath/a:C:\PROGRA~1\Java\jre7\lib\deploy.jar;C:\PROGRA~1\Java\jre7\lib\javaws.jar;C:\PROGRA~1\Java\jre7\lib\plugin.jar -Xmx32m -Djava.awt.headless=true -XX:MaxDirectMemorySize=64m 
java_command: <unknown>
Launcher Type: generic

Environment Variables:
PATH=C:\Program Files\Mozilla Firefox;C:\Windows\system32;C:\Windows;C:\Windows\System32\Wbem;C:\Windows\System32\WindowsPowerShell\v1.0\;C:\Program Files\Intel\DMIX
USERNAME=Mecánica
OS=Windows_NT
PROCESSOR_IDENTIFIER=x86 Family 6 Model 37 Stepping 2, GenuineIntel



---------------  S Y S T E M  ---------------

OS: Windows 7 Build 7601 Service Pack 1

CPU:total 4 (2 cores per cpu, 2 threads per core) family 6 model 37 stepping 2, cmov, cx8, fxsr, mmx, sse, sse2, sse3, ssse3, sse4.1, sse4.2, popcnt, ht, tsc, tscinvbit

Memory: 4k page, physical 3005740k(2046784k free), swap 6009732k(4932104k free)

vm_info: Java HotSpot(TM) Client VM (24.51-b03) for windows-x86 JRE (1.7.0_51-b13), built on Dec 18 2013 19:09:58 by "java_re" with unknown MS VC++:1600

time: Tue Mar 17 08:24:31 2015
elapsed time: 31 seconds

