#
# A fatal error has been detected by the Java Runtime Environment:
#
#  EXCEPTION_ACCESS_VIOLATION (0xc0000005) at pc=0x00000001, pid=3760, tid=3764
#
# JRE version: Java(TM) SE Runtime Environment (7.0_51-b13) (build 1.7.0_51-b13)
# Java VM: Java HotSpot(TM) Client VM (24.51-b03 mixed mode, sharing windows-x86 )
# Problematic frame:
# C  0x00000001
#
# Failed to write core dump. Minidumps are not enabled by default on client versions of Windows
#
# If you would like to submit a bug report, please visit:
#   http://bugreport.sun.com/bugreport/crash.jsp
# The crash happened outside the Java Virtual Machine in native code.
# See problematic frame for where to report the bug.
#

---------------  T H R E A D  ---------------

Current thread (0x08d44c00):  JavaThread "Thread-2" [_thread_in_native, id=3764, stack(0x002f0000,0x003f0000)]

siginfo: ExceptionCode=0xc0000005, ExceptionInformation=0x00000008 0x00000001

Registers:
EAX=0x6b938ff8, EBX=0x00000000, ECX=0x003eef30, EDX=0x044ee2ac
ESP=0x003eeef8, EBP=0x003eef28, ESI=0x08d44d30, EDI=0x040d8e18
EIP=0x00000001, EFLAGS=0x00210246

Top of Stack: (sp=0x003eeef8)
0x003eeef8:   6c0080d1 040d8e18 000001f6 045124c0
0x003eef08:   003eef30 003eef24 08d44c00 337a5258
0x003eef18:   337a5258 045124c0 00000000 00000000
0x003eef28:   003eef38 6c009198 00000000 003eef88
0x003eef38:   003eef78 0610a9dd 08d44d30 003eef94
0x003eef48:   040d8e18 00000000 003eef88 044ee2c4
0x003eef58:   003eef58 337a5258 003eef94 337ad2b0
0x003eef68:   00000000 337a5258 00000000 003eef88 

Instructions: (pc=0x00000001)
0xffffffe1:   


Register to memory mapping:

EAX=0x6b938ff8 is an unknown value
EBX=0x00000000 is an unknown value
ECX=0x003eef30 is pointing into the stack for thread: 0x08d44c00
EDX=0x044ee2ac is an unknown value
ESP=0x003eeef8 is pointing into the stack for thread: 0x08d44c00
EBP=0x003eef28 is pointing into the stack for thread: 0x08d44c00
ESI=0x08d44d30 is an unknown value
EDI=0x040d8e18 is an unknown value


Stack: [0x002f0000,0x003f0000],  sp=0x003eeef8,  free space=1019k
Native frames: (J=compiled Java code, j=interpreted, Vv=VM code, C=native code)
C  0x00000001
C  [npjp2.dll+0x9198]
j  sun.plugin2.main.server.MozillaPlugin.getProxy0(JLjava/lang/String;)Ljava/lang/String;+0
j  sun.plugin2.main.server.MozillaPlugin.getProxy(Ljava/lang/String;)Ljava/lang/String;+17
j  sun.plugin2.main.server.MozillaBrowserService$MozillaProxyHandler.findProxyForURL(Ljava/lang/String;)Ljava/lang/String;+7
j  com.sun.deploy.net.proxy.AbstractBrowserProxyHandler.getProxyInfo(Ljava/net/URL;)[Lcom/sun/deploy/net/proxy/ProxyInfo;+5
j  com.sun.deploy.net.proxy.DynamicProxyManager.getProxyList(Ljava/net/URL;Z)Ljava/util/List;+113
j  sun.plugin2.main.server.ProxySupport.getProxyReply(Lsun/plugin2/main/server/Plugin;Lsun/plugin2/message/GetProxyMessage;)Lsun/plugin2/message/ProxyReplyMessage;+20
j  sun.plugin2.main.server.JVMInstance$1.run()V+26
j  sun.plugin2.main.server.MozillaPlugin$RunnableWrapper.run()V+4
j  sun.plugin2.main.server.MozillaPlugin.drainRunnableQueue()V+39
j  sun.plugin2.main.server.MozillaPlugin.access$000(Lsun/plugin2/main/server/MozillaPlugin;)V+1
j  sun.plugin2.main.server.MozillaPlugin$DrainRunnableQueue.run()V+4
v  ~StubRoutines::call_stub
V  [jvm.dll+0x13f35a]
V  [jvm.dll+0x202c6e]
V  [jvm.dll+0x13f3dd]
V  [jvm.dll+0xc9bc2]
V  [jvm.dll+0xcd813]
C  [npjp2.dll+0x203f]
C  [xul.dll+0x58de1e]

Java frames: (J=compiled Java code, j=interpreted, Vv=VM code)
j  sun.plugin2.main.server.MozillaPlugin.getProxy0(JLjava/lang/String;)Ljava/lang/String;+0
j  sun.plugin2.main.server.MozillaPlugin.getProxy(Ljava/lang/String;)Ljava/lang/String;+17
j  sun.plugin2.main.server.MozillaBrowserService$MozillaProxyHandler.findProxyForURL(Ljava/lang/String;)Ljava/lang/String;+7
j  com.sun.deploy.net.proxy.AbstractBrowserProxyHandler.getProxyInfo(Ljava/net/URL;)[Lcom/sun/deploy/net/proxy/ProxyInfo;+5
j  com.sun.deploy.net.proxy.DynamicProxyManager.getProxyList(Ljava/net/URL;Z)Ljava/util/List;+113
j  sun.plugin2.main.server.ProxySupport.getProxyReply(Lsun/plugin2/main/server/Plugin;Lsun/plugin2/message/GetProxyMessage;)Lsun/plugin2/message/ProxyReplyMessage;+20
j  sun.plugin2.main.server.JVMInstance$1.run()V+26
j  sun.plugin2.main.server.MozillaPlugin$RunnableWrapper.run()V+4
j  sun.plugin2.main.server.MozillaPlugin.drainRunnableQueue()V+39
j  sun.plugin2.main.server.MozillaPlugin.access$000(Lsun/plugin2/main/server/MozillaPlugin;)V+1
j  sun.plugin2.main.server.MozillaPlugin$DrainRunnableQueue.run()V+4
v  ~StubRoutines::call_stub

---------------  P R O C E S S  ---------------

Java Threads: ( => current thread )
  0x0447e000 JavaThread "Keep-Alive-Timer" daemon [_thread_blocked, id=2960, stack(0x05180000,0x05280000)]
=>0x08d44c00 JavaThread "Thread-2" [_thread_in_native, id=3764, stack(0x002f0000,0x003f0000)]
  0x08d17800 JavaThread "JVM[id=1]-Heartbeat" [_thread_blocked, id=2096, stack(0x09520000,0x09620000)]
  0x08d41400 JavaThread "JRE 1.7.0.51 Worker Thread" [_thread_blocked, id=1296, stack(0x097f0000,0x098f0000)]
  0x08d41000 JavaThread "JRE 1.7.0.51 Output Reader Thread" [_thread_in_native, id=1268, stack(0x09a60000,0x09b60000)]
  0x08d3e400 JavaThread "JRE 1.7.0.51 Output Reader Thread" [_thread_in_native, id=1188, stack(0x092e0000,0x093e0000)]
  0x08d3dc00 JavaThread "Thread-1" [_thread_in_native, id=1232, stack(0x09960000,0x09a60000)]
  0x08d3d000 JavaThread "Java Plug-In Pipe Worker Thread (Server-Side)" daemon [_thread_in_native, id=360, stack(0x096a0000,0x097a0000)]
  0x04514400 JavaThread "traceMsgQueueThread" daemon [_thread_blocked, id=220, stack(0x091d0000,0x092d0000)]
  0x044e8000 JavaThread "Service Thread" daemon [_thread_blocked, id=1416, stack(0x08b70000,0x08c70000)]
  0x044e3400 JavaThread "C1 CompilerThread0" daemon [_thread_blocked, id=1092, stack(0x08a00000,0x08b00000)]
  0x044e2400 JavaThread "Attach Listener" daemon [_thread_blocked, id=540, stack(0x08400000,0x08500000)]
  0x044e1800 JavaThread "Signal Dispatcher" daemon [_thread_blocked, id=564, stack(0x087b0000,0x088b0000)]
  0x0446f400 JavaThread "Finalizer" daemon [_thread_blocked, id=2076, stack(0x08580000,0x08680000)]
  0x0446dc00 JavaThread "Reference Handler" daemon [_thread_blocked, id=2060, stack(0x081b0000,0x082b0000)]
  0x0438c800 JavaThread "main" [_thread_in_native, id=4080, stack(0x04b00000,0x04c00000)]

Other Threads:
  0x0446c000 VMThread [stack: 0x082f0000,0x083f0000] [id=1608]
  0x0450a800 WatcherThread [stack: 0x088c0000,0x089c0000] [id=472]

VM state:not at safepoint (normal execution)

VM Mutex/Monitor currently owned by a thread: None

Heap
 def new generation   total 4928K, used 1638K [0x31790000, 0x31ce0000, 0x32230000)
  eden space 4416K,  25% used [0x31790000, 0x318a9ad8, 0x31be0000)
  from space 512K, 100% used [0x31c60000, 0x31ce0000, 0x31ce0000)
  to   space 512K,   0% used [0x31be0000, 0x31be0000, 0x31c60000)
 tenured generation   total 10944K, used 2616K [0x32230000, 0x32ce0000, 0x33790000)
   the space 10944K,  23% used [0x32230000, 0x324be238, 0x324be400, 0x32ce0000)
 compacting perm gen  total 12288K, used 2890K [0x33790000, 0x34390000, 0x37790000)
   the space 12288K,  23% used [0x33790000, 0x33a62840, 0x33a62a00, 0x34390000)
    ro space 10240K,  41% used [0x37790000, 0x37bc2050, 0x37bc2200, 0x38190000)
    rw space 12288K,  52% used [0x38190000, 0x387d6800, 0x387d6800, 0x38d90000)

Card table byte_map: [0x03510000,0x03550000] byte_map_base: 0x03384380

Polling page: 0x02ed0000

Code Cache  [0x06100000, 0x06230000, 0x08100000)
 total_blobs=501 nmethods=317 adapters=121 free_code_cache=31579Kb largest_free_block=32337728

Compilation events (10 events):
Event: 36.302 Thread 0x044e3400  313   !         sun.nio.cs.ISO_8859_1$Encoder::encodeArrayLoop (356 bytes)
Event: 36.305 Thread 0x044e3400 nmethod 313 0x062242c8 code [0x062246d0, 0x06225bf0]
Event: 37.980 Thread 0x044e3400  314             java.util.Properties::getProperty (46 bytes)
Event: 37.980 Thread 0x044e3400 nmethod 314 0x06227d08 code [0x06227e20, 0x06227f58]
Event: 37.993 Thread 0x044e3400  315             java.util.Properties::load0 (250 bytes)
Event: 37.994 Thread 0x044e3400 nmethod 315 0x06228008 code [0x06228150, 0x06228470]
Event: 38.038 Thread 0x044e3400  316             java.util.ArrayList::elementData (7 bytes)
Event: 38.038 Thread 0x044e3400 nmethod 316 0x062287c8 code [0x062288c0, 0x06228960]
Event: 38.039 Thread 0x044e3400  317             java.util.ArrayList::rangeCheck (22 bytes)
Event: 38.039 Thread 0x044e3400 nmethod 317 0x06228a08 code [0x06228b60, 0x06228e28]

GC Heap History (6 events):
Event: 34.842 GC heap before
{Heap before GC invocations=0 (full 0):
 def new generation   total 4928K, used 4416K [0x31790000, 0x31ce0000, 0x32230000)
  eden space 4416K, 100% used [0x31790000, 0x31be0000, 0x31be0000)
  from space 512K,   0% used [0x31be0000, 0x31be0000, 0x31c60000)
  to   space 512K,   0% used [0x31c60000, 0x31c60000, 0x31ce0000)
 tenured generation   total 10944K, used 0K [0x32230000, 0x32ce0000, 0x33790000)
   the space 10944K,   0% used [0x32230000, 0x32230000, 0x32230200, 0x32ce0000)
 compacting perm gen  total 12288K, used 1704K [0x33790000, 0x34390000, 0x37790000)
   the space 12288K,  13% used [0x33790000, 0x3393a108, 0x3393a200, 0x34390000)
    ro space 10240K,  41% used [0x37790000, 0x37bc2050, 0x37bc2200, 0x38190000)
    rw space 12288K,  52% used [0x38190000, 0x387d6800, 0x387d6800, 0x38d90000)
Event: 34.854 GC heap after
Heap after GC invocations=1 (full 0):
 def new generation   total 4928K, used 512K [0x31790000, 0x31ce0000, 0x32230000)
  eden space 4416K,   0% used [0x31790000, 0x31790000, 0x31be0000)
  from space 512K, 100% used [0x31c60000, 0x31ce0000, 0x31ce0000)
  to   space 512K,   0% used [0x31be0000, 0x31be0000, 0x31c60000)
 tenured generation   total 10944K, used 644K [0x32230000, 0x32ce0000, 0x33790000)
   the space 10944K,   5% used [0x32230000, 0x322d12a8, 0x322d1400, 0x32ce0000)
 compacting perm gen  total 12288K, used 1704K [0x33790000, 0x34390000, 0x37790000)
   the space 12288K,  13% used [0x33790000, 0x3393a108, 0x3393a200, 0x34390000)
    ro space 10240K,  41% used [0x37790000, 0x37bc2050, 0x37bc2200, 0x38190000)
    rw space 12288K,  52% used [0x38190000, 0x387d6800, 0x387d6800, 0x38d90000)
}
Event: 35.625 GC heap before
{Heap before GC invocations=1 (full 0):
 def new generation   total 4928K, used 4928K [0x31790000, 0x31ce0000, 0x32230000)
  eden space 4416K, 100% used [0x31790000, 0x31be0000, 0x31be0000)
  from space 512K, 100% used [0x31c60000, 0x31ce0000, 0x31ce0000)
  to   space 512K,   0% used [0x31be0000, 0x31be0000, 0x31c60000)
 tenured generation   total 10944K, used 644K [0x32230000, 0x32ce0000, 0x33790000)
   the space 10944K,   5% used [0x32230000, 0x322d12a8, 0x322d1400, 0x32ce0000)
 compacting perm gen  total 12288K, used 2270K [0x33790000, 0x34390000, 0x37790000)
   the space 12288K,  18% used [0x33790000, 0x339c78a0, 0x339c7a00, 0x34390000)
    ro space 10240K,  41% used [0x37790000, 0x37bc2050, 0x37bc2200, 0x38190000)
    rw space 12288K,  52% used [0x38190000, 0x387d6800, 0x387d6800, 0x38d90000)
Event: 35.634 GC heap after
Heap after GC invocations=2 (full 0):
 def new generation   total 4928K, used 512K [0x31790000, 0x31ce0000, 0x32230000)
  eden space 4416K,   0% used [0x31790000, 0x31790000, 0x31be0000)
  from space 512K, 100% used [0x31be0000, 0x31c60000, 0x31c60000)
  to   space 512K,   0% used [0x31c60000, 0x31c60000, 0x31ce0000)
 tenured generation   total 10944K, used 1479K [0x32230000, 0x32ce0000, 0x33790000)
   the space 10944K,  13% used [0x32230000, 0x323a1f20, 0x323a2000, 0x32ce0000)
 compacting perm gen  total 12288K, used 2270K [0x33790000, 0x34390000, 0x37790000)
   the space 12288K,  18% used [0x33790000, 0x339c78a0, 0x339c7a00, 0x34390000)
    ro space 10240K,  41% used [0x37790000, 0x37bc2050, 0x37bc2200, 0x38190000)
    rw space 12288K,  52% used [0x38190000, 0x387d6800, 0x387d6800, 0x38d90000)
}
Event: 36.069 GC heap before
{Heap before GC invocations=2 (full 0):
 def new generation   total 4928K, used 4928K [0x31790000, 0x31ce0000, 0x32230000)
  eden space 4416K, 100% used [0x31790000, 0x31be0000, 0x31be0000)
  from space 512K, 100% used [0x31be0000, 0x31c60000, 0x31c60000)
  to   space 512K,   0% used [0x31c60000, 0x31c60000, 0x31ce0000)
 tenured generation   total 10944K, used 1479K [0x32230000, 0x32ce0000, 0x33790000)
   the space 10944K,  13% used [0x32230000, 0x323a1f20, 0x323a2000, 0x32ce0000)
 compacting perm gen  total 12288K, used 2621K [0x33790000, 0x34390000, 0x37790000)
   the space 12288K,  21% used [0x33790000, 0x33a1f440, 0x33a1f600, 0x34390000)
    ro space 10240K,  41% used [0x37790000, 0x37bc2050, 0x37bc2200, 0x38190000)
    rw space 12288K,  52% used [0x38190000, 0x387d6800, 0x387d6800, 0x38d90000)
Event: 36.077 GC heap after
Heap after GC invocations=3 (full 0):
 def new generation   total 4928K, used 512K [0x31790000, 0x31ce0000, 0x32230000)
  eden space 4416K,   0% used [0x31790000, 0x31790000, 0x31be0000)
  from space 512K, 100% used [0x31c60000, 0x31ce0000, 0x31ce0000)
  to   space 512K,   0% used [0x31be0000, 0x31be0000, 0x31c60000)
 tenured generation   total 10944K, used 2616K [0x32230000, 0x32ce0000, 0x33790000)
   the space 10944K,  23% used [0x32230000, 0x324be238, 0x324be400, 0x32ce0000)
 compacting perm gen  total 12288K, used 2621K [0x33790000, 0x34390000, 0x37790000)
   the space 12288K,  21% used [0x33790000, 0x33a1f440, 0x33a1f600, 0x34390000)
    ro space 10240K,  41% used [0x37790000, 0x37bc2050, 0x37bc2200, 0x38190000)
    rw space 12288K,  52% used [0x38190000, 0x387d6800, 0x387d6800, 0x38d90000)
}

Deoptimization events (0 events):
No events

Internal exceptions (10 events):
Event: 1.475 Thread 0x0438c800 Threw 0x31795750 at C:\re\jdk7u51\527\hotspot\src\share\vm\prims\jni.cpp:3991
Event: 5.317 Thread 0x0438c800 Threw 0x318609d0 at C:\re\jdk7u51\527\hotspot\src\share\vm\prims\jvm.cpp:1244
Event: 5.317 Thread 0x0438c800 Threw 0x31860ae8 at C:\re\jdk7u51\527\hotspot\src\share\vm\prims\jvm.cpp:1244
Event: 5.318 Thread 0x0438c800 Threw 0x31863e20 at C:\re\jdk7u51\527\hotspot\src\share\vm\prims\jvm.cpp:1244
Event: 5.318 Thread 0x0438c800 Threw 0x31863f38 at C:\re\jdk7u51\527\hotspot\src\share\vm\prims\jvm.cpp:1244
Event: 6.208 Thread 0x0438c800 Threw 0x318d2238 at C:\re\jdk7u51\527\hotspot\src\share\vm\prims\jni.cpp:717
Event: 6.220 Thread 0x0438c800 Threw 0x318d23d0 at C:\re\jdk7u51\527\hotspot\src\share\vm\prims\jni.cpp:717
Event: 6.220 Thread 0x0438c800 Threw 0x318d2538 at C:\re\jdk7u51\527\hotspot\src\share\vm\prims\jni.cpp:717
Event: 38.037 Thread 0x08d44c00 Threw 0x3189db80 at C:\re\jdk7u51\527\hotspot\src\share\vm\prims\jvm.cpp:1244
Event: 38.038 Thread 0x08d44c00 Threw 0x3189ec90 at C:\re\jdk7u51\527\hotspot\src\share\vm\prims\jvm.cpp:1244

Events (10 events):
Event: 38.075 loading class 0x08dea608
Event: 38.075 loading class 0x08dea608 done
Event: 38.076 loading class 0x08dea580
Event: 38.078 loading class 0x08dea580 done
Event: 38.078 loading class 0x08dea068
Event: 38.078 loading class 0x08dea068 done
Event: 38.078 loading class 0x08dea028
Event: 38.078 loading class 0x08dea028 done
Event: 38.078 loading class 0x08de91b8
Event: 38.079 loading class 0x08de91b8 done


Dynamic libraries:
0x00120000 - 0x0016d000 	C:\Users\Mecánica\Documents\moz\FirefoxPortable\App\Firefox\firefox.exe
0x77960000 - 0x77a9c000 	C:\Windows\SYSTEM32\ntdll.dll
0x76d40000 - 0x76e14000 	C:\Windows\system32\kernel32.dll
0x75ae0000 - 0x75b2b000 	C:\Windows\system32\KERNELBASE.dll
0x6b050000 - 0x6b9be000 	C:\Users\Mecánica\Documents\moz\FirefoxPortable\App\Firefox\xul.dll
0x6c2c0000 - 0x6c32f000 	C:\Users\Mecánica\Documents\moz\FirefoxPortable\App\Firefox\sqlite3.dll
0x6c210000 - 0x6c2be000 	C:\Users\Mecánica\Documents\moz\FirefoxPortable\App\Firefox\MOZCRT19.dll
0x778b0000 - 0x7795c000 	C:\Windows\system32\msvcrt.dll
0x6c160000 - 0x6c20e000 	C:\Users\Mecánica\Documents\moz\FirefoxPortable\App\Firefox\js3250.dll
0x600b0000 - 0x600e0000 	C:\Users\Mecánica\Documents\moz\FirefoxPortable\App\Firefox\nspr4.dll
0x75d80000 - 0x75e20000 	C:\Windows\system32\ADVAPI32.dll
0x77500000 - 0x77519000 	C:\Windows\SYSTEM32\sechost.dll
0x77800000 - 0x778a2000 	C:\Windows\system32\RPCRT4.dll
0x71e40000 - 0x71e47000 	C:\Windows\system32\WSOCK32.dll
0x77ac0000 - 0x77af5000 	C:\Windows\system32\WS2_32.dll
0x77ab0000 - 0x77ab6000 	C:\Windows\system32\NSI.dll
0x73a00000 - 0x73a32000 	C:\Windows\system32\WINMM.dll
0x75c80000 - 0x75d49000 	C:\Windows\system32\USER32.dll
0x75e20000 - 0x75e6e000 	C:\Windows\system32\GDI32.dll
0x77aa0000 - 0x77aaa000 	C:\Windows\system32\LPK.dll
0x77520000 - 0x775bd000 	C:\Windows\system32\USP10.dll
0x60420000 - 0x60438000 	C:\Users\Mecánica\Documents\moz\FirefoxPortable\App\Firefox\smime3.dll
0x60340000 - 0x603da000 	C:\Users\Mecánica\Documents\moz\FirefoxPortable\App\Firefox\nss3.dll
0x603e0000 - 0x603f4000 	C:\Users\Mecánica\Documents\moz\FirefoxPortable\App\Firefox\nssutil3.dll
0x600f0000 - 0x600f7000 	C:\Users\Mecánica\Documents\moz\FirefoxPortable\App\Firefox\plc4.dll
0x600e0000 - 0x600e7000 	C:\Users\Mecánica\Documents\moz\FirefoxPortable\App\Firefox\plds4.dll
0x60400000 - 0x60420000 	C:\Users\Mecánica\Documents\moz\FirefoxPortable\App\Firefox\ssl3.dll
0x75e90000 - 0x76ada000 	C:\Windows\system32\SHELL32.dll
0x76ce0000 - 0x76d37000 	C:\Windows\system32\SHLWAPI.dll
0x77250000 - 0x773ac000 	C:\Windows\system32\ole32.dll
0x74d10000 - 0x74d19000 	C:\Windows\system32\VERSION.dll
0x6f8c0000 - 0x6f911000 	C:\Windows\system32\WINSPOOL.DRV
0x773b0000 - 0x7742b000 	C:\Windows\system32\COMDLG32.dll
0x74810000 - 0x749ae000 	C:\Windows\WinSxS\x86_microsoft.windows.common-controls_6595b64144ccf1df_6.0.7601.17514_none_41e6975e2bd6f2b2\COMCTL32.dll
0x76ae0000 - 0x76aff000 	C:\Windows\system32\IMM32.dll
0x77430000 - 0x774fc000 	C:\Windows\system32\MSCTF.dll
0x6fdd0000 - 0x6fdd5000 	C:\Windows\system32\MSIMG32.dll
0x77620000 - 0x776af000 	C:\Windows\system32\OLEAUT32.dll
0x71520000 - 0x71527000 	C:\Users\Mecánica\Documents\moz\FirefoxPortable\App\Firefox\xpcom.dll
0x6c070000 - 0x6c15b000 	C:\Windows\system32\dbghelp.dll
0x75870000 - 0x7587c000 	C:\Windows\system32\CRYPTBASE.dll
0x74580000 - 0x745c0000 	C:\Windows\system32\uxtheme.dll
0x77060000 - 0x771fd000 	C:\Windows\system32\SETUPAPI.dll
0x75980000 - 0x759a7000 	C:\Windows\system32\CFGMGR32.dll
0x75b30000 - 0x75b42000 	C:\Windows\system32\DEVOBJ.dll
0x77b00000 - 0x77b83000 	C:\Windows\system32\CLBCatQ.DLL
0x745c0000 - 0x746b5000 	C:\Windows\system32\propsys.dll
0x742d0000 - 0x742f1000 	C:\Windows\system32\ntmarta.dll
0x77200000 - 0x77245000 	C:\Windows\system32\WLDAP32.dll
0x74160000 - 0x74173000 	C:\Windows\system32\dwmapi.dll
0x75950000 - 0x7595b000 	C:\Windows\system32\profapi.dll
0x6db60000 - 0x6db68000 	C:\Users\Mecánica\Documents\moz\FirefoxPortable\App\Firefox\components\browserdirprovider.dll
0x75340000 - 0x7537c000 	C:\Windows\system32\mswsock.dll
0x74e90000 - 0x74e95000 	C:\Windows\System32\wshtcpip.dll
0x735b0000 - 0x735cc000 	C:\Windows\system32\iphlpapi.dll
0x73590000 - 0x73597000 	C:\Windows\system32\WINNSI.DLL
0x738c0000 - 0x738d0000 	C:\Windows\system32\NLAapi.dll
0x703d0000 - 0x703e0000 	C:\Windows\system32\napinsp.dll
0x703b0000 - 0x703c2000 	C:\Windows\system32\pnrpnsp.dll
0x75210000 - 0x75254000 	C:\Windows\system32\DNSAPI.dll
0x703a0000 - 0x703a8000 	C:\Windows\System32\winrnr.dll
0x73e60000 - 0x73f90000 	C:\Windows\system32\WindowsCodecs.dll
0x75820000 - 0x7586c000 	C:\Windows\system32\apphelp.dll
0x6f180000 - 0x6f1b1000 	C:\Windows\system32\EhStorShell.dll
0x6eb80000 - 0x6ef86000 	C:\PROGRA~1\MICROS~1\Office14\GROOVEEX.DLL
0x6ead0000 - 0x6eb73000 	C:\Windows\WinSxS\x86_microsoft.vc90.crt_1fc8b3b9a1e18e3b_9.0.30729.4940_none_50916076bcb9a742\MSVCR90.dll
0x6ea40000 - 0x6eace000 	C:\Windows\WinSxS\x86_microsoft.vc90.crt_1fc8b3b9a1e18e3b_9.0.30729.4940_none_50916076bcb9a742\MSVCP90.dll
0x6ea10000 - 0x6ea3b000 	C:\Windows\WinSxS\x86_microsoft.vc90.atl_1fc8b3b9a1e18e3b_9.0.30729.4148_none_51ca66a2bbe76806\ATL90.DLL
0x6e5f0000 - 0x6ea0a000 	C:\PROGRA~1\COMMON~1\MICROS~1\OFFICE14\Cultures\office.odf
0x6dd70000 - 0x6e5f0000 	C:\PROGRA~1\MICROS~1\Office14\3082\GrooveIntlResource.dll
0x6dd00000 - 0x6dd6a000 	C:\Windows\System32\cscui.dll
0x6dcf0000 - 0x6dcf9000 	C:\Windows\System32\CSCDLL.dll
0x6f1d0000 - 0x6f1db000 	C:\Windows\system32\CSCAPI.dll
0x6dc70000 - 0x6dce0000 	C:\Windows\system32\ntshrui.dll
0x755a0000 - 0x755b9000 	C:\Windows\system32\srvcli.dll
0x73790000 - 0x7379a000 	C:\Windows\system32\slc.dll
0x75380000 - 0x75397000 	C:\Windows\system32\CRYPTSP.dll
0x75130000 - 0x7516b000 	C:\Windows\system32\rsaenh.dll
0x758e0000 - 0x758ee000 	C:\Windows\system32\RpcRtRemote.dll
0x6da40000 - 0x6da63000 	C:\Users\Mecánica\Documents\moz\FirefoxPortable\App\Firefox\components\brwsrcmp.dll
0x602f0000 - 0x60316000 	C:\Users\Mecánica\Documents\moz\FirefoxPortable\App\Firefox\softokn3.dll
0x60320000 - 0x60338000 	C:\Users\Mecánica\Documents\moz\FirefoxPortable\App\Firefox\nssdbm3.dll
0x60440000 - 0x60481000 	C:\Users\Mecánica\Documents\moz\FirefoxPortable\App\Firefox\freebl3.dll
0x602a0000 - 0x602ec000 	C:\Users\Mecánica\Documents\moz\FirefoxPortable\App\Firefox\nssckbi.dll
0x75510000 - 0x75516000 	C:\Windows\System32\wship6.dll
0x70730000 - 0x70736000 	C:\Windows\system32\rasadhlp.dll
0x72a40000 - 0x72a78000 	C:\Windows\System32\fwpuclnt.dll
0x6c000000 - 0x6c02b000 	C:\Program Files\Java\jre7\bin\plugin2\npjp2.dll
0x6bf40000 - 0x6bfff000 	C:\Windows\system32\MSVCR100.dll
0x6bbc0000 - 0x6bf40000 	C:\PROGRA~1\Java\jre7\bin\client\jvm.dll
0x75e80000 - 0x75e85000 	C:\Windows\system32\PSAPI.DLL
0x6bbb0000 - 0x6bbbc000 	C:\PROGRA~1\Java\jre7\bin\verify.dll
0x6bb90000 - 0x6bbb0000 	C:\PROGRA~1\Java\jre7\bin\java.dll
0x6bb70000 - 0x6bb83000 	C:\PROGRA~1\Java\jre7\bin\zip.dll
0x6d770000 - 0x6d79f000 	C:\Windows\system32\shdocvw.dll
0x6bab0000 - 0x6bb6f000 	C:\Program Files\Java\jre7\bin\msvcr100.dll
0x6ba50000 - 0x6baac000 	C:\Program Files\Java\jre7\bin\deploy.dll
0x76b00000 - 0x76cd6000 	C:\Windows\system32\WININET.dll
0x75ac0000 - 0x75ac4000 	C:\Windows\system32\api-ms-win-downlevel-user32-l1-1-0.dll
0x75a20000 - 0x75a24000 	C:\Windows\system32\api-ms-win-downlevel-shlwapi-l1-1-0.dll
0x759e0000 - 0x759e4000 	C:\Windows\system32\api-ms-win-downlevel-version-l1-1-0.dll
0x75ad0000 - 0x75ad3000 	C:\Windows\system32\api-ms-win-downlevel-normaliz-l1-1-0.dll
0x75e70000 - 0x75e73000 	C:\Windows\system32\normaliz.DLL
0x76e20000 - 0x77052000 	C:\Windows\system32\iertutil.dll
0x759d0000 - 0x759d5000 	C:\Windows\system32\api-ms-win-downlevel-advapi32-l1-1-0.dll
0x759b0000 - 0x759c7000 	C:\Windows\system32\USERENV.dll
0x776b0000 - 0x777fa000 	C:\Windows\system32\urlmon.dll
0x75970000 - 0x75974000 	C:\Windows\system32\api-ms-win-downlevel-ole32-l1-1-0.dll
0x6ba40000 - 0x6ba46000 	C:\Program Files\Java\jre7\bin\jp2native.dll
0x6ba20000 - 0x6ba34000 	C:\Program Files\Java\jre7\bin\net.dll
0x6ba10000 - 0x6ba1f000 	C:\Program Files\Java\jre7\bin\nio.dll
0x696d0000 - 0x696f0000 	C:\Program Files\Java\jre7\bin\sunec.dll
0x6c9d0000 - 0x6c9d9000 	C:\Program Files\Java\jre7\bin\sunmscapi.dll
0x75b50000 - 0x75c71000 	C:\Windows\system32\CRYPT32.dll
0x75960000 - 0x7596c000 	C:\Windows\system32\MSASN1.dll

VM Arguments:
jvm_args: -Xbootclasspath/a:C:\PROGRA~1\Java\jre7\lib\deploy.jar;C:\PROGRA~1\Java\jre7\lib\javaws.jar;C:\PROGRA~1\Java\jre7\lib\plugin.jar -Xmx32m -Djava.awt.headless=true -XX:MaxDirectMemorySize=64m 
java_command: <unknown>
Launcher Type: generic

Environment Variables:
PATH=C:\Program Files\Mozilla Firefox;C:\Windows\system32;C:\Windows;C:\Windows\System32\Wbem;C:\Windows\System32\WindowsPowerShell\v1.0\;C:\Program Files\Intel\DMIX
USERNAME=Mecánica
OS=Windows_NT
PROCESSOR_IDENTIFIER=x86 Family 6 Model 37 Stepping 2, GenuineIntel



---------------  S Y S T E M  ---------------

OS: Windows 7 Build 7601 Service Pack 1

CPU:total 4 (2 cores per cpu, 2 threads per core) family 6 model 37 stepping 2, cmov, cx8, fxsr, mmx, sse, sse2, sse3, ssse3, sse4.1, sse4.2, popcnt, ht, tsc, tscinvbit

Memory: 4k page, physical 3005740k(2169416k free), swap 6009728k(5082884k free)

vm_info: Java HotSpot(TM) Client VM (24.51-b03) for windows-x86 JRE (1.7.0_51-b13), built on Dec 18 2013 19:09:58 by "java_re" with unknown MS VC++:1600

time: Mon Feb 09 17:43:52 2015
elapsed time: 38 seconds

