#
# A fatal error has been detected by the Java Runtime Environment:
#
#  EXCEPTION_ACCESS_VIOLATION (0xc0000005) at pc=0x00000001, pid=636, tid=2528
#
# JRE version: Java(TM) SE Runtime Environment (7.0_51-b13) (build 1.7.0_51-b13)
# Java VM: Java HotSpot(TM) Client VM (24.51-b03 mixed mode, sharing windows-x86 )
# Problematic frame:
# C  0x00000001
#
# Failed to write core dump. Minidumps are not enabled by default on client versions of Windows
#
# If you would like to submit a bug report, please visit:
#   http://bugreport.sun.com/bugreport/crash.jsp
# The crash happened outside the Java Virtual Machine in native code.
# See problematic frame for where to report the bug.
#

---------------  T H R E A D  ---------------

Current thread (0x0841d000):  JavaThread "Thread-2" [_thread_in_native, id=2528, stack(0x000c0000,0x001c0000)]

siginfo: ExceptionCode=0xc0000005, ExceptionInformation=0x00000008 0x00000001

Registers:
EAX=0x63508ff8, EBX=0x00000000, ECX=0x001bf290, EDX=0x04e4f524
ESP=0x001bf258, EBP=0x001bf288, ESI=0x0841d130, EDI=0x0426f358
EIP=0x00000001, EFLAGS=0x00210246

Top of Stack: (sp=0x001bf258)
0x001bf258:   701080d1 0426f358 000001f6 084c04e0
0x001bf268:   001bf290 001bf284 0841d000 337a5258
0x001bf278:   337a5258 084c04e0 00000000 00000000
0x001bf288:   001bf298 70109198 00000000 001bf2e8
0x001bf298:   001bf2d8 0577a9dd 0841d130 001bf2f4
0x001bf2a8:   0426f358 00000000 001bf2e8 04e4f53c
0x001bf2b8:   001bf2b8 337a5258 001bf2f4 337ad2b0
0x001bf2c8:   00000000 337a5258 00000000 001bf2e8 

Instructions: (pc=0x00000001)
0xffffffe1:   


Register to memory mapping:

EAX=0x63508ff8 is an unknown value
EBX=0x00000000 is an unknown value
ECX=0x001bf290 is pointing into the stack for thread: 0x0841d000
EDX=0x04e4f524 is an unknown value
ESP=0x001bf258 is pointing into the stack for thread: 0x0841d000
EBP=0x001bf288 is pointing into the stack for thread: 0x0841d000
ESI=0x0841d130 is an unknown value
EDI=0x0426f358 is an unknown value


Stack: [0x000c0000,0x001c0000],  sp=0x001bf258,  free space=1020k
Native frames: (J=compiled Java code, j=interpreted, Vv=VM code, C=native code)
C  0x00000001
C  [npjp2.dll+0x9198]
j  sun.plugin2.main.server.MozillaPlugin.getProxy0(JLjava/lang/String;)Ljava/lang/String;+0
j  sun.plugin2.main.server.MozillaPlugin.getProxy(Ljava/lang/String;)Ljava/lang/String;+17
j  sun.plugin2.main.server.MozillaBrowserService$MozillaProxyHandler.findProxyForURL(Ljava/lang/String;)Ljava/lang/String;+7
j  com.sun.deploy.net.proxy.AbstractBrowserProxyHandler.getProxyInfo(Ljava/net/URL;)[Lcom/sun/deploy/net/proxy/ProxyInfo;+5
j  com.sun.deploy.net.proxy.DynamicProxyManager.getProxyList(Ljava/net/URL;Z)Ljava/util/List;+113
j  sun.plugin2.main.server.ProxySupport.getProxyReply(Lsun/plugin2/main/server/Plugin;Lsun/plugin2/message/GetProxyMessage;)Lsun/plugin2/message/ProxyReplyMessage;+20
j  sun.plugin2.main.server.JVMInstance$1.run()V+26
j  sun.plugin2.main.server.MozillaPlugin$RunnableWrapper.run()V+4
j  sun.plugin2.main.server.MozillaPlugin.drainRunnableQueue()V+39
j  sun.plugin2.main.server.MozillaPlugin.access$000(Lsun/plugin2/main/server/MozillaPlugin;)V+1
j  sun.plugin2.main.server.MozillaPlugin$DrainRunnableQueue.run()V+4
v  ~StubRoutines::call_stub
V  [jvm.dll+0x13f35a]
V  [jvm.dll+0x202c6e]
V  [jvm.dll+0x13f3dd]
V  [jvm.dll+0xc9bc2]
V  [jvm.dll+0xcd813]
C  [npjp2.dll+0x203f]
C  [xul.dll+0x58de1e]

Java frames: (J=compiled Java code, j=interpreted, Vv=VM code)
j  sun.plugin2.main.server.MozillaPlugin.getProxy0(JLjava/lang/String;)Ljava/lang/String;+0
j  sun.plugin2.main.server.MozillaPlugin.getProxy(Ljava/lang/String;)Ljava/lang/String;+17
j  sun.plugin2.main.server.MozillaBrowserService$MozillaProxyHandler.findProxyForURL(Ljava/lang/String;)Ljava/lang/String;+7
j  com.sun.deploy.net.proxy.AbstractBrowserProxyHandler.getProxyInfo(Ljava/net/URL;)[Lcom/sun/deploy/net/proxy/ProxyInfo;+5
j  com.sun.deploy.net.proxy.DynamicProxyManager.getProxyList(Ljava/net/URL;Z)Ljava/util/List;+113
j  sun.plugin2.main.server.ProxySupport.getProxyReply(Lsun/plugin2/main/server/Plugin;Lsun/plugin2/message/GetProxyMessage;)Lsun/plugin2/message/ProxyReplyMessage;+20
j  sun.plugin2.main.server.JVMInstance$1.run()V+26
j  sun.plugin2.main.server.MozillaPlugin$RunnableWrapper.run()V+4
j  sun.plugin2.main.server.MozillaPlugin.drainRunnableQueue()V+39
j  sun.plugin2.main.server.MozillaPlugin.access$000(Lsun/plugin2/main/server/MozillaPlugin;)V+1
j  sun.plugin2.main.server.MozillaPlugin$DrainRunnableQueue.run()V+4
v  ~StubRoutines::call_stub

---------------  P R O C E S S  ---------------

Java Threads: ( => current thread )
  0x083a1c00 JavaThread "Thread-5" daemon [_thread_blocked, id=1872, stack(0x09790000,0x09890000)]
  0x0834cc00 JavaThread "Thread-4" daemon [_thread_in_vm, id=4048, stack(0x09690000,0x09790000)]
  0x0841d800 JavaThread "Thread-3" daemon [_thread_in_native, id=4028, stack(0x088b0000,0x089b0000)]
=>0x0841d000 JavaThread "Thread-2" [_thread_in_native, id=2528, stack(0x000c0000,0x001c0000)]
  0x083eb400 JavaThread "JVM[id=1]-Heartbeat" [_thread_blocked, id=3564, stack(0x03ce0000,0x03de0000)]
  0x08418800 JavaThread "JRE 1.7.0.51 Worker Thread" [_thread_blocked, id=1108, stack(0x08f00000,0x09000000)]
  0x08416400 JavaThread "JRE 1.7.0.51 Output Reader Thread" [_thread_in_native, id=2280, stack(0x086e0000,0x087e0000)]
  0x08415800 JavaThread "JRE 1.7.0.51 Output Reader Thread" [_thread_in_native, id=2512, stack(0x08ca0000,0x08da0000)]
  0x08415000 JavaThread "Thread-1" [_thread_in_native, id=1852, stack(0x08140000,0x08240000)]
  0x08410c00 JavaThread "Java Plug-In Pipe Worker Thread (Server-Side)" daemon [_thread_in_native, id=3248, stack(0x08ae0000,0x08be0000)]
  0x0835ac00 JavaThread "Thread-0" daemon [_thread_blocked, id=3972, stack(0x07d20000,0x07e20000)]
  0x04e7cc00 JavaThread "traceMsgQueueThread" daemon [_thread_blocked, id=3448, stack(0x085c0000,0x086c0000)]
  0x04e49400 JavaThread "Service Thread" daemon [_thread_blocked, id=2332, stack(0x05530000,0x05630000)]
  0x04e40800 JavaThread "C1 CompilerThread0" daemon [_thread_blocked, id=1492, stack(0x08020000,0x08120000)]
  0x04e3d400 JavaThread "Attach Listener" daemon [_thread_blocked, id=3308, stack(0x07e30000,0x07f30000)]
  0x04e3a000 JavaThread "Signal Dispatcher" daemon [_thread_blocked, id=1144, stack(0x07bd0000,0x07cd0000)]
  0x04dcf400 JavaThread "Finalizer" daemon [_thread_blocked, id=3664, stack(0x077a0000,0x078a0000)]
  0x04dcdc00 JavaThread "Reference Handler" daemon [_thread_blocked, id=3952, stack(0x07ab0000,0x07bb0000)]
  0x02c8c800 JavaThread "main" [_thread_in_native, id=2744, stack(0x05670000,0x05770000)]

Other Threads:
  0x04dcc000 VMThread [stack: 0x078b0000,0x079b0000] [id=2916]
  0x04e5b400 WatcherThread [stack: 0x08240000,0x08340000] [id=1268]

VM state:not at safepoint (normal execution)

VM Mutex/Monitor currently owned by a thread: None

Heap
 def new generation   total 4928K, used 3150K [0x31790000, 0x31ce0000, 0x32230000)
  eden space 4416K,  59% used [0x31790000, 0x31a23978, 0x31be0000)
  from space 512K, 100% used [0x31be0000, 0x31c60000, 0x31c60000)
  to   space 512K,   0% used [0x31c60000, 0x31c60000, 0x31ce0000)
 tenured generation   total 10944K, used 1476K [0x32230000, 0x32ce0000, 0x33790000)
   the space 10944K,  13% used [0x32230000, 0x323a1368, 0x323a1400, 0x32ce0000)
 compacting perm gen  total 12288K, used 2583K [0x33790000, 0x34390000, 0x37790000)
   the space 12288K,  21% used [0x33790000, 0x33a16188, 0x33a16200, 0x34390000)
    ro space 10240K,  41% used [0x37790000, 0x37bc2050, 0x37bc2200, 0x38190000)
    rw space 12288K,  52% used [0x38190000, 0x387d6800, 0x387d6800, 0x38d90000)

Card table byte_map: [0x02da0000,0x02de0000] byte_map_base: 0x02c14380

Polling page: 0x02ca0000

Code Cache  [0x05770000, 0x05870000, 0x07770000)
 total_blobs=431 nmethods=248 adapters=120 free_code_cache=31745Kb largest_free_block=32507264

Compilation events (10 events):
Event: 30.353 Thread 0x04e40800  237             java.util.HashMap$HashIterator::<init> (63 bytes)
Event: 30.353 Thread 0x04e40800 nmethod 237 0x0586ce48 code [0x0586cf40, 0x0586d030]
Event: 30.353 Thread 0x04e40800  238             java.lang.String::equalsIgnoreCase (48 bytes)
Event: 30.354 Thread 0x04e40800 nmethod 238 0x0586d108 code [0x0586d210, 0x0586d31c]
Event: 30.411 Thread 0x04e40800  239             java.util.Properties::load0 (250 bytes)
Event: 30.412 Thread 0x04e40800 nmethod 239 0x0586d408 code [0x0586d550, 0x0586d870]
Event: 30.417 Thread 0x04e40800  240             java.lang.StringBuilder::<init> (7 bytes)
Event: 30.417 Thread 0x04e40800 nmethod 240 0x0586dbc8 code [0x0586dcc0, 0x0586ddd0]
Event: 30.424 Thread 0x04e40800  241             java.lang.String::endsWith (17 bytes)
Event: 30.424 Thread 0x04e40800 nmethod 241 0x0586de48 code [0x0586df50, 0x0586dffc]

GC Heap History (4 events):
Event: 30.162 GC heap before
{Heap before GC invocations=0 (full 0):
 def new generation   total 4928K, used 4416K [0x31790000, 0x31ce0000, 0x32230000)
  eden space 4416K, 100% used [0x31790000, 0x31be0000, 0x31be0000)
  from space 512K,   0% used [0x31be0000, 0x31be0000, 0x31c60000)
  to   space 512K,   0% used [0x31c60000, 0x31c60000, 0x31ce0000)
 tenured generation   total 10944K, used 0K [0x32230000, 0x32ce0000, 0x33790000)
   the space 10944K,   0% used [0x32230000, 0x32230000, 0x32230200, 0x32ce0000)
 compacting perm gen  total 12288K, used 1704K [0x33790000, 0x34390000, 0x37790000)
   the space 12288K,  13% used [0x33790000, 0x3393a108, 0x3393a200, 0x34390000)
    ro space 10240K,  41% used [0x37790000, 0x37bc2050, 0x37bc2200, 0x38190000)
    rw space 12288K,  52% used [0x38190000, 0x387d6800, 0x387d6800, 0x38d90000)
Event: 30.171 GC heap after
Heap after GC invocations=1 (full 0):
 def new generation   total 4928K, used 512K [0x31790000, 0x31ce0000, 0x32230000)
  eden space 4416K,   0% used [0x31790000, 0x31790000, 0x31be0000)
  from space 512K, 100% used [0x31c60000, 0x31ce0000, 0x31ce0000)
  to   space 512K,   0% used [0x31be0000, 0x31be0000, 0x31c60000)
 tenured generation   total 10944K, used 644K [0x32230000, 0x32ce0000, 0x33790000)
   the space 10944K,   5% used [0x32230000, 0x322d13b0, 0x322d1400, 0x32ce0000)
 compacting perm gen  total 12288K, used 1704K [0x33790000, 0x34390000, 0x37790000)
   the space 12288K,  13% used [0x33790000, 0x3393a108, 0x3393a200, 0x34390000)
    ro space 10240K,  41% used [0x37790000, 0x37bc2050, 0x37bc2200, 0x38190000)
    rw space 12288K,  52% used [0x38190000, 0x387d6800, 0x387d6800, 0x38d90000)
}
Event: 30.285 GC heap before
{Heap before GC invocations=1 (full 0):
 def new generation   total 4928K, used 4928K [0x31790000, 0x31ce0000, 0x32230000)
  eden space 4416K, 100% used [0x31790000, 0x31be0000, 0x31be0000)
  from space 512K, 100% used [0x31c60000, 0x31ce0000, 0x31ce0000)
  to   space 512K,   0% used [0x31be0000, 0x31be0000, 0x31c60000)
 tenured generation   total 10944K, used 644K [0x32230000, 0x32ce0000, 0x33790000)
   the space 10944K,   5% used [0x32230000, 0x322d13b0, 0x322d1400, 0x32ce0000)
 compacting perm gen  total 12288K, used 2270K [0x33790000, 0x34390000, 0x37790000)
   the space 12288K,  18% used [0x33790000, 0x339c78b0, 0x339c7a00, 0x34390000)
    ro space 10240K,  41% used [0x37790000, 0x37bc2050, 0x37bc2200, 0x38190000)
    rw space 12288K,  52% used [0x38190000, 0x387d6800, 0x387d6800, 0x38d90000)
Event: 30.297 GC heap after
Heap after GC invocations=2 (full 0):
 def new generation   total 4928K, used 512K [0x31790000, 0x31ce0000, 0x32230000)
  eden space 4416K,   0% used [0x31790000, 0x31790000, 0x31be0000)
  from space 512K, 100% used [0x31be0000, 0x31c60000, 0x31c60000)
  to   space 512K,   0% used [0x31c60000, 0x31c60000, 0x31ce0000)
 tenured generation   total 10944K, used 1476K [0x32230000, 0x32ce0000, 0x33790000)
   the space 10944K,  13% used [0x32230000, 0x323a1368, 0x323a1400, 0x32ce0000)
 compacting perm gen  total 12288K, used 2270K [0x33790000, 0x34390000, 0x37790000)
   the space 12288K,  18% used [0x33790000, 0x339c78b0, 0x339c7a00, 0x34390000)
    ro space 10240K,  41% used [0x37790000, 0x37bc2050, 0x37bc2200, 0x38190000)
    rw space 12288K,  52% used [0x38190000, 0x387d6800, 0x387d6800, 0x38d90000)
}

Deoptimization events (0 events):
No events

Internal exceptions (10 events):
Event: 0.016 Thread 0x02c8c800 Threw 0x317957a0 at C:\re\jdk7u51\527\hotspot\src\share\vm\prims\jni.cpp:3991
Event: 0.097 Thread 0x02c8c800 Threw 0x31861010 at C:\re\jdk7u51\527\hotspot\src\share\vm\prims\jvm.cpp:1244
Event: 0.097 Thread 0x02c8c800 Threw 0x31861128 at C:\re\jdk7u51\527\hotspot\src\share\vm\prims\jvm.cpp:1244
Event: 0.098 Thread 0x02c8c800 Threw 0x31864440 at C:\re\jdk7u51\527\hotspot\src\share\vm\prims\jvm.cpp:1244
Event: 0.098 Thread 0x02c8c800 Threw 0x31864558 at C:\re\jdk7u51\527\hotspot\src\share\vm\prims\jvm.cpp:1244
Event: 0.140 Thread 0x02c8c800 Threw 0x318d27d0 at C:\re\jdk7u51\527\hotspot\src\share\vm\prims\jni.cpp:717
Event: 0.140 Thread 0x02c8c800 Threw 0x318d2968 at C:\re\jdk7u51\527\hotspot\src\share\vm\prims\jni.cpp:717
Event: 0.140 Thread 0x02c8c800 Threw 0x318d2ad0 at C:\re\jdk7u51\527\hotspot\src\share\vm\prims\jni.cpp:717
Event: 30.423 Thread 0x0841d000 Threw 0x319e6dd0 at C:\re\jdk7u51\527\hotspot\src\share\vm\prims\jvm.cpp:1244
Event: 30.424 Thread 0x0841d000 Threw 0x319e7ec8 at C:\re\jdk7u51\527\hotspot\src\share\vm\prims\jvm.cpp:1244

Events (10 events):
Event: 30.425 loading class 0x0851bf40
Event: 30.425 loading class 0x0851bf40 done
Event: 30.425 loading class 0x0851beb8
Event: 30.426 loading class 0x0851beb8 done
Event: 30.426 loading class 0x0851b9a0
Event: 30.426 loading class 0x0851b9a0 done
Event: 30.426 loading class 0x0851b960
Event: 30.426 loading class 0x0851b960 done
Event: 30.426 loading class 0x0851aaf0
Event: 30.426 loading class 0x0851aaf0 done


Dynamic libraries:
0x01380000 - 0x013cd000 	C:\Users\Mecánica\Documents\moz\FirefoxPortable\App\Firefox\firefox.exe
0x77090000 - 0x771cc000 	C:\Windows\SYSTEM32\ntdll.dll
0x76a50000 - 0x76b24000 	C:\Windows\system32\kernel32.dll
0x75350000 - 0x7539b000 	C:\Windows\system32\KERNELBASE.dll
0x62c20000 - 0x6358e000 	C:\Users\Mecánica\Documents\moz\FirefoxPortable\App\Firefox\xul.dll
0x71e60000 - 0x71ecf000 	C:\Users\Mecánica\Documents\moz\FirefoxPortable\App\Firefox\sqlite3.dll
0x70a00000 - 0x70aae000 	C:\Users\Mecánica\Documents\moz\FirefoxPortable\App\Firefox\MOZCRT19.dll
0x75440000 - 0x754ec000 	C:\Windows\system32\msvcrt.dll
0x6ae30000 - 0x6aede000 	C:\Users\Mecánica\Documents\moz\FirefoxPortable\App\Firefox\js3250.dll
0x600b0000 - 0x600e0000 	C:\Users\Mecánica\Documents\moz\FirefoxPortable\App\Firefox\nspr4.dll
0x762a0000 - 0x76340000 	C:\Windows\system32\ADVAPI32.dll
0x771f0000 - 0x77209000 	C:\Windows\SYSTEM32\sechost.dll
0x77210000 - 0x772b2000 	C:\Windows\system32\RPCRT4.dll
0x6ffb0000 - 0x6ffb7000 	C:\Windows\system32\WSOCK32.dll
0x76690000 - 0x766c5000 	C:\Windows\system32\WS2_32.dll
0x753b0000 - 0x753b6000 	C:\Windows\system32\NSI.dll
0x72950000 - 0x72982000 	C:\Windows\system32\WINMM.dll
0x76cf0000 - 0x76db9000 	C:\Windows\system32\USER32.dll
0x76550000 - 0x7659e000 	C:\Windows\system32\GDI32.dll
0x76830000 - 0x7683a000 	C:\Windows\system32\LPK.dll
0x76b30000 - 0x76bcd000 	C:\Windows\system32\USP10.dll
0x60420000 - 0x60438000 	C:\Users\Mecánica\Documents\moz\FirefoxPortable\App\Firefox\smime3.dll
0x60340000 - 0x603da000 	C:\Users\Mecánica\Documents\moz\FirefoxPortable\App\Firefox\nss3.dll
0x603e0000 - 0x603f4000 	C:\Users\Mecánica\Documents\moz\FirefoxPortable\App\Firefox\nssutil3.dll
0x600f0000 - 0x600f7000 	C:\Users\Mecánica\Documents\moz\FirefoxPortable\App\Firefox\plc4.dll
0x600e0000 - 0x600e7000 	C:\Users\Mecánica\Documents\moz\FirefoxPortable\App\Firefox\plds4.dll
0x60400000 - 0x60420000 	C:\Users\Mecánica\Documents\moz\FirefoxPortable\App\Firefox\ssl3.dll
0x75650000 - 0x7629b000 	C:\Windows\system32\SHELL32.dll
0x764e0000 - 0x76537000 	C:\Windows\system32\SHLWAPI.dll
0x754f0000 - 0x7564c000 	C:\Windows\system32\ole32.dll
0x74440000 - 0x74449000 	C:\Windows\system32\VERSION.dll
0x6eb10000 - 0x6eb61000 	C:\Windows\system32\WINSPOOL.DRV
0x753c0000 - 0x7543b000 	C:\Windows\system32\COMDLG32.dll
0x73f40000 - 0x740de000 	C:\Windows\WinSxS\x86_microsoft.windows.common-controls_6595b64144ccf1df_6.0.7601.17514_none_41e6975e2bd6f2b2\COMCTL32.dll
0x771d0000 - 0x771ef000 	C:\Windows\system32\IMM32.dll
0x76c20000 - 0x76cec000 	C:\Windows\system32\MSCTF.dll
0x72b80000 - 0x72b85000 	C:\Windows\system32\MSIMG32.dll
0x765a0000 - 0x7662f000 	C:\Windows\system32\OLEAUT32.dll
0x72bf0000 - 0x72bf7000 	C:\Users\Mecánica\Documents\moz\FirefoxPortable\App\Firefox\xpcom.dll
0x72c20000 - 0x72d0b000 	C:\Windows\system32\dbghelp.dll
0x74fa0000 - 0x74fac000 	C:\Windows\system32\CRYPTBASE.dll
0x73d90000 - 0x73dd0000 	C:\Windows\system32\uxtheme.dll
0x76340000 - 0x764dd000 	C:\Windows\system32\SETUPAPI.dll
0x75230000 - 0x75257000 	C:\Windows\system32\CFGMGR32.dll
0x75310000 - 0x75322000 	C:\Windows\system32\DEVOBJ.dll
0x76dc0000 - 0x76e43000 	C:\Windows\system32\CLBCatQ.DLL
0x73dd0000 - 0x73ec5000 	C:\Windows\system32\propsys.dll
0x73ed0000 - 0x73ef1000 	C:\Windows\system32\ntmarta.dll
0x76bd0000 - 0x76c15000 	C:\Windows\system32\WLDAP32.dll
0x73a60000 - 0x73a73000 	C:\Windows\system32\dwmapi.dll
0x75080000 - 0x7508b000 	C:\Windows\system32\profapi.dll
0x72b40000 - 0x72b48000 	C:\Users\Mecánica\Documents\moz\FirefoxPortable\App\Firefox\components\browserdirprovider.dll
0x74a80000 - 0x74abc000 	C:\Windows\system32\mswsock.dll
0x745c0000 - 0x745c5000 	C:\Windows\System32\wshtcpip.dll
0x71c20000 - 0x71c3c000 	C:\Windows\system32\iphlpapi.dll
0x71c10000 - 0x71c17000 	C:\Windows\system32\WINNSI.DLL
0x73080000 - 0x73090000 	C:\Windows\system32\NLAapi.dll
0x70500000 - 0x70510000 	C:\Windows\system32\napinsp.dll
0x704e0000 - 0x704f2000 	C:\Windows\system32\pnrpnsp.dll
0x74940000 - 0x74984000 	C:\Windows\system32\DNSAPI.dll
0x704d0000 - 0x704d8000 	C:\Windows\System32\winrnr.dll
0x738f0000 - 0x73a21000 	C:\Windows\system32\WindowsCodecs.dll
0x74f50000 - 0x74f9c000 	C:\Windows\system32\apphelp.dll
0x6db10000 - 0x6db41000 	C:\Windows\system32\EhStorShell.dll
0x6d2f0000 - 0x6d6f6000 	C:\PROGRA~1\MICROS~1\Office14\GROOVEEX.DLL
0x6ffc0000 - 0x70063000 	C:\Windows\WinSxS\x86_microsoft.vc90.crt_1fc8b3b9a1e18e3b_9.0.30729.4940_none_50916076bcb9a742\MSVCR90.dll
0x6da80000 - 0x6db0e000 	C:\Windows\WinSxS\x86_microsoft.vc90.crt_1fc8b3b9a1e18e3b_9.0.30729.4940_none_50916076bcb9a742\MSVCP90.dll
0x6da50000 - 0x6da7b000 	C:\Windows\WinSxS\x86_microsoft.vc90.atl_1fc8b3b9a1e18e3b_9.0.30729.4148_none_51ca66a2bbe76806\ATL90.DLL
0x6ced0000 - 0x6d2ea000 	C:\PROGRA~1\COMMON~1\MICROS~1\OFFICE14\Cultures\office.odf
0x6c650000 - 0x6ced0000 	C:\PROGRA~1\MICROS~1\Office14\3082\GrooveIntlResource.dll
0x6d9e0000 - 0x6da4a000 	C:\Windows\System32\cscui.dll
0x6dbc0000 - 0x6dbc9000 	C:\Windows\System32\CSCDLL.dll
0x6e7d0000 - 0x6e7db000 	C:\Windows\system32\CSCAPI.dll
0x6d970000 - 0x6d9e0000 	C:\Windows\system32\ntshrui.dll
0x74d60000 - 0x74d79000 	C:\Windows\system32\srvcli.dll
0x73060000 - 0x7306a000 	C:\Windows\system32\slc.dll
0x74ac0000 - 0x74ad7000 	C:\Windows\system32\CRYPTSP.dll
0x74860000 - 0x7489b000 	C:\Windows\system32\rsaenh.dll
0x75010000 - 0x7501e000 	C:\Windows\system32\RpcRtRemote.dll
0x70b90000 - 0x70bb3000 	C:\Users\Mecánica\Documents\moz\FirefoxPortable\App\Firefox\components\brwsrcmp.dll
0x10000000 - 0x10006000 	C:\Program Files\CurveExpert\HKLIB3.dll
0x602f0000 - 0x60316000 	C:\Users\Mecánica\Documents\moz\FirefoxPortable\App\Firefox\softokn3.dll
0x60320000 - 0x60338000 	C:\Users\Mecánica\Documents\moz\FirefoxPortable\App\Firefox\nssdbm3.dll
0x60440000 - 0x60481000 	C:\Users\Mecánica\Documents\moz\FirefoxPortable\App\Firefox\freebl3.dll
0x602a0000 - 0x602ec000 	C:\Users\Mecánica\Documents\moz\FirefoxPortable\App\Firefox\nssckbi.dll
0x70100000 - 0x7012b000 	C:\Program Files\Java\jre7\bin\plugin2\npjp2.dll
0x6a550000 - 0x6a60f000 	C:\Windows\system32\MSVCR100.dll
0x69fa0000 - 0x6a320000 	C:\PROGRA~1\Java\jre7\bin\client\jvm.dll
0x766d0000 - 0x766d5000 	C:\Windows\system32\PSAPI.DLL
0x72780000 - 0x7278c000 	C:\PROGRA~1\Java\jre7\bin\verify.dll
0x709e0000 - 0x70a00000 	C:\PROGRA~1\Java\jre7\bin\java.dll
0x71ca0000 - 0x71cb3000 	C:\PROGRA~1\Java\jre7\bin\zip.dll
0x6a610000 - 0x6a6cf000 	C:\Program Files\Java\jre7\bin\msvcr100.dll
0x69f40000 - 0x69f9c000 	C:\Program Files\Java\jre7\bin\deploy.dll
0x76870000 - 0x76a45000 	C:\Windows\system32\WININET.dll
0x751e0000 - 0x751e4000 	C:\Windows\system32\api-ms-win-downlevel-user32-l1-1-0.dll
0x753a0000 - 0x753a4000 	C:\Windows\system32\api-ms-win-downlevel-shlwapi-l1-1-0.dll
0x75220000 - 0x75224000 	C:\Windows\system32\api-ms-win-downlevel-version-l1-1-0.dll
0x75330000 - 0x75333000 	C:\Windows\system32\api-ms-win-downlevel-normaliz-l1-1-0.dll
0x76540000 - 0x76543000 	C:\Windows\system32\normaliz.DLL
0x76e50000 - 0x77082000 	C:\Windows\system32\iertutil.dll
0x75340000 - 0x75345000 	C:\Windows\system32\api-ms-win-downlevel-advapi32-l1-1-0.dll
0x752f0000 - 0x75307000 	C:\Windows\system32\USERENV.dll
0x766e0000 - 0x7682b000 	C:\Windows\system32\urlmon.dll
0x750a0000 - 0x750a4000 	C:\Windows\system32\api-ms-win-downlevel-ole32-l1-1-0.dll
0x72b70000 - 0x72b76000 	C:\Program Files\Java\jre7\bin\jp2native.dll
0x707e0000 - 0x707f4000 	C:\Program Files\Java\jre7\bin\net.dll
0x74a70000 - 0x74a76000 	C:\Windows\System32\wship6.dll
0x71e00000 - 0x71e0f000 	C:\Program Files\Java\jre7\bin\nio.dll
0x6d860000 - 0x6d88f000 	C:\Windows\system32\shdocvw.dll
0x6b150000 - 0x6b170000 	C:\Program Files\Java\jre7\bin\sunec.dll
0x709d0000 - 0x709d9000 	C:\Program Files\Java\jre7\bin\sunmscapi.dll
0x750b0000 - 0x751d1000 	C:\Windows\system32\CRYPT32.dll
0x75090000 - 0x7509c000 	C:\Windows\system32\MSASN1.dll
0x70bf0000 - 0x70bf6000 	C:\Windows\system32\rasadhlp.dll
0x71ae0000 - 0x71b18000 	C:\Windows\System32\fwpuclnt.dll

VM Arguments:
jvm_args: -Xbootclasspath/a:C:\PROGRA~1\Java\jre7\lib\deploy.jar;C:\PROGRA~1\Java\jre7\lib\javaws.jar;C:\PROGRA~1\Java\jre7\lib\plugin.jar -Xmx32m -Djava.awt.headless=true -XX:MaxDirectMemorySize=64m 
java_command: <unknown>
Launcher Type: generic

Environment Variables:
PATH=C:\Program Files\Mozilla Firefox;C:\Windows\system32;C:\Windows;C:\Windows\System32\Wbem;C:\Windows\System32\WindowsPowerShell\v1.0\;C:\Program Files\Intel\DMIX;C:\Program Files\Common Files\Nero\Lib\
USERNAME=Mecánica
OS=Windows_NT
PROCESSOR_IDENTIFIER=x86 Family 6 Model 37 Stepping 2, GenuineIntel



---------------  S Y S T E M  ---------------

OS: Windows 7 Build 7601 Service Pack 1

CPU:total 4 (2 cores per cpu, 2 threads per core) family 6 model 37 stepping 2, cmov, cx8, fxsr, mmx, sse, sse2, sse3, ssse3, sse4.1, sse4.2, popcnt, ht, tsc, tscinvbit

Memory: 4k page, physical 3005740k(1817428k free), swap 6009732k(4621760k free)

vm_info: Java HotSpot(TM) Client VM (24.51-b03) for windows-x86 JRE (1.7.0_51-b13), built on Dec 18 2013 19:09:58 by "java_re" with unknown MS VC++:1600

time: Mon Mar 23 19:38:24 2015
elapsed time: 30 seconds

