#
# A fatal error has been detected by the Java Runtime Environment:
#
#  EXCEPTION_ACCESS_VIOLATION (0xc0000005) at pc=0x00000001, pid=656, tid=2428
#
# JRE version: Java(TM) SE Runtime Environment (7.0_51-b13) (build 1.7.0_51-b13)
# Java VM: Java HotSpot(TM) Client VM (24.51-b03 mixed mode, sharing windows-x86 )
# Problematic frame:
# C  0x00000001
#
# Failed to write core dump. Minidumps are not enabled by default on client versions of Windows
#
# If you would like to submit a bug report, please visit:
#   http://bugreport.sun.com/bugreport/crash.jsp
# The crash happened outside the Java Virtual Machine in native code.
# See problematic frame for where to report the bug.
#

---------------  T H R E A D  ---------------

Current thread (0x0944b800):  JavaThread "Thread-2" [_thread_in_native, id=2428, stack(0x000d0000,0x001d0000)]

siginfo: ExceptionCode=0xc0000005, ExceptionInformation=0x00000008 0x00000001

Registers:
EAX=0x68578ff8, EBX=0x00000000, ECX=0x001cf5b0, EDX=0x065cd944
ESP=0x001cf578, EBP=0x001cf5a8, ESI=0x0944b930, EDI=0x059fbdd8
EIP=0x00000001, EFLAGS=0x00210246

Top of Stack: (sp=0x001cf578)
0x001cf578:   70c180d1 059fbdd8 000001f6 09561a90
0x001cf588:   001cf5b0 001cf5a4 0944b800 337a5258
0x001cf598:   337a5258 09561a90 00000000 00000000
0x001cf5a8:   001cf5b8 70c19198 00000000 001cf608
0x001cf5b8:   001cf5f8 0661a9dd 0944b930 001cf614
0x001cf5c8:   059fbdd8 00000000 001cf608 065cd95c
0x001cf5d8:   001cf5d8 337a5258 001cf614 337ad2b0
0x001cf5e8:   00000000 337a5258 00000000 001cf608 

Instructions: (pc=0x00000001)
0xffffffe1:   


Register to memory mapping:

EAX=0x68578ff8 is an unknown value
EBX=0x00000000 is an unknown value
ECX=0x001cf5b0 is pointing into the stack for thread: 0x0944b800
EDX=0x065cd944 is an unknown value
ESP=0x001cf578 is pointing into the stack for thread: 0x0944b800
EBP=0x001cf5a8 is pointing into the stack for thread: 0x0944b800
ESI=0x0944b930 is an unknown value
EDI=0x059fbdd8 is an unknown value


Stack: [0x000d0000,0x001d0000],  sp=0x001cf578,  free space=1021k
Native frames: (J=compiled Java code, j=interpreted, Vv=VM code, C=native code)
C  0x00000001
C  [npjp2.dll+0x9198]
j  sun.plugin2.main.server.MozillaPlugin.getProxy0(JLjava/lang/String;)Ljava/lang/String;+0
j  sun.plugin2.main.server.MozillaPlugin.getProxy(Ljava/lang/String;)Ljava/lang/String;+17
j  sun.plugin2.main.server.MozillaBrowserService$MozillaProxyHandler.findProxyForURL(Ljava/lang/String;)Ljava/lang/String;+7
j  com.sun.deploy.net.proxy.AbstractBrowserProxyHandler.getProxyInfo(Ljava/net/URL;)[Lcom/sun/deploy/net/proxy/ProxyInfo;+5
j  com.sun.deploy.net.proxy.DynamicProxyManager.getProxyList(Ljava/net/URL;Z)Ljava/util/List;+113
j  sun.plugin2.main.server.ProxySupport.getProxyReply(Lsun/plugin2/main/server/Plugin;Lsun/plugin2/message/GetProxyMessage;)Lsun/plugin2/message/ProxyReplyMessage;+20
j  sun.plugin2.main.server.JVMInstance$1.run()V+26
j  sun.plugin2.main.server.MozillaPlugin$RunnableWrapper.run()V+4
j  sun.plugin2.main.server.MozillaPlugin.drainRunnableQueue()V+39
j  sun.plugin2.main.server.MozillaPlugin.access$000(Lsun/plugin2/main/server/MozillaPlugin;)V+1
j  sun.plugin2.main.server.MozillaPlugin$DrainRunnableQueue.run()V+4
v  ~StubRoutines::call_stub
V  [jvm.dll+0x13f35a]
V  [jvm.dll+0x202c6e]
V  [jvm.dll+0x13f3dd]
V  [jvm.dll+0xc9bc2]
V  [jvm.dll+0xcd813]
C  [npjp2.dll+0x203f]
C  [xul.dll+0x58de1e]

Java frames: (J=compiled Java code, j=interpreted, Vv=VM code)
j  sun.plugin2.main.server.MozillaPlugin.getProxy0(JLjava/lang/String;)Ljava/lang/String;+0
j  sun.plugin2.main.server.MozillaPlugin.getProxy(Ljava/lang/String;)Ljava/lang/String;+17
j  sun.plugin2.main.server.MozillaBrowserService$MozillaProxyHandler.findProxyForURL(Ljava/lang/String;)Ljava/lang/String;+7
j  com.sun.deploy.net.proxy.AbstractBrowserProxyHandler.getProxyInfo(Ljava/net/URL;)[Lcom/sun/deploy/net/proxy/ProxyInfo;+5
j  com.sun.deploy.net.proxy.DynamicProxyManager.getProxyList(Ljava/net/URL;Z)Ljava/util/List;+113
j  sun.plugin2.main.server.ProxySupport.getProxyReply(Lsun/plugin2/main/server/Plugin;Lsun/plugin2/message/GetProxyMessage;)Lsun/plugin2/message/ProxyReplyMessage;+20
j  sun.plugin2.main.server.JVMInstance$1.run()V+26
j  sun.plugin2.main.server.MozillaPlugin$RunnableWrapper.run()V+4
j  sun.plugin2.main.server.MozillaPlugin.drainRunnableQueue()V+39
j  sun.plugin2.main.server.MozillaPlugin.access$000(Lsun/plugin2/main/server/MozillaPlugin;)V+1
j  sun.plugin2.main.server.MozillaPlugin$DrainRunnableQueue.run()V+4
v  ~StubRoutines::call_stub

---------------  P R O C E S S  ---------------

Java Threads: ( => current thread )
  0x09370c00 JavaThread "Thread-5" daemon [_thread_in_native, id=2592, stack(0x0a200000,0x0a300000)]
  0x0944c400 JavaThread "Thread-4" daemon [_thread_in_native, id=3696, stack(0x09d60000,0x09e60000)]
  0x0944bc00 JavaThread "Thread-3" daemon [_thread_in_native, id=3644, stack(0x05e90000,0x05f90000)]
=>0x0944b800 JavaThread "Thread-2" [_thread_in_native, id=2428, stack(0x000d0000,0x001d0000)]
  0x09416800 JavaThread "JVM[id=1]-Heartbeat" [_thread_blocked, id=3420, stack(0x09b20000,0x09c20000)]
  0x09448000 JavaThread "JRE 1.7.0.51 Worker Thread" [_thread_blocked, id=1748, stack(0x09ea0000,0x09fa0000)]
  0x09440c00 JavaThread "JRE 1.7.0.51 Output Reader Thread" [_thread_in_native, id=3964, stack(0x09910000,0x09a10000)]
  0x09440800 JavaThread "JRE 1.7.0.51 Output Reader Thread" [_thread_in_native, id=2132, stack(0x09c40000,0x09d40000)]
  0x09441800 JavaThread "Thread-1" [_thread_in_native, id=2748, stack(0x09a10000,0x09b10000)]
  0x0943c400 JavaThread "Java Plug-In Pipe Worker Thread (Server-Side)" daemon [_thread_in_native, id=3428, stack(0x095d0000,0x096d0000)]
  0x09381c00 JavaThread "Thread-0" daemon [_thread_blocked, id=2436, stack(0x096f0000,0x097f0000)]
  0x065f1c00 JavaThread "traceMsgQueueThread" daemon [_thread_blocked, id=1948, stack(0x08650000,0x08750000)]
  0x065c5800 JavaThread "Service Thread" daemon [_thread_blocked, id=2576, stack(0x09100000,0x09200000)]
  0x065c0800 JavaThread "C1 CompilerThread0" daemon [_thread_blocked, id=1156, stack(0x08f60000,0x09060000)]
  0x065bd400 JavaThread "Attach Listener" daemon [_thread_blocked, id=3336, stack(0x08d30000,0x08e30000)]
  0x065ba400 JavaThread "Signal Dispatcher" daemon [_thread_blocked, id=3992, stack(0x08880000,0x08980000)]
  0x06552c00 JavaThread "Finalizer" daemon [_thread_blocked, id=572, stack(0x08b80000,0x08c80000)]
  0x0654dc00 JavaThread "Reference Handler" daemon [_thread_blocked, id=3936, stack(0x089d0000,0x08ad0000)]
  0x0650c800 JavaThread "main" [_thread_in_native, id=2504, stack(0x063d0000,0x064d0000)]

Other Threads:
  0x0654c000 VMThread [stack: 0x08750000,0x08850000] [id=3908]
  0x065d8c00 WatcherThread [stack: 0x09270000,0x09370000] [id=2648]

VM state:not at safepoint (normal execution)

VM Mutex/Monitor currently owned by a thread: None

Heap
 def new generation   total 4928K, used 1438K [0x31790000, 0x31ce0000, 0x32230000)
  eden space 4416K,  20% used [0x31790000, 0x318778a0, 0x31be0000)
  from space 512K, 100% used [0x31c60000, 0x31ce0000, 0x31ce0000)
  to   space 512K,   0% used [0x31be0000, 0x31be0000, 0x31c60000)
 tenured generation   total 10944K, used 2617K [0x32230000, 0x32ce0000, 0x33790000)
   the space 10944K,  23% used [0x32230000, 0x324be618, 0x324be800, 0x32ce0000)
 compacting perm gen  total 12288K, used 2852K [0x33790000, 0x34390000, 0x37790000)
   the space 12288K,  23% used [0x33790000, 0x33a59060, 0x33a59200, 0x34390000)
    ro space 10240K,  41% used [0x37790000, 0x37bc2050, 0x37bc2200, 0x38190000)
    rw space 12288K,  52% used [0x38190000, 0x387d6800, 0x387d6800, 0x38d90000)

Card table byte_map: [0x02c80000,0x02cc0000] byte_map_base: 0x02af4380

Polling page: 0x02ab0000

Code Cache  [0x06610000, 0x06728000, 0x08610000)
 total_blobs=488 nmethods=304 adapters=121 free_code_cache=31653Kb largest_free_block=32412672

Compilation events (10 events):
Event: 30.782 Thread 0x065c0800  300             java.util.Arrays::copyOf (13 bytes)
Event: 30.782 Thread 0x065c0800 nmethod 300 0x06725748 code [0x06725840, 0x067258cc]
Event: 30.785 Thread 0x065c0800  301             sun.security.provider.ByteArrayAccess::i2bBig (204 bytes)
Event: 30.786 Thread 0x065c0800 nmethod 301 0x06725948 code [0x06725a60, 0x06725c1c]
Event: 30.790 Thread 0x065c0800  302             java.lang.Class::arrayContentsEq (70 bytes)
Event: 30.790 Thread 0x065c0800 nmethod 302 0x06725f48 code [0x06726050, 0x067261c0]
Event: 30.796 Thread 0x065c0800  303             java.util.ArrayList::elementData (7 bytes)
Event: 30.796 Thread 0x065c0800 nmethod 303 0x06726308 code [0x06726400, 0x067264a0]
Event: 30.796 Thread 0x065c0800  304             java.util.ArrayList::rangeCheck (22 bytes)
Event: 30.797 Thread 0x065c0800 nmethod 304 0x06726548 code [0x067266a0, 0x06726968]

GC Heap History (6 events):
Event: 30.240 GC heap before
{Heap before GC invocations=0 (full 0):
 def new generation   total 4928K, used 4416K [0x31790000, 0x31ce0000, 0x32230000)
  eden space 4416K, 100% used [0x31790000, 0x31be0000, 0x31be0000)
  from space 512K,   0% used [0x31be0000, 0x31be0000, 0x31c60000)
  to   space 512K,   0% used [0x31c60000, 0x31c60000, 0x31ce0000)
 tenured generation   total 10944K, used 0K [0x32230000, 0x32ce0000, 0x33790000)
   the space 10944K,   0% used [0x32230000, 0x32230000, 0x32230200, 0x32ce0000)
 compacting perm gen  total 12288K, used 1704K [0x33790000, 0x34390000, 0x37790000)
   the space 12288K,  13% used [0x33790000, 0x3393a108, 0x3393a200, 0x34390000)
    ro space 10240K,  41% used [0x37790000, 0x37bc2050, 0x37bc2200, 0x38190000)
    rw space 12288K,  52% used [0x38190000, 0x387d6800, 0x387d6800, 0x38d90000)
Event: 30.247 GC heap after
Heap after GC invocations=1 (full 0):
 def new generation   total 4928K, used 512K [0x31790000, 0x31ce0000, 0x32230000)
  eden space 4416K,   0% used [0x31790000, 0x31790000, 0x31be0000)
  from space 512K, 100% used [0x31c60000, 0x31ce0000, 0x31ce0000)
  to   space 512K,   0% used [0x31be0000, 0x31be0000, 0x31c60000)
 tenured generation   total 10944K, used 645K [0x32230000, 0x32ce0000, 0x33790000)
   the space 10944K,   5% used [0x32230000, 0x322d1438, 0x322d1600, 0x32ce0000)
 compacting perm gen  total 12288K, used 1704K [0x33790000, 0x34390000, 0x37790000)
   the space 12288K,  13% used [0x33790000, 0x3393a108, 0x3393a200, 0x34390000)
    ro space 10240K,  41% used [0x37790000, 0x37bc2050, 0x37bc2200, 0x38190000)
    rw space 12288K,  52% used [0x38190000, 0x387d6800, 0x387d6800, 0x38d90000)
}
Event: 30.418 GC heap before
{Heap before GC invocations=1 (full 0):
 def new generation   total 4928K, used 4928K [0x31790000, 0x31ce0000, 0x32230000)
  eden space 4416K, 100% used [0x31790000, 0x31be0000, 0x31be0000)
  from space 512K, 100% used [0x31c60000, 0x31ce0000, 0x31ce0000)
  to   space 512K,   0% used [0x31be0000, 0x31be0000, 0x31c60000)
 tenured generation   total 10944K, used 645K [0x32230000, 0x32ce0000, 0x33790000)
   the space 10944K,   5% used [0x32230000, 0x322d1438, 0x322d1600, 0x32ce0000)
 compacting perm gen  total 12288K, used 2270K [0x33790000, 0x34390000, 0x37790000)
   the space 12288K,  18% used [0x33790000, 0x339c7890, 0x339c7a00, 0x34390000)
    ro space 10240K,  41% used [0x37790000, 0x37bc2050, 0x37bc2200, 0x38190000)
    rw space 12288K,  52% used [0x38190000, 0x387d6800, 0x387d6800, 0x38d90000)
Event: 30.424 GC heap after
Heap after GC invocations=2 (full 0):
 def new generation   total 4928K, used 512K [0x31790000, 0x31ce0000, 0x32230000)
  eden space 4416K,   0% used [0x31790000, 0x31790000, 0x31be0000)
  from space 512K, 100% used [0x31be0000, 0x31c60000, 0x31c60000)
  to   space 512K,   0% used [0x31c60000, 0x31c60000, 0x31ce0000)
 tenured generation   total 10944K, used 1481K [0x32230000, 0x32ce0000, 0x33790000)
   the space 10944K,  13% used [0x32230000, 0x323a2430, 0x323a2600, 0x32ce0000)
 compacting perm gen  total 12288K, used 2270K [0x33790000, 0x34390000, 0x37790000)
   the space 12288K,  18% used [0x33790000, 0x339c7890, 0x339c7a00, 0x34390000)
    ro space 10240K,  41% used [0x37790000, 0x37bc2050, 0x37bc2200, 0x38190000)
    rw space 12288K,  52% used [0x38190000, 0x387d6800, 0x387d6800, 0x38d90000)
}
Event: 30.763 GC heap before
{Heap before GC invocations=2 (full 0):
 def new generation   total 4928K, used 4928K [0x31790000, 0x31ce0000, 0x32230000)
  eden space 4416K, 100% used [0x31790000, 0x31be0000, 0x31be0000)
  from space 512K, 100% used [0x31be0000, 0x31c60000, 0x31c60000)
  to   space 512K,   0% used [0x31c60000, 0x31c60000, 0x31ce0000)
 tenured generation   total 10944K, used 1481K [0x32230000, 0x32ce0000, 0x33790000)
   the space 10944K,  13% used [0x32230000, 0x323a2430, 0x323a2600, 0x32ce0000)
 compacting perm gen  total 12288K, used 2621K [0x33790000, 0x34390000, 0x37790000)
   the space 12288K,  21% used [0x33790000, 0x33a1f460, 0x33a1f600, 0x34390000)
    ro space 10240K,  41% used [0x37790000, 0x37bc2050, 0x37bc2200, 0x38190000)
    rw space 12288K,  52% used [0x38190000, 0x387d6800, 0x387d6800, 0x38d90000)
Event: 30.769 GC heap after
Heap after GC invocations=3 (full 0):
 def new generation   total 4928K, used 512K [0x31790000, 0x31ce0000, 0x32230000)
  eden space 4416K,   0% used [0x31790000, 0x31790000, 0x31be0000)
  from space 512K, 100% used [0x31c60000, 0x31ce0000, 0x31ce0000)
  to   space 512K,   0% used [0x31be0000, 0x31be0000, 0x31c60000)
 tenured generation   total 10944K, used 2617K [0x32230000, 0x32ce0000, 0x33790000)
   the space 10944K,  23% used [0x32230000, 0x324be618, 0x324be800, 0x32ce0000)
 compacting perm gen  total 12288K, used 2621K [0x33790000, 0x34390000, 0x37790000)
   the space 12288K,  21% used [0x33790000, 0x33a1f460, 0x33a1f600, 0x34390000)
    ro space 10240K,  41% used [0x37790000, 0x37bc2050, 0x37bc2200, 0x38190000)
    rw space 12288K,  52% used [0x38190000, 0x387d6800, 0x387d6800, 0x38d90000)
}

Deoptimization events (0 events):
No events

Internal exceptions (10 events):
Event: 0.019 Thread 0x0650c800 Threw 0x317957a0 at C:\re\jdk7u51\527\hotspot\src\share\vm\prims\jni.cpp:3991
Event: 0.150 Thread 0x0650c800 Threw 0x31861010 at C:\re\jdk7u51\527\hotspot\src\share\vm\prims\jvm.cpp:1244
Event: 0.150 Thread 0x0650c800 Threw 0x31861128 at C:\re\jdk7u51\527\hotspot\src\share\vm\prims\jvm.cpp:1244
Event: 0.151 Thread 0x0650c800 Threw 0x31864440 at C:\re\jdk7u51\527\hotspot\src\share\vm\prims\jvm.cpp:1244
Event: 0.151 Thread 0x0650c800 Threw 0x31864558 at C:\re\jdk7u51\527\hotspot\src\share\vm\prims\jvm.cpp:1244
Event: 0.197 Thread 0x0650c800 Threw 0x318d2800 at C:\re\jdk7u51\527\hotspot\src\share\vm\prims\jni.cpp:717
Event: 0.198 Thread 0x0650c800 Threw 0x318d2998 at C:\re\jdk7u51\527\hotspot\src\share\vm\prims\jni.cpp:717
Event: 0.198 Thread 0x0650c800 Threw 0x318d2b00 at C:\re\jdk7u51\527\hotspot\src\share\vm\prims\jni.cpp:717
Event: 30.797 Thread 0x0944b800 Threw 0x3184d160 at C:\re\jdk7u51\527\hotspot\src\share\vm\prims\jvm.cpp:1244
Event: 30.797 Thread 0x0944b800 Threw 0x3184e258 at C:\re\jdk7u51\527\hotspot\src\share\vm\prims\jvm.cpp:1244

Events (10 events):
Event: 30.799 loading class 0x095044f8
Event: 30.799 loading class 0x095044f8 done
Event: 30.799 loading class 0x09504470
Event: 30.799 loading class 0x09504470 done
Event: 30.799 loading class 0x09503f58
Event: 30.799 loading class 0x09503f58 done
Event: 30.799 loading class 0x09503f18
Event: 30.799 loading class 0x09503f18 done
Event: 30.799 loading class 0x09502680
Event: 30.799 loading class 0x09502680 done


Dynamic libraries:
0x013b0000 - 0x013fd000 	C:\Users\Mecánica\Documents\moz\FirefoxPortable\App\Firefox\firefox.exe
0x77d60000 - 0x77e9c000 	C:\Windows\SYSTEM32\ntdll.dll
0x765b0000 - 0x76684000 	C:\Windows\system32\kernel32.dll
0x75dd0000 - 0x75e1b000 	C:\Windows\system32\KERNELBASE.dll
0x67c90000 - 0x685fe000 	C:\Users\Mecánica\Documents\moz\FirefoxPortable\App\Firefox\xul.dll
0x6eed0000 - 0x6ef3f000 	C:\Users\Mecánica\Documents\moz\FirefoxPortable\App\Firefox\sqlite3.dll
0x6c370000 - 0x6c41e000 	C:\Users\Mecánica\Documents\moz\FirefoxPortable\App\Firefox\MOZCRT19.dll
0x766e0000 - 0x7678c000 	C:\Windows\system32\msvcrt.dll
0x6ed20000 - 0x6edce000 	C:\Users\Mecánica\Documents\moz\FirefoxPortable\App\Firefox\js3250.dll
0x600b0000 - 0x600e0000 	C:\Users\Mecánica\Documents\moz\FirefoxPortable\App\Firefox\nspr4.dll
0x763a0000 - 0x76440000 	C:\Windows\system32\ADVAPI32.dll
0x76080000 - 0x76099000 	C:\Windows\SYSTEM32\sechost.dll
0x77ec0000 - 0x77f62000 	C:\Windows\system32\RPCRT4.dll
0x71940000 - 0x71947000 	C:\Windows\system32\WSOCK32.dll
0x76570000 - 0x765a5000 	C:\Windows\system32\WS2_32.dll
0x773e0000 - 0x773e6000 	C:\Windows\system32\NSI.dll
0x74510000 - 0x74542000 	C:\Windows\system32\WINMM.dll
0x764a0000 - 0x76569000 	C:\Windows\system32\USER32.dll
0x76690000 - 0x766de000 	C:\Windows\system32\GDI32.dll
0x76390000 - 0x7639a000 	C:\Windows\system32\LPK.dll
0x77580000 - 0x7761d000 	C:\Windows\system32\USP10.dll
0x60420000 - 0x60438000 	C:\Users\Mecánica\Documents\moz\FirefoxPortable\App\Firefox\smime3.dll
0x60340000 - 0x603da000 	C:\Users\Mecánica\Documents\moz\FirefoxPortable\App\Firefox\nss3.dll
0x603e0000 - 0x603f4000 	C:\Users\Mecánica\Documents\moz\FirefoxPortable\App\Firefox\nssutil3.dll
0x600f0000 - 0x600f7000 	C:\Users\Mecánica\Documents\moz\FirefoxPortable\App\Firefox\plc4.dll
0x600e0000 - 0x600e7000 	C:\Users\Mecánica\Documents\moz\FirefoxPortable\App\Firefox\plds4.dll
0x60400000 - 0x60420000 	C:\Users\Mecánica\Documents\moz\FirefoxPortable\App\Firefox\ssl3.dll
0x76790000 - 0x773db000 	C:\Windows\system32\SHELL32.dll
0x77620000 - 0x77677000 	C:\Windows\system32\SHLWAPI.dll
0x773f0000 - 0x7754c000 	C:\Windows\system32\ole32.dll
0x75110000 - 0x75119000 	C:\Windows\system32\VERSION.dll
0x700c0000 - 0x70111000 	C:\Windows\system32\WINSPOOL.DRV
0x76310000 - 0x7638b000 	C:\Windows\system32\COMDLG32.dll
0x74c10000 - 0x74dae000 	C:\Windows\WinSxS\x86_microsoft.windows.common-controls_6595b64144ccf1df_6.0.7601.17514_none_41e6975e2bd6f2b2\COMCTL32.dll
0x77f70000 - 0x77f8f000 	C:\Windows\system32\IMM32.dll
0x76240000 - 0x7630c000 	C:\Windows\system32\MSCTF.dll
0x74550000 - 0x74555000 	C:\Windows\system32\MSIMG32.dll
0x77cd0000 - 0x77d5f000 	C:\Windows\system32\OLEAUT32.dll
0x73e90000 - 0x73e97000 	C:\Users\Mecánica\Documents\moz\FirefoxPortable\App\Firefox\xpcom.dll
0x6f1c0000 - 0x6f2ab000 	C:\Windows\system32\dbghelp.dll
0x75c70000 - 0x75c7c000 	C:\Windows\system32\CRYPTBASE.dll
0x74950000 - 0x74990000 	C:\Windows\system32\uxtheme.dll
0x760a0000 - 0x7623d000 	C:\Windows\system32\SETUPAPI.dll
0x75ec0000 - 0x75ee7000 	C:\Windows\system32\CFGMGR32.dll
0x76030000 - 0x76042000 	C:\Windows\system32\DEVOBJ.dll
0x77a10000 - 0x77a93000 	C:\Windows\system32\CLBCatQ.DLL
0x74990000 - 0x74a85000 	C:\Windows\system32\propsys.dll
0x746d0000 - 0x746f1000 	C:\Windows\system32\ntmarta.dll
0x77c80000 - 0x77cc5000 	C:\Windows\system32\WLDAP32.dll
0x744a0000 - 0x744b3000 	C:\Windows\system32\dwmapi.dll
0x75d60000 - 0x75d6b000 	C:\Windows\system32\profapi.dll
0x73ea0000 - 0x73ea8000 	C:\Users\Mecánica\Documents\moz\FirefoxPortable\App\Firefox\components\browserdirprovider.dll
0x75750000 - 0x7578c000 	C:\Windows\system32\mswsock.dll
0x75290000 - 0x75295000 	C:\Windows\System32\wshtcpip.dll
0x73910000 - 0x7392c000 	C:\Windows\system32\iphlpapi.dll
0x738f0000 - 0x738f7000 	C:\Windows\system32\WINNSI.DLL
0x744f0000 - 0x74500000 	C:\Windows\system32\NLAapi.dll
0x70f30000 - 0x70f40000 	C:\Windows\system32\napinsp.dll
0x70f10000 - 0x70f22000 	C:\Windows\system32\pnrpnsp.dll
0x75610000 - 0x75654000 	C:\Windows\system32\DNSAPI.dll
0x70f00000 - 0x70f08000 	C:\Windows\System32\winrnr.dll
0x74240000 - 0x74371000 	C:\Windows\system32\WindowsCodecs.dll
0x75c20000 - 0x75c6c000 	C:\Windows\system32\apphelp.dll
0x6ee90000 - 0x6eec1000 	C:\Windows\system32\EhStorShell.dll
0x6dd10000 - 0x6e116000 	C:\PROGRA~1\MICROS~1\Office14\GROOVEEX.DLL
0x6ede0000 - 0x6ee83000 	C:\Windows\WinSxS\x86_microsoft.vc90.crt_1fc8b3b9a1e18e3b_9.0.30729.4940_none_50916076bcb9a742\MSVCR90.dll
0x6e780000 - 0x6e80e000 	C:\Windows\WinSxS\x86_microsoft.vc90.crt_1fc8b3b9a1e18e3b_9.0.30729.4940_none_50916076bcb9a742\MSVCP90.dll
0x6ef50000 - 0x6ef7b000 	C:\Windows\WinSxS\x86_microsoft.vc90.atl_1fc8b3b9a1e18e3b_9.0.30729.4148_none_51ca66a2bbe76806\ATL90.DLL
0x6d8f0000 - 0x6dd0a000 	C:\PROGRA~1\COMMON~1\MICROS~1\OFFICE14\Cultures\office.odf
0x6d070000 - 0x6d8f0000 	C:\PROGRA~1\MICROS~1\Office14\3082\GrooveIntlResource.dll
0x6e710000 - 0x6e77a000 	C:\Windows\System32\cscui.dll
0x6f2c0000 - 0x6f2c9000 	C:\Windows\System32\CSCDLL.dll
0x6f9a0000 - 0x6f9ab000 	C:\Windows\system32\CSCAPI.dll
0x6e6a0000 - 0x6e710000 	C:\Windows\system32\ntshrui.dll
0x75a30000 - 0x75a49000 	C:\Windows\system32\srvcli.dll
0x73af0000 - 0x73afa000 	C:\Windows\system32\slc.dll
0x75790000 - 0x757a7000 	C:\Windows\system32\CRYPTSP.dll
0x75530000 - 0x7556b000 	C:\Windows\system32\rsaenh.dll
0x75ce0000 - 0x75cee000 	C:\Windows\system32\RpcRtRemote.dll
0x72240000 - 0x72263000 	C:\Users\Mecánica\Documents\moz\FirefoxPortable\App\Firefox\components\brwsrcmp.dll
0x602f0000 - 0x60316000 	C:\Users\Mecánica\Documents\moz\FirefoxPortable\App\Firefox\softokn3.dll
0x60320000 - 0x60338000 	C:\Users\Mecánica\Documents\moz\FirefoxPortable\App\Firefox\nssdbm3.dll
0x60440000 - 0x60481000 	C:\Users\Mecánica\Documents\moz\FirefoxPortable\App\Firefox\freebl3.dll
0x602a0000 - 0x602ec000 	C:\Users\Mecánica\Documents\moz\FirefoxPortable\App\Firefox\nssckbi.dll
0x75740000 - 0x75746000 	C:\Windows\System32\wship6.dll
0x713b0000 - 0x713b6000 	C:\Windows\system32\rasadhlp.dll
0x72e20000 - 0x72e58000 	C:\Windows\System32\fwpuclnt.dll
0x70c10000 - 0x70c3b000 	C:\Program Files\Java\jre7\bin\plugin2\npjp2.dll
0x6aa30000 - 0x6aaef000 	C:\Windows\system32\MSVCR100.dll
0x68bf0000 - 0x68f70000 	C:\PROGRA~1\Java\jre7\bin\client\jvm.dll
0x77eb0000 - 0x77eb5000 	C:\Windows\system32\PSAPI.DLL
0x73940000 - 0x7394c000 	C:\PROGRA~1\Java\jre7\bin\verify.dll
0x71220000 - 0x71240000 	C:\PROGRA~1\Java\jre7\bin\java.dll
0x71180000 - 0x71193000 	C:\PROGRA~1\Java\jre7\bin\zip.dll
0x6a970000 - 0x6aa2f000 	C:\Program Files\Java\jre7\bin\msvcr100.dll
0x6bda0000 - 0x6bdfc000 	C:\Program Files\Java\jre7\bin\deploy.dll
0x77aa0000 - 0x77c75000 	C:\Windows\system32\WININET.dll
0x75d90000 - 0x75d94000 	C:\Windows\system32\api-ms-win-downlevel-user32-l1-1-0.dll
0x75d80000 - 0x75d84000 	C:\Windows\system32\api-ms-win-downlevel-shlwapi-l1-1-0.dll
0x76020000 - 0x76024000 	C:\Windows\system32\api-ms-win-downlevel-version-l1-1-0.dll
0x75e20000 - 0x75e23000 	C:\Windows\system32\api-ms-win-downlevel-normaliz-l1-1-0.dll
0x77ea0000 - 0x77ea3000 	C:\Windows\system32\normaliz.DLL
0x77680000 - 0x778b2000 	C:\Windows\system32\iertutil.dll
0x76070000 - 0x76075000 	C:\Windows\system32\api-ms-win-downlevel-advapi32-l1-1-0.dll
0x76050000 - 0x76067000 	C:\Windows\system32\USERENV.dll
0x778c0000 - 0x77a0b000 	C:\Windows\system32\urlmon.dll
0x75d70000 - 0x75d74000 	C:\Windows\system32\api-ms-win-downlevel-ole32-l1-1-0.dll
0x72220000 - 0x72226000 	C:\Program Files\Java\jre7\bin\jp2native.dll
0x70f70000 - 0x70f84000 	C:\Program Files\Java\jre7\bin\net.dll
0x720f0000 - 0x720ff000 	C:\Program Files\Java\jre7\bin\nio.dll
0x6e430000 - 0x6e45f000 	C:\Windows\system32\shdocvw.dll
0x70970000 - 0x70990000 	C:\Program Files\Java\jre7\bin\sunec.dll
0x708a0000 - 0x708a9000 	C:\Program Files\Java\jre7\bin\sunmscapi.dll
0x75ef0000 - 0x76011000 	C:\Windows\system32\CRYPT32.dll
0x75d50000 - 0x75d5c000 	C:\Windows\system32\MSASN1.dll

VM Arguments:
jvm_args: -Xbootclasspath/a:C:\PROGRA~1\Java\jre7\lib\deploy.jar;C:\PROGRA~1\Java\jre7\lib\javaws.jar;C:\PROGRA~1\Java\jre7\lib\plugin.jar -Xmx32m -Djava.awt.headless=true -XX:MaxDirectMemorySize=64m 
java_command: <unknown>
Launcher Type: generic

Environment Variables:
PATH=C:\Program Files\Mozilla Firefox;C:\Windows\system32;C:\Windows;C:\Windows\System32\Wbem;C:\Windows\System32\WindowsPowerShell\v1.0\;C:\Program Files\Intel\DMIX;C:\Program Files\Common Files\Nero\Lib\
USERNAME=Mecánica
OS=Windows_NT
PROCESSOR_IDENTIFIER=x86 Family 6 Model 37 Stepping 2, GenuineIntel



---------------  S Y S T E M  ---------------

OS: Windows 7 Build 7601 Service Pack 1

CPU:total 4 (2 cores per cpu, 2 threads per core) family 6 model 37 stepping 2, cmov, cx8, fxsr, mmx, sse, sse2, sse3, ssse3, sse4.1, sse4.2, popcnt, ht, tsc, tscinvbit

Memory: 4k page, physical 3005740k(1886848k free), swap 6009732k(4924448k free)

vm_info: Java HotSpot(TM) Client VM (24.51-b03) for windows-x86 JRE (1.7.0_51-b13), built on Dec 18 2013 19:09:58 by "java_re" with unknown MS VC++:1600

time: Thu Apr 09 07:28:49 2015
elapsed time: 30 seconds

