#
# A fatal error has been detected by the Java Runtime Environment:
#
#  EXCEPTION_ACCESS_VIOLATION (0xc0000005) at pc=0x00000001, pid=2280, tid=2512
#
# JRE version: Java(TM) SE Runtime Environment (7.0_51-b13) (build 1.7.0_51-b13)
# Java VM: Java HotSpot(TM) Client VM (24.51-b03 mixed mode, sharing windows-x86 )
# Problematic frame:
# C  0x00000001
#
# Failed to write core dump. Minidumps are not enabled by default on client versions of Windows
#
# If you would like to submit a bug report, please visit:
#   http://bugreport.sun.com/bugreport/crash.jsp
# The crash happened outside the Java Virtual Machine in native code.
# See problematic frame for where to report the bug.
#

---------------  T H R E A D  ---------------

Current thread (0x081b9800):  JavaThread "Thread-2" [_thread_in_native, id=2512, stack(0x00040000,0x00140000)]

siginfo: ExceptionCode=0xc0000005, ExceptionInformation=0x00000008 0x00000001

Registers:
EAX=0x64c08ff8, EBX=0x00000000, ECX=0x0013f070, EDX=0x044bf50c
ESP=0x0013f038, EBP=0x0013f068, ESI=0x081b9930, EDI=0x0354d418
EIP=0x00000001, EFLAGS=0x00210246

Top of Stack: (sp=0x0013f038)
0x0013f038:   71e780d1 0354d418 000001f6 08238778
0x0013f048:   0013f070 0013f064 081b9800 337a5258
0x0013f058:   337a5258 08238778 00000000 00000000
0x0013f068:   0013f078 71e79198 00000000 0013f0c8
0x0013f078:   0013f0b8 0570a9dd 081b9930 0013f0d4
0x0013f088:   0354d418 00000000 0013f0c8 044bf524
0x0013f098:   0013f098 337a5258 0013f0d4 337ad2b0
0x0013f0a8:   00000000 337a5258 00000000 0013f0c8 

Instructions: (pc=0x00000001)
0xffffffe1:   


Register to memory mapping:

EAX=0x64c08ff8 is an unknown value
EBX=0x00000000 is an unknown value
ECX=0x0013f070 is pointing into the stack for thread: 0x081b9800
EDX=0x044bf50c is an unknown value
ESP=0x0013f038 is pointing into the stack for thread: 0x081b9800
EBP=0x0013f068 is pointing into the stack for thread: 0x081b9800
ESI=0x081b9930 is an unknown value
EDI=0x0354d418 is an unknown value


Stack: [0x00040000,0x00140000],  sp=0x0013f038,  free space=1020k
Native frames: (J=compiled Java code, j=interpreted, Vv=VM code, C=native code)
C  0x00000001
C  [npjp2.dll+0x9198]
j  sun.plugin2.main.server.MozillaPlugin.getProxy0(JLjava/lang/String;)Ljava/lang/String;+0
j  sun.plugin2.main.server.MozillaPlugin.getProxy(Ljava/lang/String;)Ljava/lang/String;+17
j  sun.plugin2.main.server.MozillaBrowserService$MozillaProxyHandler.findProxyForURL(Ljava/lang/String;)Ljava/lang/String;+7
j  com.sun.deploy.net.proxy.AbstractBrowserProxyHandler.getProxyInfo(Ljava/net/URL;)[Lcom/sun/deploy/net/proxy/ProxyInfo;+5
j  com.sun.deploy.net.proxy.DynamicProxyManager.getProxyList(Ljava/net/URL;Z)Ljava/util/List;+113
j  sun.plugin2.main.server.ProxySupport.getProxyReply(Lsun/plugin2/main/server/Plugin;Lsun/plugin2/message/GetProxyMessage;)Lsun/plugin2/message/ProxyReplyMessage;+20
j  sun.plugin2.main.server.JVMInstance$1.run()V+26
j  sun.plugin2.main.server.MozillaPlugin$RunnableWrapper.run()V+4
j  sun.plugin2.main.server.MozillaPlugin.drainRunnableQueue()V+39
j  sun.plugin2.main.server.MozillaPlugin.access$000(Lsun/plugin2/main/server/MozillaPlugin;)V+1
j  sun.plugin2.main.server.MozillaPlugin$DrainRunnableQueue.run()V+4
v  ~StubRoutines::call_stub
V  [jvm.dll+0x13f35a]
V  [jvm.dll+0x202c6e]
V  [jvm.dll+0x13f3dd]
V  [jvm.dll+0xc9bc2]
V  [jvm.dll+0xcd813]
C  [npjp2.dll+0x203f]
C  [xul.dll+0x58de1e]

Java frames: (J=compiled Java code, j=interpreted, Vv=VM code)
j  sun.plugin2.main.server.MozillaPlugin.getProxy0(JLjava/lang/String;)Ljava/lang/String;+0
j  sun.plugin2.main.server.MozillaPlugin.getProxy(Ljava/lang/String;)Ljava/lang/String;+17
j  sun.plugin2.main.server.MozillaBrowserService$MozillaProxyHandler.findProxyForURL(Ljava/lang/String;)Ljava/lang/String;+7
j  com.sun.deploy.net.proxy.AbstractBrowserProxyHandler.getProxyInfo(Ljava/net/URL;)[Lcom/sun/deploy/net/proxy/ProxyInfo;+5
j  com.sun.deploy.net.proxy.DynamicProxyManager.getProxyList(Ljava/net/URL;Z)Ljava/util/List;+113
j  sun.plugin2.main.server.ProxySupport.getProxyReply(Lsun/plugin2/main/server/Plugin;Lsun/plugin2/message/GetProxyMessage;)Lsun/plugin2/message/ProxyReplyMessage;+20
j  sun.plugin2.main.server.JVMInstance$1.run()V+26
j  sun.plugin2.main.server.MozillaPlugin$RunnableWrapper.run()V+4
j  sun.plugin2.main.server.MozillaPlugin.drainRunnableQueue()V+39
j  sun.plugin2.main.server.MozillaPlugin.access$000(Lsun/plugin2/main/server/MozillaPlugin;)V+1
j  sun.plugin2.main.server.MozillaPlugin$DrainRunnableQueue.run()V+4
v  ~StubRoutines::call_stub

---------------  P R O C E S S  ---------------

Java Threads: ( => current thread )
  0x0813ec00 JavaThread "Thread-5" daemon [_thread_blocked, id=3392, stack(0x09820000,0x09920000)]
  0x081ba400 JavaThread "Thread-4" daemon [_thread_blocked, id=3020, stack(0x09620000,0x09720000)]
  0x081ba000 JavaThread "Thread-3" daemon [_thread_in_native, id=1868, stack(0x08540000,0x08640000)]
=>0x081b9800 JavaThread "Thread-2" [_thread_in_native, id=2512, stack(0x00040000,0x00140000)]
  0x08188c00 JavaThread "JVM[id=1]-Heartbeat" [_thread_blocked, id=376, stack(0x03e50000,0x03f50000)]
  0x081b6000 JavaThread "JRE 1.7.0.51 Worker Thread" [_thread_blocked, id=4068, stack(0x08d10000,0x08e10000)]
  0x081b2000 JavaThread "JRE 1.7.0.51 Output Reader Thread" [_thread_in_native, id=3028, stack(0x08bb0000,0x08cb0000)]
  0x081b3c00 JavaThread "JRE 1.7.0.51 Output Reader Thread" [_thread_in_native, id=1628, stack(0x088e0000,0x089e0000)]
  0x081b3400 JavaThread "Thread-1" [_thread_in_native, id=3156, stack(0x08a20000,0x08b20000)]
  0x081ae000 JavaThread "Java Plug-In Pipe Worker Thread (Server-Side)" daemon [_thread_in_native, id=2808, stack(0x087d0000,0x088d0000)]
  0x080f2400 JavaThread "Thread-0" daemon [_thread_blocked, id=3620, stack(0x08320000,0x08420000)]
  0x044f0400 JavaThread "traceMsgQueueThread" daemon [_thread_blocked, id=1300, stack(0x08440000,0x08540000)]
  0x044b9400 JavaThread "Service Thread" daemon [_thread_blocked, id=312, stack(0x07fe0000,0x080e0000)]
  0x044b0800 JavaThread "C1 CompilerThread0" daemon [_thread_blocked, id=2212, stack(0x07dd0000,0x07ed0000)]
  0x044ad400 JavaThread "Attach Listener" daemon [_thread_blocked, id=3956, stack(0x07c90000,0x07d90000)]
  0x044aa400 JavaThread "Signal Dispatcher" daemon [_thread_blocked, id=2768, stack(0x07b50000,0x07c50000)]
  0x04442c00 JavaThread "Finalizer" daemon [_thread_blocked, id=1876, stack(0x07a30000,0x07b30000)]
  0x0443dc00 JavaThread "Reference Handler" daemon [_thread_blocked, id=1568, stack(0x078c0000,0x079c0000)]
  0x0315c800 JavaThread "main" [_thread_in_native, id=4020, stack(0x04b30000,0x04c30000)]

Other Threads:
  0x0443c400 VMThread [stack: 0x07750000,0x07850000] [id=3400]
  0x044cac00 WatcherThread [stack: 0x04cd0000,0x04dd0000] [id=2792]

VM state:not at safepoint (normal execution)

VM Mutex/Monitor currently owned by a thread: None

Heap
 def new generation   total 4928K, used 3006K [0x31790000, 0x31ce0000, 0x32230000)
  eden space 4416K,  56% used [0x31790000, 0x319ffbc8, 0x31be0000)
  from space 512K, 100% used [0x31be0000, 0x31c60000, 0x31c60000)
  to   space 512K,   0% used [0x31c60000, 0x31c60000, 0x31ce0000)
 tenured generation   total 10944K, used 1467K [0x32230000, 0x32ce0000, 0x33790000)
   the space 10944K,  13% used [0x32230000, 0x3239ed38, 0x3239ee00, 0x32ce0000)
 compacting perm gen  total 12288K, used 2485K [0x33790000, 0x34390000, 0x37790000)
   the space 12288K,  20% used [0x33790000, 0x339fd5b8, 0x339fd600, 0x34390000)
    ro space 10240K,  41% used [0x37790000, 0x37bc2050, 0x37bc2200, 0x38190000)
    rw space 12288K,  52% used [0x38190000, 0x387d6800, 0x387d6800, 0x38d90000)

Card table byte_map: [0x03100000,0x03140000] byte_map_base: 0x02f74380

Polling page: 0x02ed0000

Code Cache  [0x05700000, 0x05800000, 0x07700000)
 total_blobs=420 nmethods=238 adapters=119 free_code_cache=31753Kb largest_free_block=32515392

Compilation events (10 events):
Event: 30.366 Thread 0x044b0800  234             java.lang.Math::min (46 bytes)
Event: 30.366 Thread 0x044b0800 nmethod 234 0x057fc688 code [0x057fc780, 0x057fc8c0]
Event: 30.366 Thread 0x044b0800  235             java.util.regex.Matcher::reset (83 bytes)
Event: 30.366 Thread 0x044b0800 nmethod 235 0x057fc908 code [0x057fca20, 0x057fcb6c]
Event: 30.366 Thread 0x044b0800  236             java.util.HashMap$HashIterator::<init> (63 bytes)
Event: 30.367 Thread 0x044b0800 nmethod 236 0x057fcd48 code [0x057fce40, 0x057fcf30]
Event: 30.367 Thread 0x044b0800  237             java.lang.String::equalsIgnoreCase (48 bytes)
Event: 30.367 Thread 0x044b0800 nmethod 237 0x057fd008 code [0x057fd110, 0x057fd21c]
Event: 30.416 Thread 0x044b0800  238             java.util.Properties::load0 (250 bytes)
Event: 30.417 Thread 0x044b0800 nmethod 238 0x057fd308 code [0x057fd450, 0x057fd770]

GC Heap History (4 events):
Event: 30.176 GC heap before
{Heap before GC invocations=0 (full 0):
 def new generation   total 4928K, used 4416K [0x31790000, 0x31ce0000, 0x32230000)
  eden space 4416K, 100% used [0x31790000, 0x31be0000, 0x31be0000)
  from space 512K,   0% used [0x31be0000, 0x31be0000, 0x31c60000)
  to   space 512K,   0% used [0x31c60000, 0x31c60000, 0x31ce0000)
 tenured generation   total 10944K, used 0K [0x32230000, 0x32ce0000, 0x33790000)
   the space 10944K,   0% used [0x32230000, 0x32230000, 0x32230200, 0x32ce0000)
 compacting perm gen  total 12288K, used 1704K [0x33790000, 0x34390000, 0x37790000)
   the space 12288K,  13% used [0x33790000, 0x3393a108, 0x3393a200, 0x34390000)
    ro space 10240K,  41% used [0x37790000, 0x37bc2050, 0x37bc2200, 0x38190000)
    rw space 12288K,  52% used [0x38190000, 0x387d6800, 0x387d6800, 0x38d90000)
Event: 30.186 GC heap after
Heap after GC invocations=1 (full 0):
 def new generation   total 4928K, used 512K [0x31790000, 0x31ce0000, 0x32230000)
  eden space 4416K,   0% used [0x31790000, 0x31790000, 0x31be0000)
  from space 512K, 100% used [0x31c60000, 0x31ce0000, 0x31ce0000)
  to   space 512K,   0% used [0x31be0000, 0x31be0000, 0x31c60000)
 tenured generation   total 10944K, used 644K [0x32230000, 0x32ce0000, 0x33790000)
   the space 10944K,   5% used [0x32230000, 0x322d13c8, 0x322d1400, 0x32ce0000)
 compacting perm gen  total 12288K, used 1704K [0x33790000, 0x34390000, 0x37790000)
   the space 12288K,  13% used [0x33790000, 0x3393a108, 0x3393a200, 0x34390000)
    ro space 10240K,  41% used [0x37790000, 0x37bc2050, 0x37bc2200, 0x38190000)
    rw space 12288K,  52% used [0x38190000, 0x387d6800, 0x387d6800, 0x38d90000)
}
Event: 30.302 GC heap before
{Heap before GC invocations=1 (full 0):
 def new generation   total 4928K, used 4928K [0x31790000, 0x31ce0000, 0x32230000)
  eden space 4416K, 100% used [0x31790000, 0x31be0000, 0x31be0000)
  from space 512K, 100% used [0x31c60000, 0x31ce0000, 0x31ce0000)
  to   space 512K,   0% used [0x31be0000, 0x31be0000, 0x31c60000)
 tenured generation   total 10944K, used 644K [0x32230000, 0x32ce0000, 0x33790000)
   the space 10944K,   5% used [0x32230000, 0x322d13c8, 0x322d1400, 0x32ce0000)
 compacting perm gen  total 12288K, used 2270K [0x33790000, 0x34390000, 0x37790000)
   the space 12288K,  18% used [0x33790000, 0x339c78b0, 0x339c7a00, 0x34390000)
    ro space 10240K,  41% used [0x37790000, 0x37bc2050, 0x37bc2200, 0x38190000)
    rw space 12288K,  52% used [0x38190000, 0x387d6800, 0x387d6800, 0x38d90000)
Event: 30.310 GC heap after
Heap after GC invocations=2 (full 0):
 def new generation   total 4928K, used 512K [0x31790000, 0x31ce0000, 0x32230000)
  eden space 4416K,   0% used [0x31790000, 0x31790000, 0x31be0000)
  from space 512K, 100% used [0x31be0000, 0x31c60000, 0x31c60000)
  to   space 512K,   0% used [0x31c60000, 0x31c60000, 0x31ce0000)
 tenured generation   total 10944K, used 1467K [0x32230000, 0x32ce0000, 0x33790000)
   the space 10944K,  13% used [0x32230000, 0x3239ed38, 0x3239ee00, 0x32ce0000)
 compacting perm gen  total 12288K, used 2270K [0x33790000, 0x34390000, 0x37790000)
   the space 12288K,  18% used [0x33790000, 0x339c78b0, 0x339c7a00, 0x34390000)
    ro space 10240K,  41% used [0x37790000, 0x37bc2050, 0x37bc2200, 0x38190000)
    rw space 12288K,  52% used [0x38190000, 0x387d6800, 0x387d6800, 0x38d90000)
}

Deoptimization events (0 events):
No events

Internal exceptions (10 events):
Event: 0.016 Thread 0x0315c800 Threw 0x317957a0 at C:\re\jdk7u51\527\hotspot\src\share\vm\prims\jni.cpp:3991
Event: 0.107 Thread 0x0315c800 Threw 0x31861038 at C:\re\jdk7u51\527\hotspot\src\share\vm\prims\jvm.cpp:1244
Event: 0.107 Thread 0x0315c800 Threw 0x31861150 at C:\re\jdk7u51\527\hotspot\src\share\vm\prims\jvm.cpp:1244
Event: 0.107 Thread 0x0315c800 Threw 0x31864468 at C:\re\jdk7u51\527\hotspot\src\share\vm\prims\jvm.cpp:1244
Event: 0.107 Thread 0x0315c800 Threw 0x31864580 at C:\re\jdk7u51\527\hotspot\src\share\vm\prims\jvm.cpp:1244
Event: 0.151 Thread 0x0315c800 Threw 0x318d2840 at C:\re\jdk7u51\527\hotspot\src\share\vm\prims\jni.cpp:717
Event: 0.151 Thread 0x0315c800 Threw 0x318d29d8 at C:\re\jdk7u51\527\hotspot\src\share\vm\prims\jni.cpp:717
Event: 0.151 Thread 0x0315c800 Threw 0x318d2b40 at C:\re\jdk7u51\527\hotspot\src\share\vm\prims\jni.cpp:717
Event: 30.429 Thread 0x081b9800 Threw 0x319eaef0 at C:\re\jdk7u51\527\hotspot\src\share\vm\prims\jvm.cpp:1244
Event: 30.429 Thread 0x081b9800 Threw 0x319ebfe8 at C:\re\jdk7u51\527\hotspot\src\share\vm\prims\jvm.cpp:1244

Events (10 events):
Event: 30.431 loading class 0x082b7000
Event: 30.431 loading class 0x082b7000 done
Event: 30.431 loading class 0x082b6f78
Event: 30.431 loading class 0x082b6f78 done
Event: 30.431 loading class 0x082b6a60
Event: 30.431 loading class 0x082b6a60 done
Event: 30.431 loading class 0x082b6a20
Event: 30.431 loading class 0x082b6a20 done
Event: 30.431 loading class 0x082b5bb0
Event: 30.431 loading class 0x082b5bb0 done


Dynamic libraries:
0x01300000 - 0x0134d000 	C:\Users\Mecánica\Documents\moz\FirefoxPortable\App\Firefox\firefox.exe
0x77090000 - 0x771cc000 	C:\Windows\SYSTEM32\ntdll.dll
0x76a50000 - 0x76b24000 	C:\Windows\system32\kernel32.dll
0x75350000 - 0x7539b000 	C:\Windows\system32\KERNELBASE.dll
0x64320000 - 0x64c8e000 	C:\Users\Mecánica\Documents\moz\FirefoxPortable\App\Firefox\xul.dll
0x70a40000 - 0x70aaf000 	C:\Users\Mecánica\Documents\moz\FirefoxPortable\App\Firefox\sqlite3.dll
0x6ae30000 - 0x6aede000 	C:\Users\Mecánica\Documents\moz\FirefoxPortable\App\Firefox\MOZCRT19.dll
0x75440000 - 0x754ec000 	C:\Windows\system32\msvcrt.dll
0x6a620000 - 0x6a6ce000 	C:\Users\Mecánica\Documents\moz\FirefoxPortable\App\Firefox\js3250.dll
0x600b0000 - 0x600e0000 	C:\Users\Mecánica\Documents\moz\FirefoxPortable\App\Firefox\nspr4.dll
0x762a0000 - 0x76340000 	C:\Windows\system32\ADVAPI32.dll
0x771f0000 - 0x77209000 	C:\Windows\SYSTEM32\sechost.dll
0x77210000 - 0x772b2000 	C:\Windows\system32\RPCRT4.dll
0x6ffb0000 - 0x6ffb7000 	C:\Windows\system32\WSOCK32.dll
0x76690000 - 0x766c5000 	C:\Windows\system32\WS2_32.dll
0x753b0000 - 0x753b6000 	C:\Windows\system32\NSI.dll
0x72950000 - 0x72982000 	C:\Windows\system32\WINMM.dll
0x76cf0000 - 0x76db9000 	C:\Windows\system32\USER32.dll
0x76550000 - 0x7659e000 	C:\Windows\system32\GDI32.dll
0x76830000 - 0x7683a000 	C:\Windows\system32\LPK.dll
0x76b30000 - 0x76bcd000 	C:\Windows\system32\USP10.dll
0x60420000 - 0x60438000 	C:\Users\Mecánica\Documents\moz\FirefoxPortable\App\Firefox\smime3.dll
0x60340000 - 0x603da000 	C:\Users\Mecánica\Documents\moz\FirefoxPortable\App\Firefox\nss3.dll
0x603e0000 - 0x603f4000 	C:\Users\Mecánica\Documents\moz\FirefoxPortable\App\Firefox\nssutil3.dll
0x600f0000 - 0x600f7000 	C:\Users\Mecánica\Documents\moz\FirefoxPortable\App\Firefox\plc4.dll
0x600e0000 - 0x600e7000 	C:\Users\Mecánica\Documents\moz\FirefoxPortable\App\Firefox\plds4.dll
0x60400000 - 0x60420000 	C:\Users\Mecánica\Documents\moz\FirefoxPortable\App\Firefox\ssl3.dll
0x75650000 - 0x7629b000 	C:\Windows\system32\SHELL32.dll
0x764e0000 - 0x76537000 	C:\Windows\system32\SHLWAPI.dll
0x754f0000 - 0x7564c000 	C:\Windows\system32\ole32.dll
0x74440000 - 0x74449000 	C:\Windows\system32\VERSION.dll
0x6eb10000 - 0x6eb61000 	C:\Windows\system32\WINSPOOL.DRV
0x753c0000 - 0x7543b000 	C:\Windows\system32\COMDLG32.dll
0x73f40000 - 0x740de000 	C:\Windows\WinSxS\x86_microsoft.windows.common-controls_6595b64144ccf1df_6.0.7601.17514_none_41e6975e2bd6f2b2\COMCTL32.dll
0x771d0000 - 0x771ef000 	C:\Windows\system32\IMM32.dll
0x76c20000 - 0x76cec000 	C:\Windows\system32\MSCTF.dll
0x72bf0000 - 0x72bf5000 	C:\Windows\system32\MSIMG32.dll
0x765a0000 - 0x7662f000 	C:\Windows\system32\OLEAUT32.dll
0x72b80000 - 0x72b87000 	C:\Users\Mecánica\Documents\moz\FirefoxPortable\App\Firefox\xpcom.dll
0x72c20000 - 0x72d0b000 	C:\Windows\system32\dbghelp.dll
0x74fa0000 - 0x74fac000 	C:\Windows\system32\CRYPTBASE.dll
0x73d90000 - 0x73dd0000 	C:\Windows\system32\uxtheme.dll
0x76340000 - 0x764dd000 	C:\Windows\system32\SETUPAPI.dll
0x75230000 - 0x75257000 	C:\Windows\system32\CFGMGR32.dll
0x75310000 - 0x75322000 	C:\Windows\system32\DEVOBJ.dll
0x76dc0000 - 0x76e43000 	C:\Windows\system32\CLBCatQ.DLL
0x73dd0000 - 0x73ec5000 	C:\Windows\system32\propsys.dll
0x73ed0000 - 0x73ef1000 	C:\Windows\system32\ntmarta.dll
0x76bd0000 - 0x76c15000 	C:\Windows\system32\WLDAP32.dll
0x73a60000 - 0x73a73000 	C:\Windows\system32\dwmapi.dll
0x75080000 - 0x7508b000 	C:\Windows\system32\profapi.dll
0x72b70000 - 0x72b78000 	C:\Users\Mecánica\Documents\moz\FirefoxPortable\App\Firefox\components\browserdirprovider.dll
0x74a80000 - 0x74abc000 	C:\Windows\system32\mswsock.dll
0x745c0000 - 0x745c5000 	C:\Windows\System32\wshtcpip.dll
0x71c20000 - 0x71c3c000 	C:\Windows\system32\iphlpapi.dll
0x71c10000 - 0x71c17000 	C:\Windows\system32\WINNSI.DLL
0x73080000 - 0x73090000 	C:\Windows\system32\NLAapi.dll
0x70500000 - 0x70510000 	C:\Windows\system32\napinsp.dll
0x704e0000 - 0x704f2000 	C:\Windows\system32\pnrpnsp.dll
0x74940000 - 0x74984000 	C:\Windows\system32\DNSAPI.dll
0x704d0000 - 0x704d8000 	C:\Windows\System32\winrnr.dll
0x738f0000 - 0x73a21000 	C:\Windows\system32\WindowsCodecs.dll
0x74f50000 - 0x74f9c000 	C:\Windows\system32\apphelp.dll
0x6db10000 - 0x6db41000 	C:\Windows\system32\EhStorShell.dll
0x6d2f0000 - 0x6d6f6000 	C:\PROGRA~1\MICROS~1\Office14\GROOVEEX.DLL
0x6ffc0000 - 0x70063000 	C:\Windows\WinSxS\x86_microsoft.vc90.crt_1fc8b3b9a1e18e3b_9.0.30729.4940_none_50916076bcb9a742\MSVCR90.dll
0x6da80000 - 0x6db0e000 	C:\Windows\WinSxS\x86_microsoft.vc90.crt_1fc8b3b9a1e18e3b_9.0.30729.4940_none_50916076bcb9a742\MSVCP90.dll
0x6da50000 - 0x6da7b000 	C:\Windows\WinSxS\x86_microsoft.vc90.atl_1fc8b3b9a1e18e3b_9.0.30729.4148_none_51ca66a2bbe76806\ATL90.DLL
0x6ced0000 - 0x6d2ea000 	C:\PROGRA~1\COMMON~1\MICROS~1\OFFICE14\Cultures\office.odf
0x6c650000 - 0x6ced0000 	C:\PROGRA~1\MICROS~1\Office14\3082\GrooveIntlResource.dll
0x6d9e0000 - 0x6da4a000 	C:\Windows\System32\cscui.dll
0x6dbc0000 - 0x6dbc9000 	C:\Windows\System32\CSCDLL.dll
0x6e7d0000 - 0x6e7db000 	C:\Windows\system32\CSCAPI.dll
0x6d970000 - 0x6d9e0000 	C:\Windows\system32\ntshrui.dll
0x74d60000 - 0x74d79000 	C:\Windows\system32\srvcli.dll
0x73060000 - 0x7306a000 	C:\Windows\system32\slc.dll
0x74ac0000 - 0x74ad7000 	C:\Windows\system32\CRYPTSP.dll
0x74860000 - 0x7489b000 	C:\Windows\system32\rsaenh.dll
0x75010000 - 0x7501e000 	C:\Windows\system32\RpcRtRemote.dll
0x71ea0000 - 0x71ec3000 	C:\Users\Mecánica\Documents\moz\FirefoxPortable\App\Firefox\components\brwsrcmp.dll
0x10000000 - 0x10006000 	C:\Program Files\CurveExpert\HKLIB3.dll
0x602f0000 - 0x60316000 	C:\Users\Mecánica\Documents\moz\FirefoxPortable\App\Firefox\softokn3.dll
0x60320000 - 0x60338000 	C:\Users\Mecánica\Documents\moz\FirefoxPortable\App\Firefox\nssdbm3.dll
0x60440000 - 0x60481000 	C:\Users\Mecánica\Documents\moz\FirefoxPortable\App\Firefox\freebl3.dll
0x602a0000 - 0x602ec000 	C:\Users\Mecánica\Documents\moz\FirefoxPortable\App\Firefox\nssckbi.dll
0x71e70000 - 0x71e9b000 	C:\Program Files\Java\jre7\bin\plugin2\npjp2.dll
0x6a560000 - 0x6a61f000 	C:\Windows\system32\MSVCR100.dll
0x69fa0000 - 0x6a320000 	C:\PROGRA~1\Java\jre7\bin\client\jvm.dll
0x766d0000 - 0x766d5000 	C:\Windows\system32\PSAPI.DLL
0x72b40000 - 0x72b4c000 	C:\PROGRA~1\Java\jre7\bin\verify.dll
0x70ba0000 - 0x70bc0000 	C:\PROGRA~1\Java\jre7\bin\java.dll
0x71ca0000 - 0x71cb3000 	C:\PROGRA~1\Java\jre7\bin\zip.dll
0x69ee0000 - 0x69f9f000 	C:\Program Files\Java\jre7\bin\msvcr100.dll
0x709e0000 - 0x70a3c000 	C:\Program Files\Java\jre7\bin\deploy.dll
0x76870000 - 0x76a45000 	C:\Windows\system32\WININET.dll
0x751e0000 - 0x751e4000 	C:\Windows\system32\api-ms-win-downlevel-user32-l1-1-0.dll
0x753a0000 - 0x753a4000 	C:\Windows\system32\api-ms-win-downlevel-shlwapi-l1-1-0.dll
0x75220000 - 0x75224000 	C:\Windows\system32\api-ms-win-downlevel-version-l1-1-0.dll
0x75330000 - 0x75333000 	C:\Windows\system32\api-ms-win-downlevel-normaliz-l1-1-0.dll
0x76540000 - 0x76543000 	C:\Windows\system32\normaliz.DLL
0x76e50000 - 0x77082000 	C:\Windows\system32\iertutil.dll
0x75340000 - 0x75345000 	C:\Windows\system32\api-ms-win-downlevel-advapi32-l1-1-0.dll
0x752f0000 - 0x75307000 	C:\Windows\system32\USERENV.dll
0x766e0000 - 0x7682b000 	C:\Windows\system32\urlmon.dll
0x750a0000 - 0x750a4000 	C:\Windows\system32\api-ms-win-downlevel-ole32-l1-1-0.dll
0x723c0000 - 0x723c6000 	C:\Program Files\Java\jre7\bin\jp2native.dll
0x707e0000 - 0x707f4000 	C:\Program Files\Java\jre7\bin\net.dll
0x74a70000 - 0x74a76000 	C:\Windows\System32\wship6.dll
0x72780000 - 0x7278f000 	C:\Program Files\Java\jre7\bin\nio.dll
0x6d860000 - 0x6d88f000 	C:\Windows\system32\shdocvw.dll
0x6b150000 - 0x6b170000 	C:\Program Files\Java\jre7\bin\sunec.dll
0x71e00000 - 0x71e09000 	C:\Program Files\Java\jre7\bin\sunmscapi.dll
0x750b0000 - 0x751d1000 	C:\Windows\system32\CRYPT32.dll
0x75090000 - 0x7509c000 	C:\Windows\system32\MSASN1.dll
0x70bf0000 - 0x70bf6000 	C:\Windows\system32\rasadhlp.dll
0x71ae0000 - 0x71b18000 	C:\Windows\System32\fwpuclnt.dll

VM Arguments:
jvm_args: -Xbootclasspath/a:C:\PROGRA~1\Java\jre7\lib\deploy.jar;C:\PROGRA~1\Java\jre7\lib\javaws.jar;C:\PROGRA~1\Java\jre7\lib\plugin.jar -Xmx32m -Djava.awt.headless=true -XX:MaxDirectMemorySize=64m 
java_command: <unknown>
Launcher Type: generic

Environment Variables:
PATH=C:\Program Files\Mozilla Firefox;C:\Windows\system32;C:\Windows;C:\Windows\System32\Wbem;C:\Windows\System32\WindowsPowerShell\v1.0\;C:\Program Files\Intel\DMIX;C:\Program Files\Common Files\Nero\Lib\
USERNAME=Mecánica
OS=Windows_NT
PROCESSOR_IDENTIFIER=x86 Family 6 Model 37 Stepping 2, GenuineIntel



---------------  S Y S T E M  ---------------

OS: Windows 7 Build 7601 Service Pack 1

CPU:total 4 (2 cores per cpu, 2 threads per core) family 6 model 37 stepping 2, cmov, cx8, fxsr, mmx, sse, sse2, sse3, ssse3, sse4.1, sse4.2, popcnt, ht, tsc, tscinvbit

Memory: 4k page, physical 3005740k(1822988k free), swap 6009732k(4621568k free)

vm_info: Java HotSpot(TM) Client VM (24.51-b03) for windows-x86 JRE (1.7.0_51-b13), built on Dec 18 2013 19:09:58 by "java_re" with unknown MS VC++:1600

time: Mon Mar 23 19:36:46 2015
elapsed time: 30 seconds

