#
# A fatal error has been detected by the Java Runtime Environment:
#
#  EXCEPTION_ACCESS_VIOLATION (0xc0000005) at pc=0x00000002, pid=2888, tid=1020
#
# JRE version: Java(TM) SE Runtime Environment (7.0_51-b13) (build 1.7.0_51-b13)
# Java VM: Java HotSpot(TM) Client VM (24.51-b03 mixed mode, sharing windows-x86 )
# Problematic frame:
# C  0x00000002
#
# Failed to write core dump. Minidumps are not enabled by default on client versions of Windows
#
# If you would like to submit a bug report, please visit:
#   http://bugreport.sun.com/bugreport/crash.jsp
# The crash happened outside the Java Virtual Machine in native code.
# See problematic frame for where to report the bug.
#

---------------  T H R E A D  ---------------

Current thread (0x08289000):  JavaThread "Thread-2" [_thread_in_native, id=1020, stack(0x00060000,0x00160000)]

siginfo: ExceptionCode=0xc0000005, ExceptionInformation=0x00000008 0x00000002

Registers:
EAX=0x612e8ff8, EBX=0x00000000, ECX=0x0015f030, EDX=0x03abb614
ESP=0x0015eff8, EBP=0x0015f028, ESI=0x08289130, EDI=0x08ef3218
EIP=0x00000002, EFLAGS=0x00210246

Top of Stack: (sp=0x0015eff8)
0x0015eff8:   6fe280d1 08ef3218 000001f6 0830fa40
0x0015f008:   0015f030 0015f024 08289000 337a5258
0x0015f018:   337a5258 0830fa40 00000000 00000000
0x0015f028:   0015f038 6fe29198 00000000 0015f088
0x0015f038:   0015f078 05d8a9dd 08289130 0015f094
0x0015f048:   08ef3218 00000000 0015f088 03abb62c
0x0015f058:   0015f058 337a5258 0015f094 337ad2b0
0x0015f068:   00000000 337a5258 00000000 0015f088 

Instructions: (pc=0x00000002)
0xffffffe2:   


Register to memory mapping:

EAX=0x612e8ff8 is an unknown value
EBX=0x00000000 is an unknown value
ECX=0x0015f030 is pointing into the stack for thread: 0x08289000
EDX=0x03abb614 is an unknown value
ESP=0x0015eff8 is pointing into the stack for thread: 0x08289000
EBP=0x0015f028 is pointing into the stack for thread: 0x08289000
ESI=0x08289130 is an unknown value
EDI=0x08ef3218 is an unknown value


Stack: [0x00060000,0x00160000],  sp=0x0015eff8,  free space=1019k
Native frames: (J=compiled Java code, j=interpreted, Vv=VM code, C=native code)
C  0x00000002
C  [npjp2.dll+0x9198]
j  sun.plugin2.main.server.MozillaPlugin.getProxy0(JLjava/lang/String;)Ljava/lang/String;+0
j  sun.plugin2.main.server.MozillaPlugin.getProxy(Ljava/lang/String;)Ljava/lang/String;+17
j  sun.plugin2.main.server.MozillaBrowserService$MozillaProxyHandler.findProxyForURL(Ljava/lang/String;)Ljava/lang/String;+7
j  com.sun.deploy.net.proxy.AbstractBrowserProxyHandler.getProxyInfo(Ljava/net/URL;)[Lcom/sun/deploy/net/proxy/ProxyInfo;+5
j  com.sun.deploy.net.proxy.DynamicProxyManager.getProxyList(Ljava/net/URL;Z)Ljava/util/List;+113
j  sun.plugin2.main.server.ProxySupport.getProxyReply(Lsun/plugin2/main/server/Plugin;Lsun/plugin2/message/GetProxyMessage;)Lsun/plugin2/message/ProxyReplyMessage;+20
j  sun.plugin2.main.server.JVMInstance$1.run()V+26
j  sun.plugin2.main.server.MozillaPlugin$RunnableWrapper.run()V+4
j  sun.plugin2.main.server.MozillaPlugin.drainRunnableQueue()V+39
j  sun.plugin2.main.server.MozillaPlugin.access$000(Lsun/plugin2/main/server/MozillaPlugin;)V+1
j  sun.plugin2.main.server.MozillaPlugin$DrainRunnableQueue.run()V+4
v  ~StubRoutines::call_stub
V  [jvm.dll+0x13f35a]
V  [jvm.dll+0x202c6e]
V  [jvm.dll+0x13f3dd]
V  [jvm.dll+0xc9bc2]
V  [jvm.dll+0xcd813]
C  [npjp2.dll+0x203f]
C  [xul.dll+0x58de1e]

Java frames: (J=compiled Java code, j=interpreted, Vv=VM code)
j  sun.plugin2.main.server.MozillaPlugin.getProxy0(JLjava/lang/String;)Ljava/lang/String;+0
j  sun.plugin2.main.server.MozillaPlugin.getProxy(Ljava/lang/String;)Ljava/lang/String;+17
j  sun.plugin2.main.server.MozillaBrowserService$MozillaProxyHandler.findProxyForURL(Ljava/lang/String;)Ljava/lang/String;+7
j  com.sun.deploy.net.proxy.AbstractBrowserProxyHandler.getProxyInfo(Ljava/net/URL;)[Lcom/sun/deploy/net/proxy/ProxyInfo;+5
j  com.sun.deploy.net.proxy.DynamicProxyManager.getProxyList(Ljava/net/URL;Z)Ljava/util/List;+113
j  sun.plugin2.main.server.ProxySupport.getProxyReply(Lsun/plugin2/main/server/Plugin;Lsun/plugin2/message/GetProxyMessage;)Lsun/plugin2/message/ProxyReplyMessage;+20
j  sun.plugin2.main.server.JVMInstance$1.run()V+26
j  sun.plugin2.main.server.MozillaPlugin$RunnableWrapper.run()V+4
j  sun.plugin2.main.server.MozillaPlugin.drainRunnableQueue()V+39
j  sun.plugin2.main.server.MozillaPlugin.access$000(Lsun/plugin2/main/server/MozillaPlugin;)V+1
j  sun.plugin2.main.server.MozillaPlugin$DrainRunnableQueue.run()V+4
v  ~StubRoutines::call_stub

---------------  P R O C E S S  ---------------

Java Threads: ( => current thread )
  0x08223800 JavaThread "Thread-6" daemon [_thread_blocked, id=3952, stack(0x09340000,0x09440000)]
  0x08223400 JavaThread "Thread-5" daemon [_thread_blocked, id=2536, stack(0x099c0000,0x09ac0000)]
  0x081bac00 JavaThread "Thread-4" daemon [_thread_in_native, id=4000, stack(0x09470000,0x09570000)]
  0x08289800 JavaThread "Thread-3" [_thread_in_native, id=3060, stack(0x09730000,0x09830000)]
=>0x08289000 JavaThread "Thread-2" [_thread_in_native, id=1020, stack(0x00060000,0x00160000)]
  0x08253c00 JavaThread "JVM[id=1]-Heartbeat" [_thread_blocked, id=3264, stack(0x05840000,0x05940000)]
  0x08285c00 JavaThread "JRE 1.7.0.51 Worker Thread" [_thread_blocked, id=3504, stack(0x08f00000,0x09000000)]
  0x0827f000 JavaThread "JRE 1.7.0.51 Output Reader Thread" [_thread_in_native, id=1156, stack(0x08d00000,0x08e00000)]
  0x0827e400 JavaThread "JRE 1.7.0.51 Output Reader Thread" [_thread_in_native, id=3204, stack(0x08b80000,0x08c80000)]
  0x0827dc00 JavaThread "Thread-1" [_thread_in_native, id=2544, stack(0x08a00000,0x08b00000)]
  0x08279800 JavaThread "Java Plug-In Pipe Worker Thread (Server-Side)" daemon [_thread_in_native, id=2692, stack(0x08890000,0x08990000)]
  0x081c1c00 JavaThread "Thread-0" daemon [_thread_blocked, id=3456, stack(0x08790000,0x08890000)]
  0x03adfc00 JavaThread "traceMsgQueueThread" daemon [_thread_blocked, id=2300, stack(0x08550000,0x08650000)]
  0x03ab5c00 JavaThread "Service Thread" daemon [_thread_blocked, id=2008, stack(0x04710000,0x04810000)]
  0x03aae400 JavaThread "C1 CompilerThread0" daemon [_thread_blocked, id=2488, stack(0x03c00000,0x03d00000)]
  0x03aad400 JavaThread "Attach Listener" daemon [_thread_blocked, id=3740, stack(0x05570000,0x05670000)]
  0x03aaa000 JavaThread "Signal Dispatcher" daemon [_thread_blocked, id=1092, stack(0x07f20000,0x08020000)]
  0x03a3f000 JavaThread "Finalizer" daemon [_thread_blocked, id=2992, stack(0x07e00000,0x07f00000)]
  0x03a3dc00 JavaThread "Reference Handler" daemon [_thread_blocked, id=2880, stack(0x044b0000,0x045b0000)]
  0x045dc800 JavaThread "main" [_thread_in_native, id=560, stack(0x03450000,0x03550000)]

Other Threads:
  0x03a3c000 VMThread [stack: 0x045e0000,0x046e0000] [id=3120]
  0x03acfc00 WatcherThread [stack: 0x080b0000,0x081b0000] [id=3612]

VM state:not at safepoint (normal execution)

VM Mutex/Monitor currently owned by a thread: None

Heap
 def new generation   total 4928K, used 3077K [0x31790000, 0x31ce0000, 0x32230000)
  eden space 4416K,  58% used [0x31790000, 0x31a11648, 0x31be0000)
  from space 512K, 100% used [0x31be0000, 0x31c60000, 0x31c60000)
  to   space 512K,   0% used [0x31c60000, 0x31c60000, 0x31ce0000)
 tenured generation   total 10944K, used 1456K [0x32230000, 0x32ce0000, 0x33790000)
   the space 10944K,  13% used [0x32230000, 0x3239c340, 0x3239c400, 0x32ce0000)
 compacting perm gen  total 12288K, used 2485K [0x33790000, 0x34390000, 0x37790000)
   the space 12288K,  20% used [0x33790000, 0x339fd5a8, 0x339fd600, 0x34390000)
    ro space 10240K,  41% used [0x37790000, 0x37bc2050, 0x37bc2200, 0x38190000)
    rw space 12288K,  52% used [0x38190000, 0x387d6800, 0x387d6800, 0x38d90000)

Card table byte_map: [0x032e0000,0x03320000] byte_map_base: 0x03154380

Polling page: 0x03230000

Code Cache  [0x05d80000, 0x05e80000, 0x07d80000)
 total_blobs=423 nmethods=241 adapters=119 free_code_cache=31751Kb largest_free_block=32513536

Compilation events (10 events):
Event: 30.340 Thread 0x03aae400  237             java.util.HashMap$HashIterator::<init> (63 bytes)
Event: 30.341 Thread 0x03aae400 nmethod 237 0x05e7cf88 code [0x05e7d080, 0x05e7d170]
Event: 30.341 Thread 0x03aae400  238             java.lang.String::equalsIgnoreCase (48 bytes)
Event: 30.341 Thread 0x03aae400 nmethod 238 0x05e7d248 code [0x05e7d350, 0x05e7d45c]
Event: 30.379 Thread 0x03aae400  239             java.util.Properties::load0 (250 bytes)
Event: 30.380 Thread 0x03aae400 nmethod 239 0x05e7d548 code [0x05e7d690, 0x05e7d9b0]
Event: 30.385 Thread 0x03aae400  240             java.lang.StringBuilder::<init> (7 bytes)
Event: 30.385 Thread 0x03aae400 nmethod 240 0x05e7dd08 code [0x05e7de00, 0x05e7df10]
Event: 30.385 Thread 0x03aae400  241             java.lang.String::endsWith (17 bytes)
Event: 30.385 Thread 0x03aae400 nmethod 241 0x05e7df88 code [0x05e7e090, 0x05e7e13c]

GC Heap History (4 events):
Event: 30.149 GC heap before
{Heap before GC invocations=0 (full 0):
 def new generation   total 4928K, used 4416K [0x31790000, 0x31ce0000, 0x32230000)
  eden space 4416K, 100% used [0x31790000, 0x31be0000, 0x31be0000)
  from space 512K,   0% used [0x31be0000, 0x31be0000, 0x31c60000)
  to   space 512K,   0% used [0x31c60000, 0x31c60000, 0x31ce0000)
 tenured generation   total 10944K, used 0K [0x32230000, 0x32ce0000, 0x33790000)
   the space 10944K,   0% used [0x32230000, 0x32230000, 0x32230200, 0x32ce0000)
 compacting perm gen  total 12288K, used 1696K [0x33790000, 0x34390000, 0x37790000)
   the space 12288K,  13% used [0x33790000, 0x33938060, 0x33938200, 0x34390000)
    ro space 10240K,  41% used [0x37790000, 0x37bc2050, 0x37bc2200, 0x38190000)
    rw space 12288K,  52% used [0x38190000, 0x387d6800, 0x387d6800, 0x38d90000)
Event: 30.157 GC heap after
Heap after GC invocations=1 (full 0):
 def new generation   total 4928K, used 512K [0x31790000, 0x31ce0000, 0x32230000)
  eden space 4416K,   0% used [0x31790000, 0x31790000, 0x31be0000)
  from space 512K, 100% used [0x31c60000, 0x31ce0000, 0x31ce0000)
  to   space 512K,   0% used [0x31be0000, 0x31be0000, 0x31c60000)
 tenured generation   total 10944K, used 613K [0x32230000, 0x32ce0000, 0x33790000)
   the space 10944K,   5% used [0x32230000, 0x322c9608, 0x322c9800, 0x32ce0000)
 compacting perm gen  total 12288K, used 1696K [0x33790000, 0x34390000, 0x37790000)
   the space 12288K,  13% used [0x33790000, 0x33938060, 0x33938200, 0x34390000)
    ro space 10240K,  41% used [0x37790000, 0x37bc2050, 0x37bc2200, 0x38190000)
    rw space 12288K,  52% used [0x38190000, 0x387d6800, 0x387d6800, 0x38d90000)
}
Event: 30.274 GC heap before
{Heap before GC invocations=1 (full 0):
 def new generation   total 4928K, used 4928K [0x31790000, 0x31ce0000, 0x32230000)
  eden space 4416K, 100% used [0x31790000, 0x31be0000, 0x31be0000)
  from space 512K, 100% used [0x31c60000, 0x31ce0000, 0x31ce0000)
  to   space 512K,   0% used [0x31be0000, 0x31be0000, 0x31c60000)
 tenured generation   total 10944K, used 613K [0x32230000, 0x32ce0000, 0x33790000)
   the space 10944K,   5% used [0x32230000, 0x322c9608, 0x322c9800, 0x32ce0000)
 compacting perm gen  total 12288K, used 2270K [0x33790000, 0x34390000, 0x37790000)
   the space 12288K,  18% used [0x33790000, 0x339c78a0, 0x339c7a00, 0x34390000)
    ro space 10240K,  41% used [0x37790000, 0x37bc2050, 0x37bc2200, 0x38190000)
    rw space 12288K,  52% used [0x38190000, 0x387d6800, 0x387d6800, 0x38d90000)
Event: 30.281 GC heap after
Heap after GC invocations=2 (full 0):
 def new generation   total 4928K, used 512K [0x31790000, 0x31ce0000, 0x32230000)
  eden space 4416K,   0% used [0x31790000, 0x31790000, 0x31be0000)
  from space 512K, 100% used [0x31be0000, 0x31c60000, 0x31c60000)
  to   space 512K,   0% used [0x31c60000, 0x31c60000, 0x31ce0000)
 tenured generation   total 10944K, used 1456K [0x32230000, 0x32ce0000, 0x33790000)
   the space 10944K,  13% used [0x32230000, 0x3239c340, 0x3239c400, 0x32ce0000)
 compacting perm gen  total 12288K, used 2270K [0x33790000, 0x34390000, 0x37790000)
   the space 12288K,  18% used [0x33790000, 0x339c78a0, 0x339c7a00, 0x34390000)
    ro space 10240K,  41% used [0x37790000, 0x37bc2050, 0x37bc2200, 0x38190000)
    rw space 12288K,  52% used [0x38190000, 0x387d6800, 0x387d6800, 0x38d90000)
}

Deoptimization events (0 events):
No events

Internal exceptions (10 events):
Event: 0.012 Thread 0x045dc800 Threw 0x31795750 at C:\re\jdk7u51\527\hotspot\src\share\vm\prims\jni.cpp:3991
Event: 0.094 Thread 0x045dc800 Threw 0x318609d0 at C:\re\jdk7u51\527\hotspot\src\share\vm\prims\jvm.cpp:1244
Event: 0.094 Thread 0x045dc800 Threw 0x31860ae8 at C:\re\jdk7u51\527\hotspot\src\share\vm\prims\jvm.cpp:1244
Event: 0.095 Thread 0x045dc800 Threw 0x31863e20 at C:\re\jdk7u51\527\hotspot\src\share\vm\prims\jvm.cpp:1244
Event: 0.095 Thread 0x045dc800 Threw 0x31863f38 at C:\re\jdk7u51\527\hotspot\src\share\vm\prims\jvm.cpp:1244
Event: 0.135 Thread 0x045dc800 Threw 0x318d21f0 at C:\re\jdk7u51\527\hotspot\src\share\vm\prims\jni.cpp:717
Event: 0.135 Thread 0x045dc800 Threw 0x318d2388 at C:\re\jdk7u51\527\hotspot\src\share\vm\prims\jni.cpp:717
Event: 0.135 Thread 0x045dc800 Threw 0x318d24f0 at C:\re\jdk7u51\527\hotspot\src\share\vm\prims\jni.cpp:717
Event: 30.391 Thread 0x08289000 Threw 0x319fc970 at C:\re\jdk7u51\527\hotspot\src\share\vm\prims\jvm.cpp:1244
Event: 30.391 Thread 0x08289000 Threw 0x319fda68 at C:\re\jdk7u51\527\hotspot\src\share\vm\prims\jvm.cpp:1244

Events (10 events):
Event: 30.393 loading class 0x0838ebb8
Event: 30.393 loading class 0x0838ebb8 done
Event: 30.393 loading class 0x0838eb30
Event: 30.393 loading class 0x0838eb30 done
Event: 30.393 loading class 0x0838e618
Event: 30.393 loading class 0x0838e618 done
Event: 30.393 loading class 0x0838e5d8
Event: 30.393 loading class 0x0838e5d8 done
Event: 30.393 loading class 0x0838d768
Event: 30.393 loading class 0x0838d768 done


Dynamic libraries:
0x00330000 - 0x0037d000 	C:\Users\Mecánica\Documents\moz\FirefoxPortable\App\Firefox\firefox.exe
0x772a0000 - 0x773dc000 	C:\Windows\SYSTEM32\ntdll.dll
0x755c0000 - 0x75694000 	C:\Windows\system32\kernel32.dll
0x75460000 - 0x754ab000 	C:\Windows\system32\KERNELBASE.dll
0x60a00000 - 0x6136e000 	C:\Users\Mecánica\Documents\moz\FirefoxPortable\App\Firefox\xul.dll
0x6bb10000 - 0x6bb7f000 	C:\Users\Mecánica\Documents\moz\FirefoxPortable\App\Firefox\sqlite3.dll
0x6b490000 - 0x6b53e000 	C:\Users\Mecánica\Documents\moz\FirefoxPortable\App\Firefox\MOZCRT19.dll
0x75ba0000 - 0x75c4c000 	C:\Windows\system32\msvcrt.dll
0x6b3e0000 - 0x6b48e000 	C:\Users\Mecánica\Documents\moz\FirefoxPortable\App\Firefox\js3250.dll
0x600b0000 - 0x600e0000 	C:\Users\Mecánica\Documents\moz\FirefoxPortable\App\Firefox\nspr4.dll
0x77200000 - 0x772a0000 	C:\Windows\system32\ADVAPI32.dll
0x77140000 - 0x77159000 	C:\Windows\SYSTEM32\sechost.dll
0x75840000 - 0x758e2000 	C:\Windows\system32\RPCRT4.dll
0x716d0000 - 0x716d7000 	C:\Windows\system32\WSOCK32.dll
0x76c90000 - 0x76cc5000 	C:\Windows\system32\WS2_32.dll
0x757d0000 - 0x757d6000 	C:\Windows\system32\NSI.dll
0x733d0000 - 0x73402000 	C:\Windows\system32\WINMM.dll
0x76cd0000 - 0x76d99000 	C:\Windows\system32\USER32.dll
0x75720000 - 0x7576e000 	C:\Windows\system32\GDI32.dll
0x76c70000 - 0x76c7a000 	C:\Windows\system32\LPK.dll
0x77160000 - 0x771fd000 	C:\Windows\system32\USP10.dll
0x60420000 - 0x60438000 	C:\Users\Mecánica\Documents\moz\FirefoxPortable\App\Firefox\smime3.dll
0x60340000 - 0x603da000 	C:\Users\Mecánica\Documents\moz\FirefoxPortable\App\Firefox\nss3.dll
0x603e0000 - 0x603f4000 	C:\Users\Mecánica\Documents\moz\FirefoxPortable\App\Firefox\nssutil3.dll
0x600f0000 - 0x600f7000 	C:\Users\Mecánica\Documents\moz\FirefoxPortable\App\Firefox\plc4.dll
0x600e0000 - 0x600e7000 	C:\Users\Mecánica\Documents\moz\FirefoxPortable\App\Firefox\plds4.dll
0x60400000 - 0x60420000 	C:\Users\Mecánica\Documents\moz\FirefoxPortable\App\Firefox\ssl3.dll
0x75ed0000 - 0x76b1b000 	C:\Windows\system32\SHELL32.dll
0x75770000 - 0x757c7000 	C:\Windows\system32\SHLWAPI.dll
0x76fe0000 - 0x7713c000 	C:\Windows\system32\ole32.dll
0x74650000 - 0x74659000 	C:\Windows\system32\VERSION.dll
0x6f200000 - 0x6f251000 	C:\Windows\system32\WINSPOOL.DRV
0x75a90000 - 0x75b0b000 	C:\Windows\system32\COMDLG32.dll
0x73cd0000 - 0x73e6e000 	C:\Windows\WinSxS\x86_microsoft.windows.common-controls_6595b64144ccf1df_6.0.7601.17514_none_41e6975e2bd6f2b2\COMCTL32.dll
0x773e0000 - 0x773ff000 	C:\Windows\system32\IMM32.dll
0x77400000 - 0x774cc000 	C:\Windows\system32\MSCTF.dll
0x72720000 - 0x72725000 	C:\Windows\system32\MSIMG32.dll
0x75b10000 - 0x75b9f000 	C:\Windows\system32\OLEAUT32.dll
0x70ff0000 - 0x70ff7000 	C:\Users\Mecánica\Documents\moz\FirefoxPortable\App\Firefox\xpcom.dll
0x69d80000 - 0x69e6b000 	C:\Windows\system32\dbghelp.dll
0x751b0000 - 0x751bc000 	C:\Windows\system32\CRYPTBASE.dll
0x73c70000 - 0x73cb0000 	C:\Windows\system32\uxtheme.dll
0x758f0000 - 0x75a8d000 	C:\Windows\system32\SETUPAPI.dll
0x75410000 - 0x75437000 	C:\Windows\system32\CFGMGR32.dll
0x754b0000 - 0x754c2000 	C:\Windows\system32\DEVOBJ.dll
0x75c50000 - 0x75cd3000 	C:\Windows\system32\CLBCatQ.DLL
0x74220000 - 0x74315000 	C:\Windows\system32\propsys.dll
0x74470000 - 0x74491000 	C:\Windows\system32\ntmarta.dll
0x756d0000 - 0x75715000 	C:\Windows\system32\WLDAP32.dll
0x73990000 - 0x739a3000 	C:\Windows\system32\dwmapi.dll
0x752a0000 - 0x752ab000 	C:\Windows\system32\profapi.dll
0x70fe0000 - 0x70fe8000 	C:\Users\Mecánica\Documents\moz\FirefoxPortable\App\Firefox\components\browserdirprovider.dll
0x74c90000 - 0x74ccc000 	C:\Windows\system32\mswsock.dll
0x747d0000 - 0x747d5000 	C:\Windows\System32\wshtcpip.dll
0x72340000 - 0x7235c000 	C:\Windows\system32\iphlpapi.dll
0x72330000 - 0x72337000 	C:\Windows\system32\WINNSI.DLL
0x73620000 - 0x73630000 	C:\Windows\system32\NLAapi.dll
0x6fbd0000 - 0x6fbe0000 	C:\Windows\system32\napinsp.dll
0x6fbb0000 - 0x6fbc2000 	C:\Windows\system32\pnrpnsp.dll
0x74b50000 - 0x74b94000 	C:\Windows\system32\DNSAPI.dll
0x6fba0000 - 0x6fba8000 	C:\Windows\System32\winrnr.dll
0x73820000 - 0x73951000 	C:\Windows\system32\WindowsCodecs.dll
0x75160000 - 0x751ac000 	C:\Windows\system32\apphelp.dll
0x6e3a0000 - 0x6e3d1000 	C:\Windows\system32\EhStorShell.dll
0x6db80000 - 0x6df86000 	C:\PROGRA~1\MICROS~1\Office14\GROOVEEX.DLL
0x6e2f0000 - 0x6e393000 	C:\Windows\WinSxS\x86_microsoft.vc90.crt_1fc8b3b9a1e18e3b_9.0.30729.4940_none_50916076bcb9a742\MSVCR90.dll
0x6e260000 - 0x6e2ee000 	C:\Windows\WinSxS\x86_microsoft.vc90.crt_1fc8b3b9a1e18e3b_9.0.30729.4940_none_50916076bcb9a742\MSVCP90.dll
0x6e230000 - 0x6e25b000 	C:\Windows\WinSxS\x86_microsoft.vc90.atl_1fc8b3b9a1e18e3b_9.0.30729.4148_none_51ca66a2bbe76806\ATL90.DLL
0x6d760000 - 0x6db7a000 	C:\PROGRA~1\COMMON~1\MICROS~1\OFFICE14\Cultures\office.odf
0x6cee0000 - 0x6d760000 	C:\PROGRA~1\MICROS~1\Office14\3082\GrooveIntlResource.dll
0x6e1c0000 - 0x6e22a000 	C:\Windows\System32\cscui.dll
0x6e1b0000 - 0x6e1b9000 	C:\Windows\System32\CSCDLL.dll
0x6eee0000 - 0x6eeeb000 	C:\Windows\system32\CSCAPI.dll
0x6e140000 - 0x6e1b0000 	C:\Windows\system32\ntshrui.dll
0x74f70000 - 0x74f89000 	C:\Windows\system32\srvcli.dll
0x727e0000 - 0x727ea000 	C:\Windows\system32\slc.dll
0x74cd0000 - 0x74ce7000 	C:\Windows\system32\CRYPTSP.dll
0x74a70000 - 0x74aab000 	C:\Windows\system32\rsaenh.dll
0x75220000 - 0x7522e000 	C:\Windows\system32\RpcRtRemote.dll
0x70f70000 - 0x70f93000 	C:\Users\Mecánica\Documents\moz\FirefoxPortable\App\Firefox\components\brwsrcmp.dll
0x6fe20000 - 0x6fe4b000 	C:\Program Files\Java\jre7\bin\plugin2\npjp2.dll
0x6b1c0000 - 0x6b27f000 	C:\Windows\system32\MSVCR100.dll
0x60680000 - 0x60a00000 	C:\PROGRA~1\Java\jre7\bin\client\jvm.dll
0x76c80000 - 0x76c85000 	C:\Windows\system32\PSAPI.DLL
0x70fd0000 - 0x70fdc000 	C:\PROGRA~1\Java\jre7\bin\verify.dll
0x6ce00000 - 0x6ce20000 	C:\PROGRA~1\Java\jre7\bin\java.dll
0x6baf0000 - 0x6bb03000 	C:\PROGRA~1\Java\jre7\bin\zip.dll
0x6b100000 - 0x6b1bf000 	C:\Program Files\Java\jre7\bin\msvcr100.dll
0x6b380000 - 0x6b3dc000 	C:\Program Files\Java\jre7\bin\deploy.dll
0x75cf0000 - 0x75ec5000 	C:\Windows\system32\WININET.dll
0x75450000 - 0x75454000 	C:\Windows\system32\api-ms-win-downlevel-user32-l1-1-0.dll
0x75500000 - 0x75504000 	C:\Windows\system32\api-ms-win-downlevel-shlwapi-l1-1-0.dll
0x75440000 - 0x75444000 	C:\Windows\system32\api-ms-win-downlevel-version-l1-1-0.dll
0x75520000 - 0x75523000 	C:\Windows\system32\api-ms-win-downlevel-normaliz-l1-1-0.dll
0x75ce0000 - 0x75ce3000 	C:\Windows\system32\normaliz.DLL
0x76da0000 - 0x76fd2000 	C:\Windows\system32\iertutil.dll
0x75510000 - 0x75515000 	C:\Windows\system32\api-ms-win-downlevel-advapi32-l1-1-0.dll
0x753f0000 - 0x75407000 	C:\Windows\system32\USERENV.dll
0x76b20000 - 0x76c6b000 	C:\Windows\system32\urlmon.dll
0x752b0000 - 0x752b4000 	C:\Windows\system32\api-ms-win-downlevel-ole32-l1-1-0.dll
0x6fc30000 - 0x6fc36000 	C:\Program Files\Java\jre7\bin\jp2native.dll
0x6bad0000 - 0x6bae4000 	C:\Program Files\Java\jre7\bin\net.dll
0x74c80000 - 0x74c86000 	C:\Windows\System32\wship6.dll
0x6fed0000 - 0x6fedf000 	C:\Program Files\Java\jre7\bin\nio.dll
0x602f0000 - 0x60316000 	C:\Users\Mecánica\Documents\moz\FirefoxPortable\App\Firefox\softokn3.dll
0x60320000 - 0x60338000 	C:\Users\Mecánica\Documents\moz\FirefoxPortable\App\Firefox\nssdbm3.dll
0x60440000 - 0x60481000 	C:\Users\Mecánica\Documents\moz\FirefoxPortable\App\Firefox\freebl3.dll
0x602a0000 - 0x602ec000 	C:\Users\Mecánica\Documents\moz\FirefoxPortable\App\Firefox\nssckbi.dll
0x6ff40000 - 0x6ff46000 	C:\Windows\system32\rasadhlp.dll
0x72220000 - 0x72258000 	C:\Windows\System32\fwpuclnt.dll
0x6ce40000 - 0x6ce6f000 	C:\Windows\system32\shdocvw.dll
0x6b800000 - 0x6b820000 	C:\Program Files\Java\jre7\bin\sunec.dll
0x6fc10000 - 0x6fc19000 	C:\Program Files\Java\jre7\bin\sunmscapi.dll
0x752c0000 - 0x753e1000 	C:\Windows\system32\CRYPT32.dll
0x75290000 - 0x7529c000 	C:\Windows\system32\MSASN1.dll

VM Arguments:
jvm_args: -Xbootclasspath/a:C:\PROGRA~1\Java\jre7\lib\deploy.jar;C:\PROGRA~1\Java\jre7\lib\javaws.jar;C:\PROGRA~1\Java\jre7\lib\plugin.jar -Xmx32m -Djava.awt.headless=true -XX:MaxDirectMemorySize=64m 
java_command: <unknown>
Launcher Type: generic

Environment Variables:
PATH=C:\Program Files\Mozilla Firefox;C:\Windows\system32;C:\Windows;C:\Windows\System32\Wbem;C:\Windows\System32\WindowsPowerShell\v1.0\;C:\Program Files\Intel\DMIX
USERNAME=Mecánica
OS=Windows_NT
PROCESSOR_IDENTIFIER=x86 Family 6 Model 37 Stepping 2, GenuineIntel



---------------  S Y S T E M  ---------------

OS: Windows 7 Build 7601 Service Pack 1

CPU:total 4 (2 cores per cpu, 2 threads per core) family 6 model 37 stepping 2, cmov, cx8, fxsr, mmx, sse, sse2, sse3, ssse3, sse4.1, sse4.2, popcnt, ht, tsc, tscinvbit

Memory: 4k page, physical 3005740k(1716304k free), swap 6009732k(4714848k free)

vm_info: Java HotSpot(TM) Client VM (24.51-b03) for windows-x86 JRE (1.7.0_51-b13), built on Dec 18 2013 19:09:58 by "java_re" with unknown MS VC++:1600

time: Fri Mar 27 07:33:19 2015
elapsed time: 30 seconds

