2004.08.12 10:24 B C:\Saul Robles Garcia\saul\proyectos\proyectiles\Tirador\AppletTirador.class --> mayo.uson.mx /robles/Proyectiles/Tirador AppletTirador.class
2004.08.12 10:25 B C:\Saul Robles Garcia\saul\proyectos\proyectiles\Tirador\AppletTirador_btnObtenAngulos_actionAdapter.class --> mayo.uson.mx /robles/Proyectiles/Tirador AppletTirador_btnObtenAngulos_actionAdapter.class
2004.08.12 10:25 B C:\Saul Robles Garcia\saul\proyectos\proyectiles\Tirador\AppletTirador_btnObtenCriticos_actionAdapter.class --> mayo.uson.mx /robles/Proyectiles/Tirador AppletTirador_btnObtenCriticos_actionAdapter.class
2004.08.12 10:25 B C:\Saul Robles Garcia\saul\proyectos\proyectiles\Tirador\AppletTirador_btnTira_actionAdapter.class --> mayo.uson.mx /robles/Proyectiles/Tirador AppletTirador_btnTira_actionAdapter.class
2004.08.12 10:25 B C:\Saul Robles Garcia\saul\proyectos\proyectiles\Tirador\AppletTirador_chPlaneta_itemAdapter.class --> mayo.uson.mx /robles/Proyectiles/Tirador AppletTirador_chPlaneta_itemAdapter.class
2004.08.12 10:25 B C:\Saul Robles Garcia\saul\proyectos\proyectiles\Tirador\AppletTirador_tfXBlanco_actionAdapter.class --> mayo.uson.mx /robles/Proyectiles/Tirador AppletTirador_tfXBlanco_actionAdapter.class
2004.08.12 10:25 B C:\Saul Robles Garcia\saul\proyectos\proyectiles\Tirador\AppletTirador_tfXBlanco_focusAdapter.class --> mayo.uson.mx /robles/Proyectiles/Tirador AppletTirador_tfXBlanco_focusAdapter.class
2004.08.12 10:25 B C:\Saul Robles Garcia\saul\proyectos\proyectiles\Tirador\AppletTirador_tfXTirador_actionAdapter.class --> mayo.uson.mx /robles/Proyectiles/Tirador AppletTirador_tfXTirador_actionAdapter.class
2004.08.12 10:25 B C:\Saul Robles Garcia\saul\proyectos\proyectiles\Tirador\AppletTirador_tfXTirador_focusAdapter.class --> mayo.uson.mx /robles/Proyectiles/Tirador AppletTirador_tfXTirador_focusAdapter.class
2004.08.12 10:25 B C:\Saul Robles Garcia\saul\proyectos\proyectiles\Tirador\AppletTirador_tfYBlanco_actionAdapter.class --> mayo.uson.mx /robles/Proyectiles/Tirador AppletTirador_tfYBlanco_actionAdapter.class
2004.08.12 10:25 B C:\Saul Robles Garcia\saul\proyectos\proyectiles\Tirador\AppletTirador_tfYBlanco_focusAdapter.class --> mayo.uson.mx /robles/Proyectiles/Tirador AppletTirador_tfYBlanco_focusAdapter.class
2004.08.12 10:25 B C:\Saul Robles Garcia\saul\proyectos\proyectiles\Tirador\AppletTirador_tfYTirador_actionAdapter.class --> mayo.uson.mx /robles/Proyectiles/Tirador AppletTirador_tfYTirador_actionAdapter.class
2004.08.12 10:25 B C:\Saul Robles Garcia\saul\proyectos\proyectiles\Tirador\AppletTirador_tfYTirador_focusAdapter.class --> mayo.uson.mx /robles/Proyectiles/Tirador AppletTirador_tfYTirador_focusAdapter.class
2004.08.12 10:25 B C:\Saul Robles Garcia\saul\proyectos\proyectiles\Tirador\BevelPanel.class --> mayo.uson.mx /robles/Proyectiles/Tirador BevelPanel.class
2004.08.12 10:25 B C:\Saul Robles Garcia\saul\proyectos\proyectiles\Tirador\Blanco.class --> mayo.uson.mx /robles/Proyectiles/Tirador Blanco.class
2004.08.12 10:25 B C:\Saul Robles Garcia\saul\proyectos\proyectiles\Tirador\CanvasTirador.class --> mayo.uson.mx /robles/Proyectiles/Tirador CanvasTirador.class
2004.08.12 10:25 B C:\Saul Robles Garcia\saul\proyectos\proyectiles\Tirador\DatosXY.class --> mayo.uson.mx /robles/Proyectiles/Tirador DatosXY.class
2004.08.12 10:25 B C:\Saul Robles Garcia\saul\proyectos\proyectiles\Tirador\Proyectil.class --> mayo.uson.mx /robles/Proyectiles/Tirador Proyectil.class
2004.08.12 10:25 B C:\Saul Robles Garcia\saul\proyectos\proyectiles\Tirador\Tirador.class --> mayo.uson.mx /robles/Proyectiles/Tirador Tirador.class
2004.08.12 10:25 B C:\Saul Robles Garcia\saul\proyectos\proyectiles\Tirador\tirador.htm --> mayo.uson.mx /robles/Proyectiles/Tirador tirador.htm
