2004.08.12 10:25 B C:\Saul Robles Garcia\saul\proyectos\proyectiles\UnProyectil\AppletUnProyectil.class --> mayo.uson.mx /robles/Proyectiles/UnProyectil AppletUnProyectil.class
2004.08.12 10:25 B C:\Saul Robles Garcia\saul\proyectos\proyectiles\UnProyectil\AppletUnProyectil_btnTabla_actionAdapter.class --> mayo.uson.mx /robles/Proyectiles/UnProyectil AppletUnProyectil_btnTabla_actionAdapter.class
2004.08.12 10:25 B C:\Saul Robles Garcia\saul\proyectos\proyectiles\UnProyectil\AppletUnProyectil_btnTirar_actionAdapter.class --> mayo.uson.mx /robles/Proyectiles/UnProyectil AppletUnProyectil_btnTirar_actionAdapter.class
2004.08.12 10:25 B C:\Saul Robles Garcia\saul\proyectos\proyectiles\UnProyectil\AppletUnProyectil_cbGlobal_itemAdapter.class --> mayo.uson.mx /robles/Proyectiles/UnProyectil AppletUnProyectil_cbGlobal_itemAdapter.class
2004.08.12 10:25 B C:\Saul Robles Garcia\saul\proyectos\proyectiles\UnProyectil\AppletUnProyectil_cbLocal_itemAdapter.class --> mayo.uson.mx /robles/Proyectiles/UnProyectil AppletUnProyectil_cbLocal_itemAdapter.class
2004.08.12 10:25 B C:\Saul Robles Garcia\saul\proyectos\proyectiles\UnProyectil\AppletUnProyectil_cbTVx_itemAdapter.class --> mayo.uson.mx /robles/Proyectiles/UnProyectil AppletUnProyectil_cbTVx_itemAdapter.class
2004.08.12 10:25 B C:\Saul Robles Garcia\saul\proyectos\proyectiles\UnProyectil\AppletUnProyectil_cbTVy_itemAdapter.class --> mayo.uson.mx /robles/Proyectiles/UnProyectil AppletUnProyectil_cbTVy_itemAdapter.class
2004.08.12 10:25 B C:\Saul Robles Garcia\saul\proyectos\proyectiles\UnProyectil\AppletUnProyectil_cbTX_itemAdapter.class --> mayo.uson.mx /robles/Proyectiles/UnProyectil AppletUnProyectil_cbTX_itemAdapter.class
2004.08.12 10:25 B C:\Saul Robles Garcia\saul\proyectos\proyectiles\UnProyectil\AppletUnProyectil_cbTY_itemAdapter.class --> mayo.uson.mx /robles/Proyectiles/UnProyectil AppletUnProyectil_cbTY_itemAdapter.class
2004.08.12 10:25 B C:\Saul Robles Garcia\saul\proyectos\proyectiles\UnProyectil\AppletUnProyectil_cbXY_itemAdapter.class --> mayo.uson.mx /robles/Proyectiles/UnProyectil AppletUnProyectil_cbXY_itemAdapter.class
2004.08.12 10:25 B C:\Saul Robles Garcia\saul\proyectos\proyectiles\UnProyectil\AppletUnProyectil_choicePlaneta_itemAdapter.class --> mayo.uson.mx /robles/Proyectiles/UnProyectil AppletUnProyectil_choicePlaneta_itemAdapter.class
2004.08.12 10:25 B C:\Saul Robles Garcia\saul\proyectos\proyectiles\UnProyectil\AppletUnProyectil_tfX0_actionAdapter.class --> mayo.uson.mx /robles/Proyectiles/UnProyectil AppletUnProyectil_tfX0_actionAdapter.class
2004.08.12 10:25 B C:\Saul Robles Garcia\saul\proyectos\proyectiles\UnProyectil\AppletUnProyectil_tfX0_focusAdapter.class --> mayo.uson.mx /robles/Proyectiles/UnProyectil AppletUnProyectil_tfX0_focusAdapter.class
2004.08.12 10:25 B C:\Saul Robles Garcia\saul\proyectos\proyectiles\UnProyectil\AppletUnProyectil_tfY0_actionAdapter.class --> mayo.uson.mx /robles/Proyectiles/UnProyectil AppletUnProyectil_tfY0_actionAdapter.class
2004.08.12 10:25 B C:\Saul Robles Garcia\saul\proyectos\proyectiles\UnProyectil\AppletUnProyectil_tfY0_focusAdapter.class --> mayo.uson.mx /robles/Proyectiles/UnProyectil AppletUnProyectil_tfY0_focusAdapter.class
2004.08.12 10:25 B C:\Saul Robles Garcia\saul\proyectos\proyectiles\UnProyectil\BevelPanel.class --> mayo.uson.mx /robles/Proyectiles/UnProyectil BevelPanel.class
2004.08.12 10:25 B C:\Saul Robles Garcia\saul\proyectos\proyectiles\UnProyectil\CanvasGrafica.class --> mayo.uson.mx /robles/Proyectiles/UnProyectil CanvasGrafica.class
2004.08.12 10:25 B C:\Saul Robles Garcia\saul\proyectos\proyectiles\UnProyectil\DatosV.class --> mayo.uson.mx /robles/Proyectiles/UnProyectil DatosV.class
2004.08.12 10:26 B C:\Saul Robles Garcia\saul\proyectos\proyectiles\UnProyectil\Proyectil.class --> mayo.uson.mx /robles/Proyectiles/UnProyectil Proyectil.class
2004.08.12 10:26 B C:\Saul Robles Garcia\saul\proyectos\proyectiles\UnProyectil\TablaFrame.class --> mayo.uson.mx /robles/Proyectiles/UnProyectil TablaFrame.class
2004.08.12 10:26 B C:\Saul Robles Garcia\saul\proyectos\proyectiles\UnProyectil\TablaFrame_this_windowAdapter.class --> mayo.uson.mx /robles/Proyectiles/UnProyectil TablaFrame_this_windowAdapter.class
2004.08.12 10:26 B C:\Saul Robles Garcia\saul\proyectos\proyectiles\UnProyectil\Tirador.class --> mayo.uson.mx /robles/Proyectiles/UnProyectil Tirador.class
2004.08.12 10:26 B C:\Saul Robles Garcia\saul\proyectos\proyectiles\UnProyectil\unproyectil.htm --> mayo.uson.mx /robles/Proyectiles/UnProyectil unproyectil.htm
2004.08.13 10:45 B C:\Saul Robles Garcia\saul\proyectos\proyectiles\UnProyectil\unproyectil.htm --> mayo.uson.mx /robles/Proyectiles/UnProyectil unproyectil.htm
