#
# A fatal error has been detected by the Java Runtime Environment:
#
#  EXCEPTION_ACCESS_VIOLATION (0xc0000005) at pc=0x00000001, pid=720, tid=3380
#
# JRE version: Java(TM) SE Runtime Environment (7.0_51-b13) (build 1.7.0_51-b13)
# Java VM: Java HotSpot(TM) Client VM (24.51-b03 mixed mode, sharing windows-x86 )
# Problematic frame:
# C  0x00000001
#
# Failed to write core dump. Minidumps are not enabled by default on client versions of Windows
#
# If you would like to submit a bug report, please visit:
#   http://bugreport.sun.com/bugreport/crash.jsp
# The crash happened outside the Java Virtual Machine in native code.
# See problematic frame for where to report the bug.
#

---------------  T H R E A D  ---------------

Current thread (0x08e07000):  JavaThread "Thread-2" [_thread_in_native, id=3380, stack(0x00130000,0x00230000)]

siginfo: ExceptionCode=0xc0000005, ExceptionInformation=0x00000008 0x00000001

Registers:
EAX=0x66a18ff8, EBX=0x00000000, ECX=0x0022f360, EDX=0x050ebb1c
ESP=0x0022f328, EBP=0x0022f358, ESI=0x08e07130, EDI=0x04c3d418
EIP=0x00000001, EFLAGS=0x00210246

Top of Stack: (sp=0x0022f328)
0x0022f328:   705080d1 04c3d418 000001f6 08e83c28
0x0022f338:   0022f360 0022f354 08e07000 337a5258
0x0022f348:   337a5258 08e83c28 00000000 00000000
0x0022f358:   0022f368 70509198 00000000 0022f3b8
0x0022f368:   0022f3a8 0612a9dd 08e07130 0022f3c4
0x0022f378:   04c3d418 00000000 0022f3b8 050ebb34
0x0022f388:   0022f388 337a5258 0022f3c4 337ad2b0
0x0022f398:   00000000 337a5258 00000000 0022f3b8 

Instructions: (pc=0x00000001)
0xffffffe1:   


Register to memory mapping:

EAX=0x66a18ff8 is an unknown value
EBX=0x00000000 is an unknown value
ECX=0x0022f360 is pointing into the stack for thread: 0x08e07000
EDX=0x050ebb1c is an unknown value
ESP=0x0022f328 is pointing into the stack for thread: 0x08e07000
EBP=0x0022f358 is pointing into the stack for thread: 0x08e07000
ESI=0x08e07130 is an unknown value
EDI=0x04c3d418 is an unknown value


Stack: [0x00130000,0x00230000],  sp=0x0022f328,  free space=1020k
Native frames: (J=compiled Java code, j=interpreted, Vv=VM code, C=native code)
C  0x00000001
C  [npjp2.dll+0x9198]
j  sun.plugin2.main.server.MozillaPlugin.getProxy0(JLjava/lang/String;)Ljava/lang/String;+0
j  sun.plugin2.main.server.MozillaPlugin.getProxy(Ljava/lang/String;)Ljava/lang/String;+17
j  sun.plugin2.main.server.MozillaBrowserService$MozillaProxyHandler.findProxyForURL(Ljava/lang/String;)Ljava/lang/String;+7
j  com.sun.deploy.net.proxy.AbstractBrowserProxyHandler.getProxyInfo(Ljava/net/URL;)[Lcom/sun/deploy/net/proxy/ProxyInfo;+5
j  com.sun.deploy.net.proxy.DynamicProxyManager.getProxyList(Ljava/net/URL;Z)Ljava/util/List;+113
j  sun.plugin2.main.server.ProxySupport.getProxyReply(Lsun/plugin2/main/server/Plugin;Lsun/plugin2/message/GetProxyMessage;)Lsun/plugin2/message/ProxyReplyMessage;+20
j  sun.plugin2.main.server.JVMInstance$1.run()V+26
j  sun.plugin2.main.server.MozillaPlugin$RunnableWrapper.run()V+4
j  sun.plugin2.main.server.MozillaPlugin.drainRunnableQueue()V+39
j  sun.plugin2.main.server.MozillaPlugin.access$000(Lsun/plugin2/main/server/MozillaPlugin;)V+1
j  sun.plugin2.main.server.MozillaPlugin$DrainRunnableQueue.run()V+4
v  ~StubRoutines::call_stub
V  [jvm.dll+0x13f35a]
V  [jvm.dll+0x202c6e]
V  [jvm.dll+0x13f3dd]
V  [jvm.dll+0xc9bc2]
V  [jvm.dll+0xcd813]
C  [npjp2.dll+0x203f]
C  [xul.dll+0x58de1e]

Java frames: (J=compiled Java code, j=interpreted, Vv=VM code)
j  sun.plugin2.main.server.MozillaPlugin.getProxy0(JLjava/lang/String;)Ljava/lang/String;+0
j  sun.plugin2.main.server.MozillaPlugin.getProxy(Ljava/lang/String;)Ljava/lang/String;+17
j  sun.plugin2.main.server.MozillaBrowserService$MozillaProxyHandler.findProxyForURL(Ljava/lang/String;)Ljava/lang/String;+7
j  com.sun.deploy.net.proxy.AbstractBrowserProxyHandler.getProxyInfo(Ljava/net/URL;)[Lcom/sun/deploy/net/proxy/ProxyInfo;+5
j  com.sun.deploy.net.proxy.DynamicProxyManager.getProxyList(Ljava/net/URL;Z)Ljava/util/List;+113
j  sun.plugin2.main.server.ProxySupport.getProxyReply(Lsun/plugin2/main/server/Plugin;Lsun/plugin2/message/GetProxyMessage;)Lsun/plugin2/message/ProxyReplyMessage;+20
j  sun.plugin2.main.server.JVMInstance$1.run()V+26
j  sun.plugin2.main.server.MozillaPlugin$RunnableWrapper.run()V+4
j  sun.plugin2.main.server.MozillaPlugin.drainRunnableQueue()V+39
j  sun.plugin2.main.server.MozillaPlugin.access$000(Lsun/plugin2/main/server/MozillaPlugin;)V+1
j  sun.plugin2.main.server.MozillaPlugin$DrainRunnableQueue.run()V+4
v  ~StubRoutines::call_stub

---------------  P R O C E S S  ---------------

Java Threads: ( => current thread )
  0x08d81400 JavaThread "Thread-5" daemon [_thread_blocked, id=3772, stack(0x082a0000,0x083a0000)]
  0x05078000 JavaThread "Thread-4" daemon [_thread_blocked, id=1608, stack(0x04df0000,0x04ef0000)]
  0x08e07800 JavaThread "Thread-3" daemon [_thread_in_native, id=3940, stack(0x04580000,0x04680000)]
=>0x08e07000 JavaThread "Thread-2" [_thread_in_native, id=3380, stack(0x00130000,0x00230000)]
  0x08dd1c00 JavaThread "JVM[id=1]-Heartbeat" [_thread_blocked, id=3708, stack(0x04180000,0x04280000)]
  0x08e03c00 JavaThread "JRE 1.7.0.51 Worker Thread" [_thread_blocked, id=3276, stack(0x09810000,0x09910000)]
  0x08dfd000 JavaThread "JRE 1.7.0.51 Output Reader Thread" [_thread_in_native, id=2108, stack(0x096e0000,0x097e0000)]
  0x08dfc400 JavaThread "JRE 1.7.0.51 Output Reader Thread" [_thread_in_native, id=1028, stack(0x08b00000,0x08c00000)]
  0x08dfbc00 JavaThread "Thread-1" [_thread_in_native, id=396, stack(0x094d0000,0x095d0000)]
  0x08df7800 JavaThread "Java Plug-In Pipe Worker Thread (Server-Side)" daemon [_thread_in_native, id=3540, stack(0x09390000,0x09490000)]
  0x08d41c00 JavaThread "Thread-0" daemon [_thread_blocked, id=2420, stack(0x090f0000,0x091f0000)]
  0x0510fc00 JavaThread "traceMsgQueueThread" daemon [_thread_blocked, id=2744, stack(0x08f40000,0x09040000)]
  0x050e5400 JavaThread "Service Thread" daemon [_thread_blocked, id=1052, stack(0x089b0000,0x08ab0000)]
  0x050e0800 JavaThread "C1 CompilerThread0" daemon [_thread_blocked, id=1828, stack(0x087f0000,0x088f0000)]
  0x050dd400 JavaThread "Attach Listener" daemon [_thread_blocked, id=840, stack(0x08530000,0x08630000)]
  0x050da000 JavaThread "Signal Dispatcher" daemon [_thread_blocked, id=2284, stack(0x08630000,0x08730000)]
  0x05072c00 JavaThread "Finalizer" daemon [_thread_blocked, id=1728, stack(0x083f0000,0x084f0000)]
  0x0506dc00 JavaThread "Reference Handler" daemon [_thread_blocked, id=220, stack(0x05150000,0x05250000)]
  0x0369c800 JavaThread "main" [_thread_in_native, id=2572, stack(0x04ef0000,0x04ff0000)]

Other Threads:
  0x0506c000 VMThread [stack: 0x08190000,0x08290000] [id=2080]
  0x050ef000 WatcherThread [stack: 0x08c30000,0x08d30000] [id=3768]

VM state:not at safepoint (normal execution)

VM Mutex/Monitor currently owned by a thread: None

Heap
 def new generation   total 4928K, used 3000K [0x31790000, 0x31ce0000, 0x32230000)
  eden space 4416K,  56% used [0x31790000, 0x319fe3a0, 0x31be0000)
  from space 512K, 100% used [0x31be0000, 0x31c60000, 0x31c60000)
  to   space 512K,   0% used [0x31c60000, 0x31c60000, 0x31ce0000)
 tenured generation   total 10944K, used 1467K [0x32230000, 0x32ce0000, 0x33790000)
   the space 10944K,  13% used [0x32230000, 0x3239ecd0, 0x3239ee00, 0x32ce0000)
 compacting perm gen  total 12288K, used 2483K [0x33790000, 0x34390000, 0x37790000)
   the space 12288K,  20% used [0x33790000, 0x339fcec8, 0x339fd000, 0x34390000)
    ro space 10240K,  41% used [0x37790000, 0x37bc2050, 0x37bc2200, 0x38190000)
    rw space 12288K,  52% used [0x38190000, 0x387d6800, 0x387d6800, 0x38d90000)

Card table byte_map: [0x02ac0000,0x02b00000] byte_map_base: 0x02934380

Polling page: 0x02a70000

Code Cache  [0x06120000, 0x06220000, 0x08120000)
 total_blobs=424 nmethods=242 adapters=119 free_code_cache=31751Kb largest_free_block=32513088

Compilation events (10 events):
Event: 30.526 Thread 0x050e0800  238             java.util.regex.Matcher::reset (83 bytes)
Event: 30.527 Thread 0x050e0800 nmethod 238 0x0621d4c8 code [0x0621d5e0, 0x0621d72c]
Event: 30.527 Thread 0x050e0800  239             java.util.HashMap$HashIterator::<init> (63 bytes)
Event: 30.527 Thread 0x050e0800 nmethod 239 0x0621d908 code [0x0621da00, 0x0621daf0]
Event: 30.527 Thread 0x050e0800  240             java.lang.String::equalsIgnoreCase (48 bytes)
Event: 30.527 Thread 0x050e0800 nmethod 240 0x0621dbc8 code [0x0621dcd0, 0x0621dddc]
Event: 30.536 Thread 0x050e0800  241             java.lang.StringBuilder::<init> (7 bytes)
Event: 30.536 Thread 0x050e0800 nmethod 241 0x0621dec8 code [0x0621dfc0, 0x0621e0d0]
Event: 30.544 Thread 0x050e0800  242             java.lang.String::endsWith (17 bytes)
Event: 30.544 Thread 0x050e0800 nmethod 242 0x0621e148 code [0x0621e250, 0x0621e2fc]

GC Heap History (4 events):
Event: 30.256 GC heap before
{Heap before GC invocations=0 (full 0):
 def new generation   total 4928K, used 4416K [0x31790000, 0x31ce0000, 0x32230000)
  eden space 4416K, 100% used [0x31790000, 0x31be0000, 0x31be0000)
  from space 512K,   0% used [0x31be0000, 0x31be0000, 0x31c60000)
  to   space 512K,   0% used [0x31c60000, 0x31c60000, 0x31ce0000)
 tenured generation   total 10944K, used 0K [0x32230000, 0x32ce0000, 0x33790000)
   the space 10944K,   0% used [0x32230000, 0x32230000, 0x32230200, 0x32ce0000)
 compacting perm gen  total 12288K, used 1704K [0x33790000, 0x34390000, 0x37790000)
   the space 12288K,  13% used [0x33790000, 0x3393a108, 0x3393a200, 0x34390000)
    ro space 10240K,  41% used [0x37790000, 0x37bc2050, 0x37bc2200, 0x38190000)
    rw space 12288K,  52% used [0x38190000, 0x387d6800, 0x387d6800, 0x38d90000)
Event: 30.266 GC heap after
Heap after GC invocations=1 (full 0):
 def new generation   total 4928K, used 512K [0x31790000, 0x31ce0000, 0x32230000)
  eden space 4416K,   0% used [0x31790000, 0x31790000, 0x31be0000)
  from space 512K, 100% used [0x31c60000, 0x31ce0000, 0x31ce0000)
  to   space 512K,   0% used [0x31be0000, 0x31be0000, 0x31c60000)
 tenured generation   total 10944K, used 644K [0x32230000, 0x32ce0000, 0x33790000)
   the space 10944K,   5% used [0x32230000, 0x322d1278, 0x322d1400, 0x32ce0000)
 compacting perm gen  total 12288K, used 1704K [0x33790000, 0x34390000, 0x37790000)
   the space 12288K,  13% used [0x33790000, 0x3393a108, 0x3393a200, 0x34390000)
    ro space 10240K,  41% used [0x37790000, 0x37bc2050, 0x37bc2200, 0x38190000)
    rw space 12288K,  52% used [0x38190000, 0x387d6800, 0x387d6800, 0x38d90000)
}
Event: 30.460 GC heap before
{Heap before GC invocations=1 (full 0):
 def new generation   total 4928K, used 4928K [0x31790000, 0x31ce0000, 0x32230000)
  eden space 4416K, 100% used [0x31790000, 0x31be0000, 0x31be0000)
  from space 512K, 100% used [0x31c60000, 0x31ce0000, 0x31ce0000)
  to   space 512K,   0% used [0x31be0000, 0x31be0000, 0x31c60000)
 tenured generation   total 10944K, used 644K [0x32230000, 0x32ce0000, 0x33790000)
   the space 10944K,   5% used [0x32230000, 0x322d1278, 0x322d1400, 0x32ce0000)
 compacting perm gen  total 12288K, used 2270K [0x33790000, 0x34390000, 0x37790000)
   the space 12288K,  18% used [0x33790000, 0x339c7890, 0x339c7a00, 0x34390000)
    ro space 10240K,  41% used [0x37790000, 0x37bc2050, 0x37bc2200, 0x38190000)
    rw space 12288K,  52% used [0x38190000, 0x387d6800, 0x387d6800, 0x38d90000)
Event: 30.470 GC heap after
Heap after GC invocations=2 (full 0):
 def new generation   total 4928K, used 512K [0x31790000, 0x31ce0000, 0x32230000)
  eden space 4416K,   0% used [0x31790000, 0x31790000, 0x31be0000)
  from space 512K, 100% used [0x31be0000, 0x31c60000, 0x31c60000)
  to   space 512K,   0% used [0x31c60000, 0x31c60000, 0x31ce0000)
 tenured generation   total 10944K, used 1467K [0x32230000, 0x32ce0000, 0x33790000)
   the space 10944K,  13% used [0x32230000, 0x3239ecd0, 0x3239ee00, 0x32ce0000)
 compacting perm gen  total 12288K, used 2270K [0x33790000, 0x34390000, 0x37790000)
   the space 12288K,  18% used [0x33790000, 0x339c7890, 0x339c7a00, 0x34390000)
    ro space 10240K,  41% used [0x37790000, 0x37bc2050, 0x37bc2200, 0x38190000)
    rw space 12288K,  52% used [0x38190000, 0x387d6800, 0x387d6800, 0x38d90000)
}

Deoptimization events (0 events):
No events

Internal exceptions (10 events):
Event: 0.022 Thread 0x0369c800 Threw 0x31795750 at C:\re\jdk7u51\527\hotspot\src\share\vm\prims\jni.cpp:3991
Event: 0.149 Thread 0x0369c800 Threw 0x318609d0 at C:\re\jdk7u51\527\hotspot\src\share\vm\prims\jvm.cpp:1244
Event: 0.149 Thread 0x0369c800 Threw 0x31860ae8 at C:\re\jdk7u51\527\hotspot\src\share\vm\prims\jvm.cpp:1244
Event: 0.150 Thread 0x0369c800 Threw 0x31863e20 at C:\re\jdk7u51\527\hotspot\src\share\vm\prims\jvm.cpp:1244
Event: 0.150 Thread 0x0369c800 Threw 0x31863f38 at C:\re\jdk7u51\527\hotspot\src\share\vm\prims\jvm.cpp:1244
Event: 0.198 Thread 0x0369c800 Threw 0x318d2270 at C:\re\jdk7u51\527\hotspot\src\share\vm\prims\jni.cpp:717
Event: 0.198 Thread 0x0369c800 Threw 0x318d2408 at C:\re\jdk7u51\527\hotspot\src\share\vm\prims\jni.cpp:717
Event: 0.198 Thread 0x0369c800 Threw 0x318d2570 at C:\re\jdk7u51\527\hotspot\src\share\vm\prims\jni.cpp:717
Event: 30.543 Thread 0x08e07000 Threw 0x319f2b98 at C:\re\jdk7u51\527\hotspot\src\share\vm\prims\jvm.cpp:1244
Event: 30.543 Thread 0x08e07000 Threw 0x319f3c90 at C:\re\jdk7u51\527\hotspot\src\share\vm\prims\jvm.cpp:1244

Events (10 events):
Event: 30.545 loading class 0x08f08f30
Event: 30.545 loading class 0x08f08f30 done
Event: 30.545 loading class 0x08f08ea8
Event: 30.545 loading class 0x08f08ea8 done
Event: 30.545 loading class 0x08f08990
Event: 30.545 loading class 0x08f08990 done
Event: 30.545 loading class 0x08f08950
Event: 30.545 loading class 0x08f08950 done
Event: 30.545 loading class 0x08f07ae0
Event: 30.545 loading class 0x08f07ae0 done


Dynamic libraries:
0x00f90000 - 0x00fdd000 	C:\Users\Mecánica\Documents\moz\FirefoxPortable\App\Firefox\firefox.exe
0x76ff0000 - 0x7712c000 	C:\Windows\SYSTEM32\ntdll.dll
0x756b0000 - 0x75784000 	C:\Windows\system32\kernel32.dll
0x752b0000 - 0x752fb000 	C:\Windows\system32\KERNELBASE.dll
0x66130000 - 0x66a9e000 	C:\Users\Mecánica\Documents\moz\FirefoxPortable\App\Firefox\xul.dll
0x70530000 - 0x7059f000 	C:\Users\Mecánica\Documents\moz\FirefoxPortable\App\Firefox\sqlite3.dll
0x703a0000 - 0x7044e000 	C:\Users\Mecánica\Documents\moz\FirefoxPortable\App\Firefox\MOZCRT19.dll
0x75970000 - 0x75a1c000 	C:\Windows\system32\msvcrt.dll
0x702f0000 - 0x7039e000 	C:\Users\Mecánica\Documents\moz\FirefoxPortable\App\Firefox\js3250.dll
0x600b0000 - 0x600e0000 	C:\Users\Mecánica\Documents\moz\FirefoxPortable\App\Firefox\nspr4.dll
0x77180000 - 0x77220000 	C:\Windows\system32\ADVAPI32.dll
0x75790000 - 0x757a9000 	C:\Windows\SYSTEM32\sechost.dll
0x760f0000 - 0x76192000 	C:\Windows\system32\RPCRT4.dll
0x72f10000 - 0x72f17000 	C:\Windows\system32\WSOCK32.dll
0x75a20000 - 0x75a55000 	C:\Windows\system32\WS2_32.dll
0x77160000 - 0x77166000 	C:\Windows\system32\NSI.dll
0x730f0000 - 0x73122000 	C:\Windows\system32\WINMM.dll
0x75f80000 - 0x76049000 	C:\Windows\system32\USER32.dll
0x75560000 - 0x755ae000 	C:\Windows\system32\GDI32.dll
0x77170000 - 0x7717a000 	C:\Windows\system32\LPK.dll
0x76050000 - 0x760ed000 	C:\Windows\system32\USP10.dll
0x60420000 - 0x60438000 	C:\Users\Mecánica\Documents\moz\FirefoxPortable\App\Firefox\smime3.dll
0x60340000 - 0x603da000 	C:\Users\Mecánica\Documents\moz\FirefoxPortable\App\Firefox\nss3.dll
0x603e0000 - 0x603f4000 	C:\Users\Mecánica\Documents\moz\FirefoxPortable\App\Firefox\nssutil3.dll
0x600f0000 - 0x600f7000 	C:\Users\Mecánica\Documents\moz\FirefoxPortable\App\Firefox\plc4.dll
0x600e0000 - 0x600e7000 	C:\Users\Mecánica\Documents\moz\FirefoxPortable\App\Firefox\plds4.dll
0x60400000 - 0x60420000 	C:\Users\Mecánica\Documents\moz\FirefoxPortable\App\Firefox\ssl3.dll
0x76340000 - 0x76f8a000 	C:\Windows\system32\SHELL32.dll
0x76f90000 - 0x76fe7000 	C:\Windows\system32\SHLWAPI.dll
0x75e20000 - 0x75f7c000 	C:\Windows\system32\ole32.dll
0x743a0000 - 0x743a9000 	C:\Windows\system32\VERSION.dll
0x6f280000 - 0x6f2d1000 	C:\Windows\system32\WINSPOOL.DRV
0x757b0000 - 0x7582b000 	C:\Windows\system32\COMDLG32.dll
0x73ea0000 - 0x7403e000 	C:\Windows\WinSxS\x86_microsoft.windows.common-controls_6595b64144ccf1df_6.0.7601.17514_none_41e6975e2bd6f2b2\COMCTL32.dll
0x77140000 - 0x7715f000 	C:\Windows\system32\IMM32.dll
0x755b0000 - 0x7567c000 	C:\Windows\system32\MSCTF.dll
0x737e0000 - 0x737e5000 	C:\Windows\system32\MSIMG32.dll
0x75830000 - 0x758bf000 	C:\Windows\system32\OLEAUT32.dll
0x71fe0000 - 0x71fe7000 	C:\Users\Mecánica\Documents\moz\FirefoxPortable\App\Firefox\xpcom.dll
0x67b80000 - 0x67c6b000 	C:\Windows\system32\dbghelp.dll
0x74f00000 - 0x74f0c000 	C:\Windows\system32\CRYPTBASE.dll
0x73d20000 - 0x73d60000 	C:\Windows\system32\uxtheme.dll
0x761a0000 - 0x7633d000 	C:\Windows\system32\SETUPAPI.dll
0x750c0000 - 0x750e7000 	C:\Windows\system32\CFGMGR32.dll
0x75090000 - 0x750a2000 	C:\Windows\system32\DEVOBJ.dll
0x75d90000 - 0x75e13000 	C:\Windows\system32\CLBCatQ.DLL
0x73d60000 - 0x73e55000 	C:\Windows\system32\propsys.dll
0x73880000 - 0x738a1000 	C:\Windows\system32\ntmarta.dll
0x75920000 - 0x75965000 	C:\Windows\system32\WLDAP32.dll
0x738e0000 - 0x738f3000 	C:\Windows\system32\dwmapi.dll
0x74fe0000 - 0x74feb000 	C:\Windows\system32\profapi.dll
0x72b80000 - 0x72b88000 	C:\Users\Mecánica\Documents\moz\FirefoxPortable\App\Firefox\components\browserdirprovider.dll
0x749e0000 - 0x74a1c000 	C:\Windows\system32\mswsock.dll
0x74520000 - 0x74525000 	C:\Windows\System32\wshtcpip.dll
0x72b00000 - 0x72b1c000 	C:\Windows\system32\iphlpapi.dll
0x72af0000 - 0x72af7000 	C:\Windows\system32\WINNSI.DLL
0x72f20000 - 0x72f30000 	C:\Windows\system32\NLAapi.dll
0x6f940000 - 0x6f950000 	C:\Windows\system32\napinsp.dll
0x6f920000 - 0x6f932000 	C:\Windows\system32\pnrpnsp.dll
0x748a0000 - 0x748e4000 	C:\Windows\system32\DNSAPI.dll
0x6f910000 - 0x6f918000 	C:\Windows\System32\winrnr.dll
0x73540000 - 0x73670000 	C:\Windows\system32\WindowsCodecs.dll
0x74eb0000 - 0x74efc000 	C:\Windows\system32\apphelp.dll
0x6e570000 - 0x6e5a1000 	C:\Windows\system32\EhStorShell.dll
0x6d7d0000 - 0x6dbd6000 	C:\PROGRA~1\MICROS~1\Office14\GROOVEEX.DLL
0x6e4c0000 - 0x6e563000 	C:\Windows\WinSxS\x86_microsoft.vc90.crt_1fc8b3b9a1e18e3b_9.0.30729.4940_none_50916076bcb9a742\MSVCR90.dll
0x6e430000 - 0x6e4be000 	C:\Windows\WinSxS\x86_microsoft.vc90.crt_1fc8b3b9a1e18e3b_9.0.30729.4940_none_50916076bcb9a742\MSVCP90.dll
0x6e400000 - 0x6e42b000 	C:\Windows\WinSxS\x86_microsoft.vc90.atl_1fc8b3b9a1e18e3b_9.0.30729.4148_none_51ca66a2bbe76806\ATL90.DLL
0x6d3b0000 - 0x6d7ca000 	C:\PROGRA~1\COMMON~1\MICROS~1\OFFICE14\Cultures\office.odf
0x6cb30000 - 0x6d3b0000 	C:\PROGRA~1\MICROS~1\Office14\3082\GrooveIntlResource.dll
0x6e370000 - 0x6e3da000 	C:\Windows\System32\cscui.dll
0x6e3f0000 - 0x6e3f9000 	C:\Windows\System32\CSCDLL.dll
0x6e800000 - 0x6e80b000 	C:\Windows\system32\CSCAPI.dll
0x6e300000 - 0x6e370000 	C:\Windows\system32\ntshrui.dll
0x74c30000 - 0x74c49000 	C:\Windows\system32\srvcli.dll
0x72d90000 - 0x72d9a000 	C:\Windows\system32\slc.dll
0x74a20000 - 0x74a37000 	C:\Windows\system32\CRYPTSP.dll
0x747c0000 - 0x747fb000 	C:\Windows\system32\rsaenh.dll
0x74f70000 - 0x74f7e000 	C:\Windows\system32\RpcRtRemote.dll
0x716d0000 - 0x716f3000 	C:\Users\Mecánica\Documents\moz\FirefoxPortable\App\Firefox\components\brwsrcmp.dll
0x602f0000 - 0x60316000 	C:\Users\Mecánica\Documents\moz\FirefoxPortable\App\Firefox\softokn3.dll
0x60320000 - 0x60338000 	C:\Users\Mecánica\Documents\moz\FirefoxPortable\App\Firefox\nssdbm3.dll
0x60440000 - 0x60481000 	C:\Users\Mecánica\Documents\moz\FirefoxPortable\App\Firefox\freebl3.dll
0x602a0000 - 0x602ec000 	C:\Users\Mecánica\Documents\moz\FirefoxPortable\App\Firefox\nssckbi.dll
0x749d0000 - 0x749d6000 	C:\Windows\System32\wship6.dll
0x6fd20000 - 0x6fd26000 	C:\Windows\system32\rasadhlp.dll
0x729f0000 - 0x72a28000 	C:\Windows\System32\fwpuclnt.dll
0x6e1b0000 - 0x6e1df000 	C:\Windows\system32\shdocvw.dll
0x70500000 - 0x7052b000 	C:\Program Files\Java\jre7\bin\plugin2\npjp2.dll
0x70130000 - 0x701ef000 	C:\Windows\system32\MSVCR100.dll
0x6b630000 - 0x6b9b0000 	C:\PROGRA~1\Java\jre7\bin\client\jvm.dll
0x77130000 - 0x77135000 	C:\Windows\system32\PSAPI.DLL
0x71ba0000 - 0x71bac000 	C:\PROGRA~1\Java\jre7\bin\verify.dll
0x71740000 - 0x71760000 	C:\PROGRA~1\Java\jre7\bin\java.dll
0x705a0000 - 0x705b3000 	C:\PROGRA~1\Java\jre7\bin\zip.dll
0x70070000 - 0x7012f000 	C:\Program Files\Java\jre7\bin\msvcr100.dll
0x70010000 - 0x7006c000 	C:\Program Files\Java\jre7\bin\deploy.dll
0x75bb0000 - 0x75d85000 	C:\Windows\system32\WININET.dll
0x752a0000 - 0x752a4000 	C:\Windows\system32\api-ms-win-downlevel-user32-l1-1-0.dll
0x75290000 - 0x75294000 	C:\Windows\system32\api-ms-win-downlevel-shlwapi-l1-1-0.dll
0x75300000 - 0x75304000 	C:\Windows\system32\api-ms-win-downlevel-version-l1-1-0.dll
0x750b0000 - 0x750b3000 	C:\Windows\system32\api-ms-win-downlevel-normaliz-l1-1-0.dll
0x75550000 - 0x75553000 	C:\Windows\system32\normaliz.DLL
0x75310000 - 0x75542000 	C:\Windows\system32\iertutil.dll
0x75280000 - 0x75285000 	C:\Windows\system32\api-ms-win-downlevel-advapi32-l1-1-0.dll
0x75100000 - 0x75117000 	C:\Windows\system32\USERENV.dll
0x75a60000 - 0x75baa000 	C:\Windows\system32\urlmon.dll
0x750f0000 - 0x750f4000 	C:\Windows\system32\api-ms-win-downlevel-ole32-l1-1-0.dll
0x71720000 - 0x71726000 	C:\Program Files\Java\jre7\bin\jp2native.dll
0x704e0000 - 0x704f4000 	C:\Program Files\Java\jre7\bin\net.dll
0x716c0000 - 0x716cf000 	C:\Program Files\Java\jre7\bin\nio.dll
0x71760000 - 0x71780000 	C:\Program Files\Java\jre7\bin\sunec.dll
0x71300000 - 0x71309000 	C:\Program Files\Java\jre7\bin\sunmscapi.dll
0x75150000 - 0x75271000 	C:\Windows\system32\CRYPT32.dll
0x74ff0000 - 0x74ffc000 	C:\Windows\system32\MSASN1.dll

VM Arguments:
jvm_args: -Xbootclasspath/a:C:\PROGRA~1\Java\jre7\lib\deploy.jar;C:\PROGRA~1\Java\jre7\lib\javaws.jar;C:\PROGRA~1\Java\jre7\lib\plugin.jar -Xmx32m -Djava.awt.headless=true -XX:MaxDirectMemorySize=64m 
java_command: <unknown>
Launcher Type: generic

Environment Variables:
PATH=C:\Program Files\Mozilla Firefox;C:\Windows\system32;C:\Windows;C:\Windows\System32\Wbem;C:\Windows\System32\WindowsPowerShell\v1.0\;C:\Program Files\Intel\DMIX
USERNAME=Mecánica
OS=Windows_NT
PROCESSOR_IDENTIFIER=x86 Family 6 Model 37 Stepping 2, GenuineIntel



---------------  S Y S T E M  ---------------

OS: Windows 7 Build 7601 Service Pack 1

CPU:total 4 (2 cores per cpu, 2 threads per core) family 6 model 37 stepping 2, cmov, cx8, fxsr, mmx, sse, sse2, sse3, ssse3, sse4.1, sse4.2, popcnt, ht, tsc, tscinvbit

Memory: 4k page, physical 3005740k(2054544k free), swap 6009732k(4999804k free)

vm_info: Java HotSpot(TM) Client VM (24.51-b03) for windows-x86 JRE (1.7.0_51-b13), built on Dec 18 2013 19:09:58 by "java_re" with unknown MS VC++:1600

time: Thu Mar 12 07:25:40 2015
elapsed time: 30 seconds

