#
# A fatal error has been detected by the Java Runtime Environment:
#
#  EXCEPTION_ACCESS_VIOLATION (0xc0000005) at pc=0x00000001, pid=3052, tid=984
#
# JRE version: Java(TM) SE Runtime Environment (7.0_51-b13) (build 1.7.0_51-b13)
# Java VM: Java HotSpot(TM) Client VM (24.51-b03 mixed mode, sharing windows-x86 )
# Problematic frame:
# C  0x00000001
#
# Failed to write core dump. Minidumps are not enabled by default on client versions of Windows
#
# If you would like to submit a bug report, please visit:
#   http://bugreport.sun.com/bugreport/crash.jsp
# The crash happened outside the Java Virtual Machine in native code.
# See problematic frame for where to report the bug.
#

---------------  T H R E A D  ---------------

Current thread (0x08b38c00):  JavaThread "Thread-2" [_thread_in_native, id=984, stack(0x001e0000,0x002e0000)]

siginfo: ExceptionCode=0xc0000005, ExceptionInformation=0x00000008 0x00000001

Registers:
EAX=0x558b8ff8, EBX=0x00000000, ECX=0x002df1c0, EDX=0x0341f4d4
ESP=0x002df188, EBP=0x002df1b8, ESI=0x08b38d30, EDI=0x05e56d18
EIP=0x00000001, EFLAGS=0x00210246

Top of Stack: (sp=0x002df188)
0x002df188:   725a80d1 05e56d18 000001f6 08bd9b78
0x002df198:   002df1c0 002df1b4 08b38c00 337a5258
0x002df1a8:   337a5258 08bd9b78 00000000 00000000
0x002df1b8:   002df1c8 725a9198 00000000 002df218
0x002df1c8:   002df208 0615a9dd 08b38d30 002df224
0x002df1d8:   05e56d18 00000000 002df218 0341f4ec
0x002df1e8:   002df1e8 337a5258 002df224 337ad2b0
0x002df1f8:   00000000 337a5258 00000000 002df218 

Instructions: (pc=0x00000001)
0xffffffe1:   


Register to memory mapping:

EAX=0x558b8ff8 is an unknown value
EBX=0x00000000 is an unknown value
ECX=0x002df1c0 is pointing into the stack for thread: 0x08b38c00
EDX=0x0341f4d4 is an unknown value
ESP=0x002df188 is pointing into the stack for thread: 0x08b38c00
EBP=0x002df1b8 is pointing into the stack for thread: 0x08b38c00
ESI=0x08b38d30 is an unknown value
EDI=0x05e56d18 is an unknown value


Stack: [0x001e0000,0x002e0000],  sp=0x002df188,  free space=1020k
Native frames: (J=compiled Java code, j=interpreted, Vv=VM code, C=native code)
C  0x00000001
C  [npjp2.dll+0x9198]
j  sun.plugin2.main.server.MozillaPlugin.getProxy0(JLjava/lang/String;)Ljava/lang/String;+0
j  sun.plugin2.main.server.MozillaPlugin.getProxy(Ljava/lang/String;)Ljava/lang/String;+17
j  sun.plugin2.main.server.MozillaBrowserService$MozillaProxyHandler.findProxyForURL(Ljava/lang/String;)Ljava/lang/String;+7
j  com.sun.deploy.net.proxy.AbstractBrowserProxyHandler.getProxyInfo(Ljava/net/URL;)[Lcom/sun/deploy/net/proxy/ProxyInfo;+5
j  com.sun.deploy.net.proxy.DynamicProxyManager.getProxyList(Ljava/net/URL;Z)Ljava/util/List;+113
j  sun.plugin2.main.server.ProxySupport.getProxyReply(Lsun/plugin2/main/server/Plugin;Lsun/plugin2/message/GetProxyMessage;)Lsun/plugin2/message/ProxyReplyMessage;+20
j  sun.plugin2.main.server.JVMInstance$1.run()V+26
j  sun.plugin2.main.server.MozillaPlugin$RunnableWrapper.run()V+4
j  sun.plugin2.main.server.MozillaPlugin.drainRunnableQueue()V+39
j  sun.plugin2.main.server.MozillaPlugin.access$000(Lsun/plugin2/main/server/MozillaPlugin;)V+1
j  sun.plugin2.main.server.MozillaPlugin$DrainRunnableQueue.run()V+4
v  ~StubRoutines::call_stub
V  [jvm.dll+0x13f35a]
V  [jvm.dll+0x202c6e]
V  [jvm.dll+0x13f3dd]
V  [jvm.dll+0xc9bc2]
V  [jvm.dll+0xcd813]
C  [npjp2.dll+0x203f]
C  [xul.dll+0x58de1e]

Java frames: (J=compiled Java code, j=interpreted, Vv=VM code)
j  sun.plugin2.main.server.MozillaPlugin.getProxy0(JLjava/lang/String;)Ljava/lang/String;+0
j  sun.plugin2.main.server.MozillaPlugin.getProxy(Ljava/lang/String;)Ljava/lang/String;+17
j  sun.plugin2.main.server.MozillaBrowserService$MozillaProxyHandler.findProxyForURL(Ljava/lang/String;)Ljava/lang/String;+7
j  com.sun.deploy.net.proxy.AbstractBrowserProxyHandler.getProxyInfo(Ljava/net/URL;)[Lcom/sun/deploy/net/proxy/ProxyInfo;+5
j  com.sun.deploy.net.proxy.DynamicProxyManager.getProxyList(Ljava/net/URL;Z)Ljava/util/List;+113
j  sun.plugin2.main.server.ProxySupport.getProxyReply(Lsun/plugin2/main/server/Plugin;Lsun/plugin2/message/GetProxyMessage;)Lsun/plugin2/message/ProxyReplyMessage;+20
j  sun.plugin2.main.server.JVMInstance$1.run()V+26
j  sun.plugin2.main.server.MozillaPlugin$RunnableWrapper.run()V+4
j  sun.plugin2.main.server.MozillaPlugin.drainRunnableQueue()V+39
j  sun.plugin2.main.server.MozillaPlugin.access$000(Lsun/plugin2/main/server/MozillaPlugin;)V+1
j  sun.plugin2.main.server.MozillaPlugin$DrainRunnableQueue.run()V+4
v  ~StubRoutines::call_stub

---------------  P R O C E S S  ---------------

Java Threads: ( => current thread )
  0x08ad7800 JavaThread "Thread-5" daemon [_thread_blocked, id=2472, stack(0x09730000,0x09830000)]
  0x033a4400 JavaThread "Thread-4" daemon [_thread_blocked, id=924, stack(0x05650000,0x05750000)]
  0x08b39400 JavaThread "Thread-3" daemon [_thread_in_native, id=2256, stack(0x09970000,0x09a70000)]
=>0x08b38c00 JavaThread "Thread-2" [_thread_in_native, id=984, stack(0x001e0000,0x002e0000)]
  0x08b08000 JavaThread "JVM[id=1]-Heartbeat" [_thread_blocked, id=2064, stack(0x095f0000,0x096f0000)]
  0x08b35400 JavaThread "JRE 1.7.0.51 Worker Thread" [_thread_blocked, id=1420, stack(0x09480000,0x09580000)]
  0x08b33000 JavaThread "JRE 1.7.0.51 Output Reader Thread" [_thread_in_native, id=2712, stack(0x08e50000,0x08f50000)]
  0x08b32400 JavaThread "JRE 1.7.0.51 Output Reader Thread" [_thread_in_native, id=2972, stack(0x091c0000,0x092c0000)]
  0x08b31c00 JavaThread "Thread-1" [_thread_in_native, id=1776, stack(0x09070000,0x09170000)]
  0x08b2d800 JavaThread "Java Plug-In Pipe Worker Thread (Server-Side)" daemon [_thread_in_native, id=3000, stack(0x08860000,0x08960000)]
  0x03444c00 JavaThread "Thread-0" daemon [_thread_blocked, id=2148, stack(0x08380000,0x08480000)]
  0x03444800 JavaThread "traceMsgQueueThread" daemon [_thread_blocked, id=3716, stack(0x08d10000,0x08e10000)]
  0x03419400 JavaThread "Service Thread" daemon [_thread_blocked, id=4072, stack(0x05980000,0x05a80000)]
  0x03410800 JavaThread "C1 CompilerThread0" daemon [_thread_blocked, id=1268, stack(0x05f10000,0x06010000)]
  0x0340d400 JavaThread "Attach Listener" daemon [_thread_blocked, id=1544, stack(0x086f0000,0x087f0000)]
  0x0340a000 JavaThread "Signal Dispatcher" daemon [_thread_blocked, id=2892, stack(0x08180000,0x08280000)]
  0x0339f000 JavaThread "Finalizer" daemon [_thread_blocked, id=1372, stack(0x08590000,0x08690000)]
  0x0339dc00 JavaThread "Reference Handler" daemon [_thread_blocked, id=2904, stack(0x08480000,0x08580000)]
  0x036ac800 JavaThread "main" [_thread_in_native, id=2840, stack(0x06050000,0x06150000)]

Other Threads:
  0x0339c000 VMThread [stack: 0x08280000,0x08380000] [id=3612]
  0x0342a800 WatcherThread [stack: 0x08960000,0x08a60000] [id=2180]

VM state:not at safepoint (normal execution)

VM Mutex/Monitor currently owned by a thread: None

Heap
 def new generation   total 4928K, used 2915K [0x31790000, 0x31ce0000, 0x32230000)
  eden space 4416K,  54% used [0x31790000, 0x319e8c68, 0x31be0000)
  from space 512K, 100% used [0x31be0000, 0x31c60000, 0x31c60000)
  to   space 512K,   0% used [0x31c60000, 0x31c60000, 0x31ce0000)
 tenured generation   total 10944K, used 1477K [0x32230000, 0x32ce0000, 0x33790000)
   the space 10944K,  13% used [0x32230000, 0x323a1428, 0x323a1600, 0x32ce0000)
 compacting perm gen  total 12288K, used 2486K [0x33790000, 0x34390000, 0x37790000)
   the space 12288K,  20% used [0x33790000, 0x339fdba0, 0x339fdc00, 0x34390000)
    ro space 10240K,  41% used [0x37790000, 0x37bc2050, 0x37bc2200, 0x38190000)
    rw space 12288K,  52% used [0x38190000, 0x387d6800, 0x387d6800, 0x38d90000)

Card table byte_map: [0x03600000,0x03640000] byte_map_base: 0x03474380

Polling page: 0x03320000

Code Cache  [0x06150000, 0x06250000, 0x08150000)
 total_blobs=423 nmethods=241 adapters=119 free_code_cache=31751Kb largest_free_block=32513856

Compilation events (10 events):
Event: 30.337 Thread 0x03410800  237             java.util.HashMap$HashIterator::<init> (63 bytes)
Event: 30.337 Thread 0x03410800 nmethod 237 0x0624ce48 code [0x0624cf40, 0x0624d030]
Event: 30.337 Thread 0x03410800  238             java.lang.String::equalsIgnoreCase (48 bytes)
Event: 30.337 Thread 0x03410800 nmethod 238 0x0624d108 code [0x0624d210, 0x0624d31c]
Event: 30.376 Thread 0x03410800  239             java.util.Properties::load0 (250 bytes)
Event: 30.376 Thread 0x03410800 nmethod 239 0x0624d408 code [0x0624d550, 0x0624d870]
Event: 30.386 Thread 0x03410800  240             java.lang.StringBuilder::<init> (7 bytes)
Event: 30.386 Thread 0x03410800 nmethod 240 0x0624dbc8 code [0x0624dcc0, 0x0624ddd0]
Event: 30.389 Thread 0x03410800  241             java.lang.String::endsWith (17 bytes)
Event: 30.389 Thread 0x03410800 nmethod 241 0x0624de48 code [0x0624df50, 0x0624dffc]

GC Heap History (4 events):
Event: 30.155 GC heap before
{Heap before GC invocations=0 (full 0):
 def new generation   total 4928K, used 4416K [0x31790000, 0x31ce0000, 0x32230000)
  eden space 4416K, 100% used [0x31790000, 0x31be0000, 0x31be0000)
  from space 512K,   0% used [0x31be0000, 0x31be0000, 0x31c60000)
  to   space 512K,   0% used [0x31c60000, 0x31c60000, 0x31ce0000)
 tenured generation   total 10944K, used 0K [0x32230000, 0x32ce0000, 0x33790000)
   the space 10944K,   0% used [0x32230000, 0x32230000, 0x32230200, 0x32ce0000)
 compacting perm gen  total 12288K, used 1704K [0x33790000, 0x34390000, 0x37790000)
   the space 12288K,  13% used [0x33790000, 0x3393a108, 0x3393a200, 0x34390000)
    ro space 10240K,  41% used [0x37790000, 0x37bc2050, 0x37bc2200, 0x38190000)
    rw space 12288K,  52% used [0x38190000, 0x387d6800, 0x387d6800, 0x38d90000)
Event: 30.164 GC heap after
Heap after GC invocations=1 (full 0):
 def new generation   total 4928K, used 512K [0x31790000, 0x31ce0000, 0x32230000)
  eden space 4416K,   0% used [0x31790000, 0x31790000, 0x31be0000)
  from space 512K, 100% used [0x31c60000, 0x31ce0000, 0x31ce0000)
  to   space 512K,   0% used [0x31be0000, 0x31be0000, 0x31c60000)
 tenured generation   total 10944K, used 644K [0x32230000, 0x32ce0000, 0x33790000)
   the space 10944K,   5% used [0x32230000, 0x322d12f8, 0x322d1400, 0x32ce0000)
 compacting perm gen  total 12288K, used 1704K [0x33790000, 0x34390000, 0x37790000)
   the space 12288K,  13% used [0x33790000, 0x3393a108, 0x3393a200, 0x34390000)
    ro space 10240K,  41% used [0x37790000, 0x37bc2050, 0x37bc2200, 0x38190000)
    rw space 12288K,  52% used [0x38190000, 0x387d6800, 0x387d6800, 0x38d90000)
}
Event: 30.275 GC heap before
{Heap before GC invocations=1 (full 0):
 def new generation   total 4928K, used 4928K [0x31790000, 0x31ce0000, 0x32230000)
  eden space 4416K, 100% used [0x31790000, 0x31be0000, 0x31be0000)
  from space 512K, 100% used [0x31c60000, 0x31ce0000, 0x31ce0000)
  to   space 512K,   0% used [0x31be0000, 0x31be0000, 0x31c60000)
 tenured generation   total 10944K, used 644K [0x32230000, 0x32ce0000, 0x33790000)
   the space 10944K,   5% used [0x32230000, 0x322d12f8, 0x322d1400, 0x32ce0000)
 compacting perm gen  total 12288K, used 2270K [0x33790000, 0x34390000, 0x37790000)
   the space 12288K,  18% used [0x33790000, 0x339c7890, 0x339c7a00, 0x34390000)
    ro space 10240K,  41% used [0x37790000, 0x37bc2050, 0x37bc2200, 0x38190000)
    rw space 12288K,  52% used [0x38190000, 0x387d6800, 0x387d6800, 0x38d90000)
Event: 30.283 GC heap after
Heap after GC invocations=2 (full 0):
 def new generation   total 4928K, used 512K [0x31790000, 0x31ce0000, 0x32230000)
  eden space 4416K,   0% used [0x31790000, 0x31790000, 0x31be0000)
  from space 512K, 100% used [0x31be0000, 0x31c60000, 0x31c60000)
  to   space 512K,   0% used [0x31c60000, 0x31c60000, 0x31ce0000)
 tenured generation   total 10944K, used 1477K [0x32230000, 0x32ce0000, 0x33790000)
   the space 10944K,  13% used [0x32230000, 0x323a1428, 0x323a1600, 0x32ce0000)
 compacting perm gen  total 12288K, used 2270K [0x33790000, 0x34390000, 0x37790000)
   the space 12288K,  18% used [0x33790000, 0x339c7890, 0x339c7a00, 0x34390000)
    ro space 10240K,  41% used [0x37790000, 0x37bc2050, 0x37bc2200, 0x38190000)
    rw space 12288K,  52% used [0x38190000, 0x387d6800, 0x387d6800, 0x38d90000)
}

Deoptimization events (0 events):
No events

Internal exceptions (10 events):
Event: 0.014 Thread 0x036ac800 Threw 0x31795750 at C:\re\jdk7u51\527\hotspot\src\share\vm\prims\jni.cpp:3991
Event: 0.091 Thread 0x036ac800 Threw 0x318609d0 at C:\re\jdk7u51\527\hotspot\src\share\vm\prims\jvm.cpp:1244
Event: 0.091 Thread 0x036ac800 Threw 0x31860ae8 at C:\re\jdk7u51\527\hotspot\src\share\vm\prims\jvm.cpp:1244
Event: 0.092 Thread 0x036ac800 Threw 0x31863e20 at C:\re\jdk7u51\527\hotspot\src\share\vm\prims\jvm.cpp:1244
Event: 0.092 Thread 0x036ac800 Threw 0x31863f38 at C:\re\jdk7u51\527\hotspot\src\share\vm\prims\jvm.cpp:1244
Event: 0.131 Thread 0x036ac800 Threw 0x318d22b8 at C:\re\jdk7u51\527\hotspot\src\share\vm\prims\jni.cpp:717
Event: 0.132 Thread 0x036ac800 Threw 0x318d2450 at C:\re\jdk7u51\527\hotspot\src\share\vm\prims\jni.cpp:717
Event: 0.132 Thread 0x036ac800 Threw 0x318d25b8 at C:\re\jdk7u51\527\hotspot\src\share\vm\prims\jni.cpp:717
Event: 30.388 Thread 0x08b38c00 Threw 0x319dd460 at C:\re\jdk7u51\527\hotspot\src\share\vm\prims\jvm.cpp:1244
Event: 30.389 Thread 0x08b38c00 Threw 0x319de558 at C:\re\jdk7u51\527\hotspot\src\share\vm\prims\jvm.cpp:1244

Events (10 events):
Event: 30.390 loading class 0x08c3cfd8
Event: 30.390 loading class 0x08c3cfd8 done
Event: 30.390 loading class 0x08c3cf50
Event: 30.390 loading class 0x08c3cf50 done
Event: 30.390 loading class 0x08c3ca38
Event: 30.390 loading class 0x08c3ca38 done
Event: 30.390 loading class 0x08c3c9f8
Event: 30.390 loading class 0x08c3c9f8 done
Event: 30.391 loading class 0x08c3bb88
Event: 30.391 loading class 0x08c3bb88 done


Dynamic libraries:
0x01320000 - 0x0136d000 	C:\Users\Mecánica\Documents\moz\FirefoxPortable\App\Firefox\firefox.exe
0x77180000 - 0x772bc000 	C:\Windows\SYSTEM32\ntdll.dll
0x75840000 - 0x75914000 	C:\Windows\system32\kernel32.dll
0x75450000 - 0x7549b000 	C:\Windows\system32\KERNELBASE.dll
0x54fd0000 - 0x5593e000 	C:\Users\Mecánica\Documents\moz\FirefoxPortable\App\Firefox\xul.dll
0x61d20000 - 0x61d8f000 	C:\Users\Mecánica\Documents\moz\FirefoxPortable\App\Firefox\sqlite3.dll
0x61c70000 - 0x61d1e000 	C:\Users\Mecánica\Documents\moz\FirefoxPortable\App\Firefox\MOZCRT19.dll
0x76190000 - 0x7623c000 	C:\Windows\system32\msvcrt.dll
0x61bc0000 - 0x61c6e000 	C:\Users\Mecánica\Documents\moz\FirefoxPortable\App\Firefox\js3250.dll
0x600b0000 - 0x600e0000 	C:\Users\Mecánica\Documents\moz\FirefoxPortable\App\Firefox\nspr4.dll
0x75f30000 - 0x75fd0000 	C:\Windows\system32\ADVAPI32.dll
0x759f0000 - 0x75a09000 	C:\Windows\SYSTEM32\sechost.dll
0x77300000 - 0x773a2000 	C:\Windows\system32\RPCRT4.dll
0x71170000 - 0x71177000 	C:\Windows\system32\WSOCK32.dll
0x75520000 - 0x75555000 	C:\Windows\system32\WS2_32.dll
0x772c0000 - 0x772c6000 	C:\Windows\system32\NSI.dll
0x729c0000 - 0x729f2000 	C:\Windows\system32\WINMM.dll
0x770b0000 - 0x77179000 	C:\Windows\system32\USER32.dll
0x75c60000 - 0x75cae000 	C:\Windows\system32\GDI32.dll
0x772f0000 - 0x772fa000 	C:\Windows\system32\LPK.dll
0x757a0000 - 0x7583d000 	C:\Windows\system32\USP10.dll
0x60420000 - 0x60438000 	C:\Users\Mecánica\Documents\moz\FirefoxPortable\App\Firefox\smime3.dll
0x60340000 - 0x603da000 	C:\Users\Mecánica\Documents\moz\FirefoxPortable\App\Firefox\nss3.dll
0x603e0000 - 0x603f4000 	C:\Users\Mecánica\Documents\moz\FirefoxPortable\App\Firefox\nssutil3.dll
0x600f0000 - 0x600f7000 	C:\Users\Mecánica\Documents\moz\FirefoxPortable\App\Firefox\plc4.dll
0x600e0000 - 0x600e7000 	C:\Users\Mecánica\Documents\moz\FirefoxPortable\App\Firefox\plds4.dll
0x60400000 - 0x60420000 	C:\Users\Mecánica\Documents\moz\FirefoxPortable\App\Firefox\ssl3.dll
0x76460000 - 0x770aa000 	C:\Windows\system32\SHELL32.dll
0x76130000 - 0x76187000 	C:\Windows\system32\SHLWAPI.dll
0x75fd0000 - 0x7612c000 	C:\Windows\system32\ole32.dll
0x74530000 - 0x74539000 	C:\Windows\system32\VERSION.dll
0x6f280000 - 0x6f2d1000 	C:\Windows\system32\WINSPOOL.DRV
0x754a0000 - 0x7551b000 	C:\Windows\system32\COMDLG32.dll
0x74030000 - 0x741ce000 	C:\Windows\WinSxS\x86_microsoft.windows.common-controls_6595b64144ccf1df_6.0.7601.17514_none_41e6975e2bd6f2b2\COMCTL32.dll
0x772d0000 - 0x772ef000 	C:\Windows\system32\IMM32.dll
0x76390000 - 0x7645c000 	C:\Windows\system32\MSCTF.dll
0x61610000 - 0x61615000 	C:\Windows\system32\MSIMG32.dll
0x75cb0000 - 0x75d3f000 	C:\Windows\system32\OLEAUT32.dll
0x72680000 - 0x72687000 	C:\Users\Mecánica\Documents\moz\FirefoxPortable\App\Firefox\xpcom.dll
0x67b50000 - 0x67c3b000 	C:\Windows\system32\dbghelp.dll
0x75090000 - 0x7509c000 	C:\Windows\system32\CRYPTBASE.dll
0x73eb0000 - 0x73ef0000 	C:\Windows\system32\uxtheme.dll
0x75d90000 - 0x75f2d000 	C:\Windows\system32\SETUPAPI.dll
0x75230000 - 0x75257000 	C:\Windows\system32\CFGMGR32.dll
0x752c0000 - 0x752d2000 	C:\Windows\system32\DEVOBJ.dll
0x75930000 - 0x759b3000 	C:\Windows\system32\CLBCatQ.DLL
0x73ef0000 - 0x73fe5000 	C:\Windows\system32\propsys.dll
0x738b0000 - 0x738d1000 	C:\Windows\system32\ntmarta.dll
0x75d40000 - 0x75d85000 	C:\Windows\system32\WLDAP32.dll
0x73b80000 - 0x73b93000 	C:\Windows\system32\dwmapi.dll
0x75180000 - 0x7518b000 	C:\Windows\system32\profapi.dll
0x738e0000 - 0x738e8000 	C:\Users\Mecánica\Documents\moz\FirefoxPortable\App\Firefox\components\browserdirprovider.dll
0x74b70000 - 0x74bac000 	C:\Windows\system32\mswsock.dll
0x746b0000 - 0x746b5000 	C:\Windows\System32\wshtcpip.dll
0x72550000 - 0x7256c000 	C:\Windows\system32\iphlpapi.dll
0x72530000 - 0x72537000 	C:\Windows\system32\WINNSI.DLL
0x727b0000 - 0x727c0000 	C:\Windows\system32\NLAapi.dll
0x70390000 - 0x703a0000 	C:\Windows\system32\napinsp.dll
0x70370000 - 0x70382000 	C:\Windows\system32\pnrpnsp.dll
0x74a30000 - 0x74a74000 	C:\Windows\system32\DNSAPI.dll
0x70360000 - 0x70368000 	C:\Windows\System32\winrnr.dll
0x73a20000 - 0x73b50000 	C:\Windows\system32\WindowsCodecs.dll
0x75040000 - 0x7508c000 	C:\Windows\system32\apphelp.dll
0x6e790000 - 0x6e7c1000 	C:\Windows\system32\EhStorShell.dll
0x6df30000 - 0x6e336000 	C:\PROGRA~1\MICROS~1\Office14\GROOVEEX.DLL
0x6e6a0000 - 0x6e743000 	C:\Windows\WinSxS\x86_microsoft.vc90.crt_1fc8b3b9a1e18e3b_9.0.30729.4940_none_50916076bcb9a742\MSVCR90.dll
0x6e610000 - 0x6e69e000 	C:\Windows\WinSxS\x86_microsoft.vc90.crt_1fc8b3b9a1e18e3b_9.0.30729.4940_none_50916076bcb9a742\MSVCP90.dll
0x6e760000 - 0x6e78b000 	C:\Windows\WinSxS\x86_microsoft.vc90.atl_1fc8b3b9a1e18e3b_9.0.30729.4148_none_51ca66a2bbe76806\ATL90.DLL
0x6db10000 - 0x6df2a000 	C:\PROGRA~1\COMMON~1\MICROS~1\OFFICE14\Cultures\office.odf
0x6d290000 - 0x6db10000 	C:\PROGRA~1\MICROS~1\Office14\3082\GrooveIntlResource.dll
0x6e5a0000 - 0x6e60a000 	C:\Windows\System32\cscui.dll
0x6e590000 - 0x6e599000 	C:\Windows\System32\CSCDLL.dll
0x6ea20000 - 0x6ea2b000 	C:\Windows\system32\CSCAPI.dll
0x6e520000 - 0x6e590000 	C:\Windows\system32\ntshrui.dll
0x74dc0000 - 0x74dd9000 	C:\Windows\system32\srvcli.dll
0x726e0000 - 0x726ea000 	C:\Windows\system32\slc.dll
0x74bb0000 - 0x74bc7000 	C:\Windows\system32\CRYPTSP.dll
0x74950000 - 0x7498b000 	C:\Windows\system32\rsaenh.dll
0x75100000 - 0x7510e000 	C:\Windows\system32\RpcRtRemote.dll
0x725d0000 - 0x725f3000 	C:\Users\Mecánica\Documents\moz\FirefoxPortable\App\Firefox\components\brwsrcmp.dll
0x602f0000 - 0x60316000 	C:\Users\Mecánica\Documents\moz\FirefoxPortable\App\Firefox\softokn3.dll
0x60320000 - 0x60338000 	C:\Users\Mecánica\Documents\moz\FirefoxPortable\App\Firefox\nssdbm3.dll
0x60440000 - 0x60481000 	C:\Users\Mecánica\Documents\moz\FirefoxPortable\App\Firefox\freebl3.dll
0x602a0000 - 0x602ec000 	C:\Users\Mecánica\Documents\moz\FirefoxPortable\App\Firefox\nssckbi.dll
0x725a0000 - 0x725cb000 	C:\Program Files\Java\jre7\bin\plugin2\npjp2.dll
0x61b00000 - 0x61bbf000 	C:\Windows\system32\MSVCR100.dll
0x61780000 - 0x61b00000 	C:\PROGRA~1\Java\jre7\bin\client\jvm.dll
0x75a10000 - 0x75a15000 	C:\Windows\system32\PSAPI.DLL
0x72630000 - 0x7263c000 	C:\PROGRA~1\Java\jre7\bin\verify.dll
0x6bfd0000 - 0x6bff0000 	C:\PROGRA~1\Java\jre7\bin\java.dll
0x62050000 - 0x62063000 	C:\PROGRA~1\Java\jre7\bin\zip.dll
0x616b0000 - 0x6176f000 	C:\Program Files\Java\jre7\bin\msvcr100.dll
0x61650000 - 0x616ac000 	C:\Program Files\Java\jre7\bin\deploy.dll
0x75a80000 - 0x75c55000 	C:\Windows\system32\WININET.dll
0x75190000 - 0x75194000 	C:\Windows\system32\api-ms-win-downlevel-user32-l1-1-0.dll
0x752f0000 - 0x752f4000 	C:\Windows\system32\api-ms-win-downlevel-shlwapi-l1-1-0.dll
0x752e0000 - 0x752e4000 	C:\Windows\system32\api-ms-win-downlevel-version-l1-1-0.dll
0x75440000 - 0x75443000 	C:\Windows\system32\api-ms-win-downlevel-normaliz-l1-1-0.dll
0x75920000 - 0x75923000 	C:\Windows\system32\normaliz.DLL
0x75560000 - 0x75792000 	C:\Windows\system32\iertutil.dll
0x75430000 - 0x75435000 	C:\Windows\system32\api-ms-win-downlevel-advapi32-l1-1-0.dll
0x75260000 - 0x75277000 	C:\Windows\system32\USERENV.dll
0x76240000 - 0x7638a000 	C:\Windows\system32\urlmon.dll
0x752b0000 - 0x752b4000 	C:\Windows\system32\api-ms-win-downlevel-ole32-l1-1-0.dll
0x72670000 - 0x72676000 	C:\Program Files\Java\jre7\bin\jp2native.dll
0x61e10000 - 0x61e24000 	C:\Program Files\Java\jre7\bin\net.dll
0x74b60000 - 0x74b66000 	C:\Windows\System32\wship6.dll
0x72620000 - 0x7262f000 	C:\Program Files\Java\jre7\bin\nio.dll
0x707e0000 - 0x707e6000 	C:\Windows\system32\rasadhlp.dll
0x72430000 - 0x72468000 	C:\Windows\System32\fwpuclnt.dll
0x6e410000 - 0x6e43f000 	C:\Windows\system32\shdocvw.dll
0x612e0000 - 0x61300000 	C:\Program Files\Java\jre7\bin\sunec.dll
0x613a0000 - 0x613a9000 	C:\Program Files\Java\jre7\bin\sunmscapi.dll
0x75300000 - 0x75421000 	C:\Windows\system32\CRYPT32.dll
0x75170000 - 0x7517c000 	C:\Windows\system32\MSASN1.dll

VM Arguments:
jvm_args: -Xbootclasspath/a:C:\PROGRA~1\Java\jre7\lib\deploy.jar;C:\PROGRA~1\Java\jre7\lib\javaws.jar;C:\PROGRA~1\Java\jre7\lib\plugin.jar -Xmx32m -Djava.awt.headless=true -XX:MaxDirectMemorySize=64m 
java_command: <unknown>
Launcher Type: generic

Environment Variables:
PATH=C:\Program Files\Mozilla Firefox;C:\Windows\system32;C:\Windows;C:\Windows\System32\Wbem;C:\Windows\System32\WindowsPowerShell\v1.0\;C:\Program Files\Intel\DMIX
USERNAME=Mecánica
OS=Windows_NT
PROCESSOR_IDENTIFIER=x86 Family 6 Model 37 Stepping 2, GenuineIntel



---------------  S Y S T E M  ---------------

OS: Windows 7 Build 7601 Service Pack 1

CPU:total 4 (2 cores per cpu, 2 threads per core) family 6 model 37 stepping 2, cmov, cx8, fxsr, mmx, sse, sse2, sse3, ssse3, sse4.1, sse4.2, popcnt, ht, tsc, tscinvbit

Memory: 4k page, physical 3005740k(1695896k free), swap 6009732k(4545372k free)

vm_info: Java HotSpot(TM) Client VM (24.51-b03) for windows-x86 JRE (1.7.0_51-b13), built on Dec 18 2013 19:09:58 by "java_re" with unknown MS VC++:1600

time: Thu Mar 05 15:55:45 2015
elapsed time: 30 seconds

