#
# A fatal error has been detected by the Java Runtime Environment:
#
#  EXCEPTION_ACCESS_VIOLATION (0xc0000005) at pc=0x00000002, pid=3276, tid=2592
#
# JRE version: Java(TM) SE Runtime Environment (7.0_51-b13) (build 1.7.0_51-b13)
# Java VM: Java HotSpot(TM) Client VM (24.51-b03 mixed mode, sharing windows-x86 )
# Problematic frame:
# C  0x00000002
#
# Failed to write core dump. Minidumps are not enabled by default on client versions of Windows
#
# If you would like to submit a bug report, please visit:
#   http://bugreport.sun.com/bugreport/crash.jsp
# The crash happened outside the Java Virtual Machine in native code.
# See problematic frame for where to report the bug.
#

---------------  T H R E A D  ---------------

Current thread (0x08547c00):  JavaThread "Thread-2" [_thread_in_native, id=2592, stack(0x00080000,0x00180000)]

siginfo: ExceptionCode=0xc0000005, ExceptionInformation=0x00000008 0x00000002

Registers:
EAX=0x683b8ff8, EBX=0x00000000, ECX=0x0017efb0, EDX=0x0589f514
ESP=0x0017ef78, EBP=0x0017efa8, ESI=0x08547d30, EDI=0x08a64718
EIP=0x00000002, EFLAGS=0x00210246

Top of Stack: (sp=0x0017ef78)
0x0017ef78:   709980d1 08a64718 000001f6 058c14b0
0x0017ef88:   0017efb0 0017efa4 08547c00 337a5258
0x0017ef98:   337a5258 058c14b0 00000000 00000000
0x0017efa8:   0017efb8 70999198 00000000 0017f008
0x0017efb8:   0017eff8 05d0a9dd 08547d30 0017f014
0x0017efc8:   08a64718 00000000 0017f008 0589f52c
0x0017efd8:   0017efd8 337a5258 0017f014 337ad2b0
0x0017efe8:   00000000 337a5258 00000000 0017f008 

Instructions: (pc=0x00000002)
0xffffffe2:   


Register to memory mapping:

EAX=0x683b8ff8 is an unknown value
EBX=0x00000000 is an unknown value
ECX=0x0017efb0 is pointing into the stack for thread: 0x08547c00
EDX=0x0589f514 is an unknown value
ESP=0x0017ef78 is pointing into the stack for thread: 0x08547c00
EBP=0x0017efa8 is pointing into the stack for thread: 0x08547c00
ESI=0x08547d30 is an unknown value
EDI=0x08a64718 is an unknown value


Stack: [0x00080000,0x00180000],  sp=0x0017ef78,  free space=1019k
Native frames: (J=compiled Java code, j=interpreted, Vv=VM code, C=native code)
C  0x00000002
C  [npjp2.dll+0x9198]
j  sun.plugin2.main.server.MozillaPlugin.getProxy0(JLjava/lang/String;)Ljava/lang/String;+0
j  sun.plugin2.main.server.MozillaPlugin.getProxy(Ljava/lang/String;)Ljava/lang/String;+17
j  sun.plugin2.main.server.MozillaBrowserService$MozillaProxyHandler.findProxyForURL(Ljava/lang/String;)Ljava/lang/String;+7
j  com.sun.deploy.net.proxy.AbstractBrowserProxyHandler.getProxyInfo(Ljava/net/URL;)[Lcom/sun/deploy/net/proxy/ProxyInfo;+5
j  com.sun.deploy.net.proxy.DynamicProxyManager.getProxyList(Ljava/net/URL;Z)Ljava/util/List;+113
j  sun.plugin2.main.server.ProxySupport.getProxyReply(Lsun/plugin2/main/server/Plugin;Lsun/plugin2/message/GetProxyMessage;)Lsun/plugin2/message/ProxyReplyMessage;+20
j  sun.plugin2.main.server.JVMInstance$1.run()V+26
j  sun.plugin2.main.server.MozillaPlugin$RunnableWrapper.run()V+4
j  sun.plugin2.main.server.MozillaPlugin.drainRunnableQueue()V+39
j  sun.plugin2.main.server.MozillaPlugin.access$000(Lsun/plugin2/main/server/MozillaPlugin;)V+1
j  sun.plugin2.main.server.MozillaPlugin$DrainRunnableQueue.run()V+4
v  ~StubRoutines::call_stub
V  [jvm.dll+0x13f35a]
V  [jvm.dll+0x202c6e]
V  [jvm.dll+0x13f3dd]
V  [jvm.dll+0xc9bc2]
V  [jvm.dll+0xcd813]
C  [npjp2.dll+0x203f]
C  [xul.dll+0x58de1e]

Java frames: (J=compiled Java code, j=interpreted, Vv=VM code)
j  sun.plugin2.main.server.MozillaPlugin.getProxy0(JLjava/lang/String;)Ljava/lang/String;+0
j  sun.plugin2.main.server.MozillaPlugin.getProxy(Ljava/lang/String;)Ljava/lang/String;+17
j  sun.plugin2.main.server.MozillaBrowserService$MozillaProxyHandler.findProxyForURL(Ljava/lang/String;)Ljava/lang/String;+7
j  com.sun.deploy.net.proxy.AbstractBrowserProxyHandler.getProxyInfo(Ljava/net/URL;)[Lcom/sun/deploy/net/proxy/ProxyInfo;+5
j  com.sun.deploy.net.proxy.DynamicProxyManager.getProxyList(Ljava/net/URL;Z)Ljava/util/List;+113
j  sun.plugin2.main.server.ProxySupport.getProxyReply(Lsun/plugin2/main/server/Plugin;Lsun/plugin2/message/GetProxyMessage;)Lsun/plugin2/message/ProxyReplyMessage;+20
j  sun.plugin2.main.server.JVMInstance$1.run()V+26
j  sun.plugin2.main.server.MozillaPlugin$RunnableWrapper.run()V+4
j  sun.plugin2.main.server.MozillaPlugin.drainRunnableQueue()V+39
j  sun.plugin2.main.server.MozillaPlugin.access$000(Lsun/plugin2/main/server/MozillaPlugin;)V+1
j  sun.plugin2.main.server.MozillaPlugin$DrainRunnableQueue.run()V+4
v  ~StubRoutines::call_stub

---------------  P R O C E S S  ---------------

Java Threads: ( => current thread )
  0x084cf400 JavaThread "Thread-6" daemon [_thread_in_native, id=3164, stack(0x09e80000,0x09f80000)]
  0x084cf000 JavaThread "Thread-5" daemon [_thread_in_native, id=2632, stack(0x0a3e0000,0x0a4e0000)]
  0x08473c00 JavaThread "Thread-4" daemon [_thread_in_native, id=1144, stack(0x0a200000,0x0a300000)]
  0x08548400 JavaThread "Thread-3" [_thread_in_native, id=396, stack(0x09d10000,0x09e10000)]
=>0x08547c00 JavaThread "Thread-2" [_thread_in_native, id=2592, stack(0x00080000,0x00180000)]
  0x08517000 JavaThread "JVM[id=1]-Heartbeat" [_thread_blocked, id=2924, stack(0x03f90000,0x04090000)]
  0x08544800 JavaThread "JRE 1.7.0.51 Worker Thread" [_thread_blocked, id=752, stack(0x09350000,0x09450000)]
  0x08542000 JavaThread "JRE 1.7.0.51 Output Reader Thread" [_thread_in_native, id=3432, stack(0x09120000,0x09220000)]
  0x08541400 JavaThread "JRE 1.7.0.51 Output Reader Thread" [_thread_in_native, id=3744, stack(0x08ef0000,0x08ff0000)]
  0x08540c00 JavaThread "Thread-1" [_thread_in_native, id=1384, stack(0x08ca0000,0x08da0000)]
  0x0853c800 JavaThread "Java Plug-In Pipe Worker Thread (Server-Side)" daemon [_thread_in_native, id=3584, stack(0x08b50000,0x08c50000)]
  0x058d4000 JavaThread "Thread-0" daemon [_thread_blocked, id=1120, stack(0x086c0000,0x087c0000)]
  0x08484800 JavaThread "traceMsgQueueThread" daemon [_thread_blocked, id=3312, stack(0x08850000,0x08950000)]
  0x05899400 JavaThread "Service Thread" daemon [_thread_blocked, id=3768, stack(0x07d30000,0x07e30000)]
  0x05890800 JavaThread "C1 CompilerThread0" daemon [_thread_blocked, id=4020, stack(0x080e0000,0x081e0000)]
  0x0588d400 JavaThread "Attach Listener" daemon [_thread_blocked, id=3544, stack(0x08200000,0x08300000)]
  0x0588a400 JavaThread "Signal Dispatcher" daemon [_thread_blocked, id=2440, stack(0x07f80000,0x08080000)]
  0x05822c00 JavaThread "Finalizer" daemon [_thread_blocked, id=3032, stack(0x07e40000,0x07f40000)]
  0x0581dc00 JavaThread "Reference Handler" daemon [_thread_blocked, id=2804, stack(0x05920000,0x05a20000)]
  0x048fc800 JavaThread "main" [_thread_in_native, id=3912, stack(0x04710000,0x04810000)]

Other Threads:
  0x0581c000 VMThread [stack: 0x05a40000,0x05b40000] [id=2156]
  0x058aac00 WatcherThread [stack: 0x08370000,0x08470000] [id=1400]

VM state:not at safepoint (normal execution)

VM Mutex/Monitor currently owned by a thread: None

Heap
 def new generation   total 4928K, used 3025K [0x31790000, 0x31ce0000, 0x32230000)
  eden space 4416K,  56% used [0x31790000, 0x31a04550, 0x31be0000)
  from space 512K, 100% used [0x31be0000, 0x31c60000, 0x31c60000)
  to   space 512K,   0% used [0x31c60000, 0x31c60000, 0x31ce0000)
 tenured generation   total 10944K, used 1461K [0x32230000, 0x32ce0000, 0x33790000)
   the space 10944K,  13% used [0x32230000, 0x3239d730, 0x3239d800, 0x32ce0000)
 compacting perm gen  total 12288K, used 2486K [0x33790000, 0x34390000, 0x37790000)
   the space 12288K,  20% used [0x33790000, 0x339fd860, 0x339fda00, 0x34390000)
    ro space 10240K,  41% used [0x37790000, 0x37bc2050, 0x37bc2200, 0x38190000)
    rw space 12288K,  52% used [0x38190000, 0x387d6800, 0x387d6800, 0x38d90000)

Card table byte_map: [0x033a0000,0x033e0000] byte_map_base: 0x03214380

Polling page: 0x030e0000

Code Cache  [0x05d00000, 0x05e00000, 0x07d00000)
 total_blobs=424 nmethods=242 adapters=119 free_code_cache=31751Kb largest_free_block=32513088

Compilation events (10 events):
Event: 30.365 Thread 0x05890800  238             java.util.HashMap$HashIterator::<init> (63 bytes)
Event: 30.365 Thread 0x05890800 nmethod 238 0x05dfd148 code [0x05dfd240, 0x05dfd330]
Event: 30.366 Thread 0x05890800  239             java.lang.String::equalsIgnoreCase (48 bytes)
Event: 30.366 Thread 0x05890800 nmethod 239 0x05dfd408 code [0x05dfd510, 0x05dfd61c]
Event: 30.421 Thread 0x05890800  240             java.util.Properties::load0 (250 bytes)
Event: 30.421 Thread 0x05890800 nmethod 240 0x05dfd708 code [0x05dfd850, 0x05dfdb70]
Event: 30.429 Thread 0x05890800  241             java.lang.String::endsWith (17 bytes)
Event: 30.429 Thread 0x05890800 nmethod 241 0x05dfdec8 code [0x05dfdfd0, 0x05dfe07c]
Event: 30.437 Thread 0x05890800  242             java.lang.StringBuilder::<init> (7 bytes)
Event: 30.437 Thread 0x05890800 nmethod 242 0x05dfe148 code [0x05dfe240, 0x05dfe350]

GC Heap History (4 events):
Event: 30.166 GC heap before
{Heap before GC invocations=0 (full 0):
 def new generation   total 4928K, used 4416K [0x31790000, 0x31ce0000, 0x32230000)
  eden space 4416K, 100% used [0x31790000, 0x31be0000, 0x31be0000)
  from space 512K,   0% used [0x31be0000, 0x31be0000, 0x31c60000)
  to   space 512K,   0% used [0x31c60000, 0x31c60000, 0x31ce0000)
 tenured generation   total 10944K, used 0K [0x32230000, 0x32ce0000, 0x33790000)
   the space 10944K,   0% used [0x32230000, 0x32230000, 0x32230200, 0x32ce0000)
 compacting perm gen  total 12288K, used 1696K [0x33790000, 0x34390000, 0x37790000)
   the space 12288K,  13% used [0x33790000, 0x33938060, 0x33938200, 0x34390000)
    ro space 10240K,  41% used [0x37790000, 0x37bc2050, 0x37bc2200, 0x38190000)
    rw space 12288K,  52% used [0x38190000, 0x387d6800, 0x387d6800, 0x38d90000)
Event: 30.180 GC heap after
Heap after GC invocations=1 (full 0):
 def new generation   total 4928K, used 512K [0x31790000, 0x31ce0000, 0x32230000)
  eden space 4416K,   0% used [0x31790000, 0x31790000, 0x31be0000)
  from space 512K, 100% used [0x31c60000, 0x31ce0000, 0x31ce0000)
  to   space 512K,   0% used [0x31be0000, 0x31be0000, 0x31c60000)
 tenured generation   total 10944K, used 613K [0x32230000, 0x32ce0000, 0x33790000)
   the space 10944K,   5% used [0x32230000, 0x322c9790, 0x322c9800, 0x32ce0000)
 compacting perm gen  total 12288K, used 1696K [0x33790000, 0x34390000, 0x37790000)
   the space 12288K,  13% used [0x33790000, 0x33938060, 0x33938200, 0x34390000)
    ro space 10240K,  41% used [0x37790000, 0x37bc2050, 0x37bc2200, 0x38190000)
    rw space 12288K,  52% used [0x38190000, 0x387d6800, 0x387d6800, 0x38d90000)
}
Event: 30.294 GC heap before
{Heap before GC invocations=1 (full 0):
 def new generation   total 4928K, used 4928K [0x31790000, 0x31ce0000, 0x32230000)
  eden space 4416K, 100% used [0x31790000, 0x31be0000, 0x31be0000)
  from space 512K, 100% used [0x31c60000, 0x31ce0000, 0x31ce0000)
  to   space 512K,   0% used [0x31be0000, 0x31be0000, 0x31c60000)
 tenured generation   total 10944K, used 613K [0x32230000, 0x32ce0000, 0x33790000)
   the space 10944K,   5% used [0x32230000, 0x322c9790, 0x322c9800, 0x32ce0000)
 compacting perm gen  total 12288K, used 2270K [0x33790000, 0x34390000, 0x37790000)
   the space 12288K,  18% used [0x33790000, 0x339c7890, 0x339c7a00, 0x34390000)
    ro space 10240K,  41% used [0x37790000, 0x37bc2050, 0x37bc2200, 0x38190000)
    rw space 12288K,  52% used [0x38190000, 0x387d6800, 0x387d6800, 0x38d90000)
Event: 30.304 GC heap after
Heap after GC invocations=2 (full 0):
 def new generation   total 4928K, used 512K [0x31790000, 0x31ce0000, 0x32230000)
  eden space 4416K,   0% used [0x31790000, 0x31790000, 0x31be0000)
  from space 512K, 100% used [0x31be0000, 0x31c60000, 0x31c60000)
  to   space 512K,   0% used [0x31c60000, 0x31c60000, 0x31ce0000)
 tenured generation   total 10944K, used 1461K [0x32230000, 0x32ce0000, 0x33790000)
   the space 10944K,  13% used [0x32230000, 0x3239d730, 0x3239d800, 0x32ce0000)
 compacting perm gen  total 12288K, used 2270K [0x33790000, 0x34390000, 0x37790000)
   the space 12288K,  18% used [0x33790000, 0x339c7890, 0x339c7a00, 0x34390000)
    ro space 10240K,  41% used [0x37790000, 0x37bc2050, 0x37bc2200, 0x38190000)
    rw space 12288K,  52% used [0x38190000, 0x387d6800, 0x387d6800, 0x38d90000)
}

Deoptimization events (0 events):
No events

Internal exceptions (10 events):
Event: 0.012 Thread 0x048fc800 Threw 0x317957f0 at C:\re\jdk7u51\527\hotspot\src\share\vm\prims\jni.cpp:3991
Event: 0.103 Thread 0x048fc800 Threw 0x31860cf0 at C:\re\jdk7u51\527\hotspot\src\share\vm\prims\jvm.cpp:1244
Event: 0.103 Thread 0x048fc800 Threw 0x31860e08 at C:\re\jdk7u51\527\hotspot\src\share\vm\prims\jvm.cpp:1244
Event: 0.103 Thread 0x048fc800 Threw 0x318640f8 at C:\re\jdk7u51\527\hotspot\src\share\vm\prims\jvm.cpp:1244
Event: 0.103 Thread 0x048fc800 Threw 0x31864210 at C:\re\jdk7u51\527\hotspot\src\share\vm\prims\jvm.cpp:1244
Event: 0.143 Thread 0x048fc800 Threw 0x318d24c0 at C:\re\jdk7u51\527\hotspot\src\share\vm\prims\jni.cpp:717
Event: 0.143 Thread 0x048fc800 Threw 0x318d2658 at C:\re\jdk7u51\527\hotspot\src\share\vm\prims\jni.cpp:717
Event: 0.143 Thread 0x048fc800 Threw 0x318d27c0 at C:\re\jdk7u51\527\hotspot\src\share\vm\prims\jni.cpp:717
Event: 30.436 Thread 0x08547c00 Threw 0x319ef860 at C:\re\jdk7u51\527\hotspot\src\share\vm\prims\jvm.cpp:1244
Event: 30.437 Thread 0x08547c00 Threw 0x319f0958 at C:\re\jdk7u51\527\hotspot\src\share\vm\prims\jvm.cpp:1244

Events (10 events):
Event: 30.439 loading class 0x08654068
Event: 30.439 loading class 0x08654068 done
Event: 30.439 loading class 0x08653fe0
Event: 30.439 loading class 0x08653fe0 done
Event: 30.439 loading class 0x08653ac8
Event: 30.439 loading class 0x08653ac8 done
Event: 30.439 loading class 0x08653a88
Event: 30.439 loading class 0x08653a88 done
Event: 30.439 loading class 0x08652c18
Event: 30.439 loading class 0x08652c18 done


Dynamic libraries:
0x010e0000 - 0x0112d000 	C:\Users\Mecánica\Documents\moz\FirefoxPortable\App\Firefox\firefox.exe
0x775a0000 - 0x776dc000 	C:\Windows\SYSTEM32\ntdll.dll
0x76c30000 - 0x76d04000 	C:\Windows\system32\kernel32.dll
0x75870000 - 0x758bb000 	C:\Windows\system32\KERNELBASE.dll
0x67ad0000 - 0x6843e000 	C:\Users\Mecánica\Documents\moz\FirefoxPortable\App\Firefox\xul.dll
0x6bed0000 - 0x6bf3f000 	C:\Users\Mecánica\Documents\moz\FirefoxPortable\App\Firefox\sqlite3.dll
0x6b8f0000 - 0x6b99e000 	C:\Users\Mecánica\Documents\moz\FirefoxPortable\App\Firefox\MOZCRT19.dll
0x76670000 - 0x7671c000 	C:\Windows\system32\msvcrt.dll
0x6ba30000 - 0x6bade000 	C:\Users\Mecánica\Documents\moz\FirefoxPortable\App\Firefox\js3250.dll
0x600b0000 - 0x600e0000 	C:\Users\Mecánica\Documents\moz\FirefoxPortable\App\Firefox\nspr4.dll
0x76d10000 - 0x76db0000 	C:\Windows\system32\ADVAPI32.dll
0x776f0000 - 0x77709000 	C:\Windows\SYSTEM32\sechost.dll
0x76e80000 - 0x76f22000 	C:\Windows\system32\RPCRT4.dll
0x73a40000 - 0x73a47000 	C:\Windows\system32\WSOCK32.dll
0x77190000 - 0x771c5000 	C:\Windows\system32\WS2_32.dll
0x777c0000 - 0x777c6000 	C:\Windows\system32\NSI.dll
0x73630000 - 0x73662000 	C:\Windows\system32\WINMM.dll
0x77070000 - 0x77139000 	C:\Windows\system32\USER32.dll
0x77140000 - 0x7718e000 	C:\Windows\system32\GDI32.dll
0x77790000 - 0x7779a000 	C:\Windows\system32\LPK.dll
0x771d0000 - 0x7726d000 	C:\Windows\system32\USP10.dll
0x60420000 - 0x60438000 	C:\Users\Mecánica\Documents\moz\FirefoxPortable\App\Firefox\smime3.dll
0x60340000 - 0x603da000 	C:\Users\Mecánica\Documents\moz\FirefoxPortable\App\Firefox\nss3.dll
0x603e0000 - 0x603f4000 	C:\Users\Mecánica\Documents\moz\FirefoxPortable\App\Firefox\nssutil3.dll
0x600f0000 - 0x600f7000 	C:\Users\Mecánica\Documents\moz\FirefoxPortable\App\Firefox\plc4.dll
0x600e0000 - 0x600e7000 	C:\Users\Mecánica\Documents\moz\FirefoxPortable\App\Firefox\plds4.dll
0x60400000 - 0x60420000 	C:\Users\Mecánica\Documents\moz\FirefoxPortable\App\Firefox\ssl3.dll
0x758c0000 - 0x7650a000 	C:\Windows\system32\SHELL32.dll
0x76bd0000 - 0x76c27000 	C:\Windows\system32\SHLWAPI.dll
0x76510000 - 0x7666c000 	C:\Windows\system32\ole32.dll
0x74950000 - 0x74959000 	C:\Windows\system32\VERSION.dll
0x6f6c0000 - 0x6f711000 	C:\Windows\system32\WINSPOOL.DRV
0x77710000 - 0x7778b000 	C:\Windows\system32\COMDLG32.dll
0x74450000 - 0x745ee000 	C:\Windows\WinSxS\x86_microsoft.windows.common-controls_6595b64144ccf1df_6.0.7601.17514_none_41e6975e2bd6f2b2\COMCTL32.dll
0x777a0000 - 0x777bf000 	C:\Windows\system32\IMM32.dll
0x76db0000 - 0x76e7c000 	C:\Windows\system32\MSCTF.dll
0x73100000 - 0x73105000 	C:\Windows\system32\MSIMG32.dll
0x76b40000 - 0x76bcf000 	C:\Windows\system32\OLEAUT32.dll
0x73c60000 - 0x73c67000 	C:\Users\Mecánica\Documents\moz\FirefoxPortable\App\Firefox\xpcom.dll
0x72190000 - 0x7227b000 	C:\Windows\system32\dbghelp.dll
0x754b0000 - 0x754bc000 	C:\Windows\system32\CRYPTBASE.dll
0x741c0000 - 0x74200000 	C:\Windows\system32\uxtheme.dll
0x76720000 - 0x768bd000 	C:\Windows\system32\SETUPAPI.dll
0x75840000 - 0x75867000 	C:\Windows\system32\CFGMGR32.dll
0x757b0000 - 0x757c2000 	C:\Windows\system32\DEVOBJ.dll
0x76f30000 - 0x76fb3000 	C:\Windows\system32\CLBCatQ.DLL
0x74200000 - 0x742f5000 	C:\Windows\system32\propsys.dll
0x73f40000 - 0x73f61000 	C:\Windows\system32\ntmarta.dll
0x77020000 - 0x77065000 	C:\Windows\system32\WLDAP32.dll
0x73f10000 - 0x73f23000 	C:\Windows\system32\dwmapi.dll
0x75590000 - 0x7559b000 	C:\Windows\system32\profapi.dll
0x737d0000 - 0x737d8000 	C:\Users\Mecánica\Documents\moz\FirefoxPortable\App\Firefox\components\browserdirprovider.dll
0x74f90000 - 0x74fcc000 	C:\Windows\system32\mswsock.dll
0x74ad0000 - 0x74ad5000 	C:\Windows\System32\wshtcpip.dll
0x730b0000 - 0x730cc000 	C:\Windows\system32\iphlpapi.dll
0x730a0000 - 0x730a7000 	C:\Windows\system32\WINNSI.DLL
0x734c0000 - 0x734d0000 	C:\Windows\system32\NLAapi.dll
0x6fec0000 - 0x6fed0000 	C:\Windows\system32\napinsp.dll
0x6fea0000 - 0x6feb2000 	C:\Windows\system32\pnrpnsp.dll
0x74e50000 - 0x74e94000 	C:\Windows\system32\DNSAPI.dll
0x6fe90000 - 0x6fe98000 	C:\Windows\System32\winrnr.dll
0x73b30000 - 0x73c60000 	C:\Windows\system32\WindowsCodecs.dll
0x75460000 - 0x754ac000 	C:\Windows\system32\apphelp.dll
0x6ea10000 - 0x6ea41000 	C:\Windows\system32\EhStorShell.dll
0x6e1f0000 - 0x6e5f6000 	C:\PROGRA~1\MICROS~1\Office14\GROOVEEX.DLL
0x6eb50000 - 0x6ebf3000 	C:\Windows\WinSxS\x86_microsoft.vc90.crt_1fc8b3b9a1e18e3b_9.0.30729.4940_none_50916076bcb9a742\MSVCR90.dll
0x6eac0000 - 0x6eb4e000 	C:\Windows\WinSxS\x86_microsoft.vc90.crt_1fc8b3b9a1e18e3b_9.0.30729.4940_none_50916076bcb9a742\MSVCP90.dll
0x6ea90000 - 0x6eabb000 	C:\Windows\WinSxS\x86_microsoft.vc90.atl_1fc8b3b9a1e18e3b_9.0.30729.4148_none_51ca66a2bbe76806\ATL90.DLL
0x6ddd0000 - 0x6e1ea000 	C:\PROGRA~1\COMMON~1\MICROS~1\OFFICE14\Cultures\office.odf
0x6d550000 - 0x6ddd0000 	C:\PROGRA~1\MICROS~1\Office14\3082\GrooveIntlResource.dll
0x6d4e0000 - 0x6d54a000 	C:\Windows\System32\cscui.dll
0x6ea80000 - 0x6ea89000 	C:\Windows\System32\CSCDLL.dll
0x6ede0000 - 0x6edeb000 	C:\Windows\system32\CSCAPI.dll
0x6d470000 - 0x6d4e0000 	C:\Windows\system32\ntshrui.dll
0x751e0000 - 0x751f9000 	C:\Windows\system32\srvcli.dll
0x73340000 - 0x7334a000 	C:\Windows\system32\slc.dll
0x74fd0000 - 0x74fe7000 	C:\Windows\system32\CRYPTSP.dll
0x74d70000 - 0x74dab000 	C:\Windows\system32\rsaenh.dll
0x75520000 - 0x7552e000 	C:\Windows\system32\RpcRtRemote.dll
0x6bea0000 - 0x6bec3000 	C:\Users\Mecánica\Documents\moz\FirefoxPortable\App\Firefox\components\brwsrcmp.dll
0x70990000 - 0x709bb000 	C:\Program Files\Java\jre7\bin\plugin2\npjp2.dll
0x6ab10000 - 0x6abcf000 	C:\Windows\system32\MSVCR100.dll
0x65820000 - 0x65ba0000 	C:\PROGRA~1\Java\jre7\bin\client\jvm.dll
0x768c0000 - 0x768c5000 	C:\Windows\system32\PSAPI.DLL
0x71fc0000 - 0x71fcc000 	C:\PROGRA~1\Java\jre7\bin\verify.dll
0x6c0f0000 - 0x6c110000 	C:\PROGRA~1\Java\jre7\bin\java.dll
0x6c130000 - 0x6c143000 	C:\PROGRA~1\Java\jre7\bin\zip.dll
0x6b400000 - 0x6b4bf000 	C:\Program Files\Java\jre7\bin\msvcr100.dll
0x6b3a0000 - 0x6b3fc000 	C:\Program Files\Java\jre7\bin\deploy.dll
0x77270000 - 0x77446000 	C:\Windows\system32\WININET.dll
0x75830000 - 0x75834000 	C:\Windows\system32\api-ms-win-downlevel-user32-l1-1-0.dll
0x755b0000 - 0x755b4000 	C:\Windows\system32\api-ms-win-downlevel-shlwapi-l1-1-0.dll
0x757d0000 - 0x757d4000 	C:\Windows\system32\api-ms-win-downlevel-version-l1-1-0.dll
0x75810000 - 0x75813000 	C:\Windows\system32\api-ms-win-downlevel-normaliz-l1-1-0.dll
0x776e0000 - 0x776e3000 	C:\Windows\system32\normaliz.DLL
0x76900000 - 0x76b32000 	C:\Windows\system32\iertutil.dll
0x757a0000 - 0x757a5000 	C:\Windows\system32\api-ms-win-downlevel-advapi32-l1-1-0.dll
0x755c0000 - 0x755d7000 	C:\Windows\system32\USERENV.dll
0x77450000 - 0x7759a000 	C:\Windows\system32\urlmon.dll
0x75820000 - 0x75824000 	C:\Windows\system32\api-ms-win-downlevel-ole32-l1-1-0.dll
0x73320000 - 0x73326000 	C:\Program Files\Java\jre7\bin\jp2native.dll
0x6be80000 - 0x6be94000 	C:\Program Files\Java\jre7\bin\net.dll
0x74f80000 - 0x74f86000 	C:\Windows\System32\wship6.dll
0x71150000 - 0x7115f000 	C:\Program Files\Java\jre7\bin\nio.dll
0x602f0000 - 0x60316000 	C:\Users\Mecánica\Documents\moz\FirefoxPortable\App\Firefox\softokn3.dll
0x60320000 - 0x60338000 	C:\Users\Mecánica\Documents\moz\FirefoxPortable\App\Firefox\nssdbm3.dll
0x60440000 - 0x60481000 	C:\Users\Mecánica\Documents\moz\FirefoxPortable\App\Firefox\freebl3.dll
0x602a0000 - 0x602ec000 	C:\Users\Mecánica\Documents\moz\FirefoxPortable\App\Firefox\nssckbi.dll
0x70ad0000 - 0x70ad6000 	C:\Windows\system32\rasadhlp.dll
0x72dd0000 - 0x72e08000 	C:\Windows\System32\fwpuclnt.dll
0x6d260000 - 0x6d28f000 	C:\Windows\system32\shdocvw.dll
0x6c040000 - 0x6c060000 	C:\Program Files\Java\jre7\bin\sunec.dll
0x6ec00000 - 0x6ec09000 	C:\Program Files\Java\jre7\bin\sunmscapi.dll
0x755e0000 - 0x75701000 	C:\Windows\system32\CRYPT32.dll
0x755a0000 - 0x755ac000 	C:\Windows\system32\MSASN1.dll

VM Arguments:
jvm_args: -Xbootclasspath/a:C:\PROGRA~1\Java\jre7\lib\deploy.jar;C:\PROGRA~1\Java\jre7\lib\javaws.jar;C:\PROGRA~1\Java\jre7\lib\plugin.jar -Xmx32m -Djava.awt.headless=true -XX:MaxDirectMemorySize=64m 
java_command: <unknown>
Launcher Type: generic

Environment Variables:
PATH=C:\Program Files\Mozilla Firefox;C:\Windows\system32;C:\Windows;C:\Windows\System32\Wbem;C:\Windows\System32\WindowsPowerShell\v1.0\;C:\Program Files\Intel\DMIX;C:\Program Files\Common Files\Nero\Lib\;C:\Program Files\Common Files\Nero\Lib\
USERNAME=Mecánica
OS=Windows_NT
PROCESSOR_IDENTIFIER=x86 Family 6 Model 37 Stepping 2, GenuineIntel



---------------  S Y S T E M  ---------------

OS: Windows 7 Build 7601 Service Pack 1

CPU:total 4 (2 cores per cpu, 2 threads per core) family 6 model 37 stepping 2, cmov, cx8, fxsr, mmx, sse, sse2, sse3, ssse3, sse4.1, sse4.2, popcnt, ht, tsc, tscinvbit

Memory: 4k page, physical 3005740k(2044156k free), swap 6009728k(4956160k free)

vm_info: Java HotSpot(TM) Client VM (24.51-b03) for windows-x86 JRE (1.7.0_51-b13), built on Dec 18 2013 19:09:58 by "java_re" with unknown MS VC++:1600

time: Wed Feb 11 14:24:19 2015
elapsed time: 30 seconds

