#
# A fatal error has been detected by the Java Runtime Environment:
#
#  EXCEPTION_ACCESS_VIOLATION (0xc0000005) at pc=0x00000001, pid=2456, tid=1068
#
# JRE version: Java(TM) SE Runtime Environment (7.0_51-b13) (build 1.7.0_51-b13)
# Java VM: Java HotSpot(TM) Client VM (24.51-b03 mixed mode, sharing windows-x86 )
# Problematic frame:
# C  0x00000001
#
# Failed to write core dump. Minidumps are not enabled by default on client versions of Windows
#
# If you would like to submit a bug report, please visit:
#   http://bugreport.sun.com/bugreport/crash.jsp
# The crash happened outside the Java Virtual Machine in native code.
# See problematic frame for where to report the bug.
#

---------------  T H R E A D  ---------------

Current thread (0x05d0e800):  JavaThread "Thread-2" [_thread_in_native, id=1068, stack(0x00080000,0x00180000)]

siginfo: ExceptionCode=0xc0000005, ExceptionInformation=0x00000008 0x00000001

Registers:
EAX=0x64cf8ff8, EBX=0x00000000, ECX=0x0017f6e0, EDX=0x05d22854
ESP=0x0017f6a8, EBP=0x0017f6d8, ESI=0x05d0e930, EDI=0x04e94a98
EIP=0x00000001, EFLAGS=0x00210246

Top of Stack: (sp=0x0017f6a8)
0x0017f6a8:   6fd580d1 04e94a98 000001f6 05d400c0
0x0017f6b8:   0017f6e0 0017f6d4 05d0e800 337a5258
0x0017f6c8:   337a5258 05d400c0 00000000 00000000
0x0017f6d8:   0017f6e8 6fd59198 00000000 0017f738
0x0017f6e8:   0017f728 05e6a9dd 05d0e930 0017f744
0x0017f6f8:   04e94a98 00000000 0017f738 05d2286c
0x0017f708:   0017f708 337a5258 0017f744 337ad2b0
0x0017f718:   00000000 337a5258 00000000 0017f738 

Instructions: (pc=0x00000001)
0xffffffe1:   


Register to memory mapping:

EAX=0x64cf8ff8 is an unknown value
EBX=0x00000000 is an unknown value
ECX=0x0017f6e0 is pointing into the stack for thread: 0x05d0e800
EDX=0x05d22854 is an unknown value
ESP=0x0017f6a8 is pointing into the stack for thread: 0x05d0e800
EBP=0x0017f6d8 is pointing into the stack for thread: 0x05d0e800
ESI=0x05d0e930 is an unknown value
EDI=0x04e94a98 is an unknown value


Stack: [0x00080000,0x00180000],  sp=0x0017f6a8,  free space=1021k
Native frames: (J=compiled Java code, j=interpreted, Vv=VM code, C=native code)
C  0x00000001
C  [npjp2.dll+0x9198]
j  sun.plugin2.main.server.MozillaPlugin.getProxy0(JLjava/lang/String;)Ljava/lang/String;+0
j  sun.plugin2.main.server.MozillaPlugin.getProxy(Ljava/lang/String;)Ljava/lang/String;+17
j  sun.plugin2.main.server.MozillaBrowserService$MozillaProxyHandler.findProxyForURL(Ljava/lang/String;)Ljava/lang/String;+7
j  com.sun.deploy.net.proxy.AbstractBrowserProxyHandler.getProxyInfo(Ljava/net/URL;)[Lcom/sun/deploy/net/proxy/ProxyInfo;+5
j  com.sun.deploy.net.proxy.DynamicProxyManager.getProxyList(Ljava/net/URL;Z)Ljava/util/List;+113
j  sun.plugin2.main.server.ProxySupport.getProxyReply(Lsun/plugin2/main/server/Plugin;Lsun/plugin2/message/GetProxyMessage;)Lsun/plugin2/message/ProxyReplyMessage;+20
j  sun.plugin2.main.server.JVMInstance$1.run()V+26
j  sun.plugin2.main.server.MozillaPlugin$RunnableWrapper.run()V+4
j  sun.plugin2.main.server.MozillaPlugin.drainRunnableQueue()V+39
j  sun.plugin2.main.server.MozillaPlugin.access$000(Lsun/plugin2/main/server/MozillaPlugin;)V+1
j  sun.plugin2.main.server.MozillaPlugin$DrainRunnableQueue.run()V+4
v  ~StubRoutines::call_stub
V  [jvm.dll+0x13f35a]
V  [jvm.dll+0x202c6e]
V  [jvm.dll+0x13f3dd]
V  [jvm.dll+0xc9bc2]
V  [jvm.dll+0xcd813]
C  [npjp2.dll+0x203f]
C  [xul.dll+0x58de1e]

Java frames: (J=compiled Java code, j=interpreted, Vv=VM code)
j  sun.plugin2.main.server.MozillaPlugin.getProxy0(JLjava/lang/String;)Ljava/lang/String;+0
j  sun.plugin2.main.server.MozillaPlugin.getProxy(Ljava/lang/String;)Ljava/lang/String;+17
j  sun.plugin2.main.server.MozillaBrowserService$MozillaProxyHandler.findProxyForURL(Ljava/lang/String;)Ljava/lang/String;+7
j  com.sun.deploy.net.proxy.AbstractBrowserProxyHandler.getProxyInfo(Ljava/net/URL;)[Lcom/sun/deploy/net/proxy/ProxyInfo;+5
j  com.sun.deploy.net.proxy.DynamicProxyManager.getProxyList(Ljava/net/URL;Z)Ljava/util/List;+113
j  sun.plugin2.main.server.ProxySupport.getProxyReply(Lsun/plugin2/main/server/Plugin;Lsun/plugin2/message/GetProxyMessage;)Lsun/plugin2/message/ProxyReplyMessage;+20
j  sun.plugin2.main.server.JVMInstance$1.run()V+26
j  sun.plugin2.main.server.MozillaPlugin$RunnableWrapper.run()V+4
j  sun.plugin2.main.server.MozillaPlugin.drainRunnableQueue()V+39
j  sun.plugin2.main.server.MozillaPlugin.access$000(Lsun/plugin2/main/server/MozillaPlugin;)V+1
j  sun.plugin2.main.server.MozillaPlugin$DrainRunnableQueue.run()V+4
v  ~StubRoutines::call_stub

---------------  P R O C E S S  ---------------

Java Threads: ( => current thread )
  0x05d0fc00 JavaThread "Thread-5" daemon [_thread_blocked, id=740, stack(0x09ab0000,0x09bb0000)]
  0x05d0f400 JavaThread "Thread-4" daemon [_thread_in_native, id=2420, stack(0x09980000,0x09a80000)]
  0x05d0f000 JavaThread "Thread-3" daemon [_thread_blocked, id=1196, stack(0x097d0000,0x098d0000)]
=>0x05d0e800 JavaThread "Thread-2" [_thread_in_native, id=1068, stack(0x00080000,0x00180000)]
  0x05d0c400 JavaThread "JVM[id=1]-Heartbeat" [_thread_blocked, id=836, stack(0x03fd0000,0x040d0000)]
  0x05d0e400 JavaThread "JRE 1.7.0.51 Worker Thread" [_thread_blocked, id=3560, stack(0x09410000,0x09510000)]
  0x05d0dc00 JavaThread "JRE 1.7.0.51 Output Reader Thread" [_thread_in_native, id=2200, stack(0x09240000,0x09340000)]
  0x05d0d400 JavaThread "JRE 1.7.0.51 Output Reader Thread" [_thread_in_native, id=3652, stack(0x08f70000,0x09070000)]
  0x05d0d000 JavaThread "Thread-1" [_thread_in_native, id=3180, stack(0x08d60000,0x08e60000)]
  0x05d0c800 JavaThread "Java Plug-In Pipe Worker Thread (Server-Side)" daemon [_thread_in_native, id=2540, stack(0x08250000,0x08350000)]
  0x05d0bc00 JavaThread "Thread-0" daemon [_thread_blocked, id=3060, stack(0x08e60000,0x08f60000)]
  0x05d0b800 JavaThread "traceMsgQueueThread" daemon [_thread_blocked, id=2384, stack(0x08bd0000,0x08cd0000)]
  0x05d0b000 JavaThread "Service Thread" daemon [_thread_blocked, id=2232, stack(0x08880000,0x08980000)]
  0x05d17c00 JavaThread "C1 CompilerThread0" daemon [_thread_blocked, id=2948, stack(0x08730000,0x08830000)]
  0x05d0ac00 JavaThread "Attach Listener" daemon [_thread_blocked, id=2180, stack(0x084c0000,0x085c0000)]
  0x05d0a400 JavaThread "Signal Dispatcher" daemon [_thread_blocked, id=3280, stack(0x08350000,0x08450000)]
  0x05ca2c00 JavaThread "Finalizer" daemon [_thread_blocked, id=3232, stack(0x08000000,0x08100000)]
  0x05c9dc00 JavaThread "Reference Handler" daemon [_thread_blocked, id=3052, stack(0x08140000,0x08240000)]
  0x05c5c800 JavaThread "main" [_thread_in_native, id=3896, stack(0x05d60000,0x05e60000)]

Other Threads:
  0x05c9c000 VMThread [stack: 0x07eb0000,0x07fb0000] [id=1416]
  0x05d2dc00 WatcherThread [stack: 0x08610000,0x08710000] [id=2484]

VM state:not at safepoint (normal execution)

VM Mutex/Monitor currently owned by a thread: None

Heap
 def new generation   total 4928K, used 2999K [0x31790000, 0x31ce0000, 0x32230000)
  eden space 4416K,  56% used [0x31790000, 0x319fdc48, 0x31be0000)
  from space 512K, 100% used [0x31be0000, 0x31c60000, 0x31c60000)
  to   space 512K,   0% used [0x31c60000, 0x31c60000, 0x31ce0000)
 tenured generation   total 10944K, used 1467K [0x32230000, 0x32ce0000, 0x33790000)
   the space 10944K,  13% used [0x32230000, 0x3239ecd8, 0x3239ee00, 0x32ce0000)
 compacting perm gen  total 12288K, used 2483K [0x33790000, 0x34390000, 0x37790000)
   the space 12288K,  20% used [0x33790000, 0x339fcee8, 0x339fd000, 0x34390000)
    ro space 10240K,  41% used [0x37790000, 0x37bc2050, 0x37bc2200, 0x38190000)
    rw space 12288K,  52% used [0x38190000, 0x387d6800, 0x387d6800, 0x38d90000)

Card table byte_map: [0x036c0000,0x03700000] byte_map_base: 0x03534380

Polling page: 0x03530000

Code Cache  [0x05e60000, 0x05f60000, 0x07e60000)
 total_blobs=422 nmethods=240 adapters=119 free_code_cache=31752Kb largest_free_block=32514368

Compilation events (10 events):
Event: 30.347 Thread 0x05d17c00  236             java.lang.Math::min (46 bytes)
Event: 30.347 Thread 0x05d17c00 nmethod 236 0x05f5ca88 code [0x05f5cb80, 0x05f5ccc0]
Event: 30.347 Thread 0x05d17c00  237             java.util.regex.Matcher::reset (83 bytes)
Event: 30.348 Thread 0x05d17c00 nmethod 237 0x05f5cd08 code [0x05f5ce20, 0x05f5cf6c]
Event: 30.348 Thread 0x05d17c00  238             java.util.HashMap$HashIterator::<init> (63 bytes)
Event: 30.348 Thread 0x05d17c00 nmethod 238 0x05f5d148 code [0x05f5d240, 0x05f5d330]
Event: 30.348 Thread 0x05d17c00  239             java.lang.String::equalsIgnoreCase (48 bytes)
Event: 30.348 Thread 0x05d17c00 nmethod 239 0x05f5d408 code [0x05f5d510, 0x05f5d61c]
Event: 30.382 Thread 0x05d17c00  240             java.util.Properties::load0 (250 bytes)
Event: 30.382 Thread 0x05d17c00 nmethod 240 0x05f5d708 code [0x05f5d850, 0x05f5db70]

GC Heap History (4 events):
Event: 30.160 GC heap before
{Heap before GC invocations=0 (full 0):
 def new generation   total 4928K, used 4416K [0x31790000, 0x31ce0000, 0x32230000)
  eden space 4416K, 100% used [0x31790000, 0x31be0000, 0x31be0000)
  from space 512K,   0% used [0x31be0000, 0x31be0000, 0x31c60000)
  to   space 512K,   0% used [0x31c60000, 0x31c60000, 0x31ce0000)
 tenured generation   total 10944K, used 0K [0x32230000, 0x32ce0000, 0x33790000)
   the space 10944K,   0% used [0x32230000, 0x32230000, 0x32230200, 0x32ce0000)
 compacting perm gen  total 12288K, used 1704K [0x33790000, 0x34390000, 0x37790000)
   the space 12288K,  13% used [0x33790000, 0x3393a108, 0x3393a200, 0x34390000)
    ro space 10240K,  41% used [0x37790000, 0x37bc2050, 0x37bc2200, 0x38190000)
    rw space 12288K,  52% used [0x38190000, 0x387d6800, 0x387d6800, 0x38d90000)
Event: 30.169 GC heap after
Heap after GC invocations=1 (full 0):
 def new generation   total 4928K, used 512K [0x31790000, 0x31ce0000, 0x32230000)
  eden space 4416K,   0% used [0x31790000, 0x31790000, 0x31be0000)
  from space 512K, 100% used [0x31c60000, 0x31ce0000, 0x31ce0000)
  to   space 512K,   0% used [0x31be0000, 0x31be0000, 0x31c60000)
 tenured generation   total 10944K, used 644K [0x32230000, 0x32ce0000, 0x33790000)
   the space 10944K,   5% used [0x32230000, 0x322d12e8, 0x322d1400, 0x32ce0000)
 compacting perm gen  total 12288K, used 1704K [0x33790000, 0x34390000, 0x37790000)
   the space 12288K,  13% used [0x33790000, 0x3393a108, 0x3393a200, 0x34390000)
    ro space 10240K,  41% used [0x37790000, 0x37bc2050, 0x37bc2200, 0x38190000)
    rw space 12288K,  52% used [0x38190000, 0x387d6800, 0x387d6800, 0x38d90000)
}
Event: 30.277 GC heap before
{Heap before GC invocations=1 (full 0):
 def new generation   total 4928K, used 4928K [0x31790000, 0x31ce0000, 0x32230000)
  eden space 4416K, 100% used [0x31790000, 0x31be0000, 0x31be0000)
  from space 512K, 100% used [0x31c60000, 0x31ce0000, 0x31ce0000)
  to   space 512K,   0% used [0x31be0000, 0x31be0000, 0x31c60000)
 tenured generation   total 10944K, used 644K [0x32230000, 0x32ce0000, 0x33790000)
   the space 10944K,   5% used [0x32230000, 0x322d12e8, 0x322d1400, 0x32ce0000)
 compacting perm gen  total 12288K, used 2270K [0x33790000, 0x34390000, 0x37790000)
   the space 12288K,  18% used [0x33790000, 0x339c78b0, 0x339c7a00, 0x34390000)
    ro space 10240K,  41% used [0x37790000, 0x37bc2050, 0x37bc2200, 0x38190000)
    rw space 12288K,  52% used [0x38190000, 0x387d6800, 0x387d6800, 0x38d90000)
Event: 30.284 GC heap after
Heap after GC invocations=2 (full 0):
 def new generation   total 4928K, used 512K [0x31790000, 0x31ce0000, 0x32230000)
  eden space 4416K,   0% used [0x31790000, 0x31790000, 0x31be0000)
  from space 512K, 100% used [0x31be0000, 0x31c60000, 0x31c60000)
  to   space 512K,   0% used [0x31c60000, 0x31c60000, 0x31ce0000)
 tenured generation   total 10944K, used 1467K [0x32230000, 0x32ce0000, 0x33790000)
   the space 10944K,  13% used [0x32230000, 0x3239ecd8, 0x3239ee00, 0x32ce0000)
 compacting perm gen  total 12288K, used 2270K [0x33790000, 0x34390000, 0x37790000)
   the space 12288K,  18% used [0x33790000, 0x339c78b0, 0x339c7a00, 0x34390000)
    ro space 10240K,  41% used [0x37790000, 0x37bc2050, 0x37bc2200, 0x38190000)
    rw space 12288K,  52% used [0x38190000, 0x387d6800, 0x387d6800, 0x38d90000)
}

Deoptimization events (0 events):
No events

Internal exceptions (10 events):
Event: 0.016 Thread 0x05c5c800 Threw 0x31795750 at C:\re\jdk7u51\527\hotspot\src\share\vm\prims\jni.cpp:3991
Event: 0.097 Thread 0x05c5c800 Threw 0x318609d0 at C:\re\jdk7u51\527\hotspot\src\share\vm\prims\jvm.cpp:1244
Event: 0.097 Thread 0x05c5c800 Threw 0x31860ae8 at C:\re\jdk7u51\527\hotspot\src\share\vm\prims\jvm.cpp:1244
Event: 0.097 Thread 0x05c5c800 Threw 0x31863e20 at C:\re\jdk7u51\527\hotspot\src\share\vm\prims\jvm.cpp:1244
Event: 0.097 Thread 0x05c5c800 Threw 0x31863f38 at C:\re\jdk7u51\527\hotspot\src\share\vm\prims\jvm.cpp:1244
Event: 0.136 Thread 0x05c5c800 Threw 0x318d2290 at C:\re\jdk7u51\527\hotspot\src\share\vm\prims\jni.cpp:717
Event: 0.136 Thread 0x05c5c800 Threw 0x318d2428 at C:\re\jdk7u51\527\hotspot\src\share\vm\prims\jni.cpp:717
Event: 0.136 Thread 0x05c5c800 Threw 0x318d2590 at C:\re\jdk7u51\527\hotspot\src\share\vm\prims\jni.cpp:717
Event: 30.393 Thread 0x05d0e800 Threw 0x319f2440 at C:\re\jdk7u51\527\hotspot\src\share\vm\prims\jvm.cpp:1244
Event: 30.394 Thread 0x05d0e800 Threw 0x319f3538 at C:\re\jdk7u51\527\hotspot\src\share\vm\prims\jvm.cpp:1244

Events (10 events):
Event: 30.395 loading class 0x08b57e08
Event: 30.395 loading class 0x08b57e08 done
Event: 30.395 loading class 0x08b57d80
Event: 30.395 loading class 0x08b57d80 done
Event: 30.395 loading class 0x08b57868
Event: 30.395 loading class 0x08b57868 done
Event: 30.395 loading class 0x08b57828
Event: 30.396 loading class 0x08b57828 done
Event: 30.396 loading class 0x08b569b8
Event: 30.396 loading class 0x08b569b8 done


Dynamic libraries:
0x01230000 - 0x0127d000 	C:\Users\Mecánica\Documents\moz\FirefoxPortable\App\Firefox\firefox.exe
0x771c0000 - 0x772fc000 	C:\Windows\SYSTEM32\ntdll.dll
0x75f30000 - 0x76004000 	C:\Windows\system32\kernel32.dll
0x75260000 - 0x752ab000 	C:\Windows\system32\KERNELBASE.dll
0x64410000 - 0x64d7e000 	C:\Users\Mecánica\Documents\moz\FirefoxPortable\App\Firefox\xul.dll
0x6fee0000 - 0x6ff4f000 	C:\Users\Mecánica\Documents\moz\FirefoxPortable\App\Firefox\sqlite3.dll
0x6fe30000 - 0x6fede000 	C:\Users\Mecánica\Documents\moz\FirefoxPortable\App\Firefox\MOZCRT19.dll
0x76070000 - 0x7611c000 	C:\Windows\system32\msvcrt.dll
0x6fd80000 - 0x6fe2e000 	C:\Users\Mecánica\Documents\moz\FirefoxPortable\App\Firefox\js3250.dll
0x600b0000 - 0x600e0000 	C:\Users\Mecánica\Documents\moz\FirefoxPortable\App\Firefox\nspr4.dll
0x759e0000 - 0x75a80000 	C:\Windows\system32\ADVAPI32.dll
0x76010000 - 0x76029000 	C:\Windows\SYSTEM32\sechost.dll
0x75a80000 - 0x75b22000 	C:\Windows\system32\RPCRT4.dll
0x710f0000 - 0x710f7000 	C:\Windows\system32\WSOCK32.dll
0x76030000 - 0x76065000 	C:\Windows\system32\WS2_32.dll
0x773e0000 - 0x773e6000 	C:\Windows\system32\NSI.dll
0x73320000 - 0x73352000 	C:\Windows\system32\WINMM.dll
0x755a0000 - 0x75669000 	C:\Windows\system32\USER32.dll
0x75ee0000 - 0x75f2e000 	C:\Windows\system32\GDI32.dll
0x759d0000 - 0x759da000 	C:\Windows\system32\LPK.dll
0x75e40000 - 0x75edd000 	C:\Windows\system32\USP10.dll
0x60420000 - 0x60438000 	C:\Users\Mecánica\Documents\moz\FirefoxPortable\App\Firefox\smime3.dll
0x60340000 - 0x603da000 	C:\Users\Mecánica\Documents\moz\FirefoxPortable\App\Firefox\nss3.dll
0x603e0000 - 0x603f4000 	C:\Users\Mecánica\Documents\moz\FirefoxPortable\App\Firefox\nssutil3.dll
0x600f0000 - 0x600f7000 	C:\Users\Mecánica\Documents\moz\FirefoxPortable\App\Firefox\plc4.dll
0x600e0000 - 0x600e7000 	C:\Users\Mecánica\Documents\moz\FirefoxPortable\App\Firefox\plds4.dll
0x60400000 - 0x60420000 	C:\Users\Mecánica\Documents\moz\FirefoxPortable\App\Firefox\ssl3.dll
0x76120000 - 0x76d6b000 	C:\Windows\system32\SHELL32.dll
0x77380000 - 0x773d7000 	C:\Windows\system32\SHLWAPI.dll
0x76ec0000 - 0x7701c000 	C:\Windows\system32\ole32.dll
0x74570000 - 0x74579000 	C:\Windows\system32\VERSION.dll
0x6f500000 - 0x6f551000 	C:\Windows\system32\WINSPOOL.DRV
0x756c0000 - 0x7573b000 	C:\Windows\system32\COMDLG32.dll
0x74070000 - 0x7420e000 	C:\Windows\WinSxS\x86_microsoft.windows.common-controls_6595b64144ccf1df_6.0.7601.17514_none_41e6975e2bd6f2b2\COMCTL32.dll
0x75920000 - 0x7593f000 	C:\Windows\system32\IMM32.dll
0x75b30000 - 0x75bfc000 	C:\Windows\system32\MSCTF.dll
0x737b0000 - 0x737b5000 	C:\Windows\system32\MSIMG32.dll
0x75940000 - 0x759cf000 	C:\Windows\system32\OLEAUT32.dll
0x73760000 - 0x73767000 	C:\Users\Mecánica\Documents\moz\FirefoxPortable\App\Firefox\xpcom.dll
0x6e630000 - 0x6e71b000 	C:\Windows\system32\dbghelp.dll
0x750d0000 - 0x750dc000 	C:\Windows\system32\CRYPTBASE.dll
0x73ef0000 - 0x73f30000 	C:\Windows\system32\uxtheme.dll
0x77020000 - 0x771bd000 	C:\Windows\system32\SETUPAPI.dll
0x75230000 - 0x75257000 	C:\Windows\system32\CFGMGR32.dll
0x75480000 - 0x75492000 	C:\Windows\system32\DEVOBJ.dll
0x75510000 - 0x75593000 	C:\Windows\system32\CLBCatQ.DLL
0x73f30000 - 0x74025000 	C:\Windows\system32\propsys.dll
0x73b60000 - 0x73b81000 	C:\Windows\system32\ntmarta.dll
0x75670000 - 0x756b5000 	C:\Windows\system32\WLDAP32.dll
0x73bc0000 - 0x73bd3000 	C:\Windows\system32\dwmapi.dll
0x751c0000 - 0x751cb000 	C:\Windows\system32\profapi.dll
0x73770000 - 0x73778000 	C:\Users\Mecánica\Documents\moz\FirefoxPortable\App\Firefox\components\browserdirprovider.dll
0x74b90000 - 0x74bcc000 	C:\Windows\system32\mswsock.dll
0x746f0000 - 0x746f5000 	C:\Windows\System32\wshtcpip.dll
0x724b0000 - 0x724cc000 	C:\Windows\system32\iphlpapi.dll
0x724a0000 - 0x724a7000 	C:\Windows\system32\WINNSI.DLL
0x732d0000 - 0x732e0000 	C:\Windows\system32\NLAapi.dll
0x70390000 - 0x703a0000 	C:\Windows\system32\napinsp.dll
0x70370000 - 0x70382000 	C:\Windows\system32\pnrpnsp.dll
0x74a50000 - 0x74a94000 	C:\Windows\system32\DNSAPI.dll
0x70360000 - 0x70368000 	C:\Windows\System32\winrnr.dll
0x73a20000 - 0x73b51000 	C:\Windows\system32\WindowsCodecs.dll
0x75080000 - 0x750cc000 	C:\Windows\system32\apphelp.dll
0x70b20000 - 0x70b51000 	C:\Windows\system32\EhStorShell.dll
0x6d460000 - 0x6d866000 	C:\PROGRA~1\MICROS~1\Office14\GROOVEEX.DLL
0x6e740000 - 0x6e7e3000 	C:\Windows\WinSxS\x86_microsoft.vc90.crt_1fc8b3b9a1e18e3b_9.0.30729.4940_none_50916076bcb9a742\MSVCR90.dll
0x6e2b0000 - 0x6e33e000 	C:\Windows\WinSxS\x86_microsoft.vc90.crt_1fc8b3b9a1e18e3b_9.0.30729.4940_none_50916076bcb9a742\MSVCP90.dll
0x720f0000 - 0x7211b000 	C:\Windows\WinSxS\x86_microsoft.vc90.atl_1fc8b3b9a1e18e3b_9.0.30729.4148_none_51ca66a2bbe76806\ATL90.DLL
0x6d040000 - 0x6d45a000 	C:\PROGRA~1\COMMON~1\MICROS~1\OFFICE14\Cultures\office.odf
0x6c7c0000 - 0x6d040000 	C:\PROGRA~1\MICROS~1\Office14\3082\GrooveIntlResource.dll
0x70ab0000 - 0x70b1a000 	C:\Windows\System32\cscui.dll
0x72480000 - 0x72489000 	C:\Windows\System32\CSCDLL.dll
0x6ee10000 - 0x6ee1b000 	C:\Windows\system32\CSCAPI.dll
0x6e240000 - 0x6e2b0000 	C:\Windows\system32\ntshrui.dll
0x74e00000 - 0x74e19000 	C:\Windows\system32\srvcli.dll
0x72790000 - 0x7279a000 	C:\Windows\system32\slc.dll
0x74bd0000 - 0x74be7000 	C:\Windows\system32\CRYPTSP.dll
0x74970000 - 0x749ab000 	C:\Windows\system32\rsaenh.dll
0x75140000 - 0x7514e000 	C:\Windows\system32\RpcRtRemote.dll
0x71790000 - 0x717b3000 	C:\Users\Mecánica\Documents\moz\FirefoxPortable\App\Firefox\components\brwsrcmp.dll
0x602f0000 - 0x60316000 	C:\Users\Mecánica\Documents\moz\FirefoxPortable\App\Firefox\softokn3.dll
0x60320000 - 0x60338000 	C:\Users\Mecánica\Documents\moz\FirefoxPortable\App\Firefox\nssdbm3.dll
0x60440000 - 0x60481000 	C:\Users\Mecánica\Documents\moz\FirefoxPortable\App\Firefox\freebl3.dll
0x602a0000 - 0x602ec000 	C:\Users\Mecánica\Documents\moz\FirefoxPortable\App\Firefox\nssckbi.dll
0x74b80000 - 0x74b86000 	C:\Windows\System32\wship6.dll
0x70700000 - 0x70706000 	C:\Windows\system32\rasadhlp.dll
0x72320000 - 0x72358000 	C:\Windows\System32\fwpuclnt.dll
0x6fd50000 - 0x6fd7b000 	C:\Program Files\Java\jre7\bin\plugin2\npjp2.dll
0x6fb40000 - 0x6fbff000 	C:\Windows\system32\MSVCR100.dll
0x6a510000 - 0x6a890000 	C:\PROGRA~1\Java\jre7\bin\client\jvm.dll
0x77370000 - 0x77375000 	C:\Windows\system32\PSAPI.DLL
0x71780000 - 0x7178c000 	C:\PROGRA~1\Java\jre7\bin\verify.dll
0x71600000 - 0x71620000 	C:\PROGRA~1\Java\jre7\bin\java.dll
0x71510000 - 0x71523000 	C:\PROGRA~1\Java\jre7\bin\zip.dll
0x6b860000 - 0x6b91f000 	C:\Program Files\Java\jre7\bin\msvcr100.dll
0x6fae0000 - 0x6fb3c000 	C:\Program Files\Java\jre7\bin\deploy.dll
0x75740000 - 0x75915000 	C:\Windows\system32\WININET.dll
0x75200000 - 0x75204000 	C:\Windows\system32\api-ms-win-downlevel-user32-l1-1-0.dll
0x754c0000 - 0x754c4000 	C:\Windows\system32\api-ms-win-downlevel-shlwapi-l1-1-0.dll
0x75220000 - 0x75224000 	C:\Windows\system32\api-ms-win-downlevel-version-l1-1-0.dll
0x752b0000 - 0x752b3000 	C:\Windows\system32\api-ms-win-downlevel-normaliz-l1-1-0.dll
0x77300000 - 0x77303000 	C:\Windows\system32\normaliz.DLL
0x75c00000 - 0x75e32000 	C:\Windows\system32\iertutil.dll
0x75210000 - 0x75215000 	C:\Windows\system32\api-ms-win-downlevel-advapi32-l1-1-0.dll
0x754a0000 - 0x754b7000 	C:\Windows\system32\USERENV.dll
0x76d70000 - 0x76ebb000 	C:\Windows\system32\urlmon.dll
0x754d0000 - 0x754d4000 	C:\Windows\system32\api-ms-win-downlevel-ole32-l1-1-0.dll
0x72c10000 - 0x72c16000 	C:\Program Files\Java\jre7\bin\jp2native.dll
0x6fd30000 - 0x6fd44000 	C:\Program Files\Java\jre7\bin\net.dll
0x716b0000 - 0x716bf000 	C:\Program Files\Java\jre7\bin\nio.dll
0x720c0000 - 0x720ef000 	C:\Windows\system32\shdocvw.dll
0x706a0000 - 0x706c0000 	C:\Program Files\Java\jre7\bin\sunec.dll
0x70c90000 - 0x70c99000 	C:\Program Files\Java\jre7\bin\sunmscapi.dll
0x752c0000 - 0x753e1000 	C:\Windows\system32\CRYPT32.dll
0x751b0000 - 0x751bc000 	C:\Windows\system32\MSASN1.dll

VM Arguments:
jvm_args: -Xbootclasspath/a:C:\PROGRA~1\Java\jre7\lib\deploy.jar;C:\PROGRA~1\Java\jre7\lib\javaws.jar;C:\PROGRA~1\Java\jre7\lib\plugin.jar -Xmx32m -Djava.awt.headless=true -XX:MaxDirectMemorySize=64m 
java_command: <unknown>
Launcher Type: generic

Environment Variables:
PATH=C:\Program Files\Mozilla Firefox;C:\Windows\system32;C:\Windows;C:\Windows\System32\Wbem;C:\Windows\System32\WindowsPowerShell\v1.0\;C:\Program Files\Intel\DMIX
USERNAME=Mecánica
OS=Windows_NT
PROCESSOR_IDENTIFIER=x86 Family 6 Model 37 Stepping 2, GenuineIntel



---------------  S Y S T E M  ---------------

OS: Windows 7 Build 7601 Service Pack 1

CPU:total 4 (2 cores per cpu, 2 threads per core) family 6 model 37 stepping 2, cmov, cx8, fxsr, mmx, sse, sse2, sse3, ssse3, sse4.1, sse4.2, popcnt, ht, tsc, tscinvbit

Memory: 4k page, physical 3005740k(2099292k free), swap 6009732k(4972744k free)

vm_info: Java HotSpot(TM) Client VM (24.51-b03) for windows-x86 JRE (1.7.0_51-b13), built on Dec 18 2013 19:09:58 by "java_re" with unknown MS VC++:1600

time: Tue Mar 24 13:47:04 2015
elapsed time: 30 seconds

