#
# A fatal error has been detected by the Java Runtime Environment:
#
#  EXCEPTION_ACCESS_VIOLATION (0xc0000005) at pc=0x00000006, pid=3512, tid=4016
#
# JRE version: Java(TM) SE Runtime Environment (7.0_51-b13) (build 1.7.0_51-b13)
# Java VM: Java HotSpot(TM) Client VM (24.51-b03 mixed mode, sharing windows-x86 )
# Problematic frame:
# C  0x00000006
#
# Failed to write core dump. Minidumps are not enabled by default on client versions of Windows
#
# If you would like to submit a bug report, please visit:
#   http://bugreport.sun.com/bugreport/crash.jsp
# The crash happened outside the Java Virtual Machine in native code.
# See problematic frame for where to report the bug.
#

---------------  T H R E A D  ---------------

Current thread (0x08f78400):  JavaThread "Thread-2" [_thread_in_native, id=4016, stack(0x00090000,0x00190000)]

siginfo: ExceptionCode=0xc0000005, ExceptionInformation=0x00000008 0x00000006

Registers:
EAX=0x66698ff8, EBX=0x00000000, ECX=0x0018f4b0, EDX=0x0629ba6c
ESP=0x0018f478, EBP=0x0018f4a8, ESI=0x08f78530, EDI=0x050aa258
EIP=0x00000006, EFLAGS=0x00210246

Top of Stack: (sp=0x0018f478)
0x0018f478:   6be980d1 050aa258 000001f6 062b5770
0x0018f488:   0018f4b0 0018f4a4 08f78400 337a5258
0x0018f498:   337a5258 062b5770 00000000 00000000
0x0018f4a8:   0018f4b8 6be99198 00000000 0018f508
0x0018f4b8:   0018f4f8 062ea9dd 08f78530 0018f514
0x0018f4c8:   050aa258 00000000 0018f508 0629ba84
0x0018f4d8:   0018f4d8 337a5258 0018f514 337ad2b0
0x0018f4e8:   00000000 337a5258 00000000 0018f508 

Instructions: (pc=0x00000006)
0xffffffe6:   


Register to memory mapping:

EAX=0x66698ff8 is an unknown value
EBX=0x00000000 is an unknown value
ECX=0x0018f4b0 is pointing into the stack for thread: 0x08f78400
EDX=0x0629ba6c is an unknown value
ESP=0x0018f478 is pointing into the stack for thread: 0x08f78400
EBP=0x0018f4a8 is pointing into the stack for thread: 0x08f78400
ESI=0x08f78530 is an unknown value
EDI=0x050aa258 is an unknown value


Stack: [0x00090000,0x00190000],  sp=0x0018f478,  free space=1021k
Native frames: (J=compiled Java code, j=interpreted, Vv=VM code, C=native code)
C  0x00000006
C  [npjp2.dll+0x9198]
j  sun.plugin2.main.server.MozillaPlugin.getProxy0(JLjava/lang/String;)Ljava/lang/String;+0
j  sun.plugin2.main.server.MozillaPlugin.getProxy(Ljava/lang/String;)Ljava/lang/String;+17
j  sun.plugin2.main.server.MozillaBrowserService$MozillaProxyHandler.findProxyForURL(Ljava/lang/String;)Ljava/lang/String;+7
j  com.sun.deploy.net.proxy.AbstractBrowserProxyHandler.getProxyInfo(Ljava/net/URL;)[Lcom/sun/deploy/net/proxy/ProxyInfo;+5
j  com.sun.deploy.net.proxy.DynamicProxyManager.getProxyList(Ljava/net/URL;Z)Ljava/util/List;+113
j  sun.plugin2.main.server.ProxySupport.getProxyReply(Lsun/plugin2/main/server/Plugin;Lsun/plugin2/message/GetProxyMessage;)Lsun/plugin2/message/ProxyReplyMessage;+20
j  sun.plugin2.main.server.JVMInstance$1.run()V+26
j  sun.plugin2.main.server.MozillaPlugin$RunnableWrapper.run()V+4
j  sun.plugin2.main.server.MozillaPlugin.drainRunnableQueue()V+39
j  sun.plugin2.main.server.MozillaPlugin.access$000(Lsun/plugin2/main/server/MozillaPlugin;)V+1
j  sun.plugin2.main.server.MozillaPlugin$DrainRunnableQueue.run()V+4
v  ~StubRoutines::call_stub
V  [jvm.dll+0x13f35a]
V  [jvm.dll+0x202c6e]
V  [jvm.dll+0x13f3dd]
V  [jvm.dll+0xc9bc2]
V  [jvm.dll+0xcd813]
C  [npjp2.dll+0x203f]
C  [xul.dll+0x58de1e]

Java frames: (J=compiled Java code, j=interpreted, Vv=VM code)
j  sun.plugin2.main.server.MozillaPlugin.getProxy0(JLjava/lang/String;)Ljava/lang/String;+0
j  sun.plugin2.main.server.MozillaPlugin.getProxy(Ljava/lang/String;)Ljava/lang/String;+17
j  sun.plugin2.main.server.MozillaBrowserService$MozillaProxyHandler.findProxyForURL(Ljava/lang/String;)Ljava/lang/String;+7
j  com.sun.deploy.net.proxy.AbstractBrowserProxyHandler.getProxyInfo(Ljava/net/URL;)[Lcom/sun/deploy/net/proxy/ProxyInfo;+5
j  com.sun.deploy.net.proxy.DynamicProxyManager.getProxyList(Ljava/net/URL;Z)Ljava/util/List;+113
j  sun.plugin2.main.server.ProxySupport.getProxyReply(Lsun/plugin2/main/server/Plugin;Lsun/plugin2/message/GetProxyMessage;)Lsun/plugin2/message/ProxyReplyMessage;+20
j  sun.plugin2.main.server.JVMInstance$1.run()V+26
j  sun.plugin2.main.server.MozillaPlugin$RunnableWrapper.run()V+4
j  sun.plugin2.main.server.MozillaPlugin.drainRunnableQueue()V+39
j  sun.plugin2.main.server.MozillaPlugin.access$000(Lsun/plugin2/main/server/MozillaPlugin;)V+1
j  sun.plugin2.main.server.MozillaPlugin$DrainRunnableQueue.run()V+4
v  ~StubRoutines::call_stub

---------------  P R O C E S S  ---------------

Java Threads: ( => current thread )
  0x08efcc00 JavaThread "Thread-8" daemon [_thread_in_native, id=2580, stack(0x09a80000,0x09b80000)]
  0x08f79800 JavaThread "Thread-7" daemon [_thread_in_native, id=716, stack(0x06070000,0x06170000)]
  0x061dc800 JavaThread "Thread-6" daemon [_thread_in_native, id=4024, stack(0x04020000,0x04120000)]
  0x08f78800 JavaThread "Thread-5" [_thread_in_native, id=3488, stack(0x043b0000,0x044b0000)]
=>0x08f78400 JavaThread "Thread-2" [_thread_in_native, id=4016, stack(0x00090000,0x00190000)]
  0x08f42c00 JavaThread "JVM[id=1]-Heartbeat" [_thread_blocked, id=2196, stack(0x041a0000,0x042a0000)]
  0x08f74c00 JavaThread "JRE 1.7.0.51 Worker Thread" [_thread_blocked, id=3132, stack(0x09870000,0x09970000)]
  0x08f6e400 JavaThread "JRE 1.7.0.51 Output Reader Thread" [_thread_in_native, id=3740, stack(0x09760000,0x09860000)]
  0x08f6d400 JavaThread "JRE 1.7.0.51 Output Reader Thread" [_thread_in_native, id=4048, stack(0x09210000,0x09310000)]
  0x08f6cc00 JavaThread "Thread-1" [_thread_in_native, id=920, stack(0x09640000,0x09740000)]
  0x08f68800 JavaThread "Java Plug-In Pipe Worker Thread (Server-Side)" daemon [_thread_in_native, id=3252, stack(0x09490000,0x09590000)]
  0x08eb1c00 JavaThread "Thread-0" daemon [_thread_blocked, id=3796, stack(0x090d0000,0x091d0000)]
  0x062b7c00 JavaThread "traceMsgQueueThread" daemon [_thread_blocked, id=4092, stack(0x08b30000,0x08c30000)]
  0x06295400 JavaThread "Service Thread" daemon [_thread_blocked, id=988, stack(0x08c30000,0x08d30000)]
  0x06290800 JavaThread "C1 CompilerThread0" daemon [_thread_blocked, id=2032, stack(0x08900000,0x08a00000)]
  0x0628d400 JavaThread "Attach Listener" daemon [_thread_blocked, id=2876, stack(0x08a30000,0x08b30000)]
  0x0628a400 JavaThread "Signal Dispatcher" daemon [_thread_blocked, id=2768, stack(0x087f0000,0x088f0000)]
  0x06222c00 JavaThread "Finalizer" daemon [_thread_blocked, id=2896, stack(0x086f0000,0x087f0000)]
  0x0621dc00 JavaThread "Reference Handler" daemon [_thread_blocked, id=3104, stack(0x08460000,0x08560000)]

Other Threads:
  0x0621c000 VMThread [stack: 0x08340000,0x08440000] [id=472]
  0x0629ec00 WatcherThread [stack: 0x08da0000,0x08ea0000] [id=2336]

VM state:not at safepoint (normal execution)

VM Mutex/Monitor currently owned by a thread: None

Heap
 def new generation   total 4928K, used 3597K [0x31790000, 0x31ce0000, 0x32230000)
  eden space 4416K,  69% used [0x31790000, 0x31a93770, 0x31be0000)
  from space 512K, 100% used [0x31be0000, 0x31c60000, 0x31c60000)
  to   space 512K,   0% used [0x31c60000, 0x31c60000, 0x31ce0000)
 tenured generation   total 10944K, used 1417K [0x32230000, 0x32ce0000, 0x33790000)
   the space 10944K,  12% used [0x32230000, 0x32392540, 0x32392600, 0x32ce0000)
 compacting perm gen  total 12288K, used 2603K [0x33790000, 0x34390000, 0x37790000)
   the space 12288K,  21% used [0x33790000, 0x33a1afe8, 0x33a1b000, 0x34390000)
    ro space 10240K,  41% used [0x37790000, 0x37bc2050, 0x37bc2200, 0x38190000)
    rw space 12288K,  52% used [0x38190000, 0x387d6800, 0x387d6800, 0x38d90000)

Card table byte_map: [0x03700000,0x03740000] byte_map_base: 0x03574380

Polling page: 0x02fe0000

Code Cache  [0x062e0000, 0x063e8000, 0x082e0000)
 total_blobs=435 nmethods=252 adapters=120 free_code_cache=31740Kb largest_free_block=32502528

Compilation events (10 events):
Event: 30.423 Thread 0x06290800  238             java.lang.Number::<init> (5 bytes)
Event: 30.423 Thread 0x06290800 nmethod 238 0x063dd5c8 code [0x063dd6c0, 0x063dd740]
Event: 30.428 Thread 0x06290800  239             java.util.ArrayList::ensureCapacityInternal (23 bytes)
Event: 30.428 Thread 0x06290800 nmethod 239 0x063dd788 code [0x063dd890, 0x063dd95c]
Event: 30.428 Thread 0x06290800  240             java.util.ArrayList::ensureExplicitCapacity (26 bytes)
Event: 30.428 Thread 0x06290800 nmethod 240 0x063dda08 code [0x063ddb10, 0x063ddbbc]
Event: 30.441 Thread 0x06290800  241             java.lang.StringBuilder::<init> (7 bytes)
Event: 30.441 Thread 0x06290800 nmethod 241 0x063ddc48 code [0x063ddd40, 0x063dde50]
Event: 30.447 Thread 0x06290800  242             java.util.HashMap::<init> (119 bytes)
Event: 30.448 Thread 0x06290800 nmethod 242 0x063ddec8 code [0x063de060, 0x063de5f8]

GC Heap History (4 events):
Event: 30.148 GC heap before
{Heap before GC invocations=0 (full 0):
 def new generation   total 4928K, used 4416K [0x31790000, 0x31ce0000, 0x32230000)
  eden space 4416K, 100% used [0x31790000, 0x31be0000, 0x31be0000)
  from space 512K,   0% used [0x31be0000, 0x31be0000, 0x31c60000)
  to   space 512K,   0% used [0x31c60000, 0x31c60000, 0x31ce0000)
 tenured generation   total 10944K, used 0K [0x32230000, 0x32ce0000, 0x33790000)
   the space 10944K,   0% used [0x32230000, 0x32230000, 0x32230200, 0x32ce0000)
 compacting perm gen  total 12288K, used 1691K [0x33790000, 0x34390000, 0x37790000)
   the space 12288K,  13% used [0x33790000, 0x33936c78, 0x33936e00, 0x34390000)
    ro space 10240K,  41% used [0x37790000, 0x37bc2050, 0x37bc2200, 0x38190000)
    rw space 12288K,  52% used [0x38190000, 0x387d6800, 0x387d6800, 0x38d90000)
Event: 30.159 GC heap after
Heap after GC invocations=1 (full 0):
 def new generation   total 4928K, used 512K [0x31790000, 0x31ce0000, 0x32230000)
  eden space 4416K,   0% used [0x31790000, 0x31790000, 0x31be0000)
  from space 512K, 100% used [0x31c60000, 0x31ce0000, 0x31ce0000)
  to   space 512K,   0% used [0x31be0000, 0x31be0000, 0x31c60000)
 tenured generation   total 10944K, used 549K [0x32230000, 0x32ce0000, 0x33790000)
   the space 10944K,   5% used [0x32230000, 0x322b9560, 0x322b9600, 0x32ce0000)
 compacting perm gen  total 12288K, used 1691K [0x33790000, 0x34390000, 0x37790000)
   the space 12288K,  13% used [0x33790000, 0x33936c78, 0x33936e00, 0x34390000)
    ro space 10240K,  41% used [0x37790000, 0x37bc2050, 0x37bc2200, 0x38190000)
    rw space 12288K,  52% used [0x38190000, 0x387d6800, 0x387d6800, 0x38d90000)
}
Event: 30.284 GC heap before
{Heap before GC invocations=1 (full 0):
 def new generation   total 4928K, used 4928K [0x31790000, 0x31ce0000, 0x32230000)
  eden space 4416K, 100% used [0x31790000, 0x31be0000, 0x31be0000)
  from space 512K, 100% used [0x31c60000, 0x31ce0000, 0x31ce0000)
  to   space 512K,   0% used [0x31be0000, 0x31be0000, 0x31c60000)
 tenured generation   total 10944K, used 549K [0x32230000, 0x32ce0000, 0x33790000)
   the space 10944K,   5% used [0x32230000, 0x322b9560, 0x322b9600, 0x32ce0000)
 compacting perm gen  total 12288K, used 2270K [0x33790000, 0x34390000, 0x37790000)
   the space 12288K,  18% used [0x33790000, 0x339c7890, 0x339c7a00, 0x34390000)
    ro space 10240K,  41% used [0x37790000, 0x37bc2050, 0x37bc2200, 0x38190000)
    rw space 12288K,  52% used [0x38190000, 0x387d6800, 0x387d6800, 0x38d90000)
Event: 30.292 GC heap after
Heap after GC invocations=2 (full 0):
 def new generation   total 4928K, used 512K [0x31790000, 0x31ce0000, 0x32230000)
  eden space 4416K,   0% used [0x31790000, 0x31790000, 0x31be0000)
  from space 512K, 100% used [0x31be0000, 0x31c60000, 0x31c60000)
  to   space 512K,   0% used [0x31c60000, 0x31c60000, 0x31ce0000)
 tenured generation   total 10944K, used 1417K [0x32230000, 0x32ce0000, 0x33790000)
   the space 10944K,  12% used [0x32230000, 0x32392540, 0x32392600, 0x32ce0000)
 compacting perm gen  total 12288K, used 2270K [0x33790000, 0x34390000, 0x37790000)
   the space 12288K,  18% used [0x33790000, 0x339c7890, 0x339c7a00, 0x34390000)
    ro space 10240K,  41% used [0x37790000, 0x37bc2050, 0x37bc2200, 0x38190000)
    rw space 12288K,  52% used [0x38190000, 0x387d6800, 0x387d6800, 0x38d90000)
}

Deoptimization events (0 events):
No events

Internal exceptions (10 events):
Event: 0.016 Thread 0x061dc800 Threw 0x317957f0 at C:\re\jdk7u51\527\hotspot\src\share\vm\prims\jni.cpp:3991
Event: 0.093 Thread 0x061dc800 Threw 0x31860cf0 at C:\re\jdk7u51\527\hotspot\src\share\vm\prims\jvm.cpp:1244
Event: 0.093 Thread 0x061dc800 Threw 0x31860e08 at C:\re\jdk7u51\527\hotspot\src\share\vm\prims\jvm.cpp:1244
Event: 0.093 Thread 0x061dc800 Threw 0x318640f8 at C:\re\jdk7u51\527\hotspot\src\share\vm\prims\jvm.cpp:1244
Event: 0.093 Thread 0x061dc800 Threw 0x31864210 at C:\re\jdk7u51\527\hotspot\src\share\vm\prims\jvm.cpp:1244
Event: 0.132 Thread 0x061dc800 Threw 0x318d24d0 at C:\re\jdk7u51\527\hotspot\src\share\vm\prims\jni.cpp:717
Event: 0.132 Thread 0x061dc800 Threw 0x318d2668 at C:\re\jdk7u51\527\hotspot\src\share\vm\prims\jni.cpp:717
Event: 0.132 Thread 0x061dc800 Threw 0x318d27d0 at C:\re\jdk7u51\527\hotspot\src\share\vm\prims\jni.cpp:717
Event: 30.441 Thread 0x08f78400 Threw 0x31a23c20 at C:\re\jdk7u51\527\hotspot\src\share\vm\prims\jvm.cpp:1244
Event: 30.441 Thread 0x08f78400 Threw 0x31a24d18 at C:\re\jdk7u51\527\hotspot\src\share\vm\prims\jvm.cpp:1244

Events (10 events):
Event: 30.456 loading class 0x09ba20e0
Event: 30.456 loading class 0x09ba20e0 done
Event: 30.456 loading class 0x09ba2058
Event: 30.456 loading class 0x09ba2058 done
Event: 30.456 loading class 0x09ba1b40
Event: 30.456 loading class 0x09ba1b40 done
Event: 30.456 loading class 0x09ba1b00
Event: 30.457 loading class 0x09ba1b00 done
Event: 30.457 loading class 0x09ba0c90
Event: 30.457 loading class 0x09ba0c90 done


Dynamic libraries:
0x00b00000 - 0x00b4d000 	C:\Users\Mecánica\Documents\moz\FirefoxPortable\App\Firefox\firefox.exe
0x775a0000 - 0x776dc000 	C:\Windows\SYSTEM32\ntdll.dll
0x76c30000 - 0x76d04000 	C:\Windows\system32\kernel32.dll
0x75870000 - 0x758bb000 	C:\Windows\system32\KERNELBASE.dll
0x65db0000 - 0x6671e000 	C:\Users\Mecánica\Documents\moz\FirefoxPortable\App\Firefox\xul.dll
0x6bec0000 - 0x6bf2f000 	C:\Users\Mecánica\Documents\moz\FirefoxPortable\App\Firefox\sqlite3.dll
0x6ba30000 - 0x6bade000 	C:\Users\Mecánica\Documents\moz\FirefoxPortable\App\Firefox\MOZCRT19.dll
0x76670000 - 0x7671c000 	C:\Windows\system32\msvcrt.dll
0x6b8f0000 - 0x6b99e000 	C:\Users\Mecánica\Documents\moz\FirefoxPortable\App\Firefox\js3250.dll
0x600b0000 - 0x600e0000 	C:\Users\Mecánica\Documents\moz\FirefoxPortable\App\Firefox\nspr4.dll
0x76d10000 - 0x76db0000 	C:\Windows\system32\ADVAPI32.dll
0x776f0000 - 0x77709000 	C:\Windows\SYSTEM32\sechost.dll
0x76e80000 - 0x76f22000 	C:\Windows\system32\RPCRT4.dll
0x73a40000 - 0x73a47000 	C:\Windows\system32\WSOCK32.dll
0x77190000 - 0x771c5000 	C:\Windows\system32\WS2_32.dll
0x777c0000 - 0x777c6000 	C:\Windows\system32\NSI.dll
0x73630000 - 0x73662000 	C:\Windows\system32\WINMM.dll
0x77070000 - 0x77139000 	C:\Windows\system32\USER32.dll
0x77140000 - 0x7718e000 	C:\Windows\system32\GDI32.dll
0x77790000 - 0x7779a000 	C:\Windows\system32\LPK.dll
0x771d0000 - 0x7726d000 	C:\Windows\system32\USP10.dll
0x60420000 - 0x60438000 	C:\Users\Mecánica\Documents\moz\FirefoxPortable\App\Firefox\smime3.dll
0x60340000 - 0x603da000 	C:\Users\Mecánica\Documents\moz\FirefoxPortable\App\Firefox\nss3.dll
0x603e0000 - 0x603f4000 	C:\Users\Mecánica\Documents\moz\FirefoxPortable\App\Firefox\nssutil3.dll
0x600f0000 - 0x600f7000 	C:\Users\Mecánica\Documents\moz\FirefoxPortable\App\Firefox\plc4.dll
0x600e0000 - 0x600e7000 	C:\Users\Mecánica\Documents\moz\FirefoxPortable\App\Firefox\plds4.dll
0x60400000 - 0x60420000 	C:\Users\Mecánica\Documents\moz\FirefoxPortable\App\Firefox\ssl3.dll
0x758c0000 - 0x7650a000 	C:\Windows\system32\SHELL32.dll
0x76bd0000 - 0x76c27000 	C:\Windows\system32\SHLWAPI.dll
0x76510000 - 0x7666c000 	C:\Windows\system32\ole32.dll
0x74950000 - 0x74959000 	C:\Windows\system32\VERSION.dll
0x6f6c0000 - 0x6f711000 	C:\Windows\system32\WINSPOOL.DRV
0x77710000 - 0x7778b000 	C:\Windows\system32\COMDLG32.dll
0x74450000 - 0x745ee000 	C:\Windows\WinSxS\x86_microsoft.windows.common-controls_6595b64144ccf1df_6.0.7601.17514_none_41e6975e2bd6f2b2\COMCTL32.dll
0x777a0000 - 0x777bf000 	C:\Windows\system32\IMM32.dll
0x76db0000 - 0x76e7c000 	C:\Windows\system32\MSCTF.dll
0x73100000 - 0x73105000 	C:\Windows\system32\MSIMG32.dll
0x76b40000 - 0x76bcf000 	C:\Windows\system32\OLEAUT32.dll
0x737d0000 - 0x737d7000 	C:\Users\Mecánica\Documents\moz\FirefoxPortable\App\Firefox\xpcom.dll
0x72190000 - 0x7227b000 	C:\Windows\system32\dbghelp.dll
0x754b0000 - 0x754bc000 	C:\Windows\system32\CRYPTBASE.dll
0x741c0000 - 0x74200000 	C:\Windows\system32\uxtheme.dll
0x76720000 - 0x768bd000 	C:\Windows\system32\SETUPAPI.dll
0x75840000 - 0x75867000 	C:\Windows\system32\CFGMGR32.dll
0x757b0000 - 0x757c2000 	C:\Windows\system32\DEVOBJ.dll
0x76f30000 - 0x76fb3000 	C:\Windows\system32\CLBCatQ.DLL
0x74200000 - 0x742f5000 	C:\Windows\system32\propsys.dll
0x73f40000 - 0x73f61000 	C:\Windows\system32\ntmarta.dll
0x77020000 - 0x77065000 	C:\Windows\system32\WLDAP32.dll
0x73f10000 - 0x73f23000 	C:\Windows\system32\dwmapi.dll
0x75590000 - 0x7559b000 	C:\Windows\system32\profapi.dll
0x73c60000 - 0x73c68000 	C:\Users\Mecánica\Documents\moz\FirefoxPortable\App\Firefox\components\browserdirprovider.dll
0x74f90000 - 0x74fcc000 	C:\Windows\system32\mswsock.dll
0x74ad0000 - 0x74ad5000 	C:\Windows\System32\wshtcpip.dll
0x730b0000 - 0x730cc000 	C:\Windows\system32\iphlpapi.dll
0x730a0000 - 0x730a7000 	C:\Windows\system32\WINNSI.DLL
0x734c0000 - 0x734d0000 	C:\Windows\system32\NLAapi.dll
0x6fec0000 - 0x6fed0000 	C:\Windows\system32\napinsp.dll
0x6fea0000 - 0x6feb2000 	C:\Windows\system32\pnrpnsp.dll
0x74e50000 - 0x74e94000 	C:\Windows\system32\DNSAPI.dll
0x6fe90000 - 0x6fe98000 	C:\Windows\System32\winrnr.dll
0x73b30000 - 0x73c60000 	C:\Windows\system32\WindowsCodecs.dll
0x75460000 - 0x754ac000 	C:\Windows\system32\apphelp.dll
0x6ea10000 - 0x6ea41000 	C:\Windows\system32\EhStorShell.dll
0x6e1f0000 - 0x6e5f6000 	C:\PROGRA~1\MICROS~1\Office14\GROOVEEX.DLL
0x6eb50000 - 0x6ebf3000 	C:\Windows\WinSxS\x86_microsoft.vc90.crt_1fc8b3b9a1e18e3b_9.0.30729.4940_none_50916076bcb9a742\MSVCR90.dll
0x6eac0000 - 0x6eb4e000 	C:\Windows\WinSxS\x86_microsoft.vc90.crt_1fc8b3b9a1e18e3b_9.0.30729.4940_none_50916076bcb9a742\MSVCP90.dll
0x6ea90000 - 0x6eabb000 	C:\Windows\WinSxS\x86_microsoft.vc90.atl_1fc8b3b9a1e18e3b_9.0.30729.4148_none_51ca66a2bbe76806\ATL90.DLL
0x6ddd0000 - 0x6e1ea000 	C:\PROGRA~1\COMMON~1\MICROS~1\OFFICE14\Cultures\office.odf
0x6d550000 - 0x6ddd0000 	C:\PROGRA~1\MICROS~1\Office14\3082\GrooveIntlResource.dll
0x6d4e0000 - 0x6d54a000 	C:\Windows\System32\cscui.dll
0x6ea80000 - 0x6ea89000 	C:\Windows\System32\CSCDLL.dll
0x6ede0000 - 0x6edeb000 	C:\Windows\system32\CSCAPI.dll
0x6d470000 - 0x6d4e0000 	C:\Windows\system32\ntshrui.dll
0x751e0000 - 0x751f9000 	C:\Windows\system32\srvcli.dll
0x73340000 - 0x7334a000 	C:\Windows\system32\slc.dll
0x74fd0000 - 0x74fe7000 	C:\Windows\system32\CRYPTSP.dll
0x74d70000 - 0x74dab000 	C:\Windows\system32\rsaenh.dll
0x75520000 - 0x7552e000 	C:\Windows\system32\RpcRtRemote.dll
0x70990000 - 0x709b3000 	C:\Users\Mecánica\Documents\moz\FirefoxPortable\App\Firefox\components\brwsrcmp.dll
0x602f0000 - 0x60316000 	C:\Users\Mecánica\Documents\moz\FirefoxPortable\App\Firefox\softokn3.dll
0x60320000 - 0x60338000 	C:\Users\Mecánica\Documents\moz\FirefoxPortable\App\Firefox\nssdbm3.dll
0x60440000 - 0x60481000 	C:\Users\Mecánica\Documents\moz\FirefoxPortable\App\Firefox\freebl3.dll
0x602a0000 - 0x602ec000 	C:\Users\Mecánica\Documents\moz\FirefoxPortable\App\Firefox\nssckbi.dll
0x74f80000 - 0x74f86000 	C:\Windows\System32\wship6.dll
0x70ad0000 - 0x70ad6000 	C:\Windows\system32\rasadhlp.dll
0x72dd0000 - 0x72e08000 	C:\Windows\System32\fwpuclnt.dll
0x6d260000 - 0x6d28f000 	C:\Windows\system32\shdocvw.dll
0x6be90000 - 0x6bebb000 	C:\Program Files\Java\jre7\bin\plugin2\npjp2.dll
0x6b400000 - 0x6b4bf000 	C:\Windows\system32\MSVCR100.dll
0x680c0000 - 0x68440000 	C:\PROGRA~1\Java\jre7\bin\client\jvm.dll
0x768c0000 - 0x768c5000 	C:\Windows\system32\PSAPI.DLL
0x73320000 - 0x7332c000 	C:\PROGRA~1\Java\jre7\bin\verify.dll
0x6c130000 - 0x6c150000 	C:\PROGRA~1\Java\jre7\bin\java.dll
0x6c0f0000 - 0x6c103000 	C:\PROGRA~1\Java\jre7\bin\zip.dll
0x6ab10000 - 0x6abcf000 	C:\Program Files\Java\jre7\bin\msvcr100.dll
0x6b890000 - 0x6b8ec000 	C:\Program Files\Java\jre7\bin\deploy.dll
0x77270000 - 0x77446000 	C:\Windows\system32\WININET.dll
0x75830000 - 0x75834000 	C:\Windows\system32\api-ms-win-downlevel-user32-l1-1-0.dll
0x755b0000 - 0x755b4000 	C:\Windows\system32\api-ms-win-downlevel-shlwapi-l1-1-0.dll
0x757d0000 - 0x757d4000 	C:\Windows\system32\api-ms-win-downlevel-version-l1-1-0.dll
0x75810000 - 0x75813000 	C:\Windows\system32\api-ms-win-downlevel-normaliz-l1-1-0.dll
0x776e0000 - 0x776e3000 	C:\Windows\system32\normaliz.DLL
0x76900000 - 0x76b32000 	C:\Windows\system32\iertutil.dll
0x757a0000 - 0x757a5000 	C:\Windows\system32\api-ms-win-downlevel-advapi32-l1-1-0.dll
0x755c0000 - 0x755d7000 	C:\Windows\system32\USERENV.dll
0x77450000 - 0x7759a000 	C:\Windows\system32\urlmon.dll
0x75820000 - 0x75824000 	C:\Windows\system32\api-ms-win-downlevel-ole32-l1-1-0.dll
0x71fc0000 - 0x71fc6000 	C:\Program Files\Java\jre7\bin\jp2native.dll
0x6c040000 - 0x6c054000 	C:\Program Files\Java\jre7\bin\net.dll
0x718e0000 - 0x718ef000 	C:\Program Files\Java\jre7\bin\nio.dll
0x6b870000 - 0x6b890000 	C:\Program Files\Java\jre7\bin\sunec.dll
0x71070000 - 0x71079000 	C:\Program Files\Java\jre7\bin\sunmscapi.dll
0x755e0000 - 0x75701000 	C:\Windows\system32\CRYPT32.dll
0x755a0000 - 0x755ac000 	C:\Windows\system32\MSASN1.dll

VM Arguments:
jvm_args: -Xbootclasspath/a:C:\PROGRA~1\Java\jre7\lib\deploy.jar;C:\PROGRA~1\Java\jre7\lib\javaws.jar;C:\PROGRA~1\Java\jre7\lib\plugin.jar -Xmx32m -Djava.awt.headless=true -XX:MaxDirectMemorySize=64m 
java_command: <unknown>
Launcher Type: generic

Environment Variables:
PATH=C:\Program Files\Mozilla Firefox;C:\Windows\system32;C:\Windows;C:\Windows\System32\Wbem;C:\Windows\System32\WindowsPowerShell\v1.0\;C:\Program Files\Intel\DMIX;C:\Program Files\Common Files\Nero\Lib\;C:\Program Files\Common Files\Nero\Lib\
USERNAME=Mecánica
OS=Windows_NT
PROCESSOR_IDENTIFIER=x86 Family 6 Model 37 Stepping 2, GenuineIntel



---------------  S Y S T E M  ---------------

OS: Windows 7 Build 7601 Service Pack 1

CPU:total 4 (2 cores per cpu, 2 threads per core) family 6 model 37 stepping 2, cmov, cx8, fxsr, mmx, sse, sse2, sse3, ssse3, sse4.1, sse4.2, popcnt, ht, tsc, tscinvbit

Memory: 4k page, physical 3005740k(2049120k free), swap 6009728k(4962972k free)

vm_info: Java HotSpot(TM) Client VM (24.51-b03) for windows-x86 JRE (1.7.0_51-b13), built on Dec 18 2013 19:09:58 by "java_re" with unknown MS VC++:1600

time: Wed Feb 11 14:23:43 2015
elapsed time: 30 seconds

