#
# A fatal error has been detected by the Java Runtime Environment:
#
#  EXCEPTION_ACCESS_VIOLATION (0xc0000005) at pc=0x00000002, pid=904, tid=3072
#
# JRE version: Java(TM) SE Runtime Environment (7.0_51-b13) (build 1.7.0_51-b13)
# Java VM: Java HotSpot(TM) Client VM (24.51-b03 mixed mode, sharing windows-x86 )
# Problematic frame:
# C  0x00000002
#
# Failed to write core dump. Minidumps are not enabled by default on client versions of Windows
#
# If you would like to submit a bug report, please visit:
#   http://bugreport.sun.com/bugreport/crash.jsp
# The crash happened outside the Java Virtual Machine in native code.
# See problematic frame for where to report the bug.
#

---------------  T H R E A D  ---------------

Current thread (0x0862cc00):  JavaThread "Thread-3" [_thread_in_native, id=3072, stack(0x00160000,0x00260000)]

siginfo: ExceptionCode=0xc0000005, ExceptionInformation=0x00000008 0x00000002

Registers:
EAX=0x654e8ff8, EBX=0x00000000, ECX=0x0025efd0, EDX=0x02e2da4c
ESP=0x0025ef98, EBP=0x0025efc8, ESI=0x0862cd30, EDI=0x0526d3d8
EIP=0x00000002, EFLAGS=0x00210246

Top of Stack: (sp=0x0025ef98)
0x0025ef98:   732280d1 0526d3d8 000001f6 02e11e20
0x0025efa8:   0025efd0 0025efc4 0862cc00 337a5258
0x0025efb8:   337a5258 02e11e20 00000000 00000000
0x0025efc8:   0025efd8 73229198 00000000 0025f028
0x0025efd8:   0025f018 0574a9dd 0862cd30 0025f034
0x0025efe8:   0526d3d8 00000000 0025f028 02e2da64
0x0025eff8:   0025eff8 337a5258 0025f034 337ad2b0
0x0025f008:   00000000 337a5258 00000000 0025f028 

Instructions: (pc=0x00000002)
0xffffffe2:   


Register to memory mapping:

EAX=0x654e8ff8 is an unknown value
EBX=0x00000000 is an unknown value
ECX=0x0025efd0 is pointing into the stack for thread: 0x0862cc00
EDX=0x02e2da4c is an unknown value
ESP=0x0025ef98 is pointing into the stack for thread: 0x0862cc00
EBP=0x0025efc8 is pointing into the stack for thread: 0x0862cc00
ESI=0x0862cd30 is an unknown value
EDI=0x0526d3d8 is an unknown value


Stack: [0x00160000,0x00260000],  sp=0x0025ef98,  free space=1019k
Native frames: (J=compiled Java code, j=interpreted, Vv=VM code, C=native code)
C  0x00000002
C  [npjp2.dll+0x9198]
j  sun.plugin2.main.server.MozillaPlugin.getProxy0(JLjava/lang/String;)Ljava/lang/String;+0
j  sun.plugin2.main.server.MozillaPlugin.getProxy(Ljava/lang/String;)Ljava/lang/String;+17
j  sun.plugin2.main.server.MozillaBrowserService$MozillaProxyHandler.findProxyForURL(Ljava/lang/String;)Ljava/lang/String;+7
j  com.sun.deploy.net.proxy.AbstractBrowserProxyHandler.getProxyInfo(Ljava/net/URL;)[Lcom/sun/deploy/net/proxy/ProxyInfo;+5
j  com.sun.deploy.net.proxy.DynamicProxyManager.getProxyList(Ljava/net/URL;Z)Ljava/util/List;+113
j  sun.plugin2.main.server.ProxySupport.getProxyReply(Lsun/plugin2/main/server/Plugin;Lsun/plugin2/message/GetProxyMessage;)Lsun/plugin2/message/ProxyReplyMessage;+20
j  sun.plugin2.main.server.JVMInstance$1.run()V+26
j  sun.plugin2.main.server.MozillaPlugin$RunnableWrapper.run()V+4
j  sun.plugin2.main.server.MozillaPlugin.drainRunnableQueue()V+39
j  sun.plugin2.main.server.MozillaPlugin.access$000(Lsun/plugin2/main/server/MozillaPlugin;)V+1
j  sun.plugin2.main.server.MozillaPlugin$DrainRunnableQueue.run()V+4
v  ~StubRoutines::call_stub
V  [jvm.dll+0x13f35a]
V  [jvm.dll+0x202c6e]
V  [jvm.dll+0x13f3dd]
V  [jvm.dll+0xc9bc2]
V  [jvm.dll+0xcd813]
C  [npjp2.dll+0x203f]
C  [xul.dll+0x58de1e]

Java frames: (J=compiled Java code, j=interpreted, Vv=VM code)
j  sun.plugin2.main.server.MozillaPlugin.getProxy0(JLjava/lang/String;)Ljava/lang/String;+0
j  sun.plugin2.main.server.MozillaPlugin.getProxy(Ljava/lang/String;)Ljava/lang/String;+17
j  sun.plugin2.main.server.MozillaBrowserService$MozillaProxyHandler.findProxyForURL(Ljava/lang/String;)Ljava/lang/String;+7
j  com.sun.deploy.net.proxy.AbstractBrowserProxyHandler.getProxyInfo(Ljava/net/URL;)[Lcom/sun/deploy/net/proxy/ProxyInfo;+5
j  com.sun.deploy.net.proxy.DynamicProxyManager.getProxyList(Ljava/net/URL;Z)Ljava/util/List;+113
j  sun.plugin2.main.server.ProxySupport.getProxyReply(Lsun/plugin2/main/server/Plugin;Lsun/plugin2/message/GetProxyMessage;)Lsun/plugin2/message/ProxyReplyMessage;+20
j  sun.plugin2.main.server.JVMInstance$1.run()V+26
j  sun.plugin2.main.server.MozillaPlugin$RunnableWrapper.run()V+4
j  sun.plugin2.main.server.MozillaPlugin.drainRunnableQueue()V+39
j  sun.plugin2.main.server.MozillaPlugin.access$000(Lsun/plugin2/main/server/MozillaPlugin;)V+1
j  sun.plugin2.main.server.MozillaPlugin$DrainRunnableQueue.run()V+4
v  ~StubRoutines::call_stub

---------------  P R O C E S S  ---------------

Java Threads: ( => current thread )
  0x08592000 JavaThread "Thread-6" daemon [_thread_in_native, id=2440, stack(0x07cd0000,0x07dd0000)]
  0x08591800 JavaThread "Thread-5" daemon [_thread_blocked, id=2332, stack(0x09470000,0x09570000)]
  0x0862d800 JavaThread "Thread-4" daemon [_thread_blocked, id=2520, stack(0x09c70000,0x09d70000)]
=>0x0862cc00 JavaThread "Thread-3" [_thread_in_native, id=3072, stack(0x00160000,0x00260000)]
  0x0862a800 JavaThread "JVM[id=1]-Heartbeat" [_thread_blocked, id=1904, stack(0x089f0000,0x08af0000)]
  0x08627800 JavaThread "JRE 1.7.0.51 Worker Thread" [_thread_blocked, id=3536, stack(0x08ea0000,0x08fa0000)]
  0x08622000 JavaThread "JRE 1.7.0.51 Output Reader Thread" [_thread_in_native, id=3076, stack(0x09110000,0x09210000)]
  0x0861ec00 JavaThread "JRE 1.7.0.51 Output Reader Thread" [_thread_in_native, id=4000, stack(0x08fe0000,0x090e0000)]
  0x0861fc00 JavaThread "Thread-2" [_thread_in_native, id=1832, stack(0x08d90000,0x08e90000)]
  0x0861e000 JavaThread "Java Plug-In Pipe Worker Thread (Server-Side)" daemon [_thread_in_native, id=2684, stack(0x08bd0000,0x08cd0000)]
  0x08560800 JavaThread "Thread-1" daemon [_thread_blocked, id=2696, stack(0x08830000,0x08930000)]
  0x02e5d000 JavaThread "traceMsgQueueThread" daemon [_thread_blocked, id=128, stack(0x08450000,0x08550000)]
  0x02e3a000 JavaThread "Thread-0" [_thread_in_native, id=3600, stack(0x04420000,0x04520000)]
  0x02e26c00 JavaThread "Service Thread" daemon [_thread_blocked, id=3796, stack(0x05520000,0x05620000)]
  0x02e22000 JavaThread "C1 CompilerThread0" daemon [_thread_blocked, id=3580, stack(0x08190000,0x08290000)]
  0x02e1ec00 JavaThread "Attach Listener" daemon [_thread_blocked, id=2324, stack(0x07fa0000,0x080a0000)]
  0x02e1b800 JavaThread "Signal Dispatcher" daemon [_thread_blocked, id=2512, stack(0x07dd0000,0x07ed0000)]
  0x02dafc00 JavaThread "Finalizer" daemon [_thread_blocked, id=2496, stack(0x07bc0000,0x07cc0000)]
  0x02dae000 JavaThread "Reference Handler" daemon [_thread_blocked, id=3140, stack(0x07980000,0x07a80000)]
  0x054ed000 JavaThread "main" [_thread_in_native, id=2792, stack(0x05330000,0x05430000)]

Other Threads:
  0x02dacc00 VMThread [stack: 0x07800000,0x07900000] [id=296]
  0x02e38400 WatcherThread [stack: 0x08350000,0x08450000] [id=1228]

VM state:not at safepoint (normal execution)

VM Mutex/Monitor currently owned by a thread: None

Heap
 def new generation   total 4928K, used 3027K [0x31790000, 0x31ce0000, 0x32230000)
  eden space 4416K,  56% used [0x31790000, 0x31a04f80, 0x31be0000)
  from space 512K, 100% used [0x31be0000, 0x31c60000, 0x31c60000)
  to   space 512K,   0% used [0x31c60000, 0x31c60000, 0x31ce0000)
 tenured generation   total 10944K, used 1458K [0x32230000, 0x32ce0000, 0x33790000)
   the space 10944K,  13% used [0x32230000, 0x3239cb10, 0x3239cc00, 0x32ce0000)
 compacting perm gen  total 12288K, used 2483K [0x33790000, 0x34390000, 0x37790000)
   the space 12288K,  20% used [0x33790000, 0x339fceb8, 0x339fd000, 0x34390000)
    ro space 10240K,  41% used [0x37790000, 0x37bc2050, 0x37bc2200, 0x38190000)
    rw space 12288K,  52% used [0x38190000, 0x387d6800, 0x387d6800, 0x38d90000)

Card table byte_map: [0x033b0000,0x033f0000] byte_map_base: 0x03224380

Polling page: 0x02ec0000

Code Cache  [0x05740000, 0x05840000, 0x07740000)
 total_blobs=420 nmethods=238 adapters=119 free_code_cache=31753Kb largest_free_block=32516032

Compilation events (10 events):
Event: 30.332 Thread 0x02e22000  234             java.util.regex.Matcher::reset (83 bytes)
Event: 30.332 Thread 0x02e22000 nmethod 234 0x0583c408 code [0x0583c520, 0x0583c66c]
Event: 30.332 Thread 0x02e22000  235             java.util.HashMap$HashIterator::<init> (63 bytes)
Event: 30.332 Thread 0x02e22000 nmethod 235 0x0583c848 code [0x0583c940, 0x0583ca30]
Event: 30.332 Thread 0x02e22000  236             java.lang.String::equalsIgnoreCase (48 bytes)
Event: 30.332 Thread 0x02e22000 nmethod 236 0x0583cb08 code [0x0583cc10, 0x0583cd1c]
Event: 30.376 Thread 0x02e22000  237             java.util.Properties::load0 (250 bytes)
Event: 30.377 Thread 0x02e22000 nmethod 237 0x0583ce08 code [0x0583cf50, 0x0583d270]
Event: 30.382 Thread 0x02e22000  238             java.lang.String::endsWith (17 bytes)
Event: 30.382 Thread 0x02e22000 nmethod 238 0x0583d5c8 code [0x0583d6d0, 0x0583d77c]

GC Heap History (4 events):
Event: 30.150 GC heap before
{Heap before GC invocations=0 (full 0):
 def new generation   total 4928K, used 4416K [0x31790000, 0x31ce0000, 0x32230000)
  eden space 4416K, 100% used [0x31790000, 0x31be0000, 0x31be0000)
  from space 512K,   0% used [0x31be0000, 0x31be0000, 0x31c60000)
  to   space 512K,   0% used [0x31c60000, 0x31c60000, 0x31ce0000)
 tenured generation   total 10944K, used 0K [0x32230000, 0x32ce0000, 0x33790000)
   the space 10944K,   0% used [0x32230000, 0x32230000, 0x32230200, 0x32ce0000)
 compacting perm gen  total 12288K, used 1696K [0x33790000, 0x34390000, 0x37790000)
   the space 12288K,  13% used [0x33790000, 0x33938050, 0x33938200, 0x34390000)
    ro space 10240K,  41% used [0x37790000, 0x37bc2050, 0x37bc2200, 0x38190000)
    rw space 12288K,  52% used [0x38190000, 0x387d6800, 0x387d6800, 0x38d90000)
Event: 30.158 GC heap after
Heap after GC invocations=1 (full 0):
 def new generation   total 4928K, used 512K [0x31790000, 0x31ce0000, 0x32230000)
  eden space 4416K,   0% used [0x31790000, 0x31790000, 0x31be0000)
  from space 512K, 100% used [0x31c60000, 0x31ce0000, 0x31ce0000)
  to   space 512K,   0% used [0x31be0000, 0x31be0000, 0x31c60000)
 tenured generation   total 10944K, used 613K [0x32230000, 0x32ce0000, 0x33790000)
   the space 10944K,   5% used [0x32230000, 0x322c9638, 0x322c9800, 0x32ce0000)
 compacting perm gen  total 12288K, used 1696K [0x33790000, 0x34390000, 0x37790000)
   the space 12288K,  13% used [0x33790000, 0x33938050, 0x33938200, 0x34390000)
    ro space 10240K,  41% used [0x37790000, 0x37bc2050, 0x37bc2200, 0x38190000)
    rw space 12288K,  52% used [0x38190000, 0x387d6800, 0x387d6800, 0x38d90000)
}
Event: 30.269 GC heap before
{Heap before GC invocations=1 (full 0):
 def new generation   total 4928K, used 4928K [0x31790000, 0x31ce0000, 0x32230000)
  eden space 4416K, 100% used [0x31790000, 0x31be0000, 0x31be0000)
  from space 512K, 100% used [0x31c60000, 0x31ce0000, 0x31ce0000)
  to   space 512K,   0% used [0x31be0000, 0x31be0000, 0x31c60000)
 tenured generation   total 10944K, used 613K [0x32230000, 0x32ce0000, 0x33790000)
   the space 10944K,   5% used [0x32230000, 0x322c9638, 0x322c9800, 0x32ce0000)
 compacting perm gen  total 12288K, used 2270K [0x33790000, 0x34390000, 0x37790000)
   the space 12288K,  18% used [0x33790000, 0x339c7880, 0x339c7a00, 0x34390000)
    ro space 10240K,  41% used [0x37790000, 0x37bc2050, 0x37bc2200, 0x38190000)
    rw space 12288K,  52% used [0x38190000, 0x387d6800, 0x387d6800, 0x38d90000)
Event: 30.277 GC heap after
Heap after GC invocations=2 (full 0):
 def new generation   total 4928K, used 512K [0x31790000, 0x31ce0000, 0x32230000)
  eden space 4416K,   0% used [0x31790000, 0x31790000, 0x31be0000)
  from space 512K, 100% used [0x31be0000, 0x31c60000, 0x31c60000)
  to   space 512K,   0% used [0x31c60000, 0x31c60000, 0x31ce0000)
 tenured generation   total 10944K, used 1458K [0x32230000, 0x32ce0000, 0x33790000)
   the space 10944K,  13% used [0x32230000, 0x3239cb10, 0x3239cc00, 0x32ce0000)
 compacting perm gen  total 12288K, used 2270K [0x33790000, 0x34390000, 0x37790000)
   the space 12288K,  18% used [0x33790000, 0x339c7880, 0x339c7a00, 0x34390000)
    ro space 10240K,  41% used [0x37790000, 0x37bc2050, 0x37bc2200, 0x38190000)
    rw space 12288K,  52% used [0x38190000, 0x387d6800, 0x387d6800, 0x38d90000)
}

Deoptimization events (0 events):
No events

Internal exceptions (10 events):
Event: 0.013 Thread 0x054ed000 Threw 0x31795750 at C:\re\jdk7u51\527\hotspot\src\share\vm\prims\jni.cpp:3991
Event: 0.094 Thread 0x054ed000 Threw 0x31876b80 at C:\re\jdk7u51\527\hotspot\src\share\vm\prims\jvm.cpp:1244
Event: 0.094 Thread 0x054ed000 Threw 0x31876c98 at C:\re\jdk7u51\527\hotspot\src\share\vm\prims\jvm.cpp:1244
Event: 0.095 Thread 0x054ed000 Threw 0x31879fd0 at C:\re\jdk7u51\527\hotspot\src\share\vm\prims\jvm.cpp:1244
Event: 0.095 Thread 0x054ed000 Threw 0x3187a0e8 at C:\re\jdk7u51\527\hotspot\src\share\vm\prims\jvm.cpp:1244
Event: 0.135 Thread 0x054ed000 Threw 0x318e8380 at C:\re\jdk7u51\527\hotspot\src\share\vm\prims\jni.cpp:717
Event: 0.135 Thread 0x054ed000 Threw 0x318e8518 at C:\re\jdk7u51\527\hotspot\src\share\vm\prims\jni.cpp:717
Event: 0.135 Thread 0x054ed000 Threw 0x318e8680 at C:\re\jdk7u51\527\hotspot\src\share\vm\prims\jni.cpp:717
Event: 30.388 Thread 0x0862cc00 Threw 0x319f0270 at C:\re\jdk7u51\527\hotspot\src\share\vm\prims\jvm.cpp:1244
Event: 30.389 Thread 0x0862cc00 Threw 0x319f1368 at C:\re\jdk7u51\527\hotspot\src\share\vm\prims\jvm.cpp:1244

Events (10 events):
Event: 30.390 loading class 0x08739e90
Event: 30.390 loading class 0x08739e90 done
Event: 30.390 loading class 0x08739e08
Event: 30.390 loading class 0x08739e08 done
Event: 30.391 loading class 0x087398f0
Event: 30.391 loading class 0x087398f0 done
Event: 30.391 loading class 0x087398b0
Event: 30.391 loading class 0x087398b0 done
Event: 30.391 loading class 0x08738a40
Event: 30.391 loading class 0x08738a40 done


Dynamic libraries:
0x01250000 - 0x0129d000 	C:\Users\Mecánica\Documents\moz\FirefoxPortable\App\Firefox\firefox.exe
0x77180000 - 0x772bc000 	C:\Windows\SYSTEM32\ntdll.dll
0x772d0000 - 0x773a4000 	C:\Windows\system32\kernel32.dll
0x753e0000 - 0x7542b000 	C:\Windows\system32\KERNELBASE.dll
0x64c00000 - 0x6556e000 	C:\Users\Mecánica\Documents\moz\FirefoxPortable\App\Firefox\xul.dll
0x731a0000 - 0x7320f000 	C:\Users\Mecánica\Documents\moz\FirefoxPortable\App\Firefox\sqlite3.dll
0x730f0000 - 0x7319e000 	C:\Users\Mecánica\Documents\moz\FirefoxPortable\App\Firefox\MOZCRT19.dll
0x76b70000 - 0x76c1c000 	C:\Windows\system32\msvcrt.dll
0x72ad0000 - 0x72b7e000 	C:\Users\Mecánica\Documents\moz\FirefoxPortable\App\Firefox\js3250.dll
0x600b0000 - 0x600e0000 	C:\Users\Mecánica\Documents\moz\FirefoxPortable\App\Firefox\nspr4.dll
0x75630000 - 0x756d0000 	C:\Windows\system32\ADVAPI32.dll
0x76cf0000 - 0x76d09000 	C:\Windows\SYSTEM32\sechost.dll
0x75530000 - 0x755d2000 	C:\Windows\system32\RPCRT4.dll
0x6e620000 - 0x6e627000 	C:\Windows\system32\WSOCK32.dll
0x76a90000 - 0x76ac5000 	C:\Windows\system32\WS2_32.dll
0x772c0000 - 0x772c6000 	C:\Windows\system32\NSI.dll
0x729f0000 - 0x72a22000 	C:\Windows\system32\WINMM.dll
0x76960000 - 0x76a29000 	C:\Windows\system32\USER32.dll
0x770d0000 - 0x7711e000 	C:\Windows\system32\GDI32.dll
0x756d0000 - 0x756da000 	C:\Windows\system32\LPK.dll
0x76ad0000 - 0x76b6d000 	C:\Windows\system32\USP10.dll
0x60420000 - 0x60438000 	C:\Users\Mecánica\Documents\moz\FirefoxPortable\App\Firefox\smime3.dll
0x60340000 - 0x603da000 	C:\Users\Mecánica\Documents\moz\FirefoxPortable\App\Firefox\nss3.dll
0x603e0000 - 0x603f4000 	C:\Users\Mecánica\Documents\moz\FirefoxPortable\App\Firefox\nssutil3.dll
0x600f0000 - 0x600f7000 	C:\Users\Mecánica\Documents\moz\FirefoxPortable\App\Firefox\plc4.dll
0x600e0000 - 0x600e7000 	C:\Users\Mecánica\Documents\moz\FirefoxPortable\App\Firefox\plds4.dll
0x60400000 - 0x60420000 	C:\Users\Mecánica\Documents\moz\FirefoxPortable\App\Firefox\ssl3.dll
0x756f0000 - 0x7633a000 	C:\Windows\system32\SHELL32.dll
0x77120000 - 0x77177000 	C:\Windows\system32\SHLWAPI.dll
0x76e20000 - 0x76f7c000 	C:\Windows\system32\ole32.dll
0x74530000 - 0x74539000 	C:\Windows\system32\VERSION.dll
0x6ffb0000 - 0x70001000 	C:\Windows\system32\WINSPOOL.DRV
0x76da0000 - 0x76e1b000 	C:\Windows\system32\COMDLG32.dll
0x74030000 - 0x741ce000 	C:\Windows\WinSxS\x86_microsoft.windows.common-controls_6595b64144ccf1df_6.0.7601.17514_none_41e6975e2bd6f2b2\COMCTL32.dll
0x75610000 - 0x7562f000 	C:\Windows\system32\IMM32.dll
0x76c20000 - 0x76cec000 	C:\Windows\system32\MSCTF.dll
0x74010000 - 0x74015000 	C:\Windows\system32\MSIMG32.dll
0x76d10000 - 0x76d9f000 	C:\Windows\system32\OLEAUT32.dll
0x74020000 - 0x74027000 	C:\Users\Mecánica\Documents\moz\FirefoxPortable\App\Firefox\xpcom.dll
0x72530000 - 0x7261b000 	C:\Windows\system32\dbghelp.dll
0x75090000 - 0x7509c000 	C:\Windows\system32\CRYPTBASE.dll
0x73da0000 - 0x73de0000 	C:\Windows\system32\uxtheme.dll
0x76530000 - 0x766cd000 	C:\Windows\system32\SETUPAPI.dll
0x75430000 - 0x75457000 	C:\Windows\system32\CFGMGR32.dll
0x753c0000 - 0x753d2000 	C:\Windows\system32\DEVOBJ.dll
0x754a0000 - 0x75523000 	C:\Windows\system32\CLBCatQ.DLL
0x73ef0000 - 0x73fe5000 	C:\Windows\system32\propsys.dll
0x73b20000 - 0x73b41000 	C:\Windows\system32\ntmarta.dll
0x76910000 - 0x76955000 	C:\Windows\system32\WLDAP32.dll
0x73880000 - 0x73893000 	C:\Windows\system32\dwmapi.dll
0x75170000 - 0x7517b000 	C:\Windows\system32\profapi.dll
0x73310000 - 0x73318000 	C:\Users\Mecánica\Documents\moz\FirefoxPortable\App\Firefox\components\browserdirprovider.dll
0x74a50000 - 0x74a8c000 	C:\Windows\system32\mswsock.dll
0x746b0000 - 0x746b5000 	C:\Windows\System32\wshtcpip.dll
0x71cc0000 - 0x71cdc000 	C:\Windows\system32\iphlpapi.dll
0x71cb0000 - 0x71cb7000 	C:\Windows\system32\WINNSI.DLL
0x71fc0000 - 0x71fd0000 	C:\Windows\system32\NLAapi.dll
0x706f0000 - 0x70700000 	C:\Windows\system32\napinsp.dll
0x706d0000 - 0x706e2000 	C:\Windows\system32\pnrpnsp.dll
0x749f0000 - 0x74a34000 	C:\Windows\system32\DNSAPI.dll
0x706c0000 - 0x706c8000 	C:\Windows\System32\winrnr.dll
0x73630000 - 0x73760000 	C:\Windows\system32\WindowsCodecs.dll
0x75040000 - 0x7508c000 	C:\Windows\system32\apphelp.dll
0x6df30000 - 0x6df61000 	C:\Windows\system32\EhStorShell.dll
0x6d220000 - 0x6d626000 	C:\PROGRA~1\MICROS~1\Office14\GROOVEEX.DLL
0x70150000 - 0x701f3000 	C:\Windows\WinSxS\x86_microsoft.vc90.crt_1fc8b3b9a1e18e3b_9.0.30729.4940_none_50916076bcb9a742\MSVCR90.dll
0x6dea0000 - 0x6df2e000 	C:\Windows\WinSxS\x86_microsoft.vc90.crt_1fc8b3b9a1e18e3b_9.0.30729.4940_none_50916076bcb9a742\MSVCP90.dll
0x6de70000 - 0x6de9b000 	C:\Windows\WinSxS\x86_microsoft.vc90.atl_1fc8b3b9a1e18e3b_9.0.30729.4148_none_51ca66a2bbe76806\ATL90.DLL
0x6ce00000 - 0x6d21a000 	C:\PROGRA~1\COMMON~1\MICROS~1\OFFICE14\Cultures\office.odf
0x6c580000 - 0x6ce00000 	C:\PROGRA~1\MICROS~1\Office14\3082\GrooveIntlResource.dll
0x6de00000 - 0x6de6a000 	C:\Windows\System32\cscui.dll
0x6da30000 - 0x6da39000 	C:\Windows\System32\CSCDLL.dll
0x6fa50000 - 0x6fa5b000 	C:\Windows\system32\CSCAPI.dll
0x6d9c0000 - 0x6da30000 	C:\Windows\system32\ntshrui.dll
0x74f60000 - 0x74f79000 	C:\Windows\system32\srvcli.dll
0x71fa0000 - 0x71faa000 	C:\Windows\system32\slc.dll
0x74a90000 - 0x74aa7000 	C:\Windows\system32\CRYPTSP.dll
0x74910000 - 0x7494b000 	C:\Windows\system32\rsaenh.dll
0x75100000 - 0x7510e000 	C:\Windows\system32\RpcRtRemote.dll
0x73250000 - 0x73273000 	C:\Users\Mecánica\Documents\moz\FirefoxPortable\App\Firefox\components\brwsrcmp.dll
0x73220000 - 0x7324b000 	C:\Program Files\Java\jre7\bin\plugin2\npjp2.dll
0x72250000 - 0x7230f000 	C:\Windows\system32\MSVCR100.dll
0x65b60000 - 0x65ee0000 	C:\PROGRA~1\Java\jre7\bin\client\jvm.dll
0x76520000 - 0x76525000 	C:\Windows\system32\PSAPI.DLL
0x73300000 - 0x7330c000 	C:\PROGRA~1\Java\jre7\bin\verify.dll
0x730d0000 - 0x730f0000 	C:\PROGRA~1\Java\jre7\bin\java.dll
0x730b0000 - 0x730c3000 	C:\PROGRA~1\Java\jre7\bin\zip.dll
0x70870000 - 0x7092f000 	C:\Program Files\Java\jre7\bin\msvcr100.dll
0x72cb0000 - 0x72d0c000 	C:\Program Files\Java\jre7\bin\deploy.dll
0x76340000 - 0x76515000 	C:\Windows\system32\WININET.dll
0x75460000 - 0x75464000 	C:\Windows\system32\api-ms-win-downlevel-user32-l1-1-0.dll
0x75250000 - 0x75254000 	C:\Windows\system32\api-ms-win-downlevel-shlwapi-l1-1-0.dll
0x75490000 - 0x75494000 	C:\Windows\system32\api-ms-win-downlevel-version-l1-1-0.dll
0x75480000 - 0x75483000 	C:\Windows\system32\api-ms-win-downlevel-normaliz-l1-1-0.dll
0x756e0000 - 0x756e3000 	C:\Windows\system32\normaliz.DLL
0x766d0000 - 0x76902000 	C:\Windows\system32\iertutil.dll
0x75470000 - 0x75475000 	C:\Windows\system32\api-ms-win-downlevel-advapi32-l1-1-0.dll
0x75190000 - 0x751a7000 	C:\Windows\system32\USERENV.dll
0x76f80000 - 0x770ca000 	C:\Windows\system32\urlmon.dll
0x751b0000 - 0x751b4000 	C:\Windows\system32\api-ms-win-downlevel-ole32-l1-1-0.dll
0x73210000 - 0x73216000 	C:\Program Files\Java\jre7\bin\jp2native.dll
0x72c90000 - 0x72ca4000 	C:\Program Files\Java\jre7\bin\net.dll
0x74a40000 - 0x74a46000 	C:\Windows\System32\wship6.dll
0x730a0000 - 0x730af000 	C:\Program Files\Java\jre7\bin\nio.dll
0x602f0000 - 0x60316000 	C:\Users\Mecánica\Documents\moz\FirefoxPortable\App\Firefox\softokn3.dll
0x60320000 - 0x60338000 	C:\Users\Mecánica\Documents\moz\FirefoxPortable\App\Firefox\nssdbm3.dll
0x60440000 - 0x60481000 	C:\Users\Mecánica\Documents\moz\FirefoxPortable\App\Firefox\freebl3.dll
0x602a0000 - 0x602ec000 	C:\Users\Mecánica\Documents\moz\FirefoxPortable\App\Firefox\nssckbi.dll
0x70df0000 - 0x70df6000 	C:\Windows\system32\rasadhlp.dll
0x72a50000 - 0x72a88000 	C:\Windows\System32\fwpuclnt.dll
0x6d8b0000 - 0x6d8df000 	C:\Windows\system32\shdocvw.dll
0x72c70000 - 0x72c90000 	C:\Program Files\Java\jre7\bin\sunec.dll
0x72fc0000 - 0x72fc9000 	C:\Program Files\Java\jre7\bin\sunmscapi.dll
0x75260000 - 0x75381000 	C:\Windows\system32\CRYPT32.dll
0x75180000 - 0x7518c000 	C:\Windows\system32\MSASN1.dll

VM Arguments:
jvm_args: -Xbootclasspath/a:C:\PROGRA~1\Java\jre7\lib\deploy.jar;C:\PROGRA~1\Java\jre7\lib\javaws.jar;C:\PROGRA~1\Java\jre7\lib\plugin.jar -Xmx32m -Djava.awt.headless=true -XX:MaxDirectMemorySize=64m 
java_command: <unknown>
Launcher Type: generic

Environment Variables:
PATH=C:\Program Files\Mozilla Firefox;C:\Windows\system32;C:\Windows;C:\Windows\System32\Wbem;C:\Windows\System32\WindowsPowerShell\v1.0\;C:\Program Files\Intel\DMIX
USERNAME=Mecánica
OS=Windows_NT
PROCESSOR_IDENTIFIER=x86 Family 6 Model 37 Stepping 2, GenuineIntel



---------------  S Y S T E M  ---------------

OS: Windows 7 Build 7601 Service Pack 1

CPU:total 4 (2 cores per cpu, 2 threads per core) family 6 model 37 stepping 2, cmov, cx8, fxsr, mmx, sse, sse2, sse3, ssse3, sse4.1, sse4.2, popcnt, ht, tsc, tscinvbit

Memory: 4k page, physical 3005740k(1877184k free), swap 6009732k(4932256k free)

vm_info: Java HotSpot(TM) Client VM (24.51-b03) for windows-x86 JRE (1.7.0_51-b13), built on Dec 18 2013 19:09:58 by "java_re" with unknown MS VC++:1600

time: Tue Feb 17 19:24:39 2015
elapsed time: 30 seconds

