#
# A fatal error has been detected by the Java Runtime Environment:
#
#  EXCEPTION_ACCESS_VIOLATION (0xc0000005) at pc=0x00000001, pid=3656, tid=3660
#
# JRE version: Java(TM) SE Runtime Environment (7.0_51-b13) (build 1.7.0_51-b13)
# Java VM: Java HotSpot(TM) Client VM (24.51-b03 mixed mode, sharing windows-x86 )
# Problematic frame:
# C  0x00000001
#
# Failed to write core dump. Minidumps are not enabled by default on client versions of Windows
#
# If you would like to submit a bug report, please visit:
#   http://bugreport.sun.com/bugreport/crash.jsp
# The crash happened outside the Java Virtual Machine in native code.
# See problematic frame for where to report the bug.
#

---------------  T H R E A D  ---------------

Current thread (0x0914a000):  JavaThread "Thread-2" [_thread_in_native, id=3660, stack(0x00030000,0x00130000)]

siginfo: ExceptionCode=0xc0000005, ExceptionInformation=0x00000008 0x00000001

Registers:
EAX=0x69ed8ff8, EBX=0x00000000, ECX=0x0012f3e0, EDX=0x0629b684
ESP=0x0012f3a8, EBP=0x0012f3d8, ESI=0x0914a130, EDI=0x05e3e058
EIP=0x00000001, EFLAGS=0x00210246

Top of Stack: (sp=0x0012f3a8)
0x0012f3a8:   693380d1 05e3e058 000001f6 092634d0
0x0012f3b8:   0012f3e0 0012f3d4 0914a000 337a5258
0x0012f3c8:   337a5258 092634d0 00000000 00000000
0x0012f3d8:   0012f3e8 69339198 00000000 0012f438
0x0012f3e8:   0012f428 062ea9dd 0914a130 0012f444
0x0012f3f8:   05e3e058 00000000 0012f438 0629b69c
0x0012f408:   0012f408 337a5258 0012f444 337ad2b0
0x0012f418:   00000000 337a5258 00000000 0012f438 

Instructions: (pc=0x00000001)
0xffffffe1:   


Register to memory mapping:

EAX=0x69ed8ff8 is an unknown value
EBX=0x00000000 is an unknown value
ECX=0x0012f3e0 is pointing into the stack for thread: 0x0914a000
EDX=0x0629b684 is an unknown value
ESP=0x0012f3a8 is pointing into the stack for thread: 0x0914a000
EBP=0x0012f3d8 is pointing into the stack for thread: 0x0914a000
ESI=0x0914a130 is an unknown value
EDI=0x05e3e058 is an unknown value


Stack: [0x00030000,0x00130000],  sp=0x0012f3a8,  free space=1020k
Native frames: (J=compiled Java code, j=interpreted, Vv=VM code, C=native code)
C  0x00000001
C  [npjp2.dll+0x9198]
j  sun.plugin2.main.server.MozillaPlugin.getProxy0(JLjava/lang/String;)Ljava/lang/String;+0
j  sun.plugin2.main.server.MozillaPlugin.getProxy(Ljava/lang/String;)Ljava/lang/String;+17
j  sun.plugin2.main.server.MozillaBrowserService$MozillaProxyHandler.findProxyForURL(Ljava/lang/String;)Ljava/lang/String;+7
j  com.sun.deploy.net.proxy.AbstractBrowserProxyHandler.getProxyInfo(Ljava/net/URL;)[Lcom/sun/deploy/net/proxy/ProxyInfo;+5
j  com.sun.deploy.net.proxy.DynamicProxyManager.getProxyList(Ljava/net/URL;Z)Ljava/util/List;+113
j  sun.plugin2.main.server.ProxySupport.getProxyReply(Lsun/plugin2/main/server/Plugin;Lsun/plugin2/message/GetProxyMessage;)Lsun/plugin2/message/ProxyReplyMessage;+20
j  sun.plugin2.main.server.JVMInstance$1.run()V+26
j  sun.plugin2.main.server.MozillaPlugin$RunnableWrapper.run()V+4
j  sun.plugin2.main.server.MozillaPlugin.drainRunnableQueue()V+39
j  sun.plugin2.main.server.MozillaPlugin.access$000(Lsun/plugin2/main/server/MozillaPlugin;)V+1
j  sun.plugin2.main.server.MozillaPlugin$DrainRunnableQueue.run()V+4
v  ~StubRoutines::call_stub
V  [jvm.dll+0x13f35a]
V  [jvm.dll+0x202c6e]
V  [jvm.dll+0x13f3dd]
V  [jvm.dll+0xc9bc2]
V  [jvm.dll+0xcd813]
C  [npjp2.dll+0x203f]
C  [xul.dll+0x58de1e]

Java frames: (J=compiled Java code, j=interpreted, Vv=VM code)
j  sun.plugin2.main.server.MozillaPlugin.getProxy0(JLjava/lang/String;)Ljava/lang/String;+0
j  sun.plugin2.main.server.MozillaPlugin.getProxy(Ljava/lang/String;)Ljava/lang/String;+17
j  sun.plugin2.main.server.MozillaBrowserService$MozillaProxyHandler.findProxyForURL(Ljava/lang/String;)Ljava/lang/String;+7
j  com.sun.deploy.net.proxy.AbstractBrowserProxyHandler.getProxyInfo(Ljava/net/URL;)[Lcom/sun/deploy/net/proxy/ProxyInfo;+5
j  com.sun.deploy.net.proxy.DynamicProxyManager.getProxyList(Ljava/net/URL;Z)Ljava/util/List;+113
j  sun.plugin2.main.server.ProxySupport.getProxyReply(Lsun/plugin2/main/server/Plugin;Lsun/plugin2/message/GetProxyMessage;)Lsun/plugin2/message/ProxyReplyMessage;+20
j  sun.plugin2.main.server.JVMInstance$1.run()V+26
j  sun.plugin2.main.server.MozillaPlugin$RunnableWrapper.run()V+4
j  sun.plugin2.main.server.MozillaPlugin.drainRunnableQueue()V+39
j  sun.plugin2.main.server.MozillaPlugin.access$000(Lsun/plugin2/main/server/MozillaPlugin;)V+1
j  sun.plugin2.main.server.MozillaPlugin$DrainRunnableQueue.run()V+4
v  ~StubRoutines::call_stub

---------------  P R O C E S S  ---------------

Java Threads: ( => current thread )
  0x06229000 JavaThread "Keep-Alive-Timer" daemon [_thread_blocked, id=2316, stack(0x0a270000,0x0a370000)]
=>0x0914a000 JavaThread "Thread-2" [_thread_in_native, id=3660, stack(0x00030000,0x00130000)]
  0x09114800 JavaThread "JVM[id=1]-Heartbeat" [_thread_blocked, id=1216, stack(0x048d0000,0x049d0000)]
  0x09146800 JavaThread "JRE 1.7.0.51 Worker Thread" [_thread_blocked, id=4000, stack(0x09d40000,0x09e40000)]
  0x09140000 JavaThread "JRE 1.7.0.51 Output Reader Thread" [_thread_in_native, id=3996, stack(0x099d0000,0x09ad0000)]
  0x0913ec00 JavaThread "JRE 1.7.0.51 Output Reader Thread" [_thread_in_native, id=3992, stack(0x09ad0000,0x09bd0000)]
  0x0913f800 JavaThread "Thread-1" [_thread_in_native, id=3988, stack(0x098a0000,0x099a0000)]
  0x0913a400 JavaThread "Java Plug-In Pipe Worker Thread (Server-Side)" daemon [_thread_in_native, id=3976, stack(0x09530000,0x09630000)]
  0x062bf800 JavaThread "traceMsgQueueThread" daemon [_thread_blocked, id=3964, stack(0x09400000,0x09500000)]
  0x06295000 JavaThread "Service Thread" daemon [_thread_blocked, id=3956, stack(0x08c60000,0x08d60000)]
  0x06290000 JavaThread "C1 CompilerThread0" daemon [_thread_blocked, id=3952, stack(0x089a0000,0x08aa0000)]
  0x0628f000 JavaThread "Attach Listener" daemon [_thread_blocked, id=3948, stack(0x08d60000,0x08e60000)]
  0x0628bc00 JavaThread "Signal Dispatcher" daemon [_thread_blocked, id=3944, stack(0x08ac0000,0x08bc0000)]
  0x0621f400 JavaThread "Finalizer" daemon [_thread_blocked, id=3936, stack(0x088a0000,0x089a0000)]
  0x0621dc00 JavaThread "Reference Handler" daemon [_thread_blocked, id=3932, stack(0x086b0000,0x087b0000)]
  0x03afc800 JavaThread "main" [_thread_in_native, id=3876, stack(0x060e0000,0x061e0000)]

Other Threads:
  0x0621c000 VMThread [stack: 0x083d0000,0x084d0000] [id=3928]
  0x062b7800 WatcherThread [stack: 0x08f70000,0x09070000] [id=3960]

VM state:not at safepoint (normal execution)

VM Mutex/Monitor currently owned by a thread: None

Heap
 def new generation   total 4928K, used 1625K [0x31790000, 0x31ce0000, 0x32230000)
  eden space 4416K,  25% used [0x31790000, 0x318a6758, 0x31be0000)
  from space 512K, 100% used [0x31c60000, 0x31ce0000, 0x31ce0000)
  to   space 512K,   0% used [0x31be0000, 0x31be0000, 0x31c60000)
 tenured generation   total 10944K, used 2619K [0x32230000, 0x32ce0000, 0x33790000)
   the space 10944K,  23% used [0x32230000, 0x324bef68, 0x324bf000, 0x32ce0000)
 compacting perm gen  total 12288K, used 2891K [0x33790000, 0x34390000, 0x37790000)
   the space 12288K,  23% used [0x33790000, 0x33a62f30, 0x33a63000, 0x34390000)
    ro space 10240K,  41% used [0x37790000, 0x37bc2050, 0x37bc2200, 0x38190000)
    rw space 12288K,  52% used [0x38190000, 0x387d6800, 0x387d6800, 0x38d90000)

Card table byte_map: [0x038a0000,0x038e0000] byte_map_base: 0x03714380

Polling page: 0x03730000

Code Cache  [0x062e0000, 0x06408000, 0x082e0000)
 total_blobs=499 nmethods=315 adapters=121 free_code_cache=31585Kb largest_free_block=32343296

Compilation events (10 events):
Event: 36.933 Thread 0x06290000  311   !         sun.nio.cs.ISO_8859_1$Encoder::encodeArrayLoop (356 bytes)
Event: 36.935 Thread 0x06290000 nmethod 311 0x06402d08 code [0x06403110, 0x06404630]
Event: 38.052 Thread 0x06290000  312             java.util.Properties::getProperty (46 bytes)
Event: 38.052 Thread 0x06290000 nmethod 312 0x06406748 code [0x06406860, 0x06406998]
Event: 38.207 Thread 0x06290000  313             java.util.Properties::load0 (250 bytes)
Event: 38.209 Thread 0x06290000 nmethod 313 0x06406a48 code [0x06406b90, 0x06406eb0]
Event: 38.274 Thread 0x06290000  314             java.util.ArrayList::rangeCheck (22 bytes)
Event: 38.274 Thread 0x06290000 nmethod 314 0x06407208 code [0x06407360, 0x06407628]
Event: 38.274 Thread 0x06290000  315             java.util.ArrayList::elementData (7 bytes)
Event: 38.275 Thread 0x06290000 nmethod 315 0x064078c8 code [0x064079c0, 0x06407a60]

GC Heap History (6 events):
Event: 35.351 GC heap before
{Heap before GC invocations=0 (full 0):
 def new generation   total 4928K, used 4416K [0x31790000, 0x31ce0000, 0x32230000)
  eden space 4416K, 100% used [0x31790000, 0x31be0000, 0x31be0000)
  from space 512K,   0% used [0x31be0000, 0x31be0000, 0x31c60000)
  to   space 512K,   0% used [0x31c60000, 0x31c60000, 0x31ce0000)
 tenured generation   total 10944K, used 0K [0x32230000, 0x32ce0000, 0x33790000)
   the space 10944K,   0% used [0x32230000, 0x32230000, 0x32230200, 0x32ce0000)
 compacting perm gen  total 12288K, used 1704K [0x33790000, 0x34390000, 0x37790000)
   the space 12288K,  13% used [0x33790000, 0x3393a108, 0x3393a200, 0x34390000)
    ro space 10240K,  41% used [0x37790000, 0x37bc2050, 0x37bc2200, 0x38190000)
    rw space 12288K,  52% used [0x38190000, 0x387d6800, 0x387d6800, 0x38d90000)
Event: 35.361 GC heap after
Heap after GC invocations=1 (full 0):
 def new generation   total 4928K, used 512K [0x31790000, 0x31ce0000, 0x32230000)
  eden space 4416K,   0% used [0x31790000, 0x31790000, 0x31be0000)
  from space 512K, 100% used [0x31c60000, 0x31ce0000, 0x31ce0000)
  to   space 512K,   0% used [0x31be0000, 0x31be0000, 0x31c60000)
 tenured generation   total 10944K, used 644K [0x32230000, 0x32ce0000, 0x33790000)
   the space 10944K,   5% used [0x32230000, 0x322d1290, 0x322d1400, 0x32ce0000)
 compacting perm gen  total 12288K, used 1704K [0x33790000, 0x34390000, 0x37790000)
   the space 12288K,  13% used [0x33790000, 0x3393a108, 0x3393a200, 0x34390000)
    ro space 10240K,  41% used [0x37790000, 0x37bc2050, 0x37bc2200, 0x38190000)
    rw space 12288K,  52% used [0x38190000, 0x387d6800, 0x387d6800, 0x38d90000)
}
Event: 36.570 GC heap before
{Heap before GC invocations=1 (full 0):
 def new generation   total 4928K, used 4928K [0x31790000, 0x31ce0000, 0x32230000)
  eden space 4416K, 100% used [0x31790000, 0x31be0000, 0x31be0000)
  from space 512K, 100% used [0x31c60000, 0x31ce0000, 0x31ce0000)
  to   space 512K,   0% used [0x31be0000, 0x31be0000, 0x31c60000)
 tenured generation   total 10944K, used 644K [0x32230000, 0x32ce0000, 0x33790000)
   the space 10944K,   5% used [0x32230000, 0x322d1290, 0x322d1400, 0x32ce0000)
 compacting perm gen  total 12288K, used 2270K [0x33790000, 0x34390000, 0x37790000)
   the space 12288K,  18% used [0x33790000, 0x339c78b0, 0x339c7a00, 0x34390000)
    ro space 10240K,  41% used [0x37790000, 0x37bc2050, 0x37bc2200, 0x38190000)
    rw space 12288K,  52% used [0x38190000, 0x387d6800, 0x387d6800, 0x38d90000)
Event: 36.578 GC heap after
Heap after GC invocations=2 (full 0):
 def new generation   total 4928K, used 512K [0x31790000, 0x31ce0000, 0x32230000)
  eden space 4416K,   0% used [0x31790000, 0x31790000, 0x31be0000)
  from space 512K, 100% used [0x31be0000, 0x31c60000, 0x31c60000)
  to   space 512K,   0% used [0x31c60000, 0x31c60000, 0x31ce0000)
 tenured generation   total 10944K, used 1477K [0x32230000, 0x32ce0000, 0x33790000)
   the space 10944K,  13% used [0x32230000, 0x323a14c8, 0x323a1600, 0x32ce0000)
 compacting perm gen  total 12288K, used 2270K [0x33790000, 0x34390000, 0x37790000)
   the space 12288K,  18% used [0x33790000, 0x339c78b0, 0x339c7a00, 0x34390000)
    ro space 10240K,  41% used [0x37790000, 0x37bc2050, 0x37bc2200, 0x38190000)
    rw space 12288K,  52% used [0x38190000, 0x387d6800, 0x387d6800, 0x38d90000)
}
Event: 36.822 GC heap before
{Heap before GC invocations=2 (full 0):
 def new generation   total 4928K, used 4928K [0x31790000, 0x31ce0000, 0x32230000)
  eden space 4416K, 100% used [0x31790000, 0x31be0000, 0x31be0000)
  from space 512K, 100% used [0x31be0000, 0x31c60000, 0x31c60000)
  to   space 512K,   0% used [0x31c60000, 0x31c60000, 0x31ce0000)
 tenured generation   total 10944K, used 1477K [0x32230000, 0x32ce0000, 0x33790000)
   the space 10944K,  13% used [0x32230000, 0x323a14c8, 0x323a1600, 0x32ce0000)
 compacting perm gen  total 12288K, used 2609K [0x33790000, 0x34390000, 0x37790000)
   the space 12288K,  21% used [0x33790000, 0x33a1c670, 0x33a1c800, 0x34390000)
    ro space 10240K,  41% used [0x37790000, 0x37bc2050, 0x37bc2200, 0x38190000)
    rw space 12288K,  52% used [0x38190000, 0x387d6800, 0x387d6800, 0x38d90000)
Event: 36.832 GC heap after
Heap after GC invocations=3 (full 0):
 def new generation   total 4928K, used 512K [0x31790000, 0x31ce0000, 0x32230000)
  eden space 4416K,   0% used [0x31790000, 0x31790000, 0x31be0000)
  from space 512K, 100% used [0x31c60000, 0x31ce0000, 0x31ce0000)
  to   space 512K,   0% used [0x31be0000, 0x31be0000, 0x31c60000)
 tenured generation   total 10944K, used 2619K [0x32230000, 0x32ce0000, 0x33790000)
   the space 10944K,  23% used [0x32230000, 0x324bef68, 0x324bf000, 0x32ce0000)
 compacting perm gen  total 12288K, used 2609K [0x33790000, 0x34390000, 0x37790000)
   the space 12288K,  21% used [0x33790000, 0x33a1c670, 0x33a1c800, 0x34390000)
    ro space 10240K,  41% used [0x37790000, 0x37bc2050, 0x37bc2200, 0x38190000)
    rw space 12288K,  52% used [0x38190000, 0x387d6800, 0x387d6800, 0x38d90000)
}

Deoptimization events (0 events):
No events

Internal exceptions (10 events):
Event: 2.022 Thread 0x03afc800 Threw 0x31795750 at C:\re\jdk7u51\527\hotspot\src\share\vm\prims\jni.cpp:3991
Event: 5.934 Thread 0x03afc800 Threw 0x318609d0 at C:\re\jdk7u51\527\hotspot\src\share\vm\prims\jvm.cpp:1244
Event: 5.934 Thread 0x03afc800 Threw 0x31860ae8 at C:\re\jdk7u51\527\hotspot\src\share\vm\prims\jvm.cpp:1244
Event: 5.935 Thread 0x03afc800 Threw 0x31863e20 at C:\re\jdk7u51\527\hotspot\src\share\vm\prims\jvm.cpp:1244
Event: 5.935 Thread 0x03afc800 Threw 0x31863f38 at C:\re\jdk7u51\527\hotspot\src\share\vm\prims\jvm.cpp:1244
Event: 6.416 Thread 0x03afc800 Threw 0x318d2270 at C:\re\jdk7u51\527\hotspot\src\share\vm\prims\jni.cpp:717
Event: 6.429 Thread 0x03afc800 Threw 0x318d2408 at C:\re\jdk7u51\527\hotspot\src\share\vm\prims\jni.cpp:717
Event: 6.429 Thread 0x03afc800 Threw 0x318d2570 at C:\re\jdk7u51\527\hotspot\src\share\vm\prims\jni.cpp:717
Event: 38.273 Thread 0x0914a000 Threw 0x3189a840 at C:\re\jdk7u51\527\hotspot\src\share\vm\prims\jvm.cpp:1244
Event: 38.273 Thread 0x0914a000 Threw 0x3189b988 at C:\re\jdk7u51\527\hotspot\src\share\vm\prims\jvm.cpp:1244

Events (10 events):
Event: 38.287 loading class 0x090e5d48
Event: 38.287 loading class 0x090e5d48 done
Event: 38.288 loading class 0x090e5cc0
Event: 38.288 loading class 0x090e5cc0 done
Event: 38.288 loading class 0x090e57a8
Event: 38.288 loading class 0x090e57a8 done
Event: 38.288 loading class 0x090e5768
Event: 38.288 loading class 0x090e5768 done
Event: 38.288 loading class 0x090e48f8
Event: 38.288 loading class 0x090e48f8 done


Dynamic libraries:
0x00380000 - 0x003cd000 	C:\Users\Mecánica\Documents\moz\FirefoxPortable\App\Firefox\firefox.exe
0x77480000 - 0x775bc000 	C:\Windows\SYSTEM32\ntdll.dll
0x75b60000 - 0x75c34000 	C:\Windows\system32\kernel32.dll
0x75600000 - 0x7564b000 	C:\Windows\system32\KERNELBASE.dll
0x695f0000 - 0x69f5e000 	C:\Users\Mecánica\Documents\moz\FirefoxPortable\App\Firefox\xul.dll
0x6ae10000 - 0x6ae7f000 	C:\Users\Mecánica\Documents\moz\FirefoxPortable\App\Firefox\sqlite3.dll
0x69540000 - 0x695ee000 	C:\Users\Mecánica\Documents\moz\FirefoxPortable\App\Firefox\MOZCRT19.dll
0x77600000 - 0x776ac000 	C:\Windows\system32\msvcrt.dll
0x69490000 - 0x6953e000 	C:\Users\Mecánica\Documents\moz\FirefoxPortable\App\Firefox\js3250.dll
0x600b0000 - 0x600e0000 	C:\Users\Mecánica\Documents\moz\FirefoxPortable\App\Firefox\nspr4.dll
0x760e0000 - 0x76180000 	C:\Windows\system32\ADVAPI32.dll
0x76060000 - 0x76079000 	C:\Windows\SYSTEM32\sechost.dll
0x763d0000 - 0x76472000 	C:\Windows\system32\RPCRT4.dll
0x71870000 - 0x71877000 	C:\Windows\system32\WSOCK32.dll
0x76010000 - 0x76045000 	C:\Windows\system32\WS2_32.dll
0x775c0000 - 0x775c6000 	C:\Windows\system32\NSI.dll
0x735d0000 - 0x73602000 	C:\Windows\system32\WINMM.dll
0x75df0000 - 0x75eb9000 	C:\Windows\system32\USER32.dll
0x76790000 - 0x767de000 	C:\Windows\system32\GDI32.dll
0x757a0000 - 0x757aa000 	C:\Windows\system32\LPK.dll
0x76510000 - 0x765ad000 	C:\Windows\system32\USP10.dll
0x60420000 - 0x60438000 	C:\Users\Mecánica\Documents\moz\FirefoxPortable\App\Firefox\smime3.dll
0x60340000 - 0x603da000 	C:\Users\Mecánica\Documents\moz\FirefoxPortable\App\Firefox\nss3.dll
0x603e0000 - 0x603f4000 	C:\Users\Mecánica\Documents\moz\FirefoxPortable\App\Firefox\nssutil3.dll
0x600f0000 - 0x600f7000 	C:\Users\Mecánica\Documents\moz\FirefoxPortable\App\Firefox\plc4.dll
0x600e0000 - 0x600e7000 	C:\Users\Mecánica\Documents\moz\FirefoxPortable\App\Firefox\plds4.dll
0x60400000 - 0x60420000 	C:\Users\Mecánica\Documents\moz\FirefoxPortable\App\Firefox\ssl3.dll
0x76830000 - 0x7747b000 	C:\Windows\system32\SHELL32.dll
0x75c40000 - 0x75c97000 	C:\Windows\system32\SHLWAPI.dll
0x757c0000 - 0x7591c000 	C:\Windows\system32\ole32.dll
0x74830000 - 0x74839000 	C:\Windows\system32\VERSION.dll
0x6f3c0000 - 0x6f411000 	C:\Windows\system32\WINSPOOL.DRV
0x75d70000 - 0x75deb000 	C:\Windows\system32\COMDLG32.dll
0x74330000 - 0x744ce000 	C:\Windows\WinSxS\x86_microsoft.windows.common-controls_6595b64144ccf1df_6.0.7601.17514_none_41e6975e2bd6f2b2\COMCTL32.dll
0x76320000 - 0x7633f000 	C:\Windows\system32\IMM32.dll
0x75ca0000 - 0x75d6c000 	C:\Windows\system32\MSCTF.dll
0x6f6b0000 - 0x6f6b5000 	C:\Windows\system32\MSIMG32.dll
0x76340000 - 0x763cf000 	C:\Windows\system32\OLEAUT32.dll
0x6bf80000 - 0x6bf87000 	C:\Users\Mecánica\Documents\moz\FirefoxPortable\App\Firefox\xpcom.dll
0x693a0000 - 0x6948b000 	C:\Windows\system32\dbghelp.dll
0x75390000 - 0x7539c000 	C:\Windows\system32\CRYPTBASE.dll
0x740a0000 - 0x740e0000 	C:\Windows\system32\uxtheme.dll
0x76180000 - 0x7631d000 	C:\Windows\system32\SETUPAPI.dll
0x75660000 - 0x75687000 	C:\Windows\system32\CFGMGR32.dll
0x756f0000 - 0x75702000 	C:\Windows\system32\DEVOBJ.dll
0x76480000 - 0x76503000 	C:\Windows\system32\CLBCatQ.DLL
0x740e0000 - 0x741d5000 	C:\Windows\system32\propsys.dll
0x73d40000 - 0x73d61000 	C:\Windows\system32\ntmarta.dll
0x767e0000 - 0x76825000 	C:\Windows\system32\WLDAP32.dll
0x73da0000 - 0x73db3000 	C:\Windows\system32\dwmapi.dll
0x75480000 - 0x7548b000 	C:\Windows\system32\profapi.dll
0x6ae00000 - 0x6ae08000 	C:\Users\Mecánica\Documents\moz\FirefoxPortable\App\Firefox\components\browserdirprovider.dll
0x74e70000 - 0x74eac000 	C:\Windows\system32\mswsock.dll
0x749b0000 - 0x749b5000 	C:\Windows\System32\wshtcpip.dll
0x726e0000 - 0x726fc000 	C:\Windows\system32\iphlpapi.dll
0x726c0000 - 0x726c7000 	C:\Windows\system32\WINNSI.DLL
0x729f0000 - 0x72a00000 	C:\Windows\system32\NLAapi.dll
0x6fdb0000 - 0x6fdc0000 	C:\Windows\system32\napinsp.dll
0x6fd90000 - 0x6fda2000 	C:\Windows\system32\pnrpnsp.dll
0x74d30000 - 0x74d74000 	C:\Windows\system32\DNSAPI.dll
0x6fd80000 - 0x6fd88000 	C:\Windows\System32\winrnr.dll
0x73a00000 - 0x73b31000 	C:\Windows\system32\WindowsCodecs.dll
0x75340000 - 0x7538c000 	C:\Windows\system32\apphelp.dll
0x6ea40000 - 0x6ea71000 	C:\Windows\system32\EhStorShell.dll
0x6e150000 - 0x6e556000 	C:\PROGRA~1\MICROS~1\Office14\GROOVEEX.DLL
0x6e0a0000 - 0x6e143000 	C:\Windows\WinSxS\x86_microsoft.vc90.crt_1fc8b3b9a1e18e3b_9.0.30729.4940_none_50916076bcb9a742\MSVCR90.dll
0x6e010000 - 0x6e09e000 	C:\Windows\WinSxS\x86_microsoft.vc90.crt_1fc8b3b9a1e18e3b_9.0.30729.4940_none_50916076bcb9a742\MSVCP90.dll
0x6dfe0000 - 0x6e00b000 	C:\Windows\WinSxS\x86_microsoft.vc90.atl_1fc8b3b9a1e18e3b_9.0.30729.4148_none_51ca66a2bbe76806\ATL90.DLL
0x6dbc0000 - 0x6dfda000 	C:\PROGRA~1\COMMON~1\MICROS~1\OFFICE14\Cultures\office.odf
0x6d340000 - 0x6dbc0000 	C:\PROGRA~1\MICROS~1\Office14\3082\GrooveIntlResource.dll
0x6d2d0000 - 0x6d33a000 	C:\Windows\System32\cscui.dll
0x6d2c0000 - 0x6d2c9000 	C:\Windows\System32\CSCDLL.dll
0x6ecc0000 - 0x6eccb000 	C:\Windows\system32\CSCAPI.dll
0x6d250000 - 0x6d2c0000 	C:\Windows\system32\ntshrui.dll
0x75150000 - 0x75169000 	C:\Windows\system32\srvcli.dll
0x72970000 - 0x7297a000 	C:\Windows\system32\slc.dll
0x74eb0000 - 0x74ec7000 	C:\Windows\system32\CRYPTSP.dll
0x74c50000 - 0x74c8b000 	C:\Windows\system32\rsaenh.dll
0x75400000 - 0x7540e000 	C:\Windows\system32\RpcRtRemote.dll
0x6add0000 - 0x6adf3000 	C:\Users\Mecánica\Documents\moz\FirefoxPortable\App\Firefox\components\brwsrcmp.dll
0x602f0000 - 0x60316000 	C:\Users\Mecánica\Documents\moz\FirefoxPortable\App\Firefox\softokn3.dll
0x60320000 - 0x60338000 	C:\Users\Mecánica\Documents\moz\FirefoxPortable\App\Firefox\nssdbm3.dll
0x60440000 - 0x60481000 	C:\Users\Mecánica\Documents\moz\FirefoxPortable\App\Firefox\freebl3.dll
0x602a0000 - 0x602ec000 	C:\Users\Mecánica\Documents\moz\FirefoxPortable\App\Firefox\nssckbi.dll
0x74e60000 - 0x74e66000 	C:\Windows\System32\wship6.dll
0x70230000 - 0x70236000 	C:\Windows\system32\rasadhlp.dll
0x72400000 - 0x72438000 	C:\Windows\System32\fwpuclnt.dll
0x6e620000 - 0x6e64f000 	C:\Windows\system32\shdocvw.dll
0x69330000 - 0x6935b000 	C:\Program Files\Java\jre7\bin\plugin2\npjp2.dll
0x69270000 - 0x6932f000 	C:\Windows\system32\MSVCR100.dll
0x68ef0000 - 0x69270000 	C:\PROGRA~1\Java\jre7\bin\client\jvm.dll
0x76050000 - 0x76055000 	C:\Windows\system32\PSAPI.DLL
0x68ee0000 - 0x68eec000 	C:\PROGRA~1\Java\jre7\bin\verify.dll
0x68ec0000 - 0x68ee0000 	C:\PROGRA~1\Java\jre7\bin\java.dll
0x68ea0000 - 0x68eb3000 	C:\PROGRA~1\Java\jre7\bin\zip.dll
0x68de0000 - 0x68e9f000 	C:\Program Files\Java\jre7\bin\msvcr100.dll
0x68d80000 - 0x68ddc000 	C:\Program Files\Java\jre7\bin\deploy.dll
0x765b0000 - 0x76785000 	C:\Windows\system32\WININET.dll
0x754a0000 - 0x754a4000 	C:\Windows\system32\api-ms-win-downlevel-user32-l1-1-0.dll
0x755f0000 - 0x755f4000 	C:\Windows\system32\api-ms-win-downlevel-shlwapi-l1-1-0.dll
0x75690000 - 0x75694000 	C:\Windows\system32\api-ms-win-downlevel-version-l1-1-0.dll
0x75650000 - 0x75653000 	C:\Windows\system32\api-ms-win-downlevel-normaliz-l1-1-0.dll
0x757b0000 - 0x757b3000 	C:\Windows\system32\normaliz.DLL
0x75920000 - 0x75b52000 	C:\Windows\system32\iertutil.dll
0x755e0000 - 0x755e5000 	C:\Windows\system32\api-ms-win-downlevel-advapi32-l1-1-0.dll
0x756d0000 - 0x756e7000 	C:\Windows\system32\USERENV.dll
0x75ec0000 - 0x7600b000 	C:\Windows\system32\urlmon.dll
0x75490000 - 0x75494000 	C:\Windows\system32\api-ms-win-downlevel-ole32-l1-1-0.dll
0x68d70000 - 0x68d76000 	C:\Program Files\Java\jre7\bin\jp2native.dll
0x68d50000 - 0x68d64000 	C:\Program Files\Java\jre7\bin\net.dll
0x68d40000 - 0x68d4f000 	C:\Program Files\Java\jre7\bin\nio.dll
0x68b50000 - 0x68b70000 	C:\Program Files\Java\jre7\bin\sunec.dll
0x6ad90000 - 0x6ad99000 	C:\Program Files\Java\jre7\bin\sunmscapi.dll
0x754b0000 - 0x755d1000 	C:\Windows\system32\CRYPT32.dll
0x75470000 - 0x7547c000 	C:\Windows\system32\MSASN1.dll

VM Arguments:
jvm_args: -Xbootclasspath/a:C:\PROGRA~1\Java\jre7\lib\deploy.jar;C:\PROGRA~1\Java\jre7\lib\javaws.jar;C:\PROGRA~1\Java\jre7\lib\plugin.jar -Xmx32m -Djava.awt.headless=true -XX:MaxDirectMemorySize=64m 
java_command: <unknown>
Launcher Type: generic

Environment Variables:
PATH=C:\Program Files\Mozilla Firefox;C:\Windows\system32;C:\Windows;C:\Windows\System32\Wbem;C:\Windows\System32\WindowsPowerShell\v1.0\;C:\Program Files\Intel\DMIX
USERNAME=Mecánica
OS=Windows_NT
PROCESSOR_IDENTIFIER=x86 Family 6 Model 37 Stepping 2, GenuineIntel



---------------  S Y S T E M  ---------------

OS: Windows 7 Build 7601 Service Pack 1

CPU:total 4 (2 cores per cpu, 2 threads per core) family 6 model 37 stepping 2, cmov, cx8, fxsr, mmx, sse, sse2, sse3, ssse3, sse4.1, sse4.2, popcnt, ht, tsc, tscinvbit

Memory: 4k page, physical 3005740k(2174660k free), swap 6009732k(5083700k free)

vm_info: Java HotSpot(TM) Client VM (24.51-b03) for windows-x86 JRE (1.7.0_51-b13), built on Dec 18 2013 19:09:58 by "java_re" with unknown MS VC++:1600

time: Wed Mar 25 13:45:29 2015
elapsed time: 38 seconds

