#
# A fatal error has been detected by the Java Runtime Environment:
#
#  EXCEPTION_ACCESS_VIOLATION (0xc0000005) at pc=0x00000001, pid=3408, tid=3412
#
# JRE version: Java(TM) SE Runtime Environment (7.0_51-b13) (build 1.7.0_51-b13)
# Java VM: Java HotSpot(TM) Client VM (24.51-b03 mixed mode, sharing windows-x86 )
# Problematic frame:
# C  0x00000001
#
# Failed to write core dump. Minidumps are not enabled by default on client versions of Windows
#
# If you would like to submit a bug report, please visit:
#   http://bugreport.sun.com/bugreport/crash.jsp
# The crash happened outside the Java Virtual Machine in native code.
# See problematic frame for where to report the bug.
#

---------------  T H R E A D  ---------------

Current thread (0x08c29000):  JavaThread "Thread-2" [_thread_in_native, id=3412, stack(0x001d0000,0x002d0000)]

siginfo: ExceptionCode=0xc0000005, ExceptionInformation=0x00000008 0x00000001

Registers:
EAX=0x6c2e8ff8, EBX=0x00000000, ECX=0x002cefc0, EDX=0x04b1b33c
ESP=0x002cef88, EBP=0x002cefb8, ESI=0x08c29130, EDI=0x046496d8
EIP=0x00000001, EFLAGS=0x00210246

Top of Stack: (sp=0x002cef88)
0x002cef88:   69ac80d1 046496d8 000001f6 08d40e40
0x002cef98:   002cefc0 002cefb4 08c29000 337a5258
0x002cefa8:   337a5258 08d40e40 00000000 00000000
0x002cefb8:   002cefc8 69ac9198 00000000 002cf018
0x002cefc8:   002cf008 05d3a9dd 08c29130 002cf024
0x002cefd8:   046496d8 00000000 002cf018 04b1b354
0x002cefe8:   002cefe8 337a5258 002cf024 337ad2b0
0x002ceff8:   00000000 337a5258 00000000 002cf018 

Instructions: (pc=0x00000001)
0xffffffe1:   


Register to memory mapping:

EAX=0x6c2e8ff8 is an unknown value
EBX=0x00000000 is an unknown value
ECX=0x002cefc0 is pointing into the stack for thread: 0x08c29000
EDX=0x04b1b33c is an unknown value
ESP=0x002cef88 is pointing into the stack for thread: 0x08c29000
EBP=0x002cefb8 is pointing into the stack for thread: 0x08c29000
ESI=0x08c29130 is an unknown value
EDI=0x046496d8 is an unknown value


Stack: [0x001d0000,0x002d0000],  sp=0x002cef88,  free space=1019k
Native frames: (J=compiled Java code, j=interpreted, Vv=VM code, C=native code)
C  0x00000001
C  [npjp2.dll+0x9198]
j  sun.plugin2.main.server.MozillaPlugin.getProxy0(JLjava/lang/String;)Ljava/lang/String;+0
j  sun.plugin2.main.server.MozillaPlugin.getProxy(Ljava/lang/String;)Ljava/lang/String;+17
j  sun.plugin2.main.server.MozillaBrowserService$MozillaProxyHandler.findProxyForURL(Ljava/lang/String;)Ljava/lang/String;+7
j  com.sun.deploy.net.proxy.AbstractBrowserProxyHandler.getProxyInfo(Ljava/net/URL;)[Lcom/sun/deploy/net/proxy/ProxyInfo;+5
j  com.sun.deploy.net.proxy.DynamicProxyManager.getProxyList(Ljava/net/URL;Z)Ljava/util/List;+113
j  sun.plugin2.main.server.ProxySupport.getProxyReply(Lsun/plugin2/main/server/Plugin;Lsun/plugin2/message/GetProxyMessage;)Lsun/plugin2/message/ProxyReplyMessage;+20
j  sun.plugin2.main.server.JVMInstance$1.run()V+26
j  sun.plugin2.main.server.MozillaPlugin$RunnableWrapper.run()V+4
j  sun.plugin2.main.server.MozillaPlugin.drainRunnableQueue()V+39
j  sun.plugin2.main.server.MozillaPlugin.access$000(Lsun/plugin2/main/server/MozillaPlugin;)V+1
j  sun.plugin2.main.server.MozillaPlugin$DrainRunnableQueue.run()V+4
v  ~StubRoutines::call_stub
V  [jvm.dll+0x13f35a]
V  [jvm.dll+0x202c6e]
V  [jvm.dll+0x13f3dd]
V  [jvm.dll+0xc9bc2]
V  [jvm.dll+0xcd813]
C  [npjp2.dll+0x203f]
C  [xul.dll+0x58de1e]

Java frames: (J=compiled Java code, j=interpreted, Vv=VM code)
j  sun.plugin2.main.server.MozillaPlugin.getProxy0(JLjava/lang/String;)Ljava/lang/String;+0
j  sun.plugin2.main.server.MozillaPlugin.getProxy(Ljava/lang/String;)Ljava/lang/String;+17
j  sun.plugin2.main.server.MozillaBrowserService$MozillaProxyHandler.findProxyForURL(Ljava/lang/String;)Ljava/lang/String;+7
j  com.sun.deploy.net.proxy.AbstractBrowserProxyHandler.getProxyInfo(Ljava/net/URL;)[Lcom/sun/deploy/net/proxy/ProxyInfo;+5
j  com.sun.deploy.net.proxy.DynamicProxyManager.getProxyList(Ljava/net/URL;Z)Ljava/util/List;+113
j  sun.plugin2.main.server.ProxySupport.getProxyReply(Lsun/plugin2/main/server/Plugin;Lsun/plugin2/message/GetProxyMessage;)Lsun/plugin2/message/ProxyReplyMessage;+20
j  sun.plugin2.main.server.JVMInstance$1.run()V+26
j  sun.plugin2.main.server.MozillaPlugin$RunnableWrapper.run()V+4
j  sun.plugin2.main.server.MozillaPlugin.drainRunnableQueue()V+39
j  sun.plugin2.main.server.MozillaPlugin.access$000(Lsun/plugin2/main/server/MozillaPlugin;)V+1
j  sun.plugin2.main.server.MozillaPlugin$DrainRunnableQueue.run()V+4
v  ~StubRoutines::call_stub

---------------  P R O C E S S  ---------------

Java Threads: ( => current thread )
  0x04aa9000 JavaThread "Keep-Alive-Timer" daemon [_thread_blocked, id=2248, stack(0x0a040000,0x0a140000)]
=>0x08c29000 JavaThread "Thread-2" [_thread_in_native, id=3412, stack(0x001d0000,0x002d0000)]
  0x08bf7000 JavaThread "JVM[id=1]-Heartbeat" [_thread_blocked, id=4044, stack(0x099d0000,0x09ad0000)]
  0x08c25800 JavaThread "JRE 1.7.0.51 Worker Thread" [_thread_blocked, id=3908, stack(0x09690000,0x09790000)]
  0x08c1f000 JavaThread "JRE 1.7.0.51 Output Reader Thread" [_thread_in_native, id=3904, stack(0x09420000,0x09520000)]
  0x08c1dc00 JavaThread "JRE 1.7.0.51 Output Reader Thread" [_thread_in_native, id=3900, stack(0x08ee0000,0x08fe0000)]
  0x08c1e800 JavaThread "Thread-1" [_thread_in_native, id=3896, stack(0x09520000,0x09620000)]
  0x08c1cc00 JavaThread "Java Plug-In Pipe Worker Thread (Server-Side)" daemon [_thread_in_native, id=3884, stack(0x092b0000,0x093b0000)]
  0x04b3f800 JavaThread "traceMsgQueueThread" daemon [_thread_blocked, id=3872, stack(0x08d90000,0x08e90000)]
  0x04b15000 JavaThread "Service Thread" daemon [_thread_blocked, id=3864, stack(0x08790000,0x08890000)]
  0x04b10000 JavaThread "C1 CompilerThread0" daemon [_thread_blocked, id=3860, stack(0x08890000,0x08990000)]
  0x04b0ec00 JavaThread "Attach Listener" daemon [_thread_blocked, id=3856, stack(0x08620000,0x08720000)]
  0x04b0bc00 JavaThread "Signal Dispatcher" daemon [_thread_blocked, id=3852, stack(0x083e0000,0x084e0000)]
  0x04a9f400 JavaThread "Finalizer" daemon [_thread_blocked, id=3832, stack(0x07f30000,0x08030000)]
  0x04a9dc00 JavaThread "Reference Handler" daemon [_thread_blocked, id=3828, stack(0x08220000,0x08320000)]
  0x04b8c800 JavaThread "main" [_thread_in_native, id=3800, stack(0x04f80000,0x05080000)]

Other Threads:
  0x04a9c000 VMThread [stack: 0x08060000,0x08160000] [id=3824]
  0x04b37c00 WatcherThread [stack: 0x08a50000,0x08b50000] [id=3868]

VM state:not at safepoint (normal execution)

VM Mutex/Monitor currently owned by a thread: None

Heap
 def new generation   total 4928K, used 1434K [0x31790000, 0x31ce0000, 0x32230000)
  eden space 4416K,  20% used [0x31790000, 0x31876a60, 0x31be0000)
  from space 512K, 100% used [0x31c60000, 0x31ce0000, 0x31ce0000)
  to   space 512K,   0% used [0x31be0000, 0x31be0000, 0x31c60000)
 tenured generation   total 10944K, used 2628K [0x32230000, 0x32ce0000, 0x33790000)
   the space 10944K,  24% used [0x32230000, 0x324c13e8, 0x324c1400, 0x32ce0000)
 compacting perm gen  total 12288K, used 2887K [0x33790000, 0x34390000, 0x37790000)
   the space 12288K,  23% used [0x33790000, 0x33a61e00, 0x33a61e00, 0x34390000)
    ro space 10240K,  41% used [0x37790000, 0x37bc2050, 0x37bc2200, 0x38190000)
    rw space 12288K,  52% used [0x38190000, 0x387d6800, 0x387d6800, 0x38d90000)

Card table byte_map: [0x01d10000,0x01d50000] byte_map_base: 0x01b84380

Polling page: 0x02890000

Code Cache  [0x05d30000, 0x05e58000, 0x07d30000)
 total_blobs=490 nmethods=306 adapters=121 free_code_cache=31597Kb largest_free_block=32355840

Compilation events (10 events):
Event: 34.816 Thread 0x04b10000  302   !         sun.nio.cs.ISO_8859_1$Encoder::encodeArrayLoop (356 bytes)
Event: 34.818 Thread 0x04b10000 nmethod 302 0x05e4fc08 code [0x05e50010, 0x05e51530]
Event: 35.119 Thread 0x04b10000  303             java.util.Properties::getProperty (46 bytes)
Event: 35.119 Thread 0x04b10000 nmethod 303 0x05e53648 code [0x05e53760, 0x05e53898]
Event: 35.133 Thread 0x04b10000  304             java.util.Properties::load0 (250 bytes)
Event: 35.134 Thread 0x04b10000 nmethod 304 0x05e53948 code [0x05e53a90, 0x05e53db0]
Event: 35.161 Thread 0x04b10000  305             java.util.ArrayList::rangeCheck (22 bytes)
Event: 35.162 Thread 0x04b10000 nmethod 305 0x05e54108 code [0x05e54260, 0x05e54528]
Event: 35.162 Thread 0x04b10000  306             java.util.ArrayList::elementData (7 bytes)
Event: 35.162 Thread 0x04b10000 nmethod 306 0x05e547c8 code [0x05e548c0, 0x05e54960]

GC Heap History (6 events):
Event: 33.610 GC heap before
{Heap before GC invocations=0 (full 0):
 def new generation   total 4928K, used 4416K [0x31790000, 0x31ce0000, 0x32230000)
  eden space 4416K, 100% used [0x31790000, 0x31be0000, 0x31be0000)
  from space 512K,   0% used [0x31be0000, 0x31be0000, 0x31c60000)
  to   space 512K,   0% used [0x31c60000, 0x31c60000, 0x31ce0000)
 tenured generation   total 10944K, used 0K [0x32230000, 0x32ce0000, 0x33790000)
   the space 10944K,   0% used [0x32230000, 0x32230000, 0x32230200, 0x32ce0000)
 compacting perm gen  total 12288K, used 1704K [0x33790000, 0x34390000, 0x37790000)
   the space 12288K,  13% used [0x33790000, 0x3393a108, 0x3393a200, 0x34390000)
    ro space 10240K,  41% used [0x37790000, 0x37bc2050, 0x37bc2200, 0x38190000)
    rw space 12288K,  52% used [0x38190000, 0x387d6800, 0x387d6800, 0x38d90000)
Event: 33.618 GC heap after
Heap after GC invocations=1 (full 0):
 def new generation   total 4928K, used 512K [0x31790000, 0x31ce0000, 0x32230000)
  eden space 4416K,   0% used [0x31790000, 0x31790000, 0x31be0000)
  from space 512K, 100% used [0x31c60000, 0x31ce0000, 0x31ce0000)
  to   space 512K,   0% used [0x31be0000, 0x31be0000, 0x31c60000)
 tenured generation   total 10944K, used 644K [0x32230000, 0x32ce0000, 0x33790000)
   the space 10944K,   5% used [0x32230000, 0x322d12e8, 0x322d1400, 0x32ce0000)
 compacting perm gen  total 12288K, used 1704K [0x33790000, 0x34390000, 0x37790000)
   the space 12288K,  13% used [0x33790000, 0x3393a108, 0x3393a200, 0x34390000)
    ro space 10240K,  41% used [0x37790000, 0x37bc2050, 0x37bc2200, 0x38190000)
    rw space 12288K,  52% used [0x38190000, 0x387d6800, 0x387d6800, 0x38d90000)
}
Event: 34.367 GC heap before
{Heap before GC invocations=1 (full 0):
 def new generation   total 4928K, used 4928K [0x31790000, 0x31ce0000, 0x32230000)
  eden space 4416K, 100% used [0x31790000, 0x31be0000, 0x31be0000)
  from space 512K, 100% used [0x31c60000, 0x31ce0000, 0x31ce0000)
  to   space 512K,   0% used [0x31be0000, 0x31be0000, 0x31c60000)
 tenured generation   total 10944K, used 644K [0x32230000, 0x32ce0000, 0x33790000)
   the space 10944K,   5% used [0x32230000, 0x322d12e8, 0x322d1400, 0x32ce0000)
 compacting perm gen  total 12288K, used 2270K [0x33790000, 0x34390000, 0x37790000)
   the space 12288K,  18% used [0x33790000, 0x339c78b0, 0x339c7a00, 0x34390000)
    ro space 10240K,  41% used [0x37790000, 0x37bc2050, 0x37bc2200, 0x38190000)
    rw space 12288K,  52% used [0x38190000, 0x387d6800, 0x387d6800, 0x38d90000)
Event: 34.376 GC heap after
Heap after GC invocations=2 (full 0):
 def new generation   total 4928K, used 512K [0x31790000, 0x31ce0000, 0x32230000)
  eden space 4416K,   0% used [0x31790000, 0x31790000, 0x31be0000)
  from space 512K, 100% used [0x31be0000, 0x31c60000, 0x31c60000)
  to   space 512K,   0% used [0x31c60000, 0x31c60000, 0x31ce0000)
 tenured generation   total 10944K, used 1477K [0x32230000, 0x32ce0000, 0x33790000)
   the space 10944K,  13% used [0x32230000, 0x323a1408, 0x323a1600, 0x32ce0000)
 compacting perm gen  total 12288K, used 2270K [0x33790000, 0x34390000, 0x37790000)
   the space 12288K,  18% used [0x33790000, 0x339c78b0, 0x339c7a00, 0x34390000)
    ro space 10240K,  41% used [0x37790000, 0x37bc2050, 0x37bc2200, 0x38190000)
    rw space 12288K,  52% used [0x38190000, 0x387d6800, 0x387d6800, 0x38d90000)
}
Event: 34.693 GC heap before
{Heap before GC invocations=2 (full 0):
 def new generation   total 4928K, used 4928K [0x31790000, 0x31ce0000, 0x32230000)
  eden space 4416K, 100% used [0x31790000, 0x31be0000, 0x31be0000)
  from space 512K, 100% used [0x31be0000, 0x31c60000, 0x31c60000)
  to   space 512K,   0% used [0x31c60000, 0x31c60000, 0x31ce0000)
 tenured generation   total 10944K, used 1477K [0x32230000, 0x32ce0000, 0x33790000)
   the space 10944K,  13% used [0x32230000, 0x323a1408, 0x323a1600, 0x32ce0000)
 compacting perm gen  total 12288K, used 2667K [0x33790000, 0x34390000, 0x37790000)
   the space 12288K,  21% used [0x33790000, 0x33a2ae70, 0x33a2b000, 0x34390000)
    ro space 10240K,  41% used [0x37790000, 0x37bc2050, 0x37bc2200, 0x38190000)
    rw space 12288K,  52% used [0x38190000, 0x387d6800, 0x387d6800, 0x38d90000)
Event: 34.700 GC heap after
Heap after GC invocations=3 (full 0):
 def new generation   total 4928K, used 512K [0x31790000, 0x31ce0000, 0x32230000)
  eden space 4416K,   0% used [0x31790000, 0x31790000, 0x31be0000)
  from space 512K, 100% used [0x31c60000, 0x31ce0000, 0x31ce0000)
  to   space 512K,   0% used [0x31be0000, 0x31be0000, 0x31c60000)
 tenured generation   total 10944K, used 2628K [0x32230000, 0x32ce0000, 0x33790000)
   the space 10944K,  24% used [0x32230000, 0x324c13e8, 0x324c1400, 0x32ce0000)
 compacting perm gen  total 12288K, used 2667K [0x33790000, 0x34390000, 0x37790000)
   the space 12288K,  21% used [0x33790000, 0x33a2ae70, 0x33a2b000, 0x34390000)
    ro space 10240K,  41% used [0x37790000, 0x37bc2050, 0x37bc2200, 0x38190000)
    rw space 12288K,  52% used [0x38190000, 0x387d6800, 0x387d6800, 0x38d90000)
}

Deoptimization events (0 events):
No events

Internal exceptions (10 events):
Event: 1.456 Thread 0x04b8c800 Threw 0x31795750 at C:\re\jdk7u51\527\hotspot\src\share\vm\prims\jni.cpp:3991
Event: 3.926 Thread 0x04b8c800 Threw 0x318609d0 at C:\re\jdk7u51\527\hotspot\src\share\vm\prims\jvm.cpp:1244
Event: 3.926 Thread 0x04b8c800 Threw 0x31860ae8 at C:\re\jdk7u51\527\hotspot\src\share\vm\prims\jvm.cpp:1244
Event: 3.927 Thread 0x04b8c800 Threw 0x31863e20 at C:\re\jdk7u51\527\hotspot\src\share\vm\prims\jvm.cpp:1244
Event: 3.927 Thread 0x04b8c800 Threw 0x31863f38 at C:\re\jdk7u51\527\hotspot\src\share\vm\prims\jvm.cpp:1244
Event: 4.442 Thread 0x04b8c800 Threw 0x318d2210 at C:\re\jdk7u51\527\hotspot\src\share\vm\prims\jni.cpp:717
Event: 4.454 Thread 0x04b8c800 Threw 0x318d23a8 at C:\re\jdk7u51\527\hotspot\src\share\vm\prims\jni.cpp:717
Event: 4.454 Thread 0x04b8c800 Threw 0x318d2510 at C:\re\jdk7u51\527\hotspot\src\share\vm\prims\jni.cpp:717
Event: 35.161 Thread 0x08c29000 Threw 0x3186ab08 at C:\re\jdk7u51\527\hotspot\src\share\vm\prims\jvm.cpp:1244
Event: 35.161 Thread 0x08c29000 Threw 0x3186bc18 at C:\re\jdk7u51\527\hotspot\src\share\vm\prims\jvm.cpp:1244

Events (10 events):
Event: 35.165 loading class 0x08d10a10
Event: 35.165 loading class 0x08d10a10 done
Event: 35.165 loading class 0x08d10988
Event: 35.165 loading class 0x08d10988 done
Event: 35.165 loading class 0x08d10470
Event: 35.165 loading class 0x08d10470 done
Event: 35.165 loading class 0x08d10430
Event: 35.165 loading class 0x08d10430 done
Event: 35.165 loading class 0x08d0f5c0
Event: 35.165 loading class 0x08d0f5c0 done


Dynamic libraries:
0x01060000 - 0x010ad000 	C:\Users\Mecánica\Documents\moz\FirefoxPortable\App\Firefox\firefox.exe
0x779f0000 - 0x77b2c000 	C:\Windows\SYSTEM32\ntdll.dll
0x77420000 - 0x774f4000 	C:\Windows\system32\kernel32.dll
0x75a20000 - 0x75a6b000 	C:\Windows\system32\KERNELBASE.dll
0x6ba00000 - 0x6c36e000 	C:\Users\Mecánica\Documents\moz\FirefoxPortable\App\Firefox\xul.dll
0x71560000 - 0x715cf000 	C:\Users\Mecánica\Documents\moz\FirefoxPortable\App\Firefox\sqlite3.dll
0x6b950000 - 0x6b9fe000 	C:\Users\Mecánica\Documents\moz\FirefoxPortable\App\Firefox\MOZCRT19.dll
0x77370000 - 0x7741c000 	C:\Windows\system32\msvcrt.dll
0x6b8a0000 - 0x6b94e000 	C:\Users\Mecánica\Documents\moz\FirefoxPortable\App\Firefox\js3250.dll
0x600b0000 - 0x600e0000 	C:\Users\Mecánica\Documents\moz\FirefoxPortable\App\Firefox\nspr4.dll
0x76bd0000 - 0x76c70000 	C:\Windows\system32\ADVAPI32.dll
0x76bb0000 - 0x76bc9000 	C:\Windows\SYSTEM32\sechost.dll
0x772c0000 - 0x77362000 	C:\Windows\system32\RPCRT4.dll
0x719f0000 - 0x719f7000 	C:\Windows\system32\WSOCK32.dll
0x76f80000 - 0x76fb5000 	C:\Windows\system32\WS2_32.dll
0x76ba0000 - 0x76ba6000 	C:\Windows\system32\NSI.dll
0x73230000 - 0x73262000 	C:\Windows\system32\WINMM.dll
0x77510000 - 0x775d9000 	C:\Windows\system32\USER32.dll
0x775e0000 - 0x7762e000 	C:\Windows\system32\GDI32.dll
0x77b30000 - 0x77b3a000 	C:\Windows\system32\LPK.dll
0x76960000 - 0x769fd000 	C:\Windows\system32\USP10.dll
0x60420000 - 0x60438000 	C:\Users\Mecánica\Documents\moz\FirefoxPortable\App\Firefox\smime3.dll
0x60340000 - 0x603da000 	C:\Users\Mecánica\Documents\moz\FirefoxPortable\App\Firefox\nss3.dll
0x603e0000 - 0x603f4000 	C:\Users\Mecánica\Documents\moz\FirefoxPortable\App\Firefox\nssutil3.dll
0x600f0000 - 0x600f7000 	C:\Users\Mecánica\Documents\moz\FirefoxPortable\App\Firefox\plc4.dll
0x600e0000 - 0x600e7000 	C:\Users\Mecánica\Documents\moz\FirefoxPortable\App\Firefox\plds4.dll
0x60400000 - 0x60420000 	C:\Users\Mecánica\Documents\moz\FirefoxPortable\App\Firefox\ssl3.dll
0x75d10000 - 0x7695a000 	C:\Windows\system32\SHELL32.dll
0x770a0000 - 0x770f7000 	C:\Windows\system32\SHLWAPI.dll
0x77110000 - 0x7726c000 	C:\Windows\system32\ole32.dll
0x74da0000 - 0x74da9000 	C:\Windows\system32\VERSION.dll
0x6fac0000 - 0x6fb11000 	C:\Windows\system32\WINSPOOL.DRV
0x77ba0000 - 0x77c1b000 	C:\Windows\system32\COMDLG32.dll
0x748a0000 - 0x74a3e000 	C:\Windows\WinSxS\x86_microsoft.windows.common-controls_6595b64144ccf1df_6.0.7601.17514_none_41e6975e2bd6f2b2\COMCTL32.dll
0x77270000 - 0x7728f000 	C:\Windows\system32\IMM32.dll
0x76c70000 - 0x76d3c000 	C:\Windows\system32\MSCTF.dll
0x719e0000 - 0x719e5000 	C:\Windows\system32\MSIMG32.dll
0x77630000 - 0x776bf000 	C:\Windows\system32\OLEAUT32.dll
0x71550000 - 0x71557000 	C:\Users\Mecánica\Documents\moz\FirefoxPortable\App\Firefox\xpcom.dll
0x6b7b0000 - 0x6b89b000 	C:\Windows\system32\dbghelp.dll
0x75900000 - 0x7590c000 	C:\Windows\system32\CRYPTBASE.dll
0x74610000 - 0x74650000 	C:\Windows\system32\uxtheme.dll
0x76a00000 - 0x76b9d000 	C:\Windows\system32\SETUPAPI.dll
0x75a70000 - 0x75a97000 	C:\Windows\system32\CFGMGR32.dll
0x75c20000 - 0x75c32000 	C:\Windows\system32\DEVOBJ.dll
0x77010000 - 0x77093000 	C:\Windows\system32\CLBCatQ.DLL
0x74760000 - 0x74855000 	C:\Windows\system32\propsys.dll
0x74320000 - 0x74341000 	C:\Windows\system32\ntmarta.dll
0x76fc0000 - 0x77005000 	C:\Windows\system32\WLDAP32.dll
0x742b0000 - 0x742c3000 	C:\Windows\system32\dwmapi.dll
0x759f0000 - 0x759fb000 	C:\Windows\system32\profapi.dll
0x71830000 - 0x71838000 	C:\Users\Mecánica\Documents\moz\FirefoxPortable\App\Firefox\components\browserdirprovider.dll
0x753e0000 - 0x7541c000 	C:\Windows\system32\mswsock.dll
0x74f20000 - 0x74f25000 	C:\Windows\System32\wshtcpip.dll
0x72c70000 - 0x72c8c000 	C:\Windows\system32\iphlpapi.dll
0x72c60000 - 0x72c67000 	C:\Windows\system32\WINNSI.DLL
0x73110000 - 0x73120000 	C:\Windows\system32\NLAapi.dll
0x70350000 - 0x70360000 	C:\Windows\system32\napinsp.dll
0x70330000 - 0x70342000 	C:\Windows\system32\pnrpnsp.dll
0x752a0000 - 0x752e4000 	C:\Windows\system32\DNSAPI.dll
0x70320000 - 0x70328000 	C:\Windows\System32\winrnr.dll
0x73f40000 - 0x74070000 	C:\Windows\system32\WindowsCodecs.dll
0x758b0000 - 0x758fc000 	C:\Windows\system32\apphelp.dll
0x6ebe0000 - 0x6ec11000 	C:\Windows\system32\EhStorShell.dll
0x6e6e0000 - 0x6eae6000 	C:\PROGRA~1\MICROS~1\Office14\GROOVEEX.DLL
0x6eb30000 - 0x6ebd3000 	C:\Windows\WinSxS\x86_microsoft.vc90.crt_1fc8b3b9a1e18e3b_9.0.30729.4940_none_50916076bcb9a742\MSVCR90.dll
0x6e650000 - 0x6e6de000 	C:\Windows\WinSxS\x86_microsoft.vc90.crt_1fc8b3b9a1e18e3b_9.0.30729.4940_none_50916076bcb9a742\MSVCP90.dll
0x6eb00000 - 0x6eb2b000 	C:\Windows\WinSxS\x86_microsoft.vc90.atl_1fc8b3b9a1e18e3b_9.0.30729.4148_none_51ca66a2bbe76806\ATL90.DLL
0x6e140000 - 0x6e55a000 	C:\PROGRA~1\COMMON~1\MICROS~1\OFFICE14\Cultures\office.odf
0x6d8c0000 - 0x6e140000 	C:\PROGRA~1\MICROS~1\Office14\3082\GrooveIntlResource.dll
0x6d850000 - 0x6d8ba000 	C:\Windows\System32\cscui.dll
0x6eaf0000 - 0x6eaf9000 	C:\Windows\System32\CSCDLL.dll
0x6ec60000 - 0x6ec6b000 	C:\Windows\system32\CSCAPI.dll
0x6d7e0000 - 0x6d850000 	C:\Windows\system32\ntshrui.dll
0x75630000 - 0x75649000 	C:\Windows\system32\srvcli.dll
0x73080000 - 0x7308a000 	C:\Windows\system32\slc.dll
0x75420000 - 0x75437000 	C:\Windows\system32\CRYPTSP.dll
0x751c0000 - 0x751fb000 	C:\Windows\system32\rsaenh.dll
0x75970000 - 0x7597e000 	C:\Windows\system32\RpcRtRemote.dll
0x6f0e0000 - 0x6f103000 	C:\Users\Mecánica\Documents\moz\FirefoxPortable\App\Firefox\components\brwsrcmp.dll
0x602f0000 - 0x60316000 	C:\Users\Mecánica\Documents\moz\FirefoxPortable\App\Firefox\softokn3.dll
0x60320000 - 0x60338000 	C:\Users\Mecánica\Documents\moz\FirefoxPortable\App\Firefox\nssdbm3.dll
0x60440000 - 0x60481000 	C:\Users\Mecánica\Documents\moz\FirefoxPortable\App\Firefox\freebl3.dll
0x602a0000 - 0x602ec000 	C:\Users\Mecánica\Documents\moz\FirefoxPortable\App\Firefox\nssckbi.dll
0x753d0000 - 0x753d6000 	C:\Windows\System32\wship6.dll
0x706b0000 - 0x706b6000 	C:\Windows\system32\rasadhlp.dll
0x72a00000 - 0x72a38000 	C:\Windows\System32\fwpuclnt.dll
0x6e620000 - 0x6e64f000 	C:\Windows\system32\shdocvw.dll
0x69ac0000 - 0x69aeb000 	C:\Program Files\Java\jre7\bin\plugin2\npjp2.dll
0x69a00000 - 0x69abf000 	C:\Windows\system32\MSVCR100.dll
0x69680000 - 0x69a00000 	C:\PROGRA~1\Java\jre7\bin\client\jvm.dll
0x77100000 - 0x77105000 	C:\Windows\system32\PSAPI.DLL
0x714c0000 - 0x714cc000 	C:\PROGRA~1\Java\jre7\bin\verify.dll
0x69660000 - 0x69680000 	C:\PROGRA~1\Java\jre7\bin\java.dll
0x69640000 - 0x69653000 	C:\PROGRA~1\Java\jre7\bin\zip.dll
0x69580000 - 0x6963f000 	C:\Program Files\Java\jre7\bin\msvcr100.dll
0x69520000 - 0x6957c000 	C:\Program Files\Java\jre7\bin\deploy.dll
0x776c0000 - 0x77895000 	C:\Windows\system32\WININET.dll
0x75c70000 - 0x75c74000 	C:\Windows\system32\api-ms-win-downlevel-user32-l1-1-0.dll
0x75ac0000 - 0x75ac4000 	C:\Windows\system32\api-ms-win-downlevel-shlwapi-l1-1-0.dll
0x75a10000 - 0x75a14000 	C:\Windows\system32\api-ms-win-downlevel-version-l1-1-0.dll
0x75a00000 - 0x75a03000 	C:\Windows\system32\api-ms-win-downlevel-normaliz-l1-1-0.dll
0x77500000 - 0x77503000 	C:\Windows\system32\normaliz.DLL
0x76d40000 - 0x76f72000 	C:\Windows\system32\iertutil.dll
0x75aa0000 - 0x75aa5000 	C:\Windows\system32\api-ms-win-downlevel-advapi32-l1-1-0.dll
0x75c00000 - 0x75c17000 	C:\Windows\system32\USERENV.dll
0x778a0000 - 0x779ea000 	C:\Windows\system32\urlmon.dll
0x75ab0000 - 0x75ab4000 	C:\Windows\system32\api-ms-win-downlevel-ole32-l1-1-0.dll
0x70240000 - 0x70246000 	C:\Program Files\Java\jre7\bin\jp2native.dll
0x69500000 - 0x69514000 	C:\Program Files\Java\jre7\bin\net.dll
0x694f0000 - 0x694ff000 	C:\Program Files\Java\jre7\bin\nio.dll
0x6e560000 - 0x6e580000 	C:\Program Files\Java\jre7\bin\sunec.dll
0x691c0000 - 0x691c9000 	C:\Program Files\Java\jre7\bin\sunmscapi.dll
0x75ad0000 - 0x75bf1000 	C:\Windows\system32\CRYPT32.dll
0x759e0000 - 0x759ec000 	C:\Windows\system32\MSASN1.dll

VM Arguments:
jvm_args: -Xbootclasspath/a:C:\PROGRA~1\Java\jre7\lib\deploy.jar;C:\PROGRA~1\Java\jre7\lib\javaws.jar;C:\PROGRA~1\Java\jre7\lib\plugin.jar -Xmx32m -Djava.awt.headless=true -XX:MaxDirectMemorySize=64m 
java_command: <unknown>
Launcher Type: generic

Environment Variables:
PATH=C:\Program Files\Mozilla Firefox;C:\Windows\system32;C:\Windows;C:\Windows\System32\Wbem;C:\Windows\System32\WindowsPowerShell\v1.0\;C:\Program Files\Intel\DMIX
USERNAME=Mecánica
OS=Windows_NT
PROCESSOR_IDENTIFIER=x86 Family 6 Model 37 Stepping 2, GenuineIntel



---------------  S Y S T E M  ---------------

OS: Windows 7 Build 7601 Service Pack 1

CPU:total 4 (2 cores per cpu, 2 threads per core) family 6 model 37 stepping 2, cmov, cx8, fxsr, mmx, sse, sse2, sse3, ssse3, sse4.1, sse4.2, popcnt, ht, tsc, tscinvbit

Memory: 4k page, physical 3005740k(2189840k free), swap 6009732k(5108916k free)

vm_info: Java HotSpot(TM) Client VM (24.51-b03) for windows-x86 JRE (1.7.0_51-b13), built on Dec 18 2013 19:09:58 by "java_re" with unknown MS VC++:1600

time: Thu Feb 19 09:30:01 2015
elapsed time: 35 seconds

