#
# A fatal error has been detected by the Java Runtime Environment:
#
#  EXCEPTION_ACCESS_VIOLATION (0xc0000005) at pc=0x00000001, pid=3612, tid=2904
#
# JRE version: Java(TM) SE Runtime Environment (7.0_51-b13) (build 1.7.0_51-b13)
# Java VM: Java HotSpot(TM) Client VM (24.51-b03 mixed mode, sharing windows-x86 )
# Problematic frame:
# C  0x00000001
#
# Failed to write core dump. Minidumps are not enabled by default on client versions of Windows
#
# If you would like to submit a bug report, please visit:
#   http://bugreport.sun.com/bugreport/crash.jsp
# The crash happened outside the Java Virtual Machine in native code.
# See problematic frame for where to report the bug.
#

---------------  T H R E A D  ---------------

Current thread (0x08694400):  JavaThread "Thread-2" [_thread_in_native, id=2904, stack(0x00170000,0x00270000)]

siginfo: ExceptionCode=0xc0000005, ExceptionInformation=0x00000008 0x00000001

Registers:
EAX=0x558b8ff8, EBX=0x00000000, ECX=0x0026f1e0, EDX=0x04c27244
ESP=0x0026f1a8, EBP=0x0026f1d8, ESI=0x08694530, EDI=0x04445558
EIP=0x00000001, EFLAGS=0x00210246

Top of Stack: (sp=0x0026f1a8)
0x0026f1a8:   725a80d1 04445558 000001f6 04c4fdc8
0x0026f1b8:   0026f1e0 0026f1d4 08694400 337a5258
0x0026f1c8:   337a5258 04c4fdc8 00000000 00000000
0x0026f1d8:   0026f1e8 725a9198 00000000 0026f238
0x0026f1e8:   0026f228 05c3a9dd 08694530 0026f244
0x0026f1f8:   04445558 00000000 0026f238 04c2725c
0x0026f208:   0026f208 337a5258 0026f244 337ad2b0
0x0026f218:   00000000 337a5258 00000000 0026f238 

Instructions: (pc=0x00000001)
0xffffffe1:   


Register to memory mapping:

EAX=0x558b8ff8 is an unknown value
EBX=0x00000000 is an unknown value
ECX=0x0026f1e0 is pointing into the stack for thread: 0x08694400
EDX=0x04c27244 is an unknown value
ESP=0x0026f1a8 is pointing into the stack for thread: 0x08694400
EBP=0x0026f1d8 is pointing into the stack for thread: 0x08694400
ESI=0x08694530 is an unknown value
EDI=0x04445558 is an unknown value


Stack: [0x00170000,0x00270000],  sp=0x0026f1a8,  free space=1020k
Native frames: (J=compiled Java code, j=interpreted, Vv=VM code, C=native code)
C  0x00000001
C  [npjp2.dll+0x9198]
j  sun.plugin2.main.server.MozillaPlugin.getProxy0(JLjava/lang/String;)Ljava/lang/String;+0
j  sun.plugin2.main.server.MozillaPlugin.getProxy(Ljava/lang/String;)Ljava/lang/String;+17
j  sun.plugin2.main.server.MozillaBrowserService$MozillaProxyHandler.findProxyForURL(Ljava/lang/String;)Ljava/lang/String;+7
j  com.sun.deploy.net.proxy.AbstractBrowserProxyHandler.getProxyInfo(Ljava/net/URL;)[Lcom/sun/deploy/net/proxy/ProxyInfo;+5
j  com.sun.deploy.net.proxy.DynamicProxyManager.getProxyList(Ljava/net/URL;Z)Ljava/util/List;+113
j  sun.plugin2.main.server.ProxySupport.getProxyReply(Lsun/plugin2/main/server/Plugin;Lsun/plugin2/message/GetProxyMessage;)Lsun/plugin2/message/ProxyReplyMessage;+20
j  sun.plugin2.main.server.JVMInstance$1.run()V+26
j  sun.plugin2.main.server.MozillaPlugin$RunnableWrapper.run()V+4
j  sun.plugin2.main.server.MozillaPlugin.drainRunnableQueue()V+39
j  sun.plugin2.main.server.MozillaPlugin.access$000(Lsun/plugin2/main/server/MozillaPlugin;)V+1
j  sun.plugin2.main.server.MozillaPlugin$DrainRunnableQueue.run()V+4
v  ~StubRoutines::call_stub
V  [jvm.dll+0x13f35a]
V  [jvm.dll+0x202c6e]
V  [jvm.dll+0x13f3dd]
V  [jvm.dll+0xc9bc2]
V  [jvm.dll+0xcd813]
C  [npjp2.dll+0x203f]
C  [xul.dll+0x58de1e]

Java frames: (J=compiled Java code, j=interpreted, Vv=VM code)
j  sun.plugin2.main.server.MozillaPlugin.getProxy0(JLjava/lang/String;)Ljava/lang/String;+0
j  sun.plugin2.main.server.MozillaPlugin.getProxy(Ljava/lang/String;)Ljava/lang/String;+17
j  sun.plugin2.main.server.MozillaBrowserService$MozillaProxyHandler.findProxyForURL(Ljava/lang/String;)Ljava/lang/String;+7
j  com.sun.deploy.net.proxy.AbstractBrowserProxyHandler.getProxyInfo(Ljava/net/URL;)[Lcom/sun/deploy/net/proxy/ProxyInfo;+5
j  com.sun.deploy.net.proxy.DynamicProxyManager.getProxyList(Ljava/net/URL;Z)Ljava/util/List;+113
j  sun.plugin2.main.server.ProxySupport.getProxyReply(Lsun/plugin2/main/server/Plugin;Lsun/plugin2/message/GetProxyMessage;)Lsun/plugin2/message/ProxyReplyMessage;+20
j  sun.plugin2.main.server.JVMInstance$1.run()V+26
j  sun.plugin2.main.server.MozillaPlugin$RunnableWrapper.run()V+4
j  sun.plugin2.main.server.MozillaPlugin.drainRunnableQueue()V+39
j  sun.plugin2.main.server.MozillaPlugin.access$000(Lsun/plugin2/main/server/MozillaPlugin;)V+1
j  sun.plugin2.main.server.MozillaPlugin$DrainRunnableQueue.run()V+4
v  ~StubRoutines::call_stub

---------------  P R O C E S S  ---------------

Java Threads: ( => current thread )
  0x0861c400 JavaThread "Thread-5" daemon [_thread_in_vm, id=3796, stack(0x09ea0000,0x09fa0000)]
  0x08695400 JavaThread "Thread-4" daemon [_thread_in_native, id=1168, stack(0x08350000,0x08450000)]
  0x08694c00 JavaThread "Thread-3" daemon [_thread_in_Java, id=2592, stack(0x09050000,0x09150000)]
=>0x08694400 JavaThread "Thread-2" [_thread_in_native, id=2904, stack(0x00170000,0x00270000)]
  0x08663800 JavaThread "JVM[id=1]-Heartbeat" [_thread_blocked, id=2248, stack(0x03c70000,0x03d70000)]
  0x08691000 JavaThread "JRE 1.7.0.51 Worker Thread" [_thread_blocked, id=3488, stack(0x09180000,0x09280000)]
  0x0868dc00 JavaThread "JRE 1.7.0.51 Output Reader Thread" [_thread_in_native, id=2796, stack(0x08f50000,0x09050000)]
  0x0868d400 JavaThread "JRE 1.7.0.51 Output Reader Thread" [_thread_in_native, id=3524, stack(0x08d80000,0x08e80000)]
  0x0868e800 JavaThread "Thread-1" [_thread_in_native, id=2516, stack(0x08c70000,0x08d70000)]
  0x08689000 JavaThread "Java Plug-In Pipe Worker Thread (Server-Side)" daemon [_thread_in_native, id=584, stack(0x08af0000,0x08bf0000)]
  0x085d1c00 JavaThread "Thread-0" daemon [_thread_blocked, id=444, stack(0x08930000,0x08a30000)]
  0x04c52c00 JavaThread "traceMsgQueueThread" daemon [_thread_blocked, id=4044, stack(0x087c0000,0x088c0000)]
  0x04c2d000 JavaThread "Service Thread" daemon [_thread_blocked, id=1128, stack(0x07c30000,0x07d30000)]
  0x04c20800 JavaThread "C1 CompilerThread0" daemon [_thread_blocked, id=1132, stack(0x08240000,0x08340000)]
  0x04c1d400 JavaThread "Attach Listener" daemon [_thread_blocked, id=1908, stack(0x08130000,0x08230000)]
  0x04c1a400 JavaThread "Signal Dispatcher" daemon [_thread_blocked, id=1144, stack(0x08020000,0x08120000)]
  0x04baf400 JavaThread "Finalizer" daemon [_thread_blocked, id=2584, stack(0x07ec0000,0x07fc0000)]
  0x04badc00 JavaThread "Reference Handler" daemon [_thread_blocked, id=2568, stack(0x07d50000,0x07e50000)]
  0x035fc800 JavaThread "main" [_thread_in_native, id=1064, stack(0x05b30000,0x05c30000)]

Other Threads:
  0x04bac000 VMThread [stack: 0x04f10000,0x05010000] [id=4056]
  0x04c3a000 WatcherThread [stack: 0x084c0000,0x085c0000] [id=4092]

VM state:not at safepoint (normal execution)

VM Mutex/Monitor currently owned by a thread: None

Heap
 def new generation   total 4928K, used 3480K [0x31790000, 0x31ce0000, 0x32230000)
  eden space 4416K,  67% used [0x31790000, 0x31a760d0, 0x31be0000)
  from space 512K, 100% used [0x31be0000, 0x31c60000, 0x31c60000)
  to   space 512K,   0% used [0x31c60000, 0x31c60000, 0x31ce0000)
 tenured generation   total 10944K, used 1469K [0x32230000, 0x32ce0000, 0x33790000)
   the space 10944K,  13% used [0x32230000, 0x3239f5d0, 0x3239f600, 0x32ce0000)
 compacting perm gen  total 12288K, used 2617K [0x33790000, 0x34390000, 0x37790000)
   the space 12288K,  21% used [0x33790000, 0x33a1e490, 0x33a1e600, 0x34390000)
    ro space 10240K,  41% used [0x37790000, 0x37bc2050, 0x37bc2200, 0x38190000)
    rw space 12288K,  52% used [0x38190000, 0x387d6800, 0x387d6800, 0x38d90000)

Card table byte_map: [0x03450000,0x03490000] byte_map_base: 0x032c4380

Polling page: 0x03210000

Code Cache  [0x05c30000, 0x05d38000, 0x07c30000)
 total_blobs=435 nmethods=252 adapters=120 free_code_cache=31740Kb largest_free_block=32502272

Compilation events (10 events):
Event: 30.418 Thread 0x04c20800  247             sun.security.util.DisabledAlgorithmConstraints::permits (168 bytes)
Event: 30.419 Thread 0x04c20800 nmethod 247 0x05d2f688 code [0x05d2f820, 0x05d2fb7c]
Event: 30.419 Thread 0x04c20800  248             java.util.regex.Pattern::has (15 bytes)
Event: 30.419 Thread 0x04c20800 nmethod 248 0x05d30008 code [0x05d30100, 0x05d30190]
Event: 30.419 Thread 0x04c20800  249             java.util.regex.Pattern$Start::match (90 bytes)
Event: 30.419 Thread 0x04c20800 nmethod 249 0x05d301c8 code [0x05d302e0, 0x05d3045c]
Event: 30.421 Thread 0x04c20800  250             java.util.HashMap::inflateTable (37 bytes)
Event: 30.422 Thread 0x04c20800 nmethod 250 0x05d305c8 code [0x05d30700, 0x05d308a4]
Event: 30.422 Thread 0x04c20800  251             java.util.HashMap::roundUpToPowerOf2 (42 bytes)
Event: 30.422 Thread 0x04c20800 nmethod 251 0x05d30988 code [0x05d30a90, 0x05d30b78]

GC Heap History (4 events):
Event: 30.158 GC heap before
{Heap before GC invocations=0 (full 0):
 def new generation   total 4928K, used 4416K [0x31790000, 0x31ce0000, 0x32230000)
  eden space 4416K, 100% used [0x31790000, 0x31be0000, 0x31be0000)
  from space 512K,   0% used [0x31be0000, 0x31be0000, 0x31c60000)
  to   space 512K,   0% used [0x31c60000, 0x31c60000, 0x31ce0000)
 tenured generation   total 10944K, used 0K [0x32230000, 0x32ce0000, 0x33790000)
   the space 10944K,   0% used [0x32230000, 0x32230000, 0x32230200, 0x32ce0000)
 compacting perm gen  total 12288K, used 1704K [0x33790000, 0x34390000, 0x37790000)
   the space 12288K,  13% used [0x33790000, 0x3393a108, 0x3393a200, 0x34390000)
    ro space 10240K,  41% used [0x37790000, 0x37bc2050, 0x37bc2200, 0x38190000)
    rw space 12288K,  52% used [0x38190000, 0x387d6800, 0x387d6800, 0x38d90000)
Event: 30.168 GC heap after
Heap after GC invocations=1 (full 0):
 def new generation   total 4928K, used 512K [0x31790000, 0x31ce0000, 0x32230000)
  eden space 4416K,   0% used [0x31790000, 0x31790000, 0x31be0000)
  from space 512K, 100% used [0x31c60000, 0x31ce0000, 0x31ce0000)
  to   space 512K,   0% used [0x31be0000, 0x31be0000, 0x31c60000)
 tenured generation   total 10944K, used 644K [0x32230000, 0x32ce0000, 0x33790000)
   the space 10944K,   5% used [0x32230000, 0x322d13d0, 0x322d1400, 0x32ce0000)
 compacting perm gen  total 12288K, used 1704K [0x33790000, 0x34390000, 0x37790000)
   the space 12288K,  13% used [0x33790000, 0x3393a108, 0x3393a200, 0x34390000)
    ro space 10240K,  41% used [0x37790000, 0x37bc2050, 0x37bc2200, 0x38190000)
    rw space 12288K,  52% used [0x38190000, 0x387d6800, 0x387d6800, 0x38d90000)
}
Event: 30.278 GC heap before
{Heap before GC invocations=1 (full 0):
 def new generation   total 4928K, used 4928K [0x31790000, 0x31ce0000, 0x32230000)
  eden space 4416K, 100% used [0x31790000, 0x31be0000, 0x31be0000)
  from space 512K, 100% used [0x31c60000, 0x31ce0000, 0x31ce0000)
  to   space 512K,   0% used [0x31be0000, 0x31be0000, 0x31c60000)
 tenured generation   total 10944K, used 644K [0x32230000, 0x32ce0000, 0x33790000)
   the space 10944K,   5% used [0x32230000, 0x322d13d0, 0x322d1400, 0x32ce0000)
 compacting perm gen  total 12288K, used 2270K [0x33790000, 0x34390000, 0x37790000)
   the space 12288K,  18% used [0x33790000, 0x339c7890, 0x339c7a00, 0x34390000)
    ro space 10240K,  41% used [0x37790000, 0x37bc2050, 0x37bc2200, 0x38190000)
    rw space 12288K,  52% used [0x38190000, 0x387d6800, 0x387d6800, 0x38d90000)
Event: 30.290 GC heap after
Heap after GC invocations=2 (full 0):
 def new generation   total 4928K, used 512K [0x31790000, 0x31ce0000, 0x32230000)
  eden space 4416K,   0% used [0x31790000, 0x31790000, 0x31be0000)
  from space 512K, 100% used [0x31be0000, 0x31c60000, 0x31c60000)
  to   space 512K,   0% used [0x31c60000, 0x31c60000, 0x31ce0000)
 tenured generation   total 10944K, used 1469K [0x32230000, 0x32ce0000, 0x33790000)
   the space 10944K,  13% used [0x32230000, 0x3239f5d0, 0x3239f600, 0x32ce0000)
 compacting perm gen  total 12288K, used 2270K [0x33790000, 0x34390000, 0x37790000)
   the space 12288K,  18% used [0x33790000, 0x339c7890, 0x339c7a00, 0x34390000)
    ro space 10240K,  41% used [0x37790000, 0x37bc2050, 0x37bc2200, 0x38190000)
    rw space 12288K,  52% used [0x38190000, 0x387d6800, 0x387d6800, 0x38d90000)
}

Deoptimization events (0 events):
No events

Internal exceptions (10 events):
Event: 0.014 Thread 0x035fc800 Threw 0x317957a0 at C:\re\jdk7u51\527\hotspot\src\share\vm\prims\jni.cpp:3991
Event: 0.092 Thread 0x035fc800 Threw 0x31861010 at C:\re\jdk7u51\527\hotspot\src\share\vm\prims\jvm.cpp:1244
Event: 0.092 Thread 0x035fc800 Threw 0x31861128 at C:\re\jdk7u51\527\hotspot\src\share\vm\prims\jvm.cpp:1244
Event: 0.093 Thread 0x035fc800 Threw 0x31864440 at C:\re\jdk7u51\527\hotspot\src\share\vm\prims\jvm.cpp:1244
Event: 0.093 Thread 0x035fc800 Threw 0x31864558 at C:\re\jdk7u51\527\hotspot\src\share\vm\prims\jvm.cpp:1244
Event: 0.134 Thread 0x035fc800 Threw 0x318d2800 at C:\re\jdk7u51\527\hotspot\src\share\vm\prims\jni.cpp:717
Event: 0.134 Thread 0x035fc800 Threw 0x318d2998 at C:\re\jdk7u51\527\hotspot\src\share\vm\prims\jni.cpp:717
Event: 0.134 Thread 0x035fc800 Threw 0x318d2b00 at C:\re\jdk7u51\527\hotspot\src\share\vm\prims\jni.cpp:717
Event: 30.420 Thread 0x08694400 Threw 0x31a2f790 at C:\re\jdk7u51\527\hotspot\src\share\vm\prims\jvm.cpp:1244
Event: 30.421 Thread 0x08694400 Threw 0x31a30888 at C:\re\jdk7u51\527\hotspot\src\share\vm\prims\jvm.cpp:1244

Events (10 events):
Event: 30.422 loading class 0x087a4d80
Event: 30.422 loading class 0x087a4d80 done
Event: 30.422 loading class 0x087a4cf8
Event: 30.423 loading class 0x087a4cf8 done
Event: 30.423 loading class 0x087a47c8
Event: 30.423 loading class 0x087a47c8 done
Event: 30.423 loading class 0x087a4788
Event: 30.423 loading class 0x087a4788 done
Event: 30.423 loading class 0x0879fa28
Event: 30.423 loading class 0x0879fa28 done


Dynamic libraries:
0x01320000 - 0x0136d000 	C:\Users\Mecánica\Documents\moz\FirefoxPortable\App\Firefox\firefox.exe
0x77180000 - 0x772bc000 	C:\Windows\SYSTEM32\ntdll.dll
0x75840000 - 0x75914000 	C:\Windows\system32\kernel32.dll
0x75450000 - 0x7549b000 	C:\Windows\system32\KERNELBASE.dll
0x54fd0000 - 0x5593e000 	C:\Users\Mecánica\Documents\moz\FirefoxPortable\App\Firefox\xul.dll
0x67ae0000 - 0x67b4f000 	C:\Users\Mecánica\Documents\moz\FirefoxPortable\App\Firefox\sqlite3.dll
0x62640000 - 0x626ee000 	C:\Users\Mecánica\Documents\moz\FirefoxPortable\App\Firefox\MOZCRT19.dll
0x76190000 - 0x7623c000 	C:\Windows\system32\msvcrt.dll
0x61ce0000 - 0x61d8e000 	C:\Users\Mecánica\Documents\moz\FirefoxPortable\App\Firefox\js3250.dll
0x600b0000 - 0x600e0000 	C:\Users\Mecánica\Documents\moz\FirefoxPortable\App\Firefox\nspr4.dll
0x75f30000 - 0x75fd0000 	C:\Windows\system32\ADVAPI32.dll
0x759f0000 - 0x75a09000 	C:\Windows\SYSTEM32\sechost.dll
0x77300000 - 0x773a2000 	C:\Windows\system32\RPCRT4.dll
0x71170000 - 0x71177000 	C:\Windows\system32\WSOCK32.dll
0x75520000 - 0x75555000 	C:\Windows\system32\WS2_32.dll
0x772c0000 - 0x772c6000 	C:\Windows\system32\NSI.dll
0x729c0000 - 0x729f2000 	C:\Windows\system32\WINMM.dll
0x770b0000 - 0x77179000 	C:\Windows\system32\USER32.dll
0x75c60000 - 0x75cae000 	C:\Windows\system32\GDI32.dll
0x772f0000 - 0x772fa000 	C:\Windows\system32\LPK.dll
0x757a0000 - 0x7583d000 	C:\Windows\system32\USP10.dll
0x60420000 - 0x60438000 	C:\Users\Mecánica\Documents\moz\FirefoxPortable\App\Firefox\smime3.dll
0x60340000 - 0x603da000 	C:\Users\Mecánica\Documents\moz\FirefoxPortable\App\Firefox\nss3.dll
0x603e0000 - 0x603f4000 	C:\Users\Mecánica\Documents\moz\FirefoxPortable\App\Firefox\nssutil3.dll
0x600f0000 - 0x600f7000 	C:\Users\Mecánica\Documents\moz\FirefoxPortable\App\Firefox\plc4.dll
0x600e0000 - 0x600e7000 	C:\Users\Mecánica\Documents\moz\FirefoxPortable\App\Firefox\plds4.dll
0x60400000 - 0x60420000 	C:\Users\Mecánica\Documents\moz\FirefoxPortable\App\Firefox\ssl3.dll
0x76460000 - 0x770aa000 	C:\Windows\system32\SHELL32.dll
0x76130000 - 0x76187000 	C:\Windows\system32\SHLWAPI.dll
0x75fd0000 - 0x7612c000 	C:\Windows\system32\ole32.dll
0x74530000 - 0x74539000 	C:\Windows\system32\VERSION.dll
0x6f280000 - 0x6f2d1000 	C:\Windows\system32\WINSPOOL.DRV
0x754a0000 - 0x7551b000 	C:\Windows\system32\COMDLG32.dll
0x74030000 - 0x741ce000 	C:\Windows\WinSxS\x86_microsoft.windows.common-controls_6595b64144ccf1df_6.0.7601.17514_none_41e6975e2bd6f2b2\COMCTL32.dll
0x772d0000 - 0x772ef000 	C:\Windows\system32\IMM32.dll
0x76390000 - 0x7645c000 	C:\Windows\system32\MSCTF.dll
0x61610000 - 0x61615000 	C:\Windows\system32\MSIMG32.dll
0x75cb0000 - 0x75d3f000 	C:\Windows\system32\OLEAUT32.dll
0x72680000 - 0x72687000 	C:\Users\Mecánica\Documents\moz\FirefoxPortable\App\Firefox\xpcom.dll
0x67b50000 - 0x67c3b000 	C:\Windows\system32\dbghelp.dll
0x75090000 - 0x7509c000 	C:\Windows\system32\CRYPTBASE.dll
0x73eb0000 - 0x73ef0000 	C:\Windows\system32\uxtheme.dll
0x75d90000 - 0x75f2d000 	C:\Windows\system32\SETUPAPI.dll
0x75230000 - 0x75257000 	C:\Windows\system32\CFGMGR32.dll
0x752c0000 - 0x752d2000 	C:\Windows\system32\DEVOBJ.dll
0x75930000 - 0x759b3000 	C:\Windows\system32\CLBCatQ.DLL
0x73ef0000 - 0x73fe5000 	C:\Windows\system32\propsys.dll
0x738b0000 - 0x738d1000 	C:\Windows\system32\ntmarta.dll
0x75d40000 - 0x75d85000 	C:\Windows\system32\WLDAP32.dll
0x73b80000 - 0x73b93000 	C:\Windows\system32\dwmapi.dll
0x75180000 - 0x7518b000 	C:\Windows\system32\profapi.dll
0x738e0000 - 0x738e8000 	C:\Users\Mecánica\Documents\moz\FirefoxPortable\App\Firefox\components\browserdirprovider.dll
0x74b70000 - 0x74bac000 	C:\Windows\system32\mswsock.dll
0x746b0000 - 0x746b5000 	C:\Windows\System32\wshtcpip.dll
0x72550000 - 0x7256c000 	C:\Windows\system32\iphlpapi.dll
0x72530000 - 0x72537000 	C:\Windows\system32\WINNSI.DLL
0x727b0000 - 0x727c0000 	C:\Windows\system32\NLAapi.dll
0x70390000 - 0x703a0000 	C:\Windows\system32\napinsp.dll
0x70370000 - 0x70382000 	C:\Windows\system32\pnrpnsp.dll
0x74a30000 - 0x74a74000 	C:\Windows\system32\DNSAPI.dll
0x70360000 - 0x70368000 	C:\Windows\System32\winrnr.dll
0x73a20000 - 0x73b50000 	C:\Windows\system32\WindowsCodecs.dll
0x75040000 - 0x7508c000 	C:\Windows\system32\apphelp.dll
0x6e790000 - 0x6e7c1000 	C:\Windows\system32\EhStorShell.dll
0x6df30000 - 0x6e336000 	C:\PROGRA~1\MICROS~1\Office14\GROOVEEX.DLL
0x6e6a0000 - 0x6e743000 	C:\Windows\WinSxS\x86_microsoft.vc90.crt_1fc8b3b9a1e18e3b_9.0.30729.4940_none_50916076bcb9a742\MSVCR90.dll
0x6e610000 - 0x6e69e000 	C:\Windows\WinSxS\x86_microsoft.vc90.crt_1fc8b3b9a1e18e3b_9.0.30729.4940_none_50916076bcb9a742\MSVCP90.dll
0x6e760000 - 0x6e78b000 	C:\Windows\WinSxS\x86_microsoft.vc90.atl_1fc8b3b9a1e18e3b_9.0.30729.4148_none_51ca66a2bbe76806\ATL90.DLL
0x6db10000 - 0x6df2a000 	C:\PROGRA~1\COMMON~1\MICROS~1\OFFICE14\Cultures\office.odf
0x6d290000 - 0x6db10000 	C:\PROGRA~1\MICROS~1\Office14\3082\GrooveIntlResource.dll
0x6e5a0000 - 0x6e60a000 	C:\Windows\System32\cscui.dll
0x6e590000 - 0x6e599000 	C:\Windows\System32\CSCDLL.dll
0x6ea20000 - 0x6ea2b000 	C:\Windows\system32\CSCAPI.dll
0x6e520000 - 0x6e590000 	C:\Windows\system32\ntshrui.dll
0x74dc0000 - 0x74dd9000 	C:\Windows\system32\srvcli.dll
0x726e0000 - 0x726ea000 	C:\Windows\system32\slc.dll
0x74bb0000 - 0x74bc7000 	C:\Windows\system32\CRYPTSP.dll
0x74950000 - 0x7498b000 	C:\Windows\system32\rsaenh.dll
0x75100000 - 0x7510e000 	C:\Windows\system32\RpcRtRemote.dll
0x725d0000 - 0x725f3000 	C:\Users\Mecánica\Documents\moz\FirefoxPortable\App\Firefox\components\brwsrcmp.dll
0x602f0000 - 0x60316000 	C:\Users\Mecánica\Documents\moz\FirefoxPortable\App\Firefox\softokn3.dll
0x60320000 - 0x60338000 	C:\Users\Mecánica\Documents\moz\FirefoxPortable\App\Firefox\nssdbm3.dll
0x60440000 - 0x60481000 	C:\Users\Mecánica\Documents\moz\FirefoxPortable\App\Firefox\freebl3.dll
0x602a0000 - 0x602ec000 	C:\Users\Mecánica\Documents\moz\FirefoxPortable\App\Firefox\nssckbi.dll
0x725a0000 - 0x725cb000 	C:\Program Files\Java\jre7\bin\plugin2\npjp2.dll
0x61c20000 - 0x61cdf000 	C:\Windows\system32\MSVCR100.dll
0x618a0000 - 0x61c20000 	C:\PROGRA~1\Java\jre7\bin\client\jvm.dll
0x75a10000 - 0x75a15000 	C:\Windows\system32\PSAPI.DLL
0x72630000 - 0x7263c000 	C:\PROGRA~1\Java\jre7\bin\verify.dll
0x6bfd0000 - 0x6bff0000 	C:\PROGRA~1\Java\jre7\bin\java.dll
0x62620000 - 0x62633000 	C:\PROGRA~1\Java\jre7\bin\zip.dll
0x617e0000 - 0x6189f000 	C:\Program Files\Java\jre7\bin\msvcr100.dll
0x61780000 - 0x617dc000 	C:\Program Files\Java\jre7\bin\deploy.dll
0x75a80000 - 0x75c55000 	C:\Windows\system32\WININET.dll
0x75190000 - 0x75194000 	C:\Windows\system32\api-ms-win-downlevel-user32-l1-1-0.dll
0x752f0000 - 0x752f4000 	C:\Windows\system32\api-ms-win-downlevel-shlwapi-l1-1-0.dll
0x752e0000 - 0x752e4000 	C:\Windows\system32\api-ms-win-downlevel-version-l1-1-0.dll
0x75440000 - 0x75443000 	C:\Windows\system32\api-ms-win-downlevel-normaliz-l1-1-0.dll
0x75920000 - 0x75923000 	C:\Windows\system32\normaliz.DLL
0x75560000 - 0x75792000 	C:\Windows\system32\iertutil.dll
0x75430000 - 0x75435000 	C:\Windows\system32\api-ms-win-downlevel-advapi32-l1-1-0.dll
0x75260000 - 0x75277000 	C:\Windows\system32\USERENV.dll
0x76240000 - 0x7638a000 	C:\Windows\system32\urlmon.dll
0x752b0000 - 0x752b4000 	C:\Windows\system32\api-ms-win-downlevel-ole32-l1-1-0.dll
0x72670000 - 0x72676000 	C:\Program Files\Java\jre7\bin\jp2native.dll
0x62600000 - 0x62614000 	C:\Program Files\Java\jre7\bin\net.dll
0x74b60000 - 0x74b66000 	C:\Windows\System32\wship6.dll
0x72620000 - 0x7262f000 	C:\Program Files\Java\jre7\bin\nio.dll
0x707e0000 - 0x707e6000 	C:\Windows\system32\rasadhlp.dll
0x72430000 - 0x72468000 	C:\Windows\System32\fwpuclnt.dll
0x6e410000 - 0x6e43f000 	C:\Windows\system32\shdocvw.dll
0x61e10000 - 0x61e30000 	C:\Program Files\Java\jre7\bin\sunec.dll
0x61660000 - 0x61669000 	C:\Program Files\Java\jre7\bin\sunmscapi.dll
0x75300000 - 0x75421000 	C:\Windows\system32\CRYPT32.dll
0x75170000 - 0x7517c000 	C:\Windows\system32\MSASN1.dll

VM Arguments:
jvm_args: -Xbootclasspath/a:C:\PROGRA~1\Java\jre7\lib\deploy.jar;C:\PROGRA~1\Java\jre7\lib\javaws.jar;C:\PROGRA~1\Java\jre7\lib\plugin.jar -Xmx32m -Djava.awt.headless=true -XX:MaxDirectMemorySize=64m 
java_command: <unknown>
Launcher Type: generic

Environment Variables:
PATH=C:\Program Files\Mozilla Firefox;C:\Windows\system32;C:\Windows;C:\Windows\System32\Wbem;C:\Windows\System32\WindowsPowerShell\v1.0\;C:\Program Files\Intel\DMIX;C:\Program Files\Common Files\Nero\Lib\
USERNAME=Mecánica
OS=Windows_NT
PROCESSOR_IDENTIFIER=x86 Family 6 Model 37 Stepping 2, GenuineIntel



---------------  S Y S T E M  ---------------

OS: Windows 7 Build 7601 Service Pack 1

CPU:total 4 (2 cores per cpu, 2 threads per core) family 6 model 37 stepping 2, cmov, cx8, fxsr, mmx, sse, sse2, sse3, ssse3, sse4.1, sse4.2, popcnt, ht, tsc, tscinvbit

Memory: 4k page, physical 3005740k(1709040k free), swap 6009732k(4549636k free)

vm_info: Java HotSpot(TM) Client VM (24.51-b03) for windows-x86 JRE (1.7.0_51-b13), built on Dec 18 2013 19:09:58 by "java_re" with unknown MS VC++:1600

time: Thu Mar 05 15:57:35 2015
elapsed time: 30 seconds

