#
# A fatal error has been detected by the Java Runtime Environment:
#
#  EXCEPTION_ACCESS_VIOLATION (0xc0000005) at pc=0x00000001, pid=4064, tid=4068
#
# JRE version: Java(TM) SE Runtime Environment (7.0_51-b13) (build 1.7.0_51-b13)
# Java VM: Java HotSpot(TM) Client VM (24.51-b03 mixed mode, sharing windows-x86 )
# Problematic frame:
# C  0x00000001
#
# Failed to write core dump. Minidumps are not enabled by default on client versions of Windows
#
# If you would like to submit a bug report, please visit:
#   http://bugreport.sun.com/bugreport/crash.jsp
# The crash happened outside the Java Virtual Machine in native code.
# See problematic frame for where to report the bug.
#

---------------  T H R E A D  ---------------

Current thread (0x062ae400):  JavaThread "Thread-2" [_thread_in_native, id=4068, stack(0x00230000,0x00330000)]

siginfo: ExceptionCode=0xc0000005, ExceptionInformation=0x00000008 0x00000001

Registers:
EAX=0x67988ff8, EBX=0x00000000, ECX=0x0032f0b0, EDX=0x062c289c
ESP=0x0032f078, EBP=0x0032f0a8, ESI=0x062ae530, EDI=0x053a0b18
EIP=0x00000001, EFLAGS=0x00210246

Top of Stack: (sp=0x0032f078)
0x0032f078:   6bc380d1 053a0b18 000001f6 062e0308
0x0032f088:   0032f0b0 0032f0a4 062ae400 337a5258
0x0032f098:   337a5258 062e0308 00000000 00000000
0x0032f0a8:   0032f0b8 6bc39198 00000000 0032f108
0x0032f0b8:   0032f0f8 065ea9dd 062ae530 0032f114
0x0032f0c8:   053a0b18 00000000 0032f108 062c28b4
0x0032f0d8:   0032f0d8 337a5258 0032f114 337ad2b0
0x0032f0e8:   00000000 337a5258 00000000 0032f108 

Instructions: (pc=0x00000001)
0xffffffe1:   


Register to memory mapping:

EAX=0x67988ff8 is an unknown value
EBX=0x00000000 is an unknown value
ECX=0x0032f0b0 is pointing into the stack for thread: 0x062ae400
EDX=0x062c289c is an unknown value
ESP=0x0032f078 is pointing into the stack for thread: 0x062ae400
EBP=0x0032f0a8 is pointing into the stack for thread: 0x062ae400
ESI=0x062ae530 is an unknown value
EDI=0x053a0b18 is an unknown value


Stack: [0x00230000,0x00330000],  sp=0x0032f078,  free space=1020k
Native frames: (J=compiled Java code, j=interpreted, Vv=VM code, C=native code)
C  0x00000001
C  [npjp2.dll+0x9198]
j  sun.plugin2.main.server.MozillaPlugin.getProxy0(JLjava/lang/String;)Ljava/lang/String;+0
j  sun.plugin2.main.server.MozillaPlugin.getProxy(Ljava/lang/String;)Ljava/lang/String;+17
j  sun.plugin2.main.server.MozillaBrowserService$MozillaProxyHandler.findProxyForURL(Ljava/lang/String;)Ljava/lang/String;+7
j  com.sun.deploy.net.proxy.AbstractBrowserProxyHandler.getProxyInfo(Ljava/net/URL;)[Lcom/sun/deploy/net/proxy/ProxyInfo;+5
j  com.sun.deploy.net.proxy.DynamicProxyManager.getProxyList(Ljava/net/URL;Z)Ljava/util/List;+113
j  sun.plugin2.main.server.ProxySupport.getProxyReply(Lsun/plugin2/main/server/Plugin;Lsun/plugin2/message/GetProxyMessage;)Lsun/plugin2/message/ProxyReplyMessage;+20
j  sun.plugin2.main.server.JVMInstance$1.run()V+26
j  sun.plugin2.main.server.MozillaPlugin$RunnableWrapper.run()V+4
j  sun.plugin2.main.server.MozillaPlugin.drainRunnableQueue()V+39
j  sun.plugin2.main.server.MozillaPlugin.access$000(Lsun/plugin2/main/server/MozillaPlugin;)V+1
j  sun.plugin2.main.server.MozillaPlugin$DrainRunnableQueue.run()V+4
v  ~StubRoutines::call_stub
V  [jvm.dll+0x13f35a]
V  [jvm.dll+0x202c6e]
V  [jvm.dll+0x13f3dd]
V  [jvm.dll+0xc9bc2]
V  [jvm.dll+0xcd813]
C  [npjp2.dll+0x203f]
C  [xul.dll+0x58de1e]

Java frames: (J=compiled Java code, j=interpreted, Vv=VM code)
j  sun.plugin2.main.server.MozillaPlugin.getProxy0(JLjava/lang/String;)Ljava/lang/String;+0
j  sun.plugin2.main.server.MozillaPlugin.getProxy(Ljava/lang/String;)Ljava/lang/String;+17
j  sun.plugin2.main.server.MozillaBrowserService$MozillaProxyHandler.findProxyForURL(Ljava/lang/String;)Ljava/lang/String;+7
j  com.sun.deploy.net.proxy.AbstractBrowserProxyHandler.getProxyInfo(Ljava/net/URL;)[Lcom/sun/deploy/net/proxy/ProxyInfo;+5
j  com.sun.deploy.net.proxy.DynamicProxyManager.getProxyList(Ljava/net/URL;Z)Ljava/util/List;+113
j  sun.plugin2.main.server.ProxySupport.getProxyReply(Lsun/plugin2/main/server/Plugin;Lsun/plugin2/message/GetProxyMessage;)Lsun/plugin2/message/ProxyReplyMessage;+20
j  sun.plugin2.main.server.JVMInstance$1.run()V+26
j  sun.plugin2.main.server.MozillaPlugin$RunnableWrapper.run()V+4
j  sun.plugin2.main.server.MozillaPlugin.drainRunnableQueue()V+39
j  sun.plugin2.main.server.MozillaPlugin.access$000(Lsun/plugin2/main/server/MozillaPlugin;)V+1
j  sun.plugin2.main.server.MozillaPlugin$DrainRunnableQueue.run()V+4
v  ~StubRoutines::call_stub

---------------  P R O C E S S  ---------------

Java Threads: ( => current thread )
  0x062af800 JavaThread "Thread-5" daemon [_thread_blocked, id=1944, stack(0x095f0000,0x096f0000)]
  0x062af400 JavaThread "Thread-4" daemon [_thread_in_native, id=1940, stack(0x08a90000,0x08b90000)]
  0x062aec00 JavaThread "Thread-3" daemon [_thread_blocked, id=1956, stack(0x04480000,0x04580000)]
=>0x062ae400 JavaThread "Thread-2" [_thread_in_native, id=4068, stack(0x00230000,0x00330000)]
  0x062ac000 JavaThread "JVM[id=1]-Heartbeat" [_thread_blocked, id=3712, stack(0x04360000,0x04460000)]
  0x062ae000 JavaThread "JRE 1.7.0.51 Worker Thread" [_thread_blocked, id=3588, stack(0x09e00000,0x09f00000)]
  0x062ad800 JavaThread "JRE 1.7.0.51 Output Reader Thread" [_thread_in_native, id=3548, stack(0x09bc0000,0x09cc0000)]
  0x062ad400 JavaThread "JRE 1.7.0.51 Output Reader Thread" [_thread_in_native, id=3544, stack(0x09a60000,0x09b60000)]
  0x062acc00 JavaThread "Thread-1" [_thread_in_native, id=3456, stack(0x098a0000,0x099a0000)]
  0x062ac800 JavaThread "Java Plug-In Pipe Worker Thread (Server-Side)" daemon [_thread_in_native, id=3400, stack(0x09760000,0x09860000)]
  0x062ab800 JavaThread "Thread-0" daemon [_thread_blocked, id=3436, stack(0x09330000,0x09430000)]
  0x062ab400 JavaThread "traceMsgQueueThread" daemon [_thread_blocked, id=3412, stack(0x09460000,0x09560000)]
  0x062aac00 JavaThread "Service Thread" daemon [_thread_blocked, id=3420, stack(0x08e50000,0x08f50000)]
  0x062b7c00 JavaThread "C1 CompilerThread0" daemon [_thread_blocked, id=3416, stack(0x08d20000,0x08e20000)]
  0x062aa800 JavaThread "Attach Listener" daemon [_thread_blocked, id=3432, stack(0x08c10000,0x08d10000)]
  0x062aa000 JavaThread "Signal Dispatcher" daemon [_thread_blocked, id=3424, stack(0x08980000,0x08a80000)]
  0x0623f400 JavaThread "Finalizer" daemon [_thread_blocked, id=3308, stack(0x08790000,0x08890000)]
  0x0623dc00 JavaThread "Reference Handler" daemon [_thread_blocked, id=3264, stack(0x063b0000,0x064b0000)]
  0x0637c800 JavaThread "main" [_thread_in_native, id=2244, stack(0x064e0000,0x065e0000)]

Other Threads:
  0x0623c000 VMThread [stack: 0x085e0000,0x086e0000] [id=2232]
  0x062dec00 WatcherThread [stack: 0x09020000,0x09120000] [id=3408]

VM state:not at safepoint (normal execution)

VM Mutex/Monitor currently owned by a thread: None

Heap
 def new generation   total 4928K, used 1518K [0x31790000, 0x31ce0000, 0x32230000)
  eden space 4416K,  22% used [0x31790000, 0x3188ba80, 0x31be0000)
  from space 512K, 100% used [0x31c60000, 0x31ce0000, 0x31ce0000)
  to   space 512K,   0% used [0x31be0000, 0x31be0000, 0x31c60000)
 tenured generation   total 10944K, used 2610K [0x32230000, 0x32ce0000, 0x33790000)
   the space 10944K,  23% used [0x32230000, 0x324bcb58, 0x324bcc00, 0x32ce0000)
 compacting perm gen  total 12288K, used 2855K [0x33790000, 0x34390000, 0x37790000)
   the space 12288K,  23% used [0x33790000, 0x33a59df0, 0x33a59e00, 0x34390000)
    ro space 10240K,  41% used [0x37790000, 0x37bc2050, 0x37bc2200, 0x38190000)
    rw space 12288K,  52% used [0x38190000, 0x387d6800, 0x387d6800, 0x38d90000)

Card table byte_map: [0x02810000,0x02850000] byte_map_base: 0x02684380

Polling page: 0x02550000

Code Cache  [0x065e0000, 0x066f8000, 0x085e0000)
 total_blobs=487 nmethods=303 adapters=121 free_code_cache=31653Kb largest_free_block=32412992

Compilation events (10 events):
Event: 31.859 Thread 0x062b7c00  270             sun.security.util.ObjectIdentifier::equals (33 bytes)
Event: 31.859 Thread 0x062b7c00 nmethod 270 0x066e8408 code [0x066e8510, 0x066e861c]
Event: 31.863 Thread 0x062b7c00  271             java.lang.Integer::intValue (5 bytes)
Event: 31.863 Thread 0x062b7c00 nmethod 271 0x066e86c8 code [0x066e87c0, 0x066e8840]
Event: 31.863 Thread 0x062b7c00  272             sun.security.x509.X509AttributeName::getSuffix (5 bytes)
Event: 31.863 Thread 0x062b7c00 nmethod 272 0x066e8888 code [0x066e8980, 0x066e8a00]
Event: 31.863 Thread 0x062b7c00  273             sun.security.x509.X509AttributeName::<init> (56 bytes)
Event: 31.864 Thread 0x062b7c00 nmethod 273 0x066e8a48 code [0x066e8b60, 0x066e8cc4]
Event: 31.864 Thread 0x062b7c00  274             sun.security.x509.X509AttributeName::getPrefix (5 bytes)
Event: 31.864 Thread 0x062b7c00 nmethod 274 0x066e8dc8 code [0x066e8ec0, 0x066e8f40]

GC Heap History (4 events):
Event: 30.742 GC heap before
{Heap before GC invocations=0 (full 0):
 def new generation   total 4928K, used 4416K [0x31790000, 0x31ce0000, 0x32230000)
  eden space 4416K, 100% used [0x31790000, 0x31be0000, 0x31be0000)
  from space 512K,   0% used [0x31be0000, 0x31be0000, 0x31c60000)
  to   space 512K,   0% used [0x31c60000, 0x31c60000, 0x31ce0000)
 tenured generation   total 10944K, used 0K [0x32230000, 0x32ce0000, 0x33790000)
   the space 10944K,   0% used [0x32230000, 0x32230000, 0x32230200, 0x32ce0000)
 compacting perm gen  total 12288K, used 1704K [0x33790000, 0x34390000, 0x37790000)
   the space 12288K,  13% used [0x33790000, 0x3393a108, 0x3393a200, 0x34390000)
    ro space 10240K,  41% used [0x37790000, 0x37bc2050, 0x37bc2200, 0x38190000)
    rw space 12288K,  52% used [0x38190000, 0x387d6800, 0x387d6800, 0x38d90000)
Event: 30.750 GC heap after
Heap after GC invocations=1 (full 0):
 def new generation   total 4928K, used 512K [0x31790000, 0x31ce0000, 0x32230000)
  eden space 4416K,   0% used [0x31790000, 0x31790000, 0x31be0000)
  from space 512K, 100% used [0x31c60000, 0x31ce0000, 0x31ce0000)
  to   space 512K,   0% used [0x31be0000, 0x31be0000, 0x31c60000)
 tenured generation   total 10944K, used 644K [0x32230000, 0x32ce0000, 0x33790000)
   the space 10944K,   5% used [0x32230000, 0x322d12b8, 0x322d1400, 0x32ce0000)
 compacting perm gen  total 12288K, used 1704K [0x33790000, 0x34390000, 0x37790000)
   the space 12288K,  13% used [0x33790000, 0x3393a108, 0x3393a200, 0x34390000)
    ro space 10240K,  41% used [0x37790000, 0x37bc2050, 0x37bc2200, 0x38190000)
    rw space 12288K,  52% used [0x38190000, 0x387d6800, 0x387d6800, 0x38d90000)
}
Event: 31.616 GC heap before
{Heap before GC invocations=1 (full 0):
 def new generation   total 4928K, used 4928K [0x31790000, 0x31ce0000, 0x32230000)
  eden space 4416K, 100% used [0x31790000, 0x31be0000, 0x31be0000)
  from space 512K, 100% used [0x31c60000, 0x31ce0000, 0x31ce0000)
  to   space 512K,   0% used [0x31be0000, 0x31be0000, 0x31c60000)
 tenured generation   total 10944K, used 644K [0x32230000, 0x32ce0000, 0x33790000)
   the space 10944K,   5% used [0x32230000, 0x322d12b8, 0x322d1400, 0x32ce0000)
 compacting perm gen  total 12288K, used 2270K [0x33790000, 0x34390000, 0x37790000)
   the space 12288K,  18% used [0x33790000, 0x339c7890, 0x339c7a00, 0x34390000)
    ro space 10240K,  41% used [0x37790000, 0x37bc2050, 0x37bc2200, 0x38190000)
    rw space 12288K,  52% used [0x38190000, 0x387d6800, 0x387d6800, 0x38d90000)
Event: 31.623 GC heap after
Heap after GC invocations=2 (full 0):
 def new generation   total 4928K, used 512K [0x31790000, 0x31ce0000, 0x32230000)
  eden space 4416K,   0% used [0x31790000, 0x31790000, 0x31be0000)
  from space 512K, 100% used [0x31be0000, 0x31c60000, 0x31c60000)
  to   space 512K,   0% used [0x31c60000, 0x31c60000, 0x31ce0000)
 tenured generation   total 10944K, used 1476K [0x32230000, 0x32ce0000, 0x33790000)
   the space 10944K,  13% used [0x32230000, 0x323a12d0, 0x323a1400, 0x32ce0000)
 compacting perm gen  total 12288K, used 2270K [0x33790000, 0x34390000, 0x37790000)
   the space 12288K,  18% used [0x33790000, 0x339c7890, 0x339c7a00, 0x34390000)
    ro space 10240K,  41% used [0x37790000, 0x37bc2050, 0x37bc2200, 0x38190000)
    rw space 12288K,  52% used [0x38190000, 0x387d6800, 0x387d6800, 0x38d90000)
}

Deoptimization events (0 events):
No events

Internal exceptions (10 events):
Event: 0.046 Thread 0x0637c800 Threw 0x31795750 at C:\re\jdk7u51\527\hotspot\src\share\vm\prims\jni.cpp:3991
Event: 0.299 Thread 0x0637c800 Threw 0x318609d0 at C:\re\jdk7u51\527\hotspot\src\share\vm\prims\jvm.cpp:1244
Event: 0.299 Thread 0x0637c800 Threw 0x31860ae8 at C:\re\jdk7u51\527\hotspot\src\share\vm\prims\jvm.cpp:1244
Event: 0.299 Thread 0x0637c800 Threw 0x31863e20 at C:\re\jdk7u51\527\hotspot\src\share\vm\prims\jvm.cpp:1244
Event: 0.299 Thread 0x0637c800 Threw 0x31863f38 at C:\re\jdk7u51\527\hotspot\src\share\vm\prims\jvm.cpp:1244
Event: 0.375 Thread 0x0637c800 Threw 0x318d2238 at C:\re\jdk7u51\527\hotspot\src\share\vm\prims\jni.cpp:717
Event: 0.375 Thread 0x0637c800 Threw 0x318d23d0 at C:\re\jdk7u51\527\hotspot\src\share\vm\prims\jni.cpp:717
Event: 0.375 Thread 0x0637c800 Threw 0x318d2538 at C:\re\jdk7u51\527\hotspot\src\share\vm\prims\jni.cpp:717
Event: 31.812 Thread 0x062ae400 Threw 0x31a39608 at C:\re\jdk7u51\527\hotspot\src\share\vm\prims\jvm.cpp:1244
Event: 31.813 Thread 0x062ae400 Threw 0x31a3a700 at C:\re\jdk7u51\527\hotspot\src\share\vm\prims\jvm.cpp:1244

Events (10 events):
Event: 31.863 loading class 0x092e68a0 done
Event: 31.863 loading class 0x38db8050
Event: 31.863 loading class 0x38db8050 done
Event: 31.863 loading class 0x092e66f8
Event: 31.864 loading class 0x092e66f8 done
Event: 31.864 loading class 0x092e67b0
Event: 31.865 loading class 0x092e67b0 done
Event: 31.865 loading class 0x092e6730
Event: 31.865 loading class 0x092e6730 done
Event: 31.865 loading class 0x092e6868


Dynamic libraries:
0x00120000 - 0x0016d000 	C:\Users\Mecánica\Documents\moz\FirefoxPortable\App\Firefox\firefox.exe
0x777f0000 - 0x7792c000 	C:\Windows\SYSTEM32\ntdll.dll
0x75fb0000 - 0x76084000 	C:\Windows\system32\kernel32.dll
0x75980000 - 0x759cb000 	C:\Windows\system32\KERNELBASE.dll
0x670a0000 - 0x67a0e000 	C:\Users\Mecánica\Documents\moz\FirefoxPortable\App\Firefox\xul.dll
0x717a0000 - 0x7180f000 	C:\Users\Mecánica\Documents\moz\FirefoxPortable\App\Firefox\sqlite3.dll
0x6bcf0000 - 0x6bd9e000 	C:\Users\Mecánica\Documents\moz\FirefoxPortable\App\Firefox\MOZCRT19.dll
0x75c70000 - 0x75d1c000 	C:\Windows\system32\msvcrt.dll
0x714e0000 - 0x7158e000 	C:\Users\Mecánica\Documents\moz\FirefoxPortable\App\Firefox\js3250.dll
0x600b0000 - 0x600e0000 	C:\Users\Mecánica\Documents\moz\FirefoxPortable\App\Firefox\nspr4.dll
0x76870000 - 0x76910000 	C:\Windows\system32\ADVAPI32.dll
0x75c50000 - 0x75c69000 	C:\Windows\SYSTEM32\sechost.dll
0x76910000 - 0x769b2000 	C:\Windows\system32\RPCRT4.dll
0x71b30000 - 0x71b37000 	C:\Windows\system32\WSOCK32.dll
0x769c0000 - 0x769f5000 	C:\Windows\system32\WS2_32.dll
0x763c0000 - 0x763c6000 	C:\Windows\system32\NSI.dll
0x73090000 - 0x730c2000 	C:\Windows\system32\WINMM.dll
0x75d70000 - 0x75e39000 	C:\Windows\system32\USER32.dll
0x763d0000 - 0x7641e000 	C:\Windows\system32\GDI32.dll
0x76480000 - 0x7648a000 	C:\Windows\system32\LPK.dll
0x77980000 - 0x77a1d000 	C:\Windows\system32\USP10.dll
0x60420000 - 0x60438000 	C:\Users\Mecánica\Documents\moz\FirefoxPortable\App\Firefox\smime3.dll
0x60340000 - 0x603da000 	C:\Users\Mecánica\Documents\moz\FirefoxPortable\App\Firefox\nss3.dll
0x603e0000 - 0x603f4000 	C:\Users\Mecánica\Documents\moz\FirefoxPortable\App\Firefox\nssutil3.dll
0x600f0000 - 0x600f7000 	C:\Users\Mecánica\Documents\moz\FirefoxPortable\App\Firefox\plc4.dll
0x600e0000 - 0x600e7000 	C:\Users\Mecánica\Documents\moz\FirefoxPortable\App\Firefox\plds4.dll
0x60400000 - 0x60420000 	C:\Users\Mecánica\Documents\moz\FirefoxPortable\App\Firefox\ssl3.dll
0x76a80000 - 0x776ca000 	C:\Windows\system32\SHELL32.dll
0x75b20000 - 0x75b77000 	C:\Windows\system32\SHLWAPI.dll
0x75e50000 - 0x75fac000 	C:\Windows\system32\ole32.dll
0x74ba0000 - 0x74ba9000 	C:\Windows\system32\VERSION.dll
0x6fb90000 - 0x6fbe1000 	C:\Windows\system32\WINSPOOL.DRV
0x76a00000 - 0x76a7b000 	C:\Windows\system32\COMDLG32.dll
0x746a0000 - 0x7483e000 	C:\Windows\WinSxS\x86_microsoft.windows.common-controls_6595b64144ccf1df_6.0.7601.17514_none_41e6975e2bd6f2b2\COMCTL32.dll
0x77930000 - 0x7794f000 	C:\Windows\system32\IMM32.dll
0x75b80000 - 0x75c4c000 	C:\Windows\system32\MSCTF.dll
0x6fc40000 - 0x6fc45000 	C:\Windows\system32\MSIMG32.dll
0x77760000 - 0x777ef000 	C:\Windows\system32\OLEAUT32.dll
0x71870000 - 0x71877000 	C:\Users\Mecánica\Documents\moz\FirefoxPortable\App\Firefox\xpcom.dll
0x69040000 - 0x6912b000 	C:\Windows\system32\dbghelp.dll
0x75700000 - 0x7570c000 	C:\Windows\system32\CRYPTBASE.dll
0x74520000 - 0x74560000 	C:\Windows\system32\uxtheme.dll
0x766d0000 - 0x7686d000 	C:\Windows\system32\SETUPAPI.dll
0x75950000 - 0x75977000 	C:\Windows\system32\CFGMGR32.dll
0x75a00000 - 0x75a12000 	C:\Windows\system32\DEVOBJ.dll
0x776d0000 - 0x77753000 	C:\Windows\system32\CLBCatQ.DLL
0x74560000 - 0x74655000 	C:\Windows\system32\propsys.dll
0x74060000 - 0x74081000 	C:\Windows\system32\ntmarta.dll
0x75d20000 - 0x75d65000 	C:\Windows\system32\WLDAP32.dll
0x741f0000 - 0x74203000 	C:\Windows\system32\dwmapi.dll
0x757e0000 - 0x757eb000 	C:\Windows\system32\profapi.dll
0x71860000 - 0x71868000 	C:\Users\Mecánica\Documents\moz\FirefoxPortable\App\Firefox\components\browserdirprovider.dll
0x751e0000 - 0x7521c000 	C:\Windows\system32\mswsock.dll
0x74d20000 - 0x74d25000 	C:\Windows\System32\wshtcpip.dll
0x72a80000 - 0x72a9c000 	C:\Windows\system32\iphlpapi.dll
0x72a60000 - 0x72a67000 	C:\Windows\system32\WINNSI.DLL
0x72ee0000 - 0x72ef0000 	C:\Windows\system32\NLAapi.dll
0x6fd80000 - 0x6fd90000 	C:\Windows\system32\napinsp.dll
0x6fd60000 - 0x6fd72000 	C:\Windows\system32\pnrpnsp.dll
0x750a0000 - 0x750e4000 	C:\Windows\system32\DNSAPI.dll
0x6fd50000 - 0x6fd58000 	C:\Windows\System32\winrnr.dll
0x74090000 - 0x741c0000 	C:\Windows\system32\WindowsCodecs.dll
0x756b0000 - 0x756fc000 	C:\Windows\system32\apphelp.dll
0x6ef20000 - 0x6ef51000 	C:\Windows\system32\EhStorShell.dll
0x6e550000 - 0x6e956000 	C:\PROGRA~1\MICROS~1\Office14\GROOVEEX.DLL
0x6eca0000 - 0x6ed43000 	C:\Windows\WinSxS\x86_microsoft.vc90.crt_1fc8b3b9a1e18e3b_9.0.30729.4940_none_50916076bcb9a742\MSVCR90.dll
0x6ebb0000 - 0x6ec3e000 	C:\Windows\WinSxS\x86_microsoft.vc90.crt_1fc8b3b9a1e18e3b_9.0.30729.4940_none_50916076bcb9a742\MSVCP90.dll
0x6ea30000 - 0x6ea5b000 	C:\Windows\WinSxS\x86_microsoft.vc90.atl_1fc8b3b9a1e18e3b_9.0.30729.4148_none_51ca66a2bbe76806\ATL90.DLL
0x6e130000 - 0x6e54a000 	C:\PROGRA~1\COMMON~1\MICROS~1\OFFICE14\Cultures\office.odf
0x6d8b0000 - 0x6e130000 	C:\PROGRA~1\MICROS~1\Office14\3082\GrooveIntlResource.dll
0x6eb40000 - 0x6ebaa000 	C:\Windows\System32\cscui.dll
0x6ed50000 - 0x6ed59000 	C:\Windows\System32\CSCDLL.dll
0x6efc0000 - 0x6efcb000 	C:\Windows\system32\CSCAPI.dll
0x6ead0000 - 0x6eb40000 	C:\Windows\system32\ntshrui.dll
0x75430000 - 0x75449000 	C:\Windows\system32\srvcli.dll
0x72d90000 - 0x72d9a000 	C:\Windows\system32\slc.dll
0x75220000 - 0x75237000 	C:\Windows\system32\CRYPTSP.dll
0x74fc0000 - 0x74ffb000 	C:\Windows\system32\rsaenh.dll
0x75770000 - 0x7577e000 	C:\Windows\system32\RpcRtRemote.dll
0x71830000 - 0x71853000 	C:\Users\Mecánica\Documents\moz\FirefoxPortable\App\Firefox\components\brwsrcmp.dll
0x602f0000 - 0x60316000 	C:\Users\Mecánica\Documents\moz\FirefoxPortable\App\Firefox\softokn3.dll
0x60320000 - 0x60338000 	C:\Users\Mecánica\Documents\moz\FirefoxPortable\App\Firefox\nssdbm3.dll
0x60440000 - 0x60481000 	C:\Users\Mecánica\Documents\moz\FirefoxPortable\App\Firefox\freebl3.dll
0x602a0000 - 0x602ec000 	C:\Users\Mecánica\Documents\moz\FirefoxPortable\App\Firefox\nssckbi.dll
0x751d0000 - 0x751d6000 	C:\Windows\System32\wship6.dll
0x70e50000 - 0x70e56000 	C:\Windows\system32\rasadhlp.dll
0x72950000 - 0x72988000 	C:\Windows\System32\fwpuclnt.dll
0x6eaa0000 - 0x6eacf000 	C:\Windows\system32\shdocvw.dll
0x6bc30000 - 0x6bc5b000 	C:\Program Files\Java\jre7\bin\plugin2\npjp2.dll
0x68d30000 - 0x68def000 	C:\Windows\system32\MSVCR100.dll
0x68870000 - 0x68bf0000 	C:\PROGRA~1\Java\jre7\bin\client\jvm.dll
0x75e40000 - 0x75e45000 	C:\Windows\system32\PSAPI.DLL
0x6c680000 - 0x6c68c000 	C:\PROGRA~1\Java\jre7\bin\verify.dll
0x6bc10000 - 0x6bc30000 	C:\PROGRA~1\Java\jre7\bin\java.dll
0x6bbf0000 - 0x6bc03000 	C:\PROGRA~1\Java\jre7\bin\zip.dll
0x687b0000 - 0x6886f000 	C:\Program Files\Java\jre7\bin\msvcr100.dll
0x68750000 - 0x687ac000 	C:\Program Files\Java\jre7\bin\deploy.dll
0x76090000 - 0x76265000 	C:\Windows\system32\WININET.dll
0x75a30000 - 0x75a34000 	C:\Windows\system32\api-ms-win-downlevel-user32-l1-1-0.dll
0x75800000 - 0x75804000 	C:\Windows\system32\api-ms-win-downlevel-shlwapi-l1-1-0.dll
0x75a40000 - 0x75a44000 	C:\Windows\system32\api-ms-win-downlevel-version-l1-1-0.dll
0x75a20000 - 0x75a23000 	C:\Windows\system32\api-ms-win-downlevel-normaliz-l1-1-0.dll
0x75b10000 - 0x75b13000 	C:\Windows\system32\normaliz.DLL
0x76490000 - 0x766c2000 	C:\Windows\system32\iertutil.dll
0x759f0000 - 0x759f5000 	C:\Windows\system32\api-ms-win-downlevel-advapi32-l1-1-0.dll
0x759d0000 - 0x759e7000 	C:\Windows\system32\USERENV.dll
0x76270000 - 0x763ba000 	C:\Windows\system32\urlmon.dll
0x75940000 - 0x75944000 	C:\Windows\system32\api-ms-win-downlevel-ole32-l1-1-0.dll
0x6c670000 - 0x6c676000 	C:\Program Files\Java\jre7\bin\jp2native.dll
0x6bbd0000 - 0x6bbe4000 	C:\Program Files\Java\jre7\bin\net.dll
0x6be20000 - 0x6be2f000 	C:\Program Files\Java\jre7\bin\nio.dll
0x68d10000 - 0x68d30000 	C:\Program Files\Java\jre7\bin\sunec.dll
0x6bda0000 - 0x6bda9000 	C:\Program Files\Java\jre7\bin\sunmscapi.dll
0x75810000 - 0x75931000 	C:\Windows\system32\CRYPT32.dll
0x757f0000 - 0x757fc000 	C:\Windows\system32\MSASN1.dll

VM Arguments:
jvm_args: -Xbootclasspath/a:C:\PROGRA~1\Java\jre7\lib\deploy.jar;C:\PROGRA~1\Java\jre7\lib\javaws.jar;C:\PROGRA~1\Java\jre7\lib\plugin.jar -Xmx32m -Djava.awt.headless=true -XX:MaxDirectMemorySize=64m 
java_command: <unknown>
Launcher Type: generic

Environment Variables:
PATH=C:\Program Files\Mozilla Firefox;C:\Windows\system32;C:\Windows;C:\Windows\System32\Wbem;C:\Windows\System32\WindowsPowerShell\v1.0\;C:\Program Files\Intel\DMIX
USERNAME=Mecánica
OS=Windows_NT
PROCESSOR_IDENTIFIER=x86 Family 6 Model 37 Stepping 2, GenuineIntel



---------------  S Y S T E M  ---------------

OS: Windows 7 Build 7601 Service Pack 1

CPU:total 4 (2 cores per cpu, 2 threads per core) family 6 model 37 stepping 2, cmov, cx8, fxsr, mmx, sse, sse2, sse3, ssse3, sse4.1, sse4.2, popcnt, ht, tsc, tscinvbit

Memory: 4k page, physical 3005740k(2144676k free), swap 6009732k(5051952k free)

vm_info: Java HotSpot(TM) Client VM (24.51-b03) for windows-x86 JRE (1.7.0_51-b13), built on Dec 18 2013 19:09:58 by "java_re" with unknown MS VC++:1600

time: Tue Mar 10 07:28:58 2015
elapsed time: 31 seconds

