#
# A fatal error has been detected by the Java Runtime Environment:
#
#  EXCEPTION_ACCESS_VIOLATION (0xc0000005) at pc=0x00000003, pid=3792, tid=3032
#
# JRE version: Java(TM) SE Runtime Environment (7.0_51-b13) (build 1.7.0_51-b13)
# Java VM: Java HotSpot(TM) Client VM (24.51-b03 mixed mode, sharing windows-x86 )
# Problematic frame:
# C  0x00000003
#
# Failed to write core dump. Minidumps are not enabled by default on client versions of Windows
#
# If you would like to submit a bug report, please visit:
#   http://bugreport.sun.com/bugreport/crash.jsp
# The crash happened outside the Java Virtual Machine in native code.
# See problematic frame for where to report the bug.
#

---------------  T H R E A D  ---------------

Current thread (0x0227d800):  JavaThread "Thread-2" [_thread_in_native, id=3032, stack(0x00200000,0x00300000)]

siginfo: ExceptionCode=0xc0000005, ExceptionInformation=0x00000008 0x00000003

Registers:
EAX=0x67568ff8, EBX=0x00000000, ECX=0x002ff340, EDX=0x0224d744
ESP=0x002ff308, EBP=0x002ff338, ESI=0x0227d930, EDI=0x047b74d8
EIP=0x00000003, EFLAGS=0x00210246

Top of Stack: (sp=0x002ff308)
0x002ff308:   723f80d1 047b74d8 000001f6 08c6dde8
0x002ff318:   002ff340 002ff334 0227d800 337a5258
0x002ff328:   337a5258 08c6dde8 00000000 00000000
0x002ff338:   002ff348 723f9198 00000000 002ff398
0x002ff348:   002ff388 0610a9dd 0227d930 002ff3a4
0x002ff358:   047b74d8 00000000 002ff398 0224d75c
0x002ff368:   002ff368 337a5258 002ff3a4 337ad2b0
0x002ff378:   00000000 337a5258 00000000 002ff398 

Instructions: (pc=0x00000003)
0xffffffe3:   


Register to memory mapping:

EAX=0x67568ff8 is an unknown value
EBX=0x00000000 is an unknown value
ECX=0x002ff340 is pointing into the stack for thread: 0x0227d800
EDX=0x0224d744 is an unknown value
ESP=0x002ff308 is pointing into the stack for thread: 0x0227d800
EBP=0x002ff338 is pointing into the stack for thread: 0x0227d800
ESI=0x0227d930 is an unknown value
EDI=0x047b74d8 is an unknown value


Stack: [0x00200000,0x00300000],  sp=0x002ff308,  free space=1020k
Native frames: (J=compiled Java code, j=interpreted, Vv=VM code, C=native code)
C  0x00000003
C  [npjp2.dll+0x9198]
j  sun.plugin2.main.server.MozillaPlugin.getProxy0(JLjava/lang/String;)Ljava/lang/String;+0
j  sun.plugin2.main.server.MozillaPlugin.getProxy(Ljava/lang/String;)Ljava/lang/String;+17
j  sun.plugin2.main.server.MozillaBrowserService$MozillaProxyHandler.findProxyForURL(Ljava/lang/String;)Ljava/lang/String;+7
j  com.sun.deploy.net.proxy.AbstractBrowserProxyHandler.getProxyInfo(Ljava/net/URL;)[Lcom/sun/deploy/net/proxy/ProxyInfo;+5
j  com.sun.deploy.net.proxy.DynamicProxyManager.getProxyList(Ljava/net/URL;Z)Ljava/util/List;+113
j  sun.plugin2.main.server.ProxySupport.getProxyReply(Lsun/plugin2/main/server/Plugin;Lsun/plugin2/message/GetProxyMessage;)Lsun/plugin2/message/ProxyReplyMessage;+20
j  sun.plugin2.main.server.JVMInstance$1.run()V+26
j  sun.plugin2.main.server.MozillaPlugin$RunnableWrapper.run()V+4
j  sun.plugin2.main.server.MozillaPlugin.drainRunnableQueue()V+39
j  sun.plugin2.main.server.MozillaPlugin.access$000(Lsun/plugin2/main/server/MozillaPlugin;)V+1
j  sun.plugin2.main.server.MozillaPlugin$DrainRunnableQueue.run()V+4
v  ~StubRoutines::call_stub
V  [jvm.dll+0x13f35a]
V  [jvm.dll+0x202c6e]
V  [jvm.dll+0x13f3dd]
V  [jvm.dll+0xc9bc2]
V  [jvm.dll+0xcd813]
C  [npjp2.dll+0x203f]
C  [xul.dll+0x58de1e]

Java frames: (J=compiled Java code, j=interpreted, Vv=VM code)
j  sun.plugin2.main.server.MozillaPlugin.getProxy0(JLjava/lang/String;)Ljava/lang/String;+0
j  sun.plugin2.main.server.MozillaPlugin.getProxy(Ljava/lang/String;)Ljava/lang/String;+17
j  sun.plugin2.main.server.MozillaBrowserService$MozillaProxyHandler.findProxyForURL(Ljava/lang/String;)Ljava/lang/String;+7
j  com.sun.deploy.net.proxy.AbstractBrowserProxyHandler.getProxyInfo(Ljava/net/URL;)[Lcom/sun/deploy/net/proxy/ProxyInfo;+5
j  com.sun.deploy.net.proxy.DynamicProxyManager.getProxyList(Ljava/net/URL;Z)Ljava/util/List;+113
j  sun.plugin2.main.server.ProxySupport.getProxyReply(Lsun/plugin2/main/server/Plugin;Lsun/plugin2/message/GetProxyMessage;)Lsun/plugin2/message/ProxyReplyMessage;+20
j  sun.plugin2.main.server.JVMInstance$1.run()V+26
j  sun.plugin2.main.server.MozillaPlugin$RunnableWrapper.run()V+4
j  sun.plugin2.main.server.MozillaPlugin.drainRunnableQueue()V+39
j  sun.plugin2.main.server.MozillaPlugin.access$000(Lsun/plugin2/main/server/MozillaPlugin;)V+1
j  sun.plugin2.main.server.MozillaPlugin$DrainRunnableQueue.run()V+4
v  ~StubRoutines::call_stub

---------------  P R O C E S S  ---------------

Java Threads: ( => current thread )
  0x0227f000 JavaThread "Thread-6" daemon [_thread_blocked, id=2752, stack(0x09b70000,0x09c70000)]
  0x0227e800 JavaThread "Thread-5" daemon [_thread_in_native, id=3780, stack(0x09a60000,0x09b60000)]
  0x0227e400 JavaThread "Thread-4" daemon [_thread_blocked, id=3164, stack(0x03720000,0x03820000)]
  0x0227dc00 JavaThread "Thread-3" [_thread_in_native, id=2104, stack(0x09070000,0x09170000)]
=>0x0227d800 JavaThread "Thread-2" [_thread_in_native, id=3032, stack(0x00200000,0x00300000)]
  0x0227b000 JavaThread "JVM[id=1]-Heartbeat" [_thread_blocked, id=3548, stack(0x05a70000,0x05b70000)]
  0x0227d000 JavaThread "JRE 1.7.0.51 Worker Thread" [_thread_blocked, id=2588, stack(0x098d0000,0x099d0000)]
  0x0227c800 JavaThread "JRE 1.7.0.51 Output Reader Thread" [_thread_in_native, id=1092, stack(0x09660000,0x09760000)]
  0x0227c400 JavaThread "JRE 1.7.0.51 Output Reader Thread" [_thread_in_native, id=4044, stack(0x08d50000,0x08e50000)]
  0x0227bc00 JavaThread "Thread-1" [_thread_in_native, id=848, stack(0x09440000,0x09540000)]
  0x0227b800 JavaThread "Java Plug-In Pipe Worker Thread (Server-Side)" daemon [_thread_in_native, id=3732, stack(0x09250000,0x09350000)]
  0x0227ac00 JavaThread "Thread-0" daemon [_thread_blocked, id=2716, stack(0x08f20000,0x09020000)]
  0x0227a400 JavaThread "traceMsgQueueThread" daemon [_thread_blocked, id=2176, stack(0x085a0000,0x086a0000)]
  0x02247800 JavaThread "Service Thread" daemon [_thread_blocked, id=3360, stack(0x08850000,0x08950000)]
  0x02242800 JavaThread "C1 CompilerThread0" daemon [_thread_blocked, id=3252, stack(0x05910000,0x05a10000)]
  0x0223f400 JavaThread "Attach Listener" daemon [_thread_blocked, id=3380, stack(0x086a0000,0x087a0000)]
  0x0223c000 JavaThread "Signal Dispatcher" daemon [_thread_blocked, id=1112, stack(0x08430000,0x08530000)]
  0x021cf000 JavaThread "Finalizer" daemon [_thread_blocked, id=2352, stack(0x082e0000,0x083e0000)]
  0x021cdc00 JavaThread "Reference Handler" daemon [_thread_blocked, id=1252, stack(0x08190000,0x08290000)]

Other Threads:
  0x021cc000 VMThread [stack: 0x04510000,0x04610000] [id=120]
  0x02259000 WatcherThread [stack: 0x08a20000,0x08b20000] [id=3776]

VM state:not at safepoint (normal execution)

VM Mutex/Monitor currently owned by a thread: None

Heap
 def new generation   total 4928K, used 3022K [0x31790000, 0x31ce0000, 0x32230000)
  eden space 4416K,  56% used [0x31790000, 0x31a03bc0, 0x31be0000)
  from space 512K, 100% used [0x31be0000, 0x31c60000, 0x31c60000)
  to   space 512K,   0% used [0x31c60000, 0x31c60000, 0x31ce0000)
 tenured generation   total 10944K, used 1457K [0x32230000, 0x32ce0000, 0x33790000)
   the space 10944K,  13% used [0x32230000, 0x3239c688, 0x3239c800, 0x32ce0000)
 compacting perm gen  total 12288K, used 2483K [0x33790000, 0x34390000, 0x37790000)
   the space 12288K,  20% used [0x33790000, 0x339fcec8, 0x339fd000, 0x34390000)
    ro space 10240K,  41% used [0x37790000, 0x37bc2050, 0x37bc2200, 0x38190000)
    rw space 12288K,  52% used [0x38190000, 0x387d6800, 0x387d6800, 0x38d90000)

Card table byte_map: [0x02450000,0x02490000] byte_map_base: 0x022c4380

Polling page: 0x01bc0000

Code Cache  [0x06100000, 0x06200000, 0x08100000)
 total_blobs=422 nmethods=240 adapters=119 free_code_cache=31752Kb largest_free_block=32514368

Compilation events (10 events):
Event: 30.305 Thread 0x02242800  236             java.lang.Math::min (46 bytes)
Event: 30.306 Thread 0x02242800 nmethod 236 0x061fca88 code [0x061fcb80, 0x061fccc0]
Event: 30.306 Thread 0x02242800  237             java.util.HashMap$HashIterator::<init> (63 bytes)
Event: 30.306 Thread 0x02242800 nmethod 237 0x061fcd08 code [0x061fce00, 0x061fcef0]
Event: 30.306 Thread 0x02242800  238             java.util.regex.Matcher::reset (83 bytes)
Event: 30.306 Thread 0x02242800 nmethod 238 0x061fcfc8 code [0x061fd0e0, 0x061fd22c]
Event: 30.306 Thread 0x02242800  239             java.lang.String::equalsIgnoreCase (48 bytes)
Event: 30.306 Thread 0x02242800 nmethod 239 0x061fd408 code [0x061fd510, 0x061fd61c]
Event: 30.373 Thread 0x02242800  240             java.util.Properties::load0 (250 bytes)
Event: 30.373 Thread 0x02242800 nmethod 240 0x061fd708 code [0x061fd850, 0x061fdb70]

GC Heap History (4 events):
Event: 30.137 GC heap before
{Heap before GC invocations=0 (full 0):
 def new generation   total 4928K, used 4416K [0x31790000, 0x31ce0000, 0x32230000)
  eden space 4416K, 100% used [0x31790000, 0x31be0000, 0x31be0000)
  from space 512K,   0% used [0x31be0000, 0x31be0000, 0x31c60000)
  to   space 512K,   0% used [0x31c60000, 0x31c60000, 0x31ce0000)
 tenured generation   total 10944K, used 0K [0x32230000, 0x32ce0000, 0x33790000)
   the space 10944K,   0% used [0x32230000, 0x32230000, 0x32230200, 0x32ce0000)
 compacting perm gen  total 12288K, used 1696K [0x33790000, 0x34390000, 0x37790000)
   the space 12288K,  13% used [0x33790000, 0x33938070, 0x33938200, 0x34390000)
    ro space 10240K,  41% used [0x37790000, 0x37bc2050, 0x37bc2200, 0x38190000)
    rw space 12288K,  52% used [0x38190000, 0x387d6800, 0x387d6800, 0x38d90000)
Event: 30.145 GC heap after
Heap after GC invocations=1 (full 0):
 def new generation   total 4928K, used 512K [0x31790000, 0x31ce0000, 0x32230000)
  eden space 4416K,   0% used [0x31790000, 0x31790000, 0x31be0000)
  from space 512K, 100% used [0x31c60000, 0x31ce0000, 0x31ce0000)
  to   space 512K,   0% used [0x31be0000, 0x31be0000, 0x31c60000)
 tenured generation   total 10944K, used 611K [0x32230000, 0x32ce0000, 0x33790000)
   the space 10944K,   5% used [0x32230000, 0x322c8ef0, 0x322c9000, 0x32ce0000)
 compacting perm gen  total 12288K, used 1696K [0x33790000, 0x34390000, 0x37790000)
   the space 12288K,  13% used [0x33790000, 0x33938070, 0x33938200, 0x34390000)
    ro space 10240K,  41% used [0x37790000, 0x37bc2050, 0x37bc2200, 0x38190000)
    rw space 12288K,  52% used [0x38190000, 0x387d6800, 0x387d6800, 0x38d90000)
}
Event: 30.244 GC heap before
{Heap before GC invocations=1 (full 0):
 def new generation   total 4928K, used 4928K [0x31790000, 0x31ce0000, 0x32230000)
  eden space 4416K, 100% used [0x31790000, 0x31be0000, 0x31be0000)
  from space 512K, 100% used [0x31c60000, 0x31ce0000, 0x31ce0000)
  to   space 512K,   0% used [0x31be0000, 0x31be0000, 0x31c60000)
 tenured generation   total 10944K, used 611K [0x32230000, 0x32ce0000, 0x33790000)
   the space 10944K,   5% used [0x32230000, 0x322c8ef0, 0x322c9000, 0x32ce0000)
 compacting perm gen  total 12288K, used 2270K [0x33790000, 0x34390000, 0x37790000)
   the space 12288K,  18% used [0x33790000, 0x339c7890, 0x339c7a00, 0x34390000)
    ro space 10240K,  41% used [0x37790000, 0x37bc2050, 0x37bc2200, 0x38190000)
    rw space 12288K,  52% used [0x38190000, 0x387d6800, 0x387d6800, 0x38d90000)
Event: 30.251 GC heap after
Heap after GC invocations=2 (full 0):
 def new generation   total 4928K, used 512K [0x31790000, 0x31ce0000, 0x32230000)
  eden space 4416K,   0% used [0x31790000, 0x31790000, 0x31be0000)
  from space 512K, 100% used [0x31be0000, 0x31c60000, 0x31c60000)
  to   space 512K,   0% used [0x31c60000, 0x31c60000, 0x31ce0000)
 tenured generation   total 10944K, used 1457K [0x32230000, 0x32ce0000, 0x33790000)
   the space 10944K,  13% used [0x32230000, 0x3239c688, 0x3239c800, 0x32ce0000)
 compacting perm gen  total 12288K, used 2270K [0x33790000, 0x34390000, 0x37790000)
   the space 12288K,  18% used [0x33790000, 0x339c7890, 0x339c7a00, 0x34390000)
    ro space 10240K,  41% used [0x37790000, 0x37bc2050, 0x37bc2200, 0x38190000)
    rw space 12288K,  52% used [0x38190000, 0x387d6800, 0x387d6800, 0x38d90000)
}

Deoptimization events (0 events):
No events

Internal exceptions (10 events):
Event: 0.012 Thread 0x038fc800 Threw 0x31795750 at C:\re\jdk7u51\527\hotspot\src\share\vm\prims\jni.cpp:3991
Event: 0.087 Thread 0x038fc800 Threw 0x318609d0 at C:\re\jdk7u51\527\hotspot\src\share\vm\prims\jvm.cpp:1244
Event: 0.087 Thread 0x038fc800 Threw 0x31860ae8 at C:\re\jdk7u51\527\hotspot\src\share\vm\prims\jvm.cpp:1244
Event: 0.088 Thread 0x038fc800 Threw 0x31863e20 at C:\re\jdk7u51\527\hotspot\src\share\vm\prims\jvm.cpp:1244
Event: 0.088 Thread 0x038fc800 Threw 0x31863f38 at C:\re\jdk7u51\527\hotspot\src\share\vm\prims\jvm.cpp:1244
Event: 0.127 Thread 0x038fc800 Threw 0x318d2290 at C:\re\jdk7u51\527\hotspot\src\share\vm\prims\jni.cpp:717
Event: 0.127 Thread 0x038fc800 Threw 0x318d2428 at C:\re\jdk7u51\527\hotspot\src\share\vm\prims\jni.cpp:717
Event: 0.127 Thread 0x038fc800 Threw 0x318d2590 at C:\re\jdk7u51\527\hotspot\src\share\vm\prims\jni.cpp:717
Event: 30.384 Thread 0x0227d800 Threw 0x319f83b8 at C:\re\jdk7u51\527\hotspot\src\share\vm\prims\jvm.cpp:1244
Event: 30.384 Thread 0x0227d800 Threw 0x319f94b0 at C:\re\jdk7u51\527\hotspot\src\share\vm\prims\jvm.cpp:1244

Events (10 events):
Event: 30.386 loading class 0x08cf8c28
Event: 30.386 loading class 0x08cf8c28 done
Event: 30.386 loading class 0x08cf8ba0
Event: 30.386 loading class 0x08cf8ba0 done
Event: 30.386 loading class 0x08cf8688
Event: 30.386 loading class 0x08cf8688 done
Event: 30.386 loading class 0x08cf8648
Event: 30.386 loading class 0x08cf8648 done
Event: 30.386 loading class 0x08cf77d8
Event: 30.386 loading class 0x08cf77d8 done


Dynamic libraries:
0x003e0000 - 0x0042d000 	C:\Users\Mecánica\Documents\moz\FirefoxPortable\App\Firefox\firefox.exe
0x774b0000 - 0x775ec000 	C:\Windows\SYSTEM32\ntdll.dll
0x76b20000 - 0x76bf4000 	C:\Windows\system32\kernel32.dll
0x75770000 - 0x757bb000 	C:\Windows\system32\KERNELBASE.dll
0x66c80000 - 0x675ee000 	C:\Users\Mecánica\Documents\moz\FirefoxPortable\App\Firefox\xul.dll
0x712f0000 - 0x7135f000 	C:\Users\Mecánica\Documents\moz\FirefoxPortable\App\Firefox\sqlite3.dll
0x70b20000 - 0x70bce000 	C:\Users\Mecánica\Documents\moz\FirefoxPortable\App\Firefox\MOZCRT19.dll
0x758d0000 - 0x7597c000 	C:\Windows\system32\msvcrt.dll
0x70cd0000 - 0x70d7e000 	C:\Users\Mecánica\Documents\moz\FirefoxPortable\App\Firefox\js3250.dll
0x600b0000 - 0x600e0000 	C:\Users\Mecánica\Documents\moz\FirefoxPortable\App\Firefox\nspr4.dll
0x75b40000 - 0x75be0000 	C:\Windows\system32\ADVAPI32.dll
0x776c0000 - 0x776d9000 	C:\Windows\SYSTEM32\sechost.dll
0x76ca0000 - 0x76d42000 	C:\Windows\system32\RPCRT4.dll
0x6e070000 - 0x6e077000 	C:\Windows\system32\WSOCK32.dll
0x76ef0000 - 0x76f25000 	C:\Windows\system32\WS2_32.dll
0x757d0000 - 0x757d6000 	C:\Windows\system32\NSI.dll
0x72ce0000 - 0x72d12000 	C:\Windows\system32\WINMM.dll
0x76a50000 - 0x76b19000 	C:\Windows\system32\USER32.dll
0x76830000 - 0x7687e000 	C:\Windows\system32\GDI32.dll
0x775f0000 - 0x775fa000 	C:\Windows\system32\LPK.dll
0x76c00000 - 0x76c9d000 	C:\Windows\system32\USP10.dll
0x60420000 - 0x60438000 	C:\Users\Mecánica\Documents\moz\FirefoxPortable\App\Firefox\smime3.dll
0x60340000 - 0x603da000 	C:\Users\Mecánica\Documents\moz\FirefoxPortable\App\Firefox\nss3.dll
0x603e0000 - 0x603f4000 	C:\Users\Mecánica\Documents\moz\FirefoxPortable\App\Firefox\nssutil3.dll
0x600f0000 - 0x600f7000 	C:\Users\Mecánica\Documents\moz\FirefoxPortable\App\Firefox\plc4.dll
0x600e0000 - 0x600e7000 	C:\Users\Mecánica\Documents\moz\FirefoxPortable\App\Firefox\plds4.dll
0x60400000 - 0x60420000 	C:\Users\Mecánica\Documents\moz\FirefoxPortable\App\Firefox\ssl3.dll
0x75be0000 - 0x7682a000 	C:\Windows\system32\SHELL32.dll
0x75ae0000 - 0x75b37000 	C:\Windows\system32\SHLWAPI.dll
0x77170000 - 0x772cc000 	C:\Windows\system32\ole32.dll
0x74860000 - 0x74869000 	C:\Windows\system32\VERSION.dll
0x6f050000 - 0x6f0a1000 	C:\Windows\system32\WINSPOOL.DRV
0x76880000 - 0x768fb000 	C:\Windows\system32\COMDLG32.dll
0x74000000 - 0x7419e000 	C:\Windows\WinSxS\x86_microsoft.windows.common-controls_6595b64144ccf1df_6.0.7601.17514_none_41e6975e2bd6f2b2\COMCTL32.dll
0x77610000 - 0x7762f000 	C:\Windows\system32\IMM32.dll
0x75980000 - 0x75a4c000 	C:\Windows\system32\MSCTF.dll
0x72620000 - 0x72625000 	C:\Windows\system32\MSIMG32.dll
0x75840000 - 0x758cf000 	C:\Windows\system32\OLEAUT32.dll
0x72680000 - 0x72687000 	C:\Users\Mecánica\Documents\moz\FirefoxPortable\App\Firefox\xpcom.dll
0x713f0000 - 0x714db000 	C:\Windows\system32\dbghelp.dll
0x753c0000 - 0x753cc000 	C:\Windows\system32\CRYPTBASE.dll
0x73de0000 - 0x73e20000 	C:\Windows\system32\uxtheme.dll
0x76d50000 - 0x76eed000 	C:\Windows\system32\SETUPAPI.dll
0x75570000 - 0x75597000 	C:\Windows\system32\CFGMGR32.dll
0x75550000 - 0x75562000 	C:\Windows\system32\DEVOBJ.dll
0x75a50000 - 0x75ad3000 	C:\Windows\system32\CLBCatQ.DLL
0x741b0000 - 0x742a5000 	C:\Windows\system32\propsys.dll
0x74660000 - 0x74681000 	C:\Windows\system32\ntmarta.dll
0x77660000 - 0x776a5000 	C:\Windows\system32\WLDAP32.dll
0x73b00000 - 0x73b13000 	C:\Windows\system32\dwmapi.dll
0x754a0000 - 0x754ab000 	C:\Windows\system32\profapi.dll
0x725f0000 - 0x725f8000 	C:\Users\Mecánica\Documents\moz\FirefoxPortable\App\Firefox\components\browserdirprovider.dll
0x74ea0000 - 0x74edc000 	C:\Windows\system32\mswsock.dll
0x749e0000 - 0x749e5000 	C:\Windows\System32\wshtcpip.dll
0x72970000 - 0x7298c000 	C:\Windows\system32\iphlpapi.dll
0x72950000 - 0x72957000 	C:\Windows\system32\WINNSI.DLL
0x72a80000 - 0x72a90000 	C:\Windows\system32\NLAapi.dll
0x70000000 - 0x70010000 	C:\Windows\system32\napinsp.dll
0x6ffe0000 - 0x6fff2000 	C:\Windows\system32\pnrpnsp.dll
0x74d60000 - 0x74da4000 	C:\Windows\system32\DNSAPI.dll
0x6ffd0000 - 0x6ffd8000 	C:\Windows\System32\winrnr.dll
0x739a0000 - 0x73ad0000 	C:\Windows\system32\WindowsCodecs.dll
0x75370000 - 0x753bc000 	C:\Windows\system32\apphelp.dll
0x6e480000 - 0x6e4b1000 	C:\Windows\system32\EhStorShell.dll
0x6dc60000 - 0x6e066000 	C:\PROGRA~1\MICROS~1\Office14\GROOVEEX.DLL
0x6e3d0000 - 0x6e473000 	C:\Windows\WinSxS\x86_microsoft.vc90.crt_1fc8b3b9a1e18e3b_9.0.30729.4940_none_50916076bcb9a742\MSVCR90.dll
0x6e340000 - 0x6e3ce000 	C:\Windows\WinSxS\x86_microsoft.vc90.crt_1fc8b3b9a1e18e3b_9.0.30729.4940_none_50916076bcb9a742\MSVCP90.dll
0x6e310000 - 0x6e33b000 	C:\Windows\WinSxS\x86_microsoft.vc90.atl_1fc8b3b9a1e18e3b_9.0.30729.4148_none_51ca66a2bbe76806\ATL90.DLL
0x6d840000 - 0x6dc5a000 	C:\PROGRA~1\COMMON~1\MICROS~1\OFFICE14\Cultures\office.odf
0x6cfc0000 - 0x6d840000 	C:\PROGRA~1\MICROS~1\Office14\3082\GrooveIntlResource.dll
0x6e2a0000 - 0x6e30a000 	C:\Windows\System32\cscui.dll
0x6e290000 - 0x6e299000 	C:\Windows\System32\CSCDLL.dll
0x6ed80000 - 0x6ed8b000 	C:\Windows\system32\CSCAPI.dll
0x6e220000 - 0x6e290000 	C:\Windows\system32\ntshrui.dll
0x750f0000 - 0x75109000 	C:\Windows\system32\srvcli.dll
0x729c0000 - 0x729ca000 	C:\Windows\system32\slc.dll
0x74ee0000 - 0x74ef7000 	C:\Windows\system32\CRYPTSP.dll
0x74c80000 - 0x74cbb000 	C:\Windows\system32\rsaenh.dll
0x75430000 - 0x7543e000 	C:\Windows\system32\RpcRtRemote.dll
0x723a0000 - 0x723c3000 	C:\Users\Mecánica\Documents\moz\FirefoxPortable\App\Firefox\components\brwsrcmp.dll
0x602f0000 - 0x60316000 	C:\Users\Mecánica\Documents\moz\FirefoxPortable\App\Firefox\softokn3.dll
0x60320000 - 0x60338000 	C:\Users\Mecánica\Documents\moz\FirefoxPortable\App\Firefox\nssdbm3.dll
0x60440000 - 0x60481000 	C:\Users\Mecánica\Documents\moz\FirefoxPortable\App\Firefox\freebl3.dll
0x602a0000 - 0x602ec000 	C:\Users\Mecánica\Documents\moz\FirefoxPortable\App\Firefox\nssckbi.dll
0x74e90000 - 0x74e96000 	C:\Windows\System32\wship6.dll
0x70280000 - 0x70286000 	C:\Windows\system32\rasadhlp.dll
0x72850000 - 0x72888000 	C:\Windows\System32\fwpuclnt.dll
0x6e110000 - 0x6e13f000 	C:\Windows\system32\shdocvw.dll
0x723f0000 - 0x7241b000 	C:\Program Files\Java\jre7\bin\plugin2\npjp2.dll
0x70dc0000 - 0x70e7f000 	C:\Windows\system32\MSVCR100.dll
0x6a600000 - 0x6a980000 	C:\PROGRA~1\Java\jre7\bin\client\jvm.dll
0x776b0000 - 0x776b5000 	C:\Windows\system32\PSAPI.DLL
0x72610000 - 0x7261c000 	C:\PROGRA~1\Java\jre7\bin\verify.dll
0x713b0000 - 0x713d0000 	C:\PROGRA~1\Java\jre7\bin\java.dll
0x71390000 - 0x713a3000 	C:\PROGRA~1\Java\jre7\bin\zip.dll
0x70a60000 - 0x70b1f000 	C:\Program Files\Java\jre7\bin\msvcr100.dll
0x70c70000 - 0x70ccc000 	C:\Program Files\Java\jre7\bin\deploy.dll
0x772d0000 - 0x774a5000 	C:\Windows\system32\WININET.dll
0x75540000 - 0x75544000 	C:\Windows\system32\api-ms-win-downlevel-user32-l1-1-0.dll
0x754d0000 - 0x754d4000 	C:\Windows\system32\api-ms-win-downlevel-shlwapi-l1-1-0.dll
0x757c0000 - 0x757c4000 	C:\Windows\system32\api-ms-win-downlevel-version-l1-1-0.dll
0x755a0000 - 0x755a3000 	C:\Windows\system32\api-ms-win-downlevel-normaliz-l1-1-0.dll
0x77600000 - 0x77603000 	C:\Windows\system32\normaliz.DLL
0x76f30000 - 0x77162000 	C:\Windows\system32\iertutil.dll
0x75510000 - 0x75515000 	C:\Windows\system32\api-ms-win-downlevel-advapi32-l1-1-0.dll
0x75520000 - 0x75537000 	C:\Windows\system32\USERENV.dll
0x76900000 - 0x76a4a000 	C:\Windows\system32\urlmon.dll
0x754c0000 - 0x754c4000 	C:\Windows\system32\api-ms-win-downlevel-ole32-l1-1-0.dll
0x725e0000 - 0x725e6000 	C:\Program Files\Java\jre7\bin\jp2native.dll
0x71370000 - 0x71384000 	C:\Program Files\Java\jre7\bin\net.dll
0x715f0000 - 0x715ff000 	C:\Program Files\Java\jre7\bin\nio.dll
0x70f90000 - 0x70fb0000 	C:\Program Files\Java\jre7\bin\sunec.dll
0x70c60000 - 0x70c69000 	C:\Program Files\Java\jre7\bin\sunmscapi.dll
0x755b0000 - 0x756d1000 	C:\Windows\system32\CRYPT32.dll
0x754b0000 - 0x754bc000 	C:\Windows\system32\MSASN1.dll

VM Arguments:
jvm_args: -Xbootclasspath/a:C:\PROGRA~1\Java\jre7\lib\deploy.jar;C:\PROGRA~1\Java\jre7\lib\javaws.jar;C:\PROGRA~1\Java\jre7\lib\plugin.jar -Xmx32m -Djava.awt.headless=true -XX:MaxDirectMemorySize=64m 
java_command: <unknown>
Launcher Type: generic

Environment Variables:
PATH=C:\Program Files\Mozilla Firefox;C:\Windows\system32;C:\Windows;C:\Windows\System32\Wbem;C:\Windows\System32\WindowsPowerShell\v1.0\;C:\Program Files\Intel\DMIX
USERNAME=Mecánica
OS=Windows_NT
PROCESSOR_IDENTIFIER=x86 Family 6 Model 37 Stepping 2, GenuineIntel



---------------  S Y S T E M  ---------------

OS: Windows 7 Build 7601 Service Pack 1

CPU:total 4 (2 cores per cpu, 2 threads per core) family 6 model 37 stepping 2, cmov, cx8, fxsr, mmx, sse, sse2, sse3, ssse3, sse4.1, sse4.2, popcnt, ht, tsc, tscinvbit

Memory: 4k page, physical 3005740k(2072284k free), swap 6009732k(4991128k free)

vm_info: Java HotSpot(TM) Client VM (24.51-b03) for windows-x86 JRE (1.7.0_51-b13), built on Dec 18 2013 19:09:58 by "java_re" with unknown MS VC++:1600

time: Tue Mar 03 19:20:41 2015
elapsed time: 30 seconds

