#
# A fatal error has been detected by the Java Runtime Environment:
#
#  EXCEPTION_ACCESS_VIOLATION (0xc0000005) at pc=0x00000001, pid=2628, tid=2720
#
# JRE version: Java(TM) SE Runtime Environment (7.0_51-b13) (build 1.7.0_51-b13)
# Java VM: Java HotSpot(TM) Client VM (24.51-b03 mixed mode, sharing windows-x86 )
# Problematic frame:
# C  0x00000001
#
# Failed to write core dump. Minidumps are not enabled by default on client versions of Windows
#
# If you would like to submit a bug report, please visit:
#   http://bugreport.sun.com/bugreport/crash.jsp
# The crash happened outside the Java Virtual Machine in native code.
# See problematic frame for where to report the bug.
#

---------------  T H R E A D  ---------------

Current thread (0x08a48800):  JavaThread "Thread-2" [_thread_in_native, id=2720, stack(0x000c0000,0x001c0000)]

siginfo: ExceptionCode=0xc0000005, ExceptionInformation=0x00000008 0x00000001

Registers:
EAX=0x66a18ff8, EBX=0x00000000, ECX=0x001bf400, EDX=0x052bb684
ESP=0x001bf3c8, EBP=0x001bf3f8, ESI=0x08a48930, EDI=0x05d74418
EIP=0x00000001, EFLAGS=0x00210246

Top of Stack: (sp=0x001bf3c8)
0x001bf3c8:   6d8d80d1 05d74418 000001f6 052dd520
0x001bf3d8:   001bf400 001bf3f4 08a48800 337a5258
0x001bf3e8:   337a5258 052dd520 00000000 00000000
0x001bf3f8:   001bf408 6d8d9198 00000000 001bf458
0x001bf408:   001bf448 05e0a9dd 08a48930 001bf464
0x001bf418:   05d74418 00000000 001bf458 052bb69c
0x001bf428:   001bf428 337a5258 001bf464 337ad2b0
0x001bf438:   00000000 337a5258 00000000 001bf458 

Instructions: (pc=0x00000001)
0xffffffe1:   


Register to memory mapping:

EAX=0x66a18ff8 is an unknown value
EBX=0x00000000 is an unknown value
ECX=0x001bf400 is pointing into the stack for thread: 0x08a48800
EDX=0x052bb684 is an unknown value
ESP=0x001bf3c8 is pointing into the stack for thread: 0x08a48800
EBP=0x001bf3f8 is pointing into the stack for thread: 0x08a48800
ESI=0x08a48930 is an unknown value
EDI=0x05d74418 is an unknown value


Stack: [0x000c0000,0x001c0000],  sp=0x001bf3c8,  free space=1020k
Native frames: (J=compiled Java code, j=interpreted, Vv=VM code, C=native code)
C  0x00000001
C  [npjp2.dll+0x9198]
j  sun.plugin2.main.server.MozillaPlugin.getProxy0(JLjava/lang/String;)Ljava/lang/String;+0
j  sun.plugin2.main.server.MozillaPlugin.getProxy(Ljava/lang/String;)Ljava/lang/String;+17
j  sun.plugin2.main.server.MozillaBrowserService$MozillaProxyHandler.findProxyForURL(Ljava/lang/String;)Ljava/lang/String;+7
j  com.sun.deploy.net.proxy.AbstractBrowserProxyHandler.getProxyInfo(Ljava/net/URL;)[Lcom/sun/deploy/net/proxy/ProxyInfo;+5
j  com.sun.deploy.net.proxy.DynamicProxyManager.getProxyList(Ljava/net/URL;Z)Ljava/util/List;+113
j  sun.plugin2.main.server.ProxySupport.getProxyReply(Lsun/plugin2/main/server/Plugin;Lsun/plugin2/message/GetProxyMessage;)Lsun/plugin2/message/ProxyReplyMessage;+20
j  sun.plugin2.main.server.JVMInstance$1.run()V+26
j  sun.plugin2.main.server.MozillaPlugin$RunnableWrapper.run()V+4
j  sun.plugin2.main.server.MozillaPlugin.drainRunnableQueue()V+39
j  sun.plugin2.main.server.MozillaPlugin.access$000(Lsun/plugin2/main/server/MozillaPlugin;)V+1
j  sun.plugin2.main.server.MozillaPlugin$DrainRunnableQueue.run()V+4
v  ~StubRoutines::call_stub
V  [jvm.dll+0x13f35a]
V  [jvm.dll+0x202c6e]
V  [jvm.dll+0x13f3dd]
V  [jvm.dll+0xc9bc2]
V  [jvm.dll+0xcd813]
C  [npjp2.dll+0x203f]
C  [xul.dll+0x58de1e]

Java frames: (J=compiled Java code, j=interpreted, Vv=VM code)
j  sun.plugin2.main.server.MozillaPlugin.getProxy0(JLjava/lang/String;)Ljava/lang/String;+0
j  sun.plugin2.main.server.MozillaPlugin.getProxy(Ljava/lang/String;)Ljava/lang/String;+17
j  sun.plugin2.main.server.MozillaBrowserService$MozillaProxyHandler.findProxyForURL(Ljava/lang/String;)Ljava/lang/String;+7
j  com.sun.deploy.net.proxy.AbstractBrowserProxyHandler.getProxyInfo(Ljava/net/URL;)[Lcom/sun/deploy/net/proxy/ProxyInfo;+5
j  com.sun.deploy.net.proxy.DynamicProxyManager.getProxyList(Ljava/net/URL;Z)Ljava/util/List;+113
j  sun.plugin2.main.server.ProxySupport.getProxyReply(Lsun/plugin2/main/server/Plugin;Lsun/plugin2/message/GetProxyMessage;)Lsun/plugin2/message/ProxyReplyMessage;+20
j  sun.plugin2.main.server.JVMInstance$1.run()V+26
j  sun.plugin2.main.server.MozillaPlugin$RunnableWrapper.run()V+4
j  sun.plugin2.main.server.MozillaPlugin.drainRunnableQueue()V+39
j  sun.plugin2.main.server.MozillaPlugin.access$000(Lsun/plugin2/main/server/MozillaPlugin;)V+1
j  sun.plugin2.main.server.MozillaPlugin$DrainRunnableQueue.run()V+4
v  ~StubRoutines::call_stub

---------------  P R O C E S S  ---------------

Java Threads: ( => current thread )
  0x08971c00 JavaThread "Thread-5" daemon [_thread_in_native, id=1520, stack(0x09fa0000,0x0a0a0000)]
  0x08a49400 JavaThread "Thread-4" daemon [_thread_in_native, id=2012, stack(0x08ee0000,0x08fe0000)]
  0x08a48c00 JavaThread "Thread-3" daemon [_thread_in_native, id=1004, stack(0x092a0000,0x093a0000)]
=>0x08a48800 JavaThread "Thread-2" [_thread_in_native, id=2720, stack(0x000c0000,0x001c0000)]
  0x08a13800 JavaThread "JVM[id=1]-Heartbeat" [_thread_blocked, id=1792, stack(0x08d70000,0x08e70000)]
  0x08a45000 JavaThread "JRE 1.7.0.51 Worker Thread" [_thread_blocked, id=2564, stack(0x09760000,0x09860000)]
  0x08a3e000 JavaThread "JRE 1.7.0.51 Output Reader Thread" [_thread_in_native, id=684, stack(0x09570000,0x09670000)]
  0x08a42c00 JavaThread "JRE 1.7.0.51 Output Reader Thread" [_thread_in_native, id=2028, stack(0x093c0000,0x094c0000)]
  0x08a42400 JavaThread "Thread-1" [_thread_in_native, id=708, stack(0x09170000,0x09270000)]
  0x08a3d000 JavaThread "Java Plug-In Pipe Worker Thread (Server-Side)" daemon [_thread_in_native, id=2340, stack(0x08fe0000,0x090e0000)]
  0x052f0000 JavaThread "Thread-0" daemon [_thread_blocked, id=2556, stack(0x08c70000,0x08d70000)]
  0x08984800 JavaThread "traceMsgQueueThread" daemon [_thread_blocked, id=2976, stack(0x08b70000,0x08c70000)]
  0x052b5000 JavaThread "Service Thread" daemon [_thread_blocked, id=2388, stack(0x08870000,0x08970000)]
  0x052b0000 JavaThread "C1 CompilerThread0" daemon [_thread_blocked, id=1836, stack(0x086c0000,0x087c0000)]
  0x052af000 JavaThread "Attach Listener" daemon [_thread_blocked, id=312, stack(0x084d0000,0x085d0000)]
  0x052abc00 JavaThread "Signal Dispatcher" daemon [_thread_blocked, id=128, stack(0x08240000,0x08340000)]
  0x0523f400 JavaThread "Finalizer" daemon [_thread_blocked, id=2836, stack(0x080b0000,0x081b0000)]
  0x0523dc00 JavaThread "Reference Handler" daemon [_thread_blocked, id=2760, stack(0x07f80000,0x08080000)]
  0x0535c800 JavaThread "main" [_thread_in_native, id=1312, stack(0x03270000,0x03370000)]

Other Threads:
  0x0523c000 VMThread [stack: 0x07e50000,0x07f50000] [id=2464]
  0x052c6800 WatcherThread [stack: 0x08350000,0x08450000] [id=2844]

VM state:not at safepoint (normal execution)

VM Mutex/Monitor currently owned by a thread: None

Heap
 def new generation   total 4928K, used 3335K [0x31790000, 0x31ce0000, 0x32230000)
  eden space 4416K,  63% used [0x31790000, 0x31a51eb8, 0x31be0000)
  from space 512K, 100% used [0x31be0000, 0x31c60000, 0x31c60000)
  to   space 512K,   0% used [0x31c60000, 0x31c60000, 0x31ce0000)
 tenured generation   total 10944K, used 1467K [0x32230000, 0x32ce0000, 0x33790000)
   the space 10944K,  13% used [0x32230000, 0x3239ee98, 0x3239f000, 0x32ce0000)
 compacting perm gen  total 12288K, used 2603K [0x33790000, 0x34390000, 0x37790000)
   the space 12288K,  21% used [0x33790000, 0x33a1afd8, 0x33a1b000, 0x34390000)
    ro space 10240K,  41% used [0x37790000, 0x37bc2050, 0x37bc2200, 0x38190000)
    rw space 12288K,  52% used [0x38190000, 0x387d6800, 0x387d6800, 0x38d90000)

Card table byte_map: [0x02f20000,0x02f60000] byte_map_base: 0x02d94380

Polling page: 0x02bf0000

Code Cache  [0x05e00000, 0x05f08000, 0x07e00000)
 total_blobs=437 nmethods=254 adapters=120 free_code_cache=31739Kb largest_free_block=32500992

Compilation events (10 events):
Event: 30.565 Thread 0x052b0000  238             java.util.HashMap$HashIterator::<init> (63 bytes)
Event: 30.565 Thread 0x052b0000 nmethod 238 0x05efd148 code [0x05efd240, 0x05efd330]
Event: 30.565 Thread 0x052b0000  239             java.lang.String::equalsIgnoreCase (48 bytes)
Event: 30.565 Thread 0x052b0000 nmethod 239 0x05efd408 code [0x05efd510, 0x05efd61c]
Event: 30.708 Thread 0x052b0000  240             java.util.Properties::load0 (250 bytes)
Event: 30.708 Thread 0x052b0000 nmethod 240 0x05efd708 code [0x05efd850, 0x05efdb70]
Event: 30.714 Thread 0x052b0000  241             java.lang.StringBuilder::<init> (7 bytes)
Event: 30.714 Thread 0x052b0000 nmethod 241 0x05efdec8 code [0x05efdfc0, 0x05efe0d0]
Event: 30.734 Thread 0x052b0000  242             java.lang.String::endsWith (17 bytes)
Event: 30.734 Thread 0x052b0000 nmethod 242 0x05efe148 code [0x05efe250, 0x05efe2fc]

GC Heap History (4 events):
Event: 30.262 GC heap before
{Heap before GC invocations=0 (full 0):
 def new generation   total 4928K, used 4416K [0x31790000, 0x31ce0000, 0x32230000)
  eden space 4416K, 100% used [0x31790000, 0x31be0000, 0x31be0000)
  from space 512K,   0% used [0x31be0000, 0x31be0000, 0x31c60000)
  to   space 512K,   0% used [0x31c60000, 0x31c60000, 0x31ce0000)
 tenured generation   total 10944K, used 0K [0x32230000, 0x32ce0000, 0x33790000)
   the space 10944K,   0% used [0x32230000, 0x32230000, 0x32230200, 0x32ce0000)
 compacting perm gen  total 12288K, used 1704K [0x33790000, 0x34390000, 0x37790000)
   the space 12288K,  13% used [0x33790000, 0x3393a108, 0x3393a200, 0x34390000)
    ro space 10240K,  41% used [0x37790000, 0x37bc2050, 0x37bc2200, 0x38190000)
    rw space 12288K,  52% used [0x38190000, 0x387d6800, 0x387d6800, 0x38d90000)
Event: 30.270 GC heap after
Heap after GC invocations=1 (full 0):
 def new generation   total 4928K, used 512K [0x31790000, 0x31ce0000, 0x32230000)
  eden space 4416K,   0% used [0x31790000, 0x31790000, 0x31be0000)
  from space 512K, 100% used [0x31c60000, 0x31ce0000, 0x31ce0000)
  to   space 512K,   0% used [0x31be0000, 0x31be0000, 0x31c60000)
 tenured generation   total 10944K, used 644K [0x32230000, 0x32ce0000, 0x33790000)
   the space 10944K,   5% used [0x32230000, 0x322d12a8, 0x322d1400, 0x32ce0000)
 compacting perm gen  total 12288K, used 1704K [0x33790000, 0x34390000, 0x37790000)
   the space 12288K,  13% used [0x33790000, 0x3393a108, 0x3393a200, 0x34390000)
    ro space 10240K,  41% used [0x37790000, 0x37bc2050, 0x37bc2200, 0x38190000)
    rw space 12288K,  52% used [0x38190000, 0x387d6800, 0x387d6800, 0x38d90000)
}
Event: 30.501 GC heap before
{Heap before GC invocations=1 (full 0):
 def new generation   total 4928K, used 4928K [0x31790000, 0x31ce0000, 0x32230000)
  eden space 4416K, 100% used [0x31790000, 0x31be0000, 0x31be0000)
  from space 512K, 100% used [0x31c60000, 0x31ce0000, 0x31ce0000)
  to   space 512K,   0% used [0x31be0000, 0x31be0000, 0x31c60000)
 tenured generation   total 10944K, used 644K [0x32230000, 0x32ce0000, 0x33790000)
   the space 10944K,   5% used [0x32230000, 0x322d12a8, 0x322d1400, 0x32ce0000)
 compacting perm gen  total 12288K, used 2270K [0x33790000, 0x34390000, 0x37790000)
   the space 12288K,  18% used [0x33790000, 0x339c7880, 0x339c7a00, 0x34390000)
    ro space 10240K,  41% used [0x37790000, 0x37bc2050, 0x37bc2200, 0x38190000)
    rw space 12288K,  52% used [0x38190000, 0x387d6800, 0x387d6800, 0x38d90000)
Event: 30.509 GC heap after
Heap after GC invocations=2 (full 0):
 def new generation   total 4928K, used 512K [0x31790000, 0x31ce0000, 0x32230000)
  eden space 4416K,   0% used [0x31790000, 0x31790000, 0x31be0000)
  from space 512K, 100% used [0x31be0000, 0x31c60000, 0x31c60000)
  to   space 512K,   0% used [0x31c60000, 0x31c60000, 0x31ce0000)
 tenured generation   total 10944K, used 1467K [0x32230000, 0x32ce0000, 0x33790000)
   the space 10944K,  13% used [0x32230000, 0x3239ee98, 0x3239f000, 0x32ce0000)
 compacting perm gen  total 12288K, used 2270K [0x33790000, 0x34390000, 0x37790000)
   the space 12288K,  18% used [0x33790000, 0x339c7880, 0x339c7a00, 0x34390000)
    ro space 10240K,  41% used [0x37790000, 0x37bc2050, 0x37bc2200, 0x38190000)
    rw space 12288K,  52% used [0x38190000, 0x387d6800, 0x387d6800, 0x38d90000)
}

Deoptimization events (0 events):
No events

Internal exceptions (10 events):
Event: 0.053 Thread 0x0535c800 Threw 0x31795750 at C:\re\jdk7u51\527\hotspot\src\share\vm\prims\jni.cpp:3991
Event: 0.168 Thread 0x0535c800 Threw 0x318609d0 at C:\re\jdk7u51\527\hotspot\src\share\vm\prims\jvm.cpp:1244
Event: 0.168 Thread 0x0535c800 Threw 0x31860ae8 at C:\re\jdk7u51\527\hotspot\src\share\vm\prims\jvm.cpp:1244
Event: 0.169 Thread 0x0535c800 Threw 0x31863e20 at C:\re\jdk7u51\527\hotspot\src\share\vm\prims\jvm.cpp:1244
Event: 0.169 Thread 0x0535c800 Threw 0x31863f38 at C:\re\jdk7u51\527\hotspot\src\share\vm\prims\jvm.cpp:1244
Event: 0.215 Thread 0x0535c800 Threw 0x318d2278 at C:\re\jdk7u51\527\hotspot\src\share\vm\prims\jni.cpp:717
Event: 0.215 Thread 0x0535c800 Threw 0x318d2410 at C:\re\jdk7u51\527\hotspot\src\share\vm\prims\jni.cpp:717
Event: 0.215 Thread 0x0535c800 Threw 0x318d2578 at C:\re\jdk7u51\527\hotspot\src\share\vm\prims\jni.cpp:717
Event: 30.733 Thread 0x08a48800 Threw 0x319e2490 at C:\re\jdk7u51\527\hotspot\src\share\vm\prims\jvm.cpp:1244
Event: 30.734 Thread 0x08a48800 Threw 0x319e3588 at C:\re\jdk7u51\527\hotspot\src\share\vm\prims\jvm.cpp:1244

Events (10 events):
Event: 30.735 loading class 0x08a7bf40
Event: 30.735 loading class 0x08a7bf40 done
Event: 30.735 loading class 0x08a7beb8
Event: 30.735 loading class 0x08a7beb8 done
Event: 30.735 loading class 0x08a7b9a0
Event: 30.735 loading class 0x08a7b9a0 done
Event: 30.735 loading class 0x08a7b960
Event: 30.735 loading class 0x08a7b960 done
Event: 30.735 loading class 0x08a7aaf0
Event: 30.735 loading class 0x08a7aaf0 done


Dynamic libraries:
0x00b10000 - 0x00b5d000 	C:\Users\Mecánica\Documents\moz\FirefoxPortable\App\Firefox\firefox.exe
0x771c0000 - 0x772fc000 	C:\Windows\SYSTEM32\ntdll.dll
0x75f30000 - 0x76004000 	C:\Windows\system32\kernel32.dll
0x75260000 - 0x752ab000 	C:\Windows\system32\KERNELBASE.dll
0x66130000 - 0x66a9e000 	C:\Users\Mecánica\Documents\moz\FirefoxPortable\App\Firefox\xul.dll
0x6e1d0000 - 0x6e23f000 	C:\Users\Mecánica\Documents\moz\FirefoxPortable\App\Firefox\sqlite3.dll
0x6a240000 - 0x6a2ee000 	C:\Users\Mecánica\Documents\moz\FirefoxPortable\App\Firefox\MOZCRT19.dll
0x76070000 - 0x7611c000 	C:\Windows\system32\msvcrt.dll
0x6a190000 - 0x6a23e000 	C:\Users\Mecánica\Documents\moz\FirefoxPortable\App\Firefox\js3250.dll
0x600b0000 - 0x600e0000 	C:\Users\Mecánica\Documents\moz\FirefoxPortable\App\Firefox\nspr4.dll
0x759e0000 - 0x75a80000 	C:\Windows\system32\ADVAPI32.dll
0x76010000 - 0x76029000 	C:\Windows\SYSTEM32\sechost.dll
0x75a80000 - 0x75b22000 	C:\Windows\system32\RPCRT4.dll
0x710f0000 - 0x710f7000 	C:\Windows\system32\WSOCK32.dll
0x76030000 - 0x76065000 	C:\Windows\system32\WS2_32.dll
0x773e0000 - 0x773e6000 	C:\Windows\system32\NSI.dll
0x73320000 - 0x73352000 	C:\Windows\system32\WINMM.dll
0x755a0000 - 0x75669000 	C:\Windows\system32\USER32.dll
0x75ee0000 - 0x75f2e000 	C:\Windows\system32\GDI32.dll
0x759d0000 - 0x759da000 	C:\Windows\system32\LPK.dll
0x75e40000 - 0x75edd000 	C:\Windows\system32\USP10.dll
0x60420000 - 0x60438000 	C:\Users\Mecánica\Documents\moz\FirefoxPortable\App\Firefox\smime3.dll
0x60340000 - 0x603da000 	C:\Users\Mecánica\Documents\moz\FirefoxPortable\App\Firefox\nss3.dll
0x603e0000 - 0x603f4000 	C:\Users\Mecánica\Documents\moz\FirefoxPortable\App\Firefox\nssutil3.dll
0x600f0000 - 0x600f7000 	C:\Users\Mecánica\Documents\moz\FirefoxPortable\App\Firefox\plc4.dll
0x600e0000 - 0x600e7000 	C:\Users\Mecánica\Documents\moz\FirefoxPortable\App\Firefox\plds4.dll
0x60400000 - 0x60420000 	C:\Users\Mecánica\Documents\moz\FirefoxPortable\App\Firefox\ssl3.dll
0x76120000 - 0x76d6b000 	C:\Windows\system32\SHELL32.dll
0x77380000 - 0x773d7000 	C:\Windows\system32\SHLWAPI.dll
0x76ec0000 - 0x7701c000 	C:\Windows\system32\ole32.dll
0x74570000 - 0x74579000 	C:\Windows\system32\VERSION.dll
0x6f500000 - 0x6f551000 	C:\Windows\system32\WINSPOOL.DRV
0x756c0000 - 0x7573b000 	C:\Windows\system32\COMDLG32.dll
0x74070000 - 0x7420e000 	C:\Windows\WinSxS\x86_microsoft.windows.common-controls_6595b64144ccf1df_6.0.7601.17514_none_41e6975e2bd6f2b2\COMCTL32.dll
0x75920000 - 0x7593f000 	C:\Windows\system32\IMM32.dll
0x75b30000 - 0x75bfc000 	C:\Windows\system32\MSCTF.dll
0x71650000 - 0x71655000 	C:\Windows\system32\MSIMG32.dll
0x75940000 - 0x759cf000 	C:\Windows\system32\OLEAUT32.dll
0x71660000 - 0x71667000 	C:\Users\Mecánica\Documents\moz\FirefoxPortable\App\Firefox\xpcom.dll
0x6e630000 - 0x6e71b000 	C:\Windows\system32\dbghelp.dll
0x750d0000 - 0x750dc000 	C:\Windows\system32\CRYPTBASE.dll
0x73ef0000 - 0x73f30000 	C:\Windows\system32\uxtheme.dll
0x75510000 - 0x75593000 	C:\Windows\system32\CLBCatQ.DLL
0x73f30000 - 0x74025000 	C:\Windows\system32\propsys.dll
0x73b60000 - 0x73b81000 	C:\Windows\system32\ntmarta.dll
0x75670000 - 0x756b5000 	C:\Windows\system32\WLDAP32.dll
0x77020000 - 0x771bd000 	C:\Windows\system32\SETUPAPI.dll
0x75230000 - 0x75257000 	C:\Windows\system32\CFGMGR32.dll
0x75480000 - 0x75492000 	C:\Windows\system32\DEVOBJ.dll
0x73bc0000 - 0x73bd3000 	C:\Windows\system32\dwmapi.dll
0x751c0000 - 0x751cb000 	C:\Windows\system32\profapi.dll
0x71630000 - 0x71638000 	C:\Users\Mecánica\Documents\moz\FirefoxPortable\App\Firefox\components\browserdirprovider.dll
0x74b90000 - 0x74bcc000 	C:\Windows\system32\mswsock.dll
0x746f0000 - 0x746f5000 	C:\Windows\System32\wshtcpip.dll
0x724b0000 - 0x724cc000 	C:\Windows\system32\iphlpapi.dll
0x724a0000 - 0x724a7000 	C:\Windows\system32\WINNSI.DLL
0x732d0000 - 0x732e0000 	C:\Windows\system32\NLAapi.dll
0x70390000 - 0x703a0000 	C:\Windows\system32\napinsp.dll
0x70370000 - 0x70382000 	C:\Windows\system32\pnrpnsp.dll
0x74a50000 - 0x74a94000 	C:\Windows\system32\DNSAPI.dll
0x70360000 - 0x70368000 	C:\Windows\System32\winrnr.dll
0x73a20000 - 0x73b51000 	C:\Windows\system32\WindowsCodecs.dll
0x75080000 - 0x750cc000 	C:\Windows\system32\apphelp.dll
0x70b20000 - 0x70b51000 	C:\Windows\system32\EhStorShell.dll
0x6d460000 - 0x6d866000 	C:\PROGRA~1\MICROS~1\Office14\GROOVEEX.DLL
0x6e740000 - 0x6e7e3000 	C:\Windows\WinSxS\x86_microsoft.vc90.crt_1fc8b3b9a1e18e3b_9.0.30729.4940_none_50916076bcb9a742\MSVCR90.dll
0x6e2b0000 - 0x6e33e000 	C:\Windows\WinSxS\x86_microsoft.vc90.crt_1fc8b3b9a1e18e3b_9.0.30729.4940_none_50916076bcb9a742\MSVCP90.dll
0x720f0000 - 0x7211b000 	C:\Windows\WinSxS\x86_microsoft.vc90.atl_1fc8b3b9a1e18e3b_9.0.30729.4148_none_51ca66a2bbe76806\ATL90.DLL
0x6d040000 - 0x6d45a000 	C:\PROGRA~1\COMMON~1\MICROS~1\OFFICE14\Cultures\office.odf
0x6c7c0000 - 0x6d040000 	C:\PROGRA~1\MICROS~1\Office14\3082\GrooveIntlResource.dll
0x70ab0000 - 0x70b1a000 	C:\Windows\System32\cscui.dll
0x72480000 - 0x72489000 	C:\Windows\System32\CSCDLL.dll
0x6ee10000 - 0x6ee1b000 	C:\Windows\system32\CSCAPI.dll
0x6e240000 - 0x6e2b0000 	C:\Windows\system32\ntshrui.dll
0x74e00000 - 0x74e19000 	C:\Windows\system32\srvcli.dll
0x72790000 - 0x7279a000 	C:\Windows\system32\slc.dll
0x74bd0000 - 0x74be7000 	C:\Windows\system32\CRYPTSP.dll
0x74970000 - 0x749ab000 	C:\Windows\system32\rsaenh.dll
0x75140000 - 0x7514e000 	C:\Windows\system32\RpcRtRemote.dll
0x6e1a0000 - 0x6e1c3000 	C:\Users\Mecánica\Documents\moz\FirefoxPortable\App\Firefox\components\brwsrcmp.dll
0x602f0000 - 0x60316000 	C:\Users\Mecánica\Documents\moz\FirefoxPortable\App\Firefox\softokn3.dll
0x60320000 - 0x60338000 	C:\Users\Mecánica\Documents\moz\FirefoxPortable\App\Firefox\nssdbm3.dll
0x60440000 - 0x60481000 	C:\Users\Mecánica\Documents\moz\FirefoxPortable\App\Firefox\freebl3.dll
0x602a0000 - 0x602ec000 	C:\Users\Mecánica\Documents\moz\FirefoxPortable\App\Firefox\nssckbi.dll
0x6d8d0000 - 0x6d8fb000 	C:\Program Files\Java\jre7\bin\plugin2\npjp2.dll
0x6a0d0000 - 0x6a18f000 	C:\Windows\system32\MSVCR100.dll
0x69d50000 - 0x6a0d0000 	C:\PROGRA~1\Java\jre7\bin\client\jvm.dll
0x77370000 - 0x77375000 	C:\Windows\system32\PSAPI.DLL
0x71640000 - 0x7164c000 	C:\PROGRA~1\Java\jre7\bin\verify.dll
0x6e140000 - 0x6e160000 	C:\PROGRA~1\Java\jre7\bin\java.dll
0x6d8b0000 - 0x6d8c3000 	C:\PROGRA~1\Java\jre7\bin\zip.dll
0x69c90000 - 0x69d4f000 	C:\Program Files\Java\jre7\bin\msvcr100.dll
0x69c30000 - 0x69c8c000 	C:\Program Files\Java\jre7\bin\deploy.dll
0x75740000 - 0x75915000 	C:\Windows\system32\WININET.dll
0x75200000 - 0x75204000 	C:\Windows\system32\api-ms-win-downlevel-user32-l1-1-0.dll
0x754c0000 - 0x754c4000 	C:\Windows\system32\api-ms-win-downlevel-shlwapi-l1-1-0.dll
0x75220000 - 0x75224000 	C:\Windows\system32\api-ms-win-downlevel-version-l1-1-0.dll
0x752b0000 - 0x752b3000 	C:\Windows\system32\api-ms-win-downlevel-normaliz-l1-1-0.dll
0x77300000 - 0x77303000 	C:\Windows\system32\normaliz.DLL
0x75c00000 - 0x75e32000 	C:\Windows\system32\iertutil.dll
0x75210000 - 0x75215000 	C:\Windows\system32\api-ms-win-downlevel-advapi32-l1-1-0.dll
0x754a0000 - 0x754b7000 	C:\Windows\system32\USERENV.dll
0x76d70000 - 0x76ebb000 	C:\Windows\system32\urlmon.dll
0x754d0000 - 0x754d4000 	C:\Windows\system32\api-ms-win-downlevel-ole32-l1-1-0.dll
0x70c90000 - 0x70c96000 	C:\Program Files\Java\jre7\bin\jp2native.dll
0x69c10000 - 0x69c24000 	C:\Program Files\Java\jre7\bin\net.dll
0x74b80000 - 0x74b86000 	C:\Windows\System32\wship6.dll
0x6f5f0000 - 0x6f5ff000 	C:\Program Files\Java\jre7\bin\nio.dll
0x70700000 - 0x70706000 	C:\Windows\system32\rasadhlp.dll
0x72320000 - 0x72358000 	C:\Windows\System32\fwpuclnt.dll
0x720c0000 - 0x720ef000 	C:\Windows\system32\shdocvw.dll
0x715c0000 - 0x715e0000 	C:\Program Files\Java\jre7\bin\sunec.dll
0x716c0000 - 0x716c9000 	C:\Program Files\Java\jre7\bin\sunmscapi.dll
0x752c0000 - 0x753e1000 	C:\Windows\system32\CRYPT32.dll
0x751b0000 - 0x751bc000 	C:\Windows\system32\MSASN1.dll

VM Arguments:
jvm_args: -Xbootclasspath/a:C:\PROGRA~1\Java\jre7\lib\deploy.jar;C:\PROGRA~1\Java\jre7\lib\javaws.jar;C:\PROGRA~1\Java\jre7\lib\plugin.jar -Xmx32m -Djava.awt.headless=true -XX:MaxDirectMemorySize=64m 
java_command: <unknown>
Launcher Type: generic

Environment Variables:
PATH=C:\Program Files\Mozilla Firefox;C:\Windows\system32;C:\Windows;C:\Windows\System32\Wbem;C:\Windows\System32\WindowsPowerShell\v1.0\;C:\Program Files\Intel\DMIX
USERNAME=Mecánica
OS=Windows_NT
PROCESSOR_IDENTIFIER=x86 Family 6 Model 37 Stepping 2, GenuineIntel



---------------  S Y S T E M  ---------------

OS: Windows 7 Build 7601 Service Pack 1

CPU:total 4 (2 cores per cpu, 2 threads per core) family 6 model 37 stepping 2, cmov, cx8, fxsr, mmx, sse, sse2, sse3, ssse3, sse4.1, sse4.2, popcnt, ht, tsc, tscinvbit

Memory: 4k page, physical 3005740k(2161936k free), swap 6009732k(5056076k free)

vm_info: Java HotSpot(TM) Client VM (24.51-b03) for windows-x86 JRE (1.7.0_51-b13), built on Dec 18 2013 19:09:58 by "java_re" with unknown MS VC++:1600

time: Tue Mar 24 07:19:26 2015
elapsed time: 30 seconds

