#
# A fatal error has been detected by the Java Runtime Environment:
#
#  EXCEPTION_ACCESS_VIOLATION (0xc0000005) at pc=0x00000002, pid=3660, tid=3664
#
# JRE version: Java(TM) SE Runtime Environment (7.0_51-b13) (build 1.7.0_51-b13)
# Java VM: Java HotSpot(TM) Client VM (24.51-b03 mixed mode, sharing windows-x86 )
# Problematic frame:
# C  0x00000002
#
# Failed to write core dump. Minidumps are not enabled by default on client versions of Windows
#
# If you would like to submit a bug report, please visit:
#   http://bugreport.sun.com/bugreport/crash.jsp
# The crash happened outside the Java Virtual Machine in native code.
# See problematic frame for where to report the bug.
#

---------------  T H R E A D  ---------------

Current thread (0x08bfc800):  JavaThread "Thread-1" [_thread_in_native, id=3664, stack(0x00170000,0x00270000)]

siginfo: ExceptionCode=0xc0000005, ExceptionInformation=0x00000008 0x00000002

Registers:
EAX=0x6a798ff8, EBX=0x00000000, ECX=0x0026f2d0, EDX=0x03657444
ESP=0x0026f298, EBP=0x0026f2c8, ESI=0x08bfc930, EDI=0x041bb7d8
EIP=0x00000002, EFLAGS=0x00210246

Top of Stack: (sp=0x0026f298)
0x0026f298:   68af80d1 041bb7d8 000001f6 08dd2d78
0x0026f2a8:   0026f2d0 0026f2c4 08bfc800 337a5258
0x0026f2b8:   337a5258 08dd2d78 00000000 00000000
0x0026f2c8:   0026f2d8 68af9198 00000000 0026f328
0x0026f2d8:   0026f318 0610a9dd 08bfc930 0026f334
0x0026f2e8:   041bb7d8 00000000 0026f328 0365745c
0x0026f2f8:   0026f2f8 337a5258 0026f334 337ad2b0
0x0026f308:   00000000 337a5258 00000000 0026f328 

Instructions: (pc=0x00000002)
0xffffffe2:   


Register to memory mapping:

EAX=0x6a798ff8 is an unknown value
EBX=0x00000000 is an unknown value
ECX=0x0026f2d0 is pointing into the stack for thread: 0x08bfc800
EDX=0x03657444 is an unknown value
ESP=0x0026f298 is pointing into the stack for thread: 0x08bfc800
EBP=0x0026f2c8 is pointing into the stack for thread: 0x08bfc800
ESI=0x08bfc930 is an unknown value
EDI=0x041bb7d8 is an unknown value


Stack: [0x00170000,0x00270000],  sp=0x0026f298,  free space=1020k
Native frames: (J=compiled Java code, j=interpreted, Vv=VM code, C=native code)
C  0x00000002
C  [npjp2.dll+0x9198]
j  sun.plugin2.main.server.MozillaPlugin.getProxy0(JLjava/lang/String;)Ljava/lang/String;+0
j  sun.plugin2.main.server.MozillaPlugin.getProxy(Ljava/lang/String;)Ljava/lang/String;+17
j  sun.plugin2.main.server.MozillaBrowserService$MozillaProxyHandler.findProxyForURL(Ljava/lang/String;)Ljava/lang/String;+7
j  com.sun.deploy.net.proxy.AbstractBrowserProxyHandler.getProxyInfo(Ljava/net/URL;)[Lcom/sun/deploy/net/proxy/ProxyInfo;+5
j  com.sun.deploy.net.proxy.DynamicProxyManager.getProxyList(Ljava/net/URL;Z)Ljava/util/List;+113
j  sun.plugin2.main.server.ProxySupport.getProxyReply(Lsun/plugin2/main/server/Plugin;Lsun/plugin2/message/GetProxyMessage;)Lsun/plugin2/message/ProxyReplyMessage;+20
j  sun.plugin2.main.server.JVMInstance$1.run()V+26
j  sun.plugin2.main.server.MozillaPlugin$RunnableWrapper.run()V+4
j  sun.plugin2.main.server.MozillaPlugin.drainRunnableQueue()V+39
j  sun.plugin2.main.server.MozillaPlugin.access$000(Lsun/plugin2/main/server/MozillaPlugin;)V+1
j  sun.plugin2.main.server.MozillaPlugin$DrainRunnableQueue.run()V+4
v  ~StubRoutines::call_stub
V  [jvm.dll+0x13f35a]
V  [jvm.dll+0x202c6e]
V  [jvm.dll+0x13f3dd]
V  [jvm.dll+0xc9bc2]
V  [jvm.dll+0xcd813]
C  [npjp2.dll+0x203f]
C  [xul.dll+0x58de1e]

Java frames: (J=compiled Java code, j=interpreted, Vv=VM code)
j  sun.plugin2.main.server.MozillaPlugin.getProxy0(JLjava/lang/String;)Ljava/lang/String;+0
j  sun.plugin2.main.server.MozillaPlugin.getProxy(Ljava/lang/String;)Ljava/lang/String;+17
j  sun.plugin2.main.server.MozillaBrowserService$MozillaProxyHandler.findProxyForURL(Ljava/lang/String;)Ljava/lang/String;+7
j  com.sun.deploy.net.proxy.AbstractBrowserProxyHandler.getProxyInfo(Ljava/net/URL;)[Lcom/sun/deploy/net/proxy/ProxyInfo;+5
j  com.sun.deploy.net.proxy.DynamicProxyManager.getProxyList(Ljava/net/URL;Z)Ljava/util/List;+113
j  sun.plugin2.main.server.ProxySupport.getProxyReply(Lsun/plugin2/main/server/Plugin;Lsun/plugin2/message/GetProxyMessage;)Lsun/plugin2/message/ProxyReplyMessage;+20
j  sun.plugin2.main.server.JVMInstance$1.run()V+26
j  sun.plugin2.main.server.MozillaPlugin$RunnableWrapper.run()V+4
j  sun.plugin2.main.server.MozillaPlugin.drainRunnableQueue()V+39
j  sun.plugin2.main.server.MozillaPlugin.access$000(Lsun/plugin2/main/server/MozillaPlugin;)V+1
j  sun.plugin2.main.server.MozillaPlugin$DrainRunnableQueue.run()V+4
v  ~StubRoutines::call_stub

---------------  P R O C E S S  ---------------

Java Threads: ( => current thread )
  0x08bf5000 JavaThread "Keep-Alive-Timer" daemon [_thread_blocked, id=3180, stack(0x0a340000,0x0a440000)]
  0x08cbd000 JavaThread "Thread-3" [_thread_in_native, id=1088, stack(0x092f0000,0x093f0000)]
  0x08c85400 JavaThread "JVM[id=1]-Heartbeat" [_thread_blocked, id=2264, stack(0x050f0000,0x051f0000)]
  0x08cb8000 JavaThread "JRE 1.7.0.51 Worker Thread" [_thread_blocked, id=2452, stack(0x09b90000,0x09c90000)]
  0x08cafc00 JavaThread "JRE 1.7.0.51 Output Reader Thread" [_thread_in_native, id=2448, stack(0x09a00000,0x09b00000)]
  0x08caf400 JavaThread "JRE 1.7.0.51 Output Reader Thread" [_thread_in_native, id=2444, stack(0x097b0000,0x098b0000)]
  0x08cb0400 JavaThread "Thread-2" [_thread_in_native, id=2428, stack(0x095c0000,0x096c0000)]
  0x08cab000 JavaThread "Java Plug-In Pipe Worker Thread (Server-Side)" daemon [_thread_in_native, id=1208, stack(0x091e0000,0x092e0000)]
=>0x08bfc800 JavaThread "Thread-1" [_thread_in_native, id=3664, stack(0x00170000,0x00270000)]
  0x03690400 JavaThread "traceMsgQueueThread" daemon [_thread_blocked, id=1412, stack(0x08ea0000,0x08fa0000)]
  0x03654c00 JavaThread "Service Thread" daemon [_thread_blocked, id=2272, stack(0x083b0000,0x084b0000)]
  0x03650800 JavaThread "C1 CompilerThread0" daemon [_thread_blocked, id=1404, stack(0x089a0000,0x08aa0000)]
  0x0364f400 JavaThread "Attach Listener" daemon [_thread_blocked, id=1400, stack(0x08820000,0x08920000)]
  0x0364c400 JavaThread "Signal Dispatcher" daemon [_thread_blocked, id=2384, stack(0x086e0000,0x087e0000)]
  0x035df400 JavaThread "Finalizer" daemon [_thread_blocked, id=2280, stack(0x08280000,0x08380000)]
  0x035ddc00 JavaThread "Reference Handler" daemon [_thread_blocked, id=2232, stack(0x08150000,0x08250000)]

Other Threads:
  0x035dc000 VMThread [stack: 0x05940000,0x05a40000] [id=2120]
  0x0367a000 WatcherThread [stack: 0x08ae0000,0x08be0000] [id=1408]

VM state:not at safepoint (normal execution)

VM Mutex/Monitor currently owned by a thread: None

Heap
 def new generation   total 4928K, used 2002K [0x31790000, 0x31ce0000, 0x32230000)
  eden space 4416K,  33% used [0x31790000, 0x319048a0, 0x31be0000)
  from space 512K, 100% used [0x31c60000, 0x31ce0000, 0x31ce0000)
  to   space 512K,   0% used [0x31be0000, 0x31be0000, 0x31c60000)
 tenured generation   total 10944K, used 2548K [0x32230000, 0x32ce0000, 0x33790000)
   the space 10944K,  23% used [0x32230000, 0x324ad1f8, 0x324ad200, 0x32ce0000)
 compacting perm gen  total 12288K, used 2890K [0x33790000, 0x34390000, 0x37790000)
   the space 12288K,  23% used [0x33790000, 0x33a62840, 0x33a62a00, 0x34390000)
    ro space 10240K,  41% used [0x37790000, 0x37bc2050, 0x37bc2200, 0x38190000)
    rw space 12288K,  52% used [0x38190000, 0x387d6800, 0x387d6800, 0x38d90000)

Card table byte_map: [0x03550000,0x03590000] byte_map_base: 0x033c4380

Polling page: 0x03520000

Code Cache  [0x06100000, 0x06230000, 0x08100000)
 total_blobs=503 nmethods=319 adapters=121 free_code_cache=31579Kb largest_free_block=32337600

Compilation events (10 events):
Event: 34.869 Thread 0x03650800  315             java.util.Properties::getProperty (46 bytes)
Event: 34.869 Thread 0x03650800 nmethod 315 0x06227ac8 code [0x06227be0, 0x06227d18]
Event: 34.883 Thread 0x03650800  316             java.util.Properties::load0 (250 bytes)
Event: 34.884 Thread 0x03650800 nmethod 316 0x06227dc8 code [0x06227f10, 0x06228230]
Event: 34.912 Thread 0x03650800  317             java.util.ArrayList::elementData (7 bytes)
Event: 34.912 Thread 0x03650800 nmethod 317 0x06228588 code [0x06228680, 0x06228720]
Event: 34.912 Thread 0x03650800  318             java.util.ArrayList::rangeCheck (22 bytes)
Event: 34.912 Thread 0x03650800 nmethod 318 0x062287c8 code [0x06228920, 0x06228be8]
Event: 34.912 Thread 0x03650800  319             java.lang.String::indexOf (25 bytes)
Event: 34.913 Thread 0x03650800 nmethod 319 0x06228e88 code [0x06228f90, 0x0622905c]

GC Heap History (6 events):
Event: 33.334 GC heap before
{Heap before GC invocations=0 (full 0):
 def new generation   total 4928K, used 4416K [0x31790000, 0x31ce0000, 0x32230000)
  eden space 4416K, 100% used [0x31790000, 0x31be0000, 0x31be0000)
  from space 512K,   0% used [0x31be0000, 0x31be0000, 0x31c60000)
  to   space 512K,   0% used [0x31c60000, 0x31c60000, 0x31ce0000)
 tenured generation   total 10944K, used 0K [0x32230000, 0x32ce0000, 0x33790000)
   the space 10944K,   0% used [0x32230000, 0x32230000, 0x32230200, 0x32ce0000)
 compacting perm gen  total 12288K, used 1696K [0x33790000, 0x34390000, 0x37790000)
   the space 12288K,  13% used [0x33790000, 0x33938070, 0x33938200, 0x34390000)
    ro space 10240K,  41% used [0x37790000, 0x37bc2050, 0x37bc2200, 0x38190000)
    rw space 12288K,  52% used [0x38190000, 0x387d6800, 0x387d6800, 0x38d90000)
Event: 33.342 GC heap after
Heap after GC invocations=1 (full 0):
 def new generation   total 4928K, used 512K [0x31790000, 0x31ce0000, 0x32230000)
  eden space 4416K,   0% used [0x31790000, 0x31790000, 0x31be0000)
  from space 512K, 100% used [0x31c60000, 0x31ce0000, 0x31ce0000)
  to   space 512K,   0% used [0x31be0000, 0x31be0000, 0x31c60000)
 tenured generation   total 10944K, used 611K [0x32230000, 0x32ce0000, 0x33790000)
   the space 10944K,   5% used [0x32230000, 0x322c8df0, 0x322c8e00, 0x32ce0000)
 compacting perm gen  total 12288K, used 1696K [0x33790000, 0x34390000, 0x37790000)
   the space 12288K,  13% used [0x33790000, 0x33938070, 0x33938200, 0x34390000)
    ro space 10240K,  41% used [0x37790000, 0x37bc2050, 0x37bc2200, 0x38190000)
    rw space 12288K,  52% used [0x38190000, 0x387d6800, 0x387d6800, 0x38d90000)
}
Event: 34.200 GC heap before
{Heap before GC invocations=1 (full 0):
 def new generation   total 4928K, used 4920K [0x31790000, 0x31ce0000, 0x32230000)
  eden space 4416K,  99% used [0x31790000, 0x31bde368, 0x31be0000)
  from space 512K, 100% used [0x31c60000, 0x31ce0000, 0x31ce0000)
  to   space 512K,   0% used [0x31be0000, 0x31be0000, 0x31c60000)
 tenured generation   total 10944K, used 611K [0x32230000, 0x32ce0000, 0x33790000)
   the space 10944K,   5% used [0x32230000, 0x322c8df0, 0x322c8e00, 0x32ce0000)
 compacting perm gen  total 12288K, used 2270K [0x33790000, 0x34390000, 0x37790000)
   the space 12288K,  18% used [0x33790000, 0x339c7890, 0x339c7a00, 0x34390000)
    ro space 10240K,  41% used [0x37790000, 0x37bc2050, 0x37bc2200, 0x38190000)
    rw space 12288K,  52% used [0x38190000, 0x387d6800, 0x387d6800, 0x38d90000)
Event: 34.209 GC heap after
Heap after GC invocations=2 (full 0):
 def new generation   total 4928K, used 512K [0x31790000, 0x31ce0000, 0x32230000)
  eden space 4416K,   0% used [0x31790000, 0x31790000, 0x31be0000)
  from space 512K, 100% used [0x31be0000, 0x31c60000, 0x31c60000)
  to   space 512K,   0% used [0x31c60000, 0x31c60000, 0x31ce0000)
 tenured generation   total 10944K, used 1451K [0x32230000, 0x32ce0000, 0x33790000)
   the space 10944K,  13% used [0x32230000, 0x3239aeb8, 0x3239b000, 0x32ce0000)
 compacting perm gen  total 12288K, used 2270K [0x33790000, 0x34390000, 0x37790000)
   the space 12288K,  18% used [0x33790000, 0x339c7890, 0x339c7a00, 0x34390000)
    ro space 10240K,  41% used [0x37790000, 0x37bc2050, 0x37bc2200, 0x38190000)
    rw space 12288K,  52% used [0x38190000, 0x387d6800, 0x387d6800, 0x38d90000)
}
Event: 34.473 GC heap before
{Heap before GC invocations=2 (full 0):
 def new generation   total 4928K, used 4928K [0x31790000, 0x31ce0000, 0x32230000)
  eden space 4416K, 100% used [0x31790000, 0x31be0000, 0x31be0000)
  from space 512K, 100% used [0x31be0000, 0x31c60000, 0x31c60000)
  to   space 512K,   0% used [0x31c60000, 0x31c60000, 0x31ce0000)
 tenured generation   total 10944K, used 1451K [0x32230000, 0x32ce0000, 0x33790000)
   the space 10944K,  13% used [0x32230000, 0x3239aeb8, 0x3239b000, 0x32ce0000)
 compacting perm gen  total 12288K, used 2607K [0x33790000, 0x34390000, 0x37790000)
   the space 12288K,  21% used [0x33790000, 0x33a1bf70, 0x33a1c000, 0x34390000)
    ro space 10240K,  41% used [0x37790000, 0x37bc2050, 0x37bc2200, 0x38190000)
    rw space 12288K,  52% used [0x38190000, 0x387d6800, 0x387d6800, 0x38d90000)
Event: 34.479 GC heap after
Heap after GC invocations=3 (full 0):
 def new generation   total 4928K, used 512K [0x31790000, 0x31ce0000, 0x32230000)
  eden space 4416K,   0% used [0x31790000, 0x31790000, 0x31be0000)
  from space 512K, 100% used [0x31c60000, 0x31ce0000, 0x31ce0000)
  to   space 512K,   0% used [0x31be0000, 0x31be0000, 0x31c60000)
 tenured generation   total 10944K, used 2548K [0x32230000, 0x32ce0000, 0x33790000)
   the space 10944K,  23% used [0x32230000, 0x324ad1f8, 0x324ad200, 0x32ce0000)
 compacting perm gen  total 12288K, used 2607K [0x33790000, 0x34390000, 0x37790000)
   the space 12288K,  21% used [0x33790000, 0x33a1bf70, 0x33a1c000, 0x34390000)
    ro space 10240K,  41% used [0x37790000, 0x37bc2050, 0x37bc2200, 0x38190000)
    rw space 12288K,  52% used [0x38190000, 0x387d6800, 0x387d6800, 0x38d90000)
}

Deoptimization events (0 events):
No events

Internal exceptions (10 events):
Event: 0.889 Thread 0x05acc800 Threw 0x31795750 at C:\re\jdk7u51\527\hotspot\src\share\vm\prims\jni.cpp:3991
Event: 3.659 Thread 0x05acc800 Threw 0x31876b40 at C:\re\jdk7u51\527\hotspot\src\share\vm\prims\jvm.cpp:1244
Event: 3.659 Thread 0x05acc800 Threw 0x31876c58 at C:\re\jdk7u51\527\hotspot\src\share\vm\prims\jvm.cpp:1244
Event: 3.660 Thread 0x05acc800 Threw 0x31879f90 at C:\re\jdk7u51\527\hotspot\src\share\vm\prims\jvm.cpp:1244
Event: 3.660 Thread 0x05acc800 Threw 0x3187a0a8 at C:\re\jdk7u51\527\hotspot\src\share\vm\prims\jvm.cpp:1244
Event: 4.166 Thread 0x05acc800 Threw 0x318e83a0 at C:\re\jdk7u51\527\hotspot\src\share\vm\prims\jni.cpp:717
Event: 4.179 Thread 0x05acc800 Threw 0x318e8538 at C:\re\jdk7u51\527\hotspot\src\share\vm\prims\jni.cpp:717
Event: 4.179 Thread 0x05acc800 Threw 0x318e86a0 at C:\re\jdk7u51\527\hotspot\src\share\vm\prims\jni.cpp:717
Event: 34.911 Thread 0x08bfc800 Threw 0x318f8948 at C:\re\jdk7u51\527\hotspot\src\share\vm\prims\jvm.cpp:1244
Event: 34.911 Thread 0x08bfc800 Threw 0x318f9a58 at C:\re\jdk7u51\527\hotspot\src\share\vm\prims\jvm.cpp:1244

Events (10 events):
Event: 34.915 loading class 0x08dc3f28
Event: 34.915 loading class 0x08dc3f28 done
Event: 34.915 loading class 0x08dc3ea0
Event: 34.915 loading class 0x08dc3ea0 done
Event: 34.915 loading class 0x08dc3988
Event: 34.915 loading class 0x08dc3988 done
Event: 34.915 loading class 0x08dc3948
Event: 34.915 loading class 0x08dc3948 done
Event: 34.915 loading class 0x08dc2ad8
Event: 34.915 loading class 0x08dc2ad8 done


Dynamic libraries:
0x010a0000 - 0x010ed000 	C:\Users\Mecánica\Documents\moz\FirefoxPortable\App\Firefox\firefox.exe
0x77260000 - 0x7739c000 	C:\Windows\SYSTEM32\ntdll.dll
0x75ad0000 - 0x75ba4000 	C:\Windows\system32\kernel32.dll
0x75530000 - 0x7557b000 	C:\Windows\system32\KERNELBASE.dll
0x69eb0000 - 0x6a81e000 	C:\Users\Mecánica\Documents\moz\FirefoxPortable\App\Firefox\xul.dll
0x6e7b0000 - 0x6e81f000 	C:\Users\Mecánica\Documents\moz\FirefoxPortable\App\Firefox\sqlite3.dll
0x69300000 - 0x693ae000 	C:\Users\Mecánica\Documents\moz\FirefoxPortable\App\Firefox\MOZCRT19.dll
0x760e0000 - 0x7618c000 	C:\Windows\system32\msvcrt.dll
0x69220000 - 0x692ce000 	C:\Users\Mecánica\Documents\moz\FirefoxPortable\App\Firefox\js3250.dll
0x600b0000 - 0x600e0000 	C:\Users\Mecánica\Documents\moz\FirefoxPortable\App\Firefox\nspr4.dll
0x76570000 - 0x76610000 	C:\Windows\system32\ADVAPI32.dll
0x75580000 - 0x75599000 	C:\Windows\SYSTEM32\sechost.dll
0x76420000 - 0x764c2000 	C:\Windows\system32\RPCRT4.dll
0x71370000 - 0x71377000 	C:\Windows\system32\WSOCK32.dll
0x760a0000 - 0x760d5000 	C:\Windows\system32\WS2_32.dll
0x773b0000 - 0x773b6000 	C:\Windows\system32\NSI.dll
0x73730000 - 0x73762000 	C:\Windows\system32\WINMM.dll
0x761a0000 - 0x76269000 	C:\Windows\system32\USER32.dll
0x76520000 - 0x7656e000 	C:\Windows\system32\GDI32.dll
0x773a0000 - 0x773aa000 	C:\Windows\system32\LPK.dll
0x773c0000 - 0x7745d000 	C:\Windows\system32\USP10.dll
0x60420000 - 0x60438000 	C:\Users\Mecánica\Documents\moz\FirefoxPortable\App\Firefox\smime3.dll
0x60340000 - 0x603da000 	C:\Users\Mecánica\Documents\moz\FirefoxPortable\App\Firefox\nss3.dll
0x603e0000 - 0x603f4000 	C:\Users\Mecánica\Documents\moz\FirefoxPortable\App\Firefox\nssutil3.dll
0x600f0000 - 0x600f7000 	C:\Users\Mecánica\Documents\moz\FirefoxPortable\App\Firefox\plc4.dll
0x600e0000 - 0x600e7000 	C:\Users\Mecánica\Documents\moz\FirefoxPortable\App\Firefox\plds4.dll
0x60400000 - 0x60420000 	C:\Users\Mecánica\Documents\moz\FirefoxPortable\App\Firefox\ssl3.dll
0x76610000 - 0x7725a000 	C:\Windows\system32\SHELL32.dll
0x763c0000 - 0x76417000 	C:\Windows\system32\SHLWAPI.dll
0x75630000 - 0x7578c000 	C:\Windows\system32\ole32.dll
0x74610000 - 0x74619000 	C:\Windows\system32\VERSION.dll
0x6ea50000 - 0x6eaa1000 	C:\Windows\system32\WINSPOOL.DRV
0x755a0000 - 0x7561b000 	C:\Windows\system32\COMDLG32.dll
0x74110000 - 0x742ae000 	C:\Windows\WinSxS\x86_microsoft.windows.common-controls_6595b64144ccf1df_6.0.7601.17514_none_41e6975e2bd6f2b2\COMCTL32.dll
0x75ab0000 - 0x75acf000 	C:\Windows\system32\IMM32.dll
0x75bb0000 - 0x75c7c000 	C:\Windows\system32\MSCTF.dll
0x714e0000 - 0x714e5000 	C:\Windows\system32\MSIMG32.dll
0x75930000 - 0x759bf000 	C:\Windows\system32\OLEAUT32.dll
0x714d0000 - 0x714d7000 	C:\Users\Mecánica\Documents\moz\FirefoxPortable\App\Firefox\xpcom.dll
0x68dc0000 - 0x68eab000 	C:\Windows\system32\dbghelp.dll
0x75170000 - 0x7517c000 	C:\Windows\system32\CRYPTBASE.dll
0x73f90000 - 0x73fd0000 	C:\Windows\system32\uxtheme.dll
0x75790000 - 0x7592d000 	C:\Windows\system32\SETUPAPI.dll
0x75370000 - 0x75397000 	C:\Windows\system32\CFGMGR32.dll
0x75340000 - 0x75352000 	C:\Windows\system32\DEVOBJ.dll
0x759c0000 - 0x75a43000 	C:\Windows\system32\CLBCatQ.DLL
0x73fd0000 - 0x740c5000 	C:\Windows\system32\propsys.dll
0x73c00000 - 0x73c21000 	C:\Windows\system32\ntmarta.dll
0x764d0000 - 0x76515000 	C:\Windows\system32\WLDAP32.dll
0x73c60000 - 0x73c73000 	C:\Windows\system32\dwmapi.dll
0x75250000 - 0x7525b000 	C:\Windows\system32\profapi.dll
0x714c0000 - 0x714c8000 	C:\Users\Mecánica\Documents\moz\FirefoxPortable\App\Firefox\components\browserdirprovider.dll
0x74c50000 - 0x74c8c000 	C:\Windows\system32\mswsock.dll
0x74790000 - 0x74795000 	C:\Windows\System32\wshtcpip.dll
0x72d70000 - 0x72d8c000 	C:\Windows\system32\iphlpapi.dll
0x72d60000 - 0x72d67000 	C:\Windows\system32\WINNSI.DLL
0x73080000 - 0x73090000 	C:\Windows\system32\NLAapi.dll
0x6eae0000 - 0x6eaf0000 	C:\Windows\system32\napinsp.dll
0x6eac0000 - 0x6ead2000 	C:\Windows\system32\pnrpnsp.dll
0x74b10000 - 0x74b54000 	C:\Windows\system32\DNSAPI.dll
0x6eab0000 - 0x6eab8000 	C:\Windows\System32\winrnr.dll
0x73ad0000 - 0x73c00000 	C:\Windows\system32\WindowsCodecs.dll
0x75120000 - 0x7516c000 	C:\Windows\system32\apphelp.dll
0x6f750000 - 0x6f781000 	C:\Windows\system32\EhStorShell.dll
0x6dae0000 - 0x6dee6000 	C:\PROGRA~1\MICROS~1\Office14\GROOVEEX.DLL
0x6e250000 - 0x6e2f3000 	C:\Windows\WinSxS\x86_microsoft.vc90.crt_1fc8b3b9a1e18e3b_9.0.30729.4940_none_50916076bcb9a742\MSVCR90.dll
0x6e1c0000 - 0x6e24e000 	C:\Windows\WinSxS\x86_microsoft.vc90.crt_1fc8b3b9a1e18e3b_9.0.30729.4940_none_50916076bcb9a742\MSVCP90.dll
0x6f720000 - 0x6f74b000 	C:\Windows\WinSxS\x86_microsoft.vc90.atl_1fc8b3b9a1e18e3b_9.0.30729.4148_none_51ca66a2bbe76806\ATL90.DLL
0x6d6c0000 - 0x6dada000 	C:\PROGRA~1\COMMON~1\MICROS~1\OFFICE14\Cultures\office.odf
0x6ce40000 - 0x6d6c0000 	C:\PROGRA~1\MICROS~1\Office14\3082\GrooveIntlResource.dll
0x6e150000 - 0x6e1ba000 	C:\Windows\System32\cscui.dll
0x6e140000 - 0x6e149000 	C:\Windows\System32\CSCDLL.dll
0x6f310000 - 0x6f31b000 	C:\Windows\system32\CSCAPI.dll
0x6e0d0000 - 0x6e140000 	C:\Windows\system32\ntshrui.dll
0x74f30000 - 0x74f49000 	C:\Windows\system32\srvcli.dll
0x73050000 - 0x7305a000 	C:\Windows\system32\slc.dll
0x74c90000 - 0x74ca7000 	C:\Windows\system32\CRYPTSP.dll
0x74a30000 - 0x74a6b000 	C:\Windows\system32\rsaenh.dll
0x751e0000 - 0x751ee000 	C:\Windows\system32\RpcRtRemote.dll
0x68b60000 - 0x68b83000 	C:\Users\Mecánica\Documents\moz\FirefoxPortable\App\Firefox\components\brwsrcmp.dll
0x602f0000 - 0x60316000 	C:\Users\Mecánica\Documents\moz\FirefoxPortable\App\Firefox\softokn3.dll
0x60320000 - 0x60338000 	C:\Users\Mecánica\Documents\moz\FirefoxPortable\App\Firefox\nssdbm3.dll
0x60440000 - 0x60481000 	C:\Users\Mecánica\Documents\moz\FirefoxPortable\App\Firefox\freebl3.dll
0x602a0000 - 0x602ec000 	C:\Users\Mecánica\Documents\moz\FirefoxPortable\App\Firefox\nssckbi.dll
0x68af0000 - 0x68b1b000 	C:\Program Files\Java\jre7\bin\plugin2\npjp2.dll
0x68a30000 - 0x68aef000 	C:\Windows\system32\MSVCR100.dll
0x686b0000 - 0x68a30000 	C:\PROGRA~1\Java\jre7\bin\client\jvm.dll
0x76190000 - 0x76195000 	C:\Windows\system32\PSAPI.DLL
0x6fb40000 - 0x6fb4c000 	C:\PROGRA~1\Java\jre7\bin\verify.dll
0x6fa20000 - 0x6fa40000 	C:\PROGRA~1\Java\jre7\bin\java.dll
0x68690000 - 0x686a3000 	C:\PROGRA~1\Java\jre7\bin\zip.dll
0x74c40000 - 0x74c46000 	C:\Windows\System32\wship6.dll
0x6ff00000 - 0x6ff06000 	C:\Windows\system32\rasadhlp.dll
0x72b00000 - 0x72b38000 	C:\Windows\System32\fwpuclnt.dll
0x685d0000 - 0x6868f000 	C:\Program Files\Java\jre7\bin\msvcr100.dll
0x676a0000 - 0x676fc000 	C:\Program Files\Java\jre7\bin\deploy.dll
0x75ec0000 - 0x76095000 	C:\Windows\system32\WININET.dll
0x753c0000 - 0x753c4000 	C:\Windows\system32\api-ms-win-downlevel-user32-l1-1-0.dll
0x752a0000 - 0x752a4000 	C:\Windows\system32\api-ms-win-downlevel-shlwapi-l1-1-0.dll
0x753d0000 - 0x753d4000 	C:\Windows\system32\api-ms-win-downlevel-version-l1-1-0.dll
0x75360000 - 0x75363000 	C:\Windows\system32\api-ms-win-downlevel-normaliz-l1-1-0.dll
0x75620000 - 0x75623000 	C:\Windows\system32\normaliz.DLL
0x75c80000 - 0x75eb2000 	C:\Windows\system32\iertutil.dll
0x753b0000 - 0x753b5000 	C:\Windows\system32\api-ms-win-downlevel-advapi32-l1-1-0.dll
0x75510000 - 0x75527000 	C:\Windows\system32\USERENV.dll
0x76270000 - 0x763ba000 	C:\Windows\system32\urlmon.dll
0x753a0000 - 0x753a4000 	C:\Windows\system32\api-ms-win-downlevel-ole32-l1-1-0.dll
0x6e750000 - 0x6e756000 	C:\Program Files\Java\jre7\bin\jp2native.dll
0x685b0000 - 0x685c4000 	C:\Program Files\Java\jre7\bin\net.dll
0x6bd20000 - 0x6bd2f000 	C:\Program Files\Java\jre7\bin\nio.dll
0x6ce10000 - 0x6ce3f000 	C:\Windows\system32\shdocvw.dll
0x673b0000 - 0x673d0000 	C:\Program Files\Java\jre7\bin\sunec.dll
0x673a0000 - 0x673a9000 	C:\Program Files\Java\jre7\bin\sunmscapi.dll
0x753e0000 - 0x75501000 	C:\Windows\system32\CRYPT32.dll
0x75260000 - 0x7526c000 	C:\Windows\system32\MSASN1.dll

VM Arguments:
jvm_args: -Xbootclasspath/a:C:\PROGRA~1\Java\jre7\lib\deploy.jar;C:\PROGRA~1\Java\jre7\lib\javaws.jar;C:\PROGRA~1\Java\jre7\lib\plugin.jar -Xmx32m -Djava.awt.headless=true -XX:MaxDirectMemorySize=64m 
java_command: <unknown>
Launcher Type: generic

Environment Variables:
PATH=C:\Program Files\Mozilla Firefox;C:\Windows\system32;C:\Windows;C:\Windows\System32\Wbem;C:\Windows\System32\WindowsPowerShell\v1.0\;C:\Program Files\Intel\DMIX
USERNAME=Mecánica
OS=Windows_NT
PROCESSOR_IDENTIFIER=x86 Family 6 Model 37 Stepping 2, GenuineIntel



---------------  S Y S T E M  ---------------

OS: Windows 7 Build 7601 Service Pack 1

CPU:total 4 (2 cores per cpu, 2 threads per core) family 6 model 37 stepping 2, cmov, cx8, fxsr, mmx, sse, sse2, sse3, ssse3, sse4.1, sse4.2, popcnt, ht, tsc, tscinvbit

Memory: 4k page, physical 3005740k(2155964k free), swap 6009732k(5061408k free)

vm_info: Java HotSpot(TM) Client VM (24.51-b03) for windows-x86 JRE (1.7.0_51-b13), built on Dec 18 2013 19:09:58 by "java_re" with unknown MS VC++:1600

time: Tue Mar 10 17:41:31 2015
elapsed time: 35 seconds

