#
# A fatal error has been detected by the Java Runtime Environment:
#
#  EXCEPTION_ACCESS_VIOLATION (0xc0000005) at pc=0x00000001, pid=3176, tid=2880
#
# JRE version: Java(TM) SE Runtime Environment (7.0_51-b13) (build 1.7.0_51-b13)
# Java VM: Java HotSpot(TM) Client VM (24.51-b03 mixed mode, sharing windows-x86 )
# Problematic frame:
# C  0x00000001
#
# Failed to write core dump. Minidumps are not enabled by default on client versions of Windows
#
# If you would like to submit a bug report, please visit:
#   http://bugreport.sun.com/bugreport/crash.jsp
# The crash happened outside the Java Virtual Machine in native code.
# See problematic frame for where to report the bug.
#

---------------  T H R E A D  ---------------

Current thread (0x08e66400):  JavaThread "Thread-2" [_thread_in_native, id=2880, stack(0x00160000,0x00260000)]

siginfo: ExceptionCode=0xc0000005, ExceptionInformation=0x00000008 0x00000001

Registers:
EAX=0x67138ff8, EBX=0x00000000, ECX=0x0025f660, EDX=0x0467ba14
ESP=0x0025f628, EBP=0x0025f658, ESI=0x08e66530, EDI=0x04e8bb98
EIP=0x00000001, EFLAGS=0x00210246

Top of Stack: (sp=0x0025f628)
0x0025f628:   716d80d1 04e8bb98 000001f6 0469da58
0x0025f638:   0025f660 0025f654 08e66400 337a5258
0x0025f648:   337a5258 0469da58 00000000 00000000
0x0025f658:   0025f668 716d9198 00000000 0025f6b8
0x0025f668:   0025f6a8 0616a9dd 08e66530 0025f6c4
0x0025f678:   04e8bb98 00000000 0025f6b8 0467ba2c
0x0025f688:   0025f688 337a5258 0025f6c4 337ad2b0
0x0025f698:   00000000 337a5258 00000000 0025f6b8 

Instructions: (pc=0x00000001)
0xffffffe1:   


Register to memory mapping:

EAX=0x67138ff8 is an unknown value
EBX=0x00000000 is an unknown value
ECX=0x0025f660 is pointing into the stack for thread: 0x08e66400
EDX=0x0467ba14 is an unknown value
ESP=0x0025f628 is pointing into the stack for thread: 0x08e66400
EBP=0x0025f658 is pointing into the stack for thread: 0x08e66400
ESI=0x08e66530 is an unknown value
EDI=0x04e8bb98 is an unknown value


Stack: [0x00160000,0x00260000],  sp=0x0025f628,  free space=1021k
Native frames: (J=compiled Java code, j=interpreted, Vv=VM code, C=native code)
C  0x00000001
C  [npjp2.dll+0x9198]
j  sun.plugin2.main.server.MozillaPlugin.getProxy0(JLjava/lang/String;)Ljava/lang/String;+0
j  sun.plugin2.main.server.MozillaPlugin.getProxy(Ljava/lang/String;)Ljava/lang/String;+17
j  sun.plugin2.main.server.MozillaBrowserService$MozillaProxyHandler.findProxyForURL(Ljava/lang/String;)Ljava/lang/String;+7
j  com.sun.deploy.net.proxy.AbstractBrowserProxyHandler.getProxyInfo(Ljava/net/URL;)[Lcom/sun/deploy/net/proxy/ProxyInfo;+5
j  com.sun.deploy.net.proxy.DynamicProxyManager.getProxyList(Ljava/net/URL;Z)Ljava/util/List;+113
j  sun.plugin2.main.server.ProxySupport.getProxyReply(Lsun/plugin2/main/server/Plugin;Lsun/plugin2/message/GetProxyMessage;)Lsun/plugin2/message/ProxyReplyMessage;+20
j  sun.plugin2.main.server.JVMInstance$1.run()V+26
j  sun.plugin2.main.server.MozillaPlugin$RunnableWrapper.run()V+4
j  sun.plugin2.main.server.MozillaPlugin.drainRunnableQueue()V+39
j  sun.plugin2.main.server.MozillaPlugin.access$000(Lsun/plugin2/main/server/MozillaPlugin;)V+1
j  sun.plugin2.main.server.MozillaPlugin$DrainRunnableQueue.run()V+4
v  ~StubRoutines::call_stub
V  [jvm.dll+0x13f35a]
V  [jvm.dll+0x202c6e]
V  [jvm.dll+0x13f3dd]
V  [jvm.dll+0xc9bc2]
V  [jvm.dll+0xcd813]
C  [npjp2.dll+0x203f]
C  [xul.dll+0x58de1e]

Java frames: (J=compiled Java code, j=interpreted, Vv=VM code)
j  sun.plugin2.main.server.MozillaPlugin.getProxy0(JLjava/lang/String;)Ljava/lang/String;+0
j  sun.plugin2.main.server.MozillaPlugin.getProxy(Ljava/lang/String;)Ljava/lang/String;+17
j  sun.plugin2.main.server.MozillaBrowserService$MozillaProxyHandler.findProxyForURL(Ljava/lang/String;)Ljava/lang/String;+7
j  com.sun.deploy.net.proxy.AbstractBrowserProxyHandler.getProxyInfo(Ljava/net/URL;)[Lcom/sun/deploy/net/proxy/ProxyInfo;+5
j  com.sun.deploy.net.proxy.DynamicProxyManager.getProxyList(Ljava/net/URL;Z)Ljava/util/List;+113
j  sun.plugin2.main.server.ProxySupport.getProxyReply(Lsun/plugin2/main/server/Plugin;Lsun/plugin2/message/GetProxyMessage;)Lsun/plugin2/message/ProxyReplyMessage;+20
j  sun.plugin2.main.server.JVMInstance$1.run()V+26
j  sun.plugin2.main.server.MozillaPlugin$RunnableWrapper.run()V+4
j  sun.plugin2.main.server.MozillaPlugin.drainRunnableQueue()V+39
j  sun.plugin2.main.server.MozillaPlugin.access$000(Lsun/plugin2/main/server/MozillaPlugin;)V+1
j  sun.plugin2.main.server.MozillaPlugin$DrainRunnableQueue.run()V+4
v  ~StubRoutines::call_stub

---------------  P R O C E S S  ---------------

Java Threads: ( => current thread )
  0x08dff400 JavaThread "Thread-5" daemon [_thread_blocked, id=1604, stack(0x0a310000,0x0a410000)]
  0x08e67000 JavaThread "Thread-4" daemon [_thread_in_Java, id=3860, stack(0x0a060000,0x0a160000)]
  0x08e66800 JavaThread "Thread-3" daemon [_thread_in_Java, id=2972, stack(0x04410000,0x04510000)]
=>0x08e66400 JavaThread "Thread-2" [_thread_in_native, id=2880, stack(0x00160000,0x00260000)]
  0x08e30c00 JavaThread "JVM[id=1]-Heartbeat" [_thread_blocked, id=1684, stack(0x04020000,0x04120000)]
  0x08e62c00 JavaThread "JRE 1.7.0.51 Worker Thread" [_thread_blocked, id=4052, stack(0x09340000,0x09440000)]
  0x08e5c400 JavaThread "JRE 1.7.0.51 Output Reader Thread" [_thread_in_native, id=2248, stack(0x097b0000,0x098b0000)]
  0x08e5bc00 JavaThread "JRE 1.7.0.51 Output Reader Thread" [_thread_in_native, id=1492, stack(0x09680000,0x09780000)]
  0x08e5b000 JavaThread "Thread-1" [_thread_in_native, id=264, stack(0x09490000,0x09590000)]
  0x08e56800 JavaThread "Java Plug-In Pipe Worker Thread (Server-Side)" daemon [_thread_in_native, id=3948, stack(0x08810000,0x08910000)]
  0x08da1c00 JavaThread "Thread-0" daemon [_thread_blocked, id=1228, stack(0x09210000,0x09310000)]
  0x0469fc00 JavaThread "traceMsgQueueThread" daemon [_thread_blocked, id=3312, stack(0x09050000,0x09150000)]
  0x04675400 JavaThread "Service Thread" daemon [_thread_blocked, id=2348, stack(0x08a60000,0x08b60000)]
  0x04670800 JavaThread "C1 CompilerThread0" daemon [_thread_blocked, id=1108, stack(0x08930000,0x08a30000)]
  0x0466d400 JavaThread "Attach Listener" daemon [_thread_blocked, id=2296, stack(0x082d0000,0x083d0000)]
  0x0466a000 JavaThread "Signal Dispatcher" daemon [_thread_blocked, id=3168, stack(0x086b0000,0x087b0000)]
  0x045ff400 JavaThread "Finalizer" daemon [_thread_blocked, id=3576, stack(0x085a0000,0x086a0000)]
  0x045fdc00 JavaThread "Reference Handler" daemon [_thread_blocked, id=616, stack(0x08430000,0x08530000)]
  0x0335c800 JavaThread "main" [_thread_in_native, id=4008, stack(0x06060000,0x06160000)]

Other Threads:
  0x045fc000 VMThread [stack: 0x08190000,0x08290000] [id=1400]
  0x04686c00 WatcherThread [stack: 0x08c90000,0x08d90000] [id=1424]

VM state:not at safepoint (normal execution)

VM Mutex/Monitor currently owned by a thread: None

Heap
 def new generation   total 4928K, used 3150K [0x31790000, 0x31ce0000, 0x32230000)
  eden space 4416K,  59% used [0x31790000, 0x31a23970, 0x31be0000)
  from space 512K, 100% used [0x31be0000, 0x31c60000, 0x31c60000)
  to   space 512K,   0% used [0x31c60000, 0x31c60000, 0x31ce0000)
 tenured generation   total 10944K, used 1476K [0x32230000, 0x32ce0000, 0x33790000)
   the space 10944K,  13% used [0x32230000, 0x323a1248, 0x323a1400, 0x32ce0000)
 compacting perm gen  total 12288K, used 2571K [0x33790000, 0x34390000, 0x37790000)
   the space 12288K,  20% used [0x33790000, 0x33a13288, 0x33a13400, 0x34390000)
    ro space 10240K,  41% used [0x37790000, 0x37bc2050, 0x37bc2200, 0x38190000)
    rw space 12288K,  52% used [0x38190000, 0x387d6800, 0x387d6800, 0x38d90000)

Card table byte_map: [0x033a0000,0x033e0000] byte_map_base: 0x03214380

Polling page: 0x03370000

Code Cache  [0x06160000, 0x06260000, 0x08160000)
 total_blobs=430 nmethods=247 adapters=120 free_code_cache=31745Kb largest_free_block=32507840

Compilation events (10 events):
Event: 30.496 Thread 0x04670800  237             java.util.HashMap$HashIterator::<init> (63 bytes)
Event: 30.496 Thread 0x04670800 nmethod 237 0x0625ce48 code [0x0625cf40, 0x0625d030]
Event: 30.496 Thread 0x04670800  238             java.lang.String::equalsIgnoreCase (48 bytes)
Event: 30.497 Thread 0x04670800 nmethod 238 0x0625d108 code [0x0625d210, 0x0625d31c]
Event: 30.628 Thread 0x04670800  239             java.util.Properties::load0 (250 bytes)
Event: 30.628 Thread 0x04670800 nmethod 239 0x0625d408 code [0x0625d550, 0x0625d870]
Event: 30.638 Thread 0x04670800  240             java.lang.StringBuilder::<init> (7 bytes)
Event: 30.638 Thread 0x04670800 nmethod 240 0x0625dbc8 code [0x0625dcc0, 0x0625ddd0]
Event: 30.645 Thread 0x04670800  241             java.lang.String::endsWith (17 bytes)
Event: 30.645 Thread 0x04670800 nmethod 241 0x0625de48 code [0x0625df50, 0x0625dffc]

GC Heap History (4 events):
Event: 30.278 GC heap before
{Heap before GC invocations=0 (full 0):
 def new generation   total 4928K, used 4416K [0x31790000, 0x31ce0000, 0x32230000)
  eden space 4416K, 100% used [0x31790000, 0x31be0000, 0x31be0000)
  from space 512K,   0% used [0x31be0000, 0x31be0000, 0x31c60000)
  to   space 512K,   0% used [0x31c60000, 0x31c60000, 0x31ce0000)
 tenured generation   total 10944K, used 0K [0x32230000, 0x32ce0000, 0x33790000)
   the space 10944K,   0% used [0x32230000, 0x32230000, 0x32230200, 0x32ce0000)
 compacting perm gen  total 12288K, used 1704K [0x33790000, 0x34390000, 0x37790000)
   the space 12288K,  13% used [0x33790000, 0x3393a108, 0x3393a200, 0x34390000)
    ro space 10240K,  41% used [0x37790000, 0x37bc2050, 0x37bc2200, 0x38190000)
    rw space 12288K,  52% used [0x38190000, 0x387d6800, 0x387d6800, 0x38d90000)
Event: 30.285 GC heap after
Heap after GC invocations=1 (full 0):
 def new generation   total 4928K, used 512K [0x31790000, 0x31ce0000, 0x32230000)
  eden space 4416K,   0% used [0x31790000, 0x31790000, 0x31be0000)
  from space 512K, 100% used [0x31c60000, 0x31ce0000, 0x31ce0000)
  to   space 512K,   0% used [0x31be0000, 0x31be0000, 0x31c60000)
 tenured generation   total 10944K, used 644K [0x32230000, 0x32ce0000, 0x33790000)
   the space 10944K,   5% used [0x32230000, 0x322d12a0, 0x322d1400, 0x32ce0000)
 compacting perm gen  total 12288K, used 1704K [0x33790000, 0x34390000, 0x37790000)
   the space 12288K,  13% used [0x33790000, 0x3393a108, 0x3393a200, 0x34390000)
    ro space 10240K,  41% used [0x37790000, 0x37bc2050, 0x37bc2200, 0x38190000)
    rw space 12288K,  52% used [0x38190000, 0x387d6800, 0x387d6800, 0x38d90000)
}
Event: 30.436 GC heap before
{Heap before GC invocations=1 (full 0):
 def new generation   total 4928K, used 4921K [0x31790000, 0x31ce0000, 0x32230000)
  eden space 4416K,  99% used [0x31790000, 0x31bde530, 0x31be0000)
  from space 512K, 100% used [0x31c60000, 0x31ce0000, 0x31ce0000)
  to   space 512K,   0% used [0x31be0000, 0x31be0000, 0x31c60000)
 tenured generation   total 10944K, used 644K [0x32230000, 0x32ce0000, 0x33790000)
   the space 10944K,   5% used [0x32230000, 0x322d12a0, 0x322d1400, 0x32ce0000)
 compacting perm gen  total 12288K, used 2270K [0x33790000, 0x34390000, 0x37790000)
   the space 12288K,  18% used [0x33790000, 0x339c7880, 0x339c7a00, 0x34390000)
    ro space 10240K,  41% used [0x37790000, 0x37bc2050, 0x37bc2200, 0x38190000)
    rw space 12288K,  52% used [0x38190000, 0x387d6800, 0x387d6800, 0x38d90000)
Event: 30.442 GC heap after
Heap after GC invocations=2 (full 0):
 def new generation   total 4928K, used 512K [0x31790000, 0x31ce0000, 0x32230000)
  eden space 4416K,   0% used [0x31790000, 0x31790000, 0x31be0000)
  from space 512K, 100% used [0x31be0000, 0x31c60000, 0x31c60000)
  to   space 512K,   0% used [0x31c60000, 0x31c60000, 0x31ce0000)
 tenured generation   total 10944K, used 1476K [0x32230000, 0x32ce0000, 0x33790000)
   the space 10944K,  13% used [0x32230000, 0x323a1248, 0x323a1400, 0x32ce0000)
 compacting perm gen  total 12288K, used 2270K [0x33790000, 0x34390000, 0x37790000)
   the space 12288K,  18% used [0x33790000, 0x339c7880, 0x339c7a00, 0x34390000)
    ro space 10240K,  41% used [0x37790000, 0x37bc2050, 0x37bc2200, 0x38190000)
    rw space 12288K,  52% used [0x38190000, 0x387d6800, 0x387d6800, 0x38d90000)
}

Deoptimization events (0 events):
No events

Internal exceptions (10 events):
Event: 0.016 Thread 0x0335c800 Threw 0x31795750 at C:\re\jdk7u51\527\hotspot\src\share\vm\prims\jni.cpp:3991
Event: 0.174 Thread 0x0335c800 Threw 0x318609d0 at C:\re\jdk7u51\527\hotspot\src\share\vm\prims\jvm.cpp:1244
Event: 0.174 Thread 0x0335c800 Threw 0x31860ae8 at C:\re\jdk7u51\527\hotspot\src\share\vm\prims\jvm.cpp:1244
Event: 0.175 Thread 0x0335c800 Threw 0x31863e20 at C:\re\jdk7u51\527\hotspot\src\share\vm\prims\jvm.cpp:1244
Event: 0.175 Thread 0x0335c800 Threw 0x31863f38 at C:\re\jdk7u51\527\hotspot\src\share\vm\prims\jvm.cpp:1244
Event: 0.239 Thread 0x0335c800 Threw 0x318d22d0 at C:\re\jdk7u51\527\hotspot\src\share\vm\prims\jni.cpp:717
Event: 0.239 Thread 0x0335c800 Threw 0x318d2468 at C:\re\jdk7u51\527\hotspot\src\share\vm\prims\jni.cpp:717
Event: 0.239 Thread 0x0335c800 Threw 0x318d25d0 at C:\re\jdk7u51\527\hotspot\src\share\vm\prims\jni.cpp:717
Event: 30.645 Thread 0x08e66400 Threw 0x319e6dd0 at C:\re\jdk7u51\527\hotspot\src\share\vm\prims\jvm.cpp:1244
Event: 30.645 Thread 0x08e66400 Threw 0x319e7ec8 at C:\re\jdk7u51\527\hotspot\src\share\vm\prims\jvm.cpp:1244

Events (10 events):
Event: 30.647 loading class 0x08f647b8
Event: 30.647 loading class 0x08f647b8 done
Event: 30.647 loading class 0x08f64730
Event: 30.647 loading class 0x08f64730 done
Event: 30.647 loading class 0x08f64218
Event: 30.647 loading class 0x08f64218 done
Event: 30.647 loading class 0x08f641d8
Event: 30.647 loading class 0x08f641d8 done
Event: 30.647 loading class 0x08f63368
Event: 30.647 loading class 0x08f63368 done


Dynamic libraries:
0x01170000 - 0x011bd000 	C:\Users\Mecánica\Documents\moz\FirefoxPortable\App\Firefox\firefox.exe
0x77970000 - 0x77aac000 	C:\Windows\SYSTEM32\ntdll.dll
0x77200000 - 0x772d4000 	C:\Windows\system32\kernel32.dll
0x759b0000 - 0x759fb000 	C:\Windows\system32\KERNELBASE.dll
0x66850000 - 0x671be000 	C:\Users\Mecánica\Documents\moz\FirefoxPortable\App\Firefox\xul.dll
0x71960000 - 0x719cf000 	C:\Users\Mecánica\Documents\moz\FirefoxPortable\App\Firefox\sqlite3.dll
0x718b0000 - 0x7195e000 	C:\Users\Mecánica\Documents\moz\FirefoxPortable\App\Firefox\MOZCRT19.dll
0x75d20000 - 0x75dcc000 	C:\Windows\system32\msvcrt.dll
0x71800000 - 0x718ae000 	C:\Users\Mecánica\Documents\moz\FirefoxPortable\App\Firefox\js3250.dll
0x600b0000 - 0x600e0000 	C:\Users\Mecánica\Documents\moz\FirefoxPortable\App\Firefox\nspr4.dll
0x75e20000 - 0x75ec0000 	C:\Windows\system32\ADVAPI32.dll
0x76050000 - 0x76069000 	C:\Windows\SYSTEM32\sechost.dll
0x75fa0000 - 0x76042000 	C:\Windows\system32\RPCRT4.dll
0x721d0000 - 0x721d7000 	C:\Windows\system32\WSOCK32.dll
0x75f60000 - 0x75f95000 	C:\Windows\system32\WS2_32.dll
0x77b90000 - 0x77b96000 	C:\Windows\system32\NSI.dll
0x73ad0000 - 0x73b02000 	C:\Windows\system32\WINMM.dll
0x778a0000 - 0x77969000 	C:\Windows\system32\USER32.dll
0x77ac0000 - 0x77b0e000 	C:\Windows\system32\GDI32.dll
0x77b10000 - 0x77b1a000 	C:\Windows\system32\LPK.dll
0x75ec0000 - 0x75f5d000 	C:\Windows\system32\USP10.dll
0x60420000 - 0x60438000 	C:\Users\Mecánica\Documents\moz\FirefoxPortable\App\Firefox\smime3.dll
0x60340000 - 0x603da000 	C:\Users\Mecánica\Documents\moz\FirefoxPortable\App\Firefox\nss3.dll
0x603e0000 - 0x603f4000 	C:\Users\Mecánica\Documents\moz\FirefoxPortable\App\Firefox\nssutil3.dll
0x600f0000 - 0x600f7000 	C:\Users\Mecánica\Documents\moz\FirefoxPortable\App\Firefox\plc4.dll
0x600e0000 - 0x600e7000 	C:\Users\Mecánica\Documents\moz\FirefoxPortable\App\Firefox\plds4.dll
0x60400000 - 0x60420000 	C:\Users\Mecánica\Documents\moz\FirefoxPortable\App\Firefox\ssl3.dll
0x765b0000 - 0x771fa000 	C:\Windows\system32\SHELL32.dll
0x76380000 - 0x763d7000 	C:\Windows\system32\SHLWAPI.dll
0x77480000 - 0x775dc000 	C:\Windows\system32\ole32.dll
0x74d20000 - 0x74d29000 	C:\Windows\system32\VERSION.dll
0x6ff80000 - 0x6ffd1000 	C:\Windows\system32\WINSPOOL.DRV
0x763e0000 - 0x7645b000 	C:\Windows\system32\COMDLG32.dll
0x74820000 - 0x749be000 	C:\Windows\WinSxS\x86_microsoft.windows.common-controls_6595b64144ccf1df_6.0.7601.17514_none_41e6975e2bd6f2b2\COMCTL32.dll
0x777f0000 - 0x7780f000 	C:\Windows\system32\IMM32.dll
0x76070000 - 0x7613c000 	C:\Windows\system32\MSCTF.dll
0x735e0000 - 0x735e5000 	C:\Windows\system32\MSIMG32.dll
0x75c90000 - 0x75d1f000 	C:\Windows\system32\OLEAUT32.dll
0x73510000 - 0x73517000 	C:\Users\Mecánica\Documents\moz\FirefoxPortable\App\Firefox\xpcom.dll
0x6ef40000 - 0x6f02b000 	C:\Windows\system32\dbghelp.dll
0x75880000 - 0x7588c000 	C:\Windows\system32\CRYPTBASE.dll
0x746a0000 - 0x746e0000 	C:\Windows\system32\uxtheme.dll
0x772e0000 - 0x7747d000 	C:\Windows\system32\SETUPAPI.dll
0x75b80000 - 0x75ba7000 	C:\Windows\system32\CFGMGR32.dll
0x75990000 - 0x759a2000 	C:\Windows\system32\DEVOBJ.dll
0x77810000 - 0x77893000 	C:\Windows\system32\CLBCatQ.DLL
0x746e0000 - 0x747d5000 	C:\Windows\system32\propsys.dll
0x74310000 - 0x74331000 	C:\Windows\system32\ntmarta.dll
0x75dd0000 - 0x75e15000 	C:\Windows\system32\WLDAP32.dll
0x74370000 - 0x74383000 	C:\Windows\system32\dwmapi.dll
0x75960000 - 0x7596b000 	C:\Windows\system32\profapi.dll
0x721c0000 - 0x721c8000 	C:\Users\Mecánica\Documents\moz\FirefoxPortable\App\Firefox\components\browserdirprovider.dll
0x75360000 - 0x7539c000 	C:\Windows\system32\mswsock.dll
0x74ea0000 - 0x74ea5000 	C:\Windows\System32\wshtcpip.dll
0x736c0000 - 0x736dc000 	C:\Windows\system32\iphlpapi.dll
0x736a0000 - 0x736a7000 	C:\Windows\system32\WINNSI.DLL
0x73920000 - 0x73930000 	C:\Windows\system32\NLAapi.dll
0x701c0000 - 0x701d0000 	C:\Windows\system32\napinsp.dll
0x701a0000 - 0x701b2000 	C:\Windows\system32\pnrpnsp.dll
0x75220000 - 0x75264000 	C:\Windows\system32\DNSAPI.dll
0x70190000 - 0x70198000 	C:\Windows\System32\winrnr.dll
0x741e0000 - 0x74310000 	C:\Windows\system32\WindowsCodecs.dll
0x75830000 - 0x7587c000 	C:\Windows\system32\apphelp.dll
0x6e090000 - 0x6e0c1000 	C:\Windows\system32\EhStorShell.dll
0x6d870000 - 0x6dc76000 	C:\PROGRA~1\MICROS~1\Office14\GROOVEEX.DLL
0x6dfe0000 - 0x6e083000 	C:\Windows\WinSxS\x86_microsoft.vc90.crt_1fc8b3b9a1e18e3b_9.0.30729.4940_none_50916076bcb9a742\MSVCR90.dll
0x6df50000 - 0x6dfde000 	C:\Windows\WinSxS\x86_microsoft.vc90.crt_1fc8b3b9a1e18e3b_9.0.30729.4940_none_50916076bcb9a742\MSVCP90.dll
0x6df20000 - 0x6df4b000 	C:\Windows\WinSxS\x86_microsoft.vc90.atl_1fc8b3b9a1e18e3b_9.0.30729.4148_none_51ca66a2bbe76806\ATL90.DLL
0x6d450000 - 0x6d86a000 	C:\PROGRA~1\COMMON~1\MICROS~1\OFFICE14\Cultures\office.odf
0x6cbd0000 - 0x6d450000 	C:\PROGRA~1\MICROS~1\Office14\3082\GrooveIntlResource.dll
0x6deb0000 - 0x6df1a000 	C:\Windows\System32\cscui.dll
0x6dea0000 - 0x6dea9000 	C:\Windows\System32\CSCDLL.dll
0x6f8c0000 - 0x6f8cb000 	C:\Windows\system32\CSCAPI.dll
0x6de30000 - 0x6dea0000 	C:\Windows\system32\ntshrui.dll
0x75640000 - 0x75659000 	C:\Windows\system32\srvcli.dll
0x737e0000 - 0x737ea000 	C:\Windows\system32\slc.dll
0x753a0000 - 0x753b7000 	C:\Windows\system32\CRYPTSP.dll
0x75140000 - 0x7517b000 	C:\Windows\system32\rsaenh.dll
0x758f0000 - 0x758fe000 	C:\Windows\system32\RpcRtRemote.dll
0x71700000 - 0x71723000 	C:\Users\Mecánica\Documents\moz\FirefoxPortable\App\Firefox\components\brwsrcmp.dll
0x602f0000 - 0x60316000 	C:\Users\Mecánica\Documents\moz\FirefoxPortable\App\Firefox\softokn3.dll
0x60320000 - 0x60338000 	C:\Users\Mecánica\Documents\moz\FirefoxPortable\App\Firefox\nssdbm3.dll
0x60440000 - 0x60481000 	C:\Users\Mecánica\Documents\moz\FirefoxPortable\App\Firefox\freebl3.dll
0x602a0000 - 0x602ec000 	C:\Users\Mecánica\Documents\moz\FirefoxPortable\App\Firefox\nssckbi.dll
0x75350000 - 0x75356000 	C:\Windows\System32\wship6.dll
0x70720000 - 0x70726000 	C:\Windows\system32\rasadhlp.dll
0x734b0000 - 0x734e8000 	C:\Windows\System32\fwpuclnt.dll
0x716d0000 - 0x716fb000 	C:\Program Files\Java\jre7\bin\plugin2\npjp2.dll
0x71610000 - 0x716cf000 	C:\Windows\system32\MSVCR100.dll
0x71290000 - 0x71610000 	C:\PROGRA~1\Java\jre7\bin\client\jvm.dll
0x77ab0000 - 0x77ab5000 	C:\Windows\system32\PSAPI.DLL
0x734f0000 - 0x734fc000 	C:\PROGRA~1\Java\jre7\bin\verify.dll
0x71270000 - 0x71290000 	C:\PROGRA~1\Java\jre7\bin\java.dll
0x71250000 - 0x71263000 	C:\PROGRA~1\Java\jre7\bin\zip.dll
0x704f0000 - 0x705af000 	C:\Program Files\Java\jre7\bin\msvcr100.dll
0x711f0000 - 0x7124c000 	C:\Program Files\Java\jre7\bin\deploy.dll
0x77610000 - 0x777e5000 	C:\Windows\system32\WININET.dll
0x75b70000 - 0x75b74000 	C:\Windows\system32\api-ms-win-downlevel-user32-l1-1-0.dll
0x75b60000 - 0x75b64000 	C:\Windows\system32\api-ms-win-downlevel-shlwapi-l1-1-0.dll
0x75bb0000 - 0x75bb4000 	C:\Windows\system32\api-ms-win-downlevel-version-l1-1-0.dll
0x75b50000 - 0x75b53000 	C:\Windows\system32\api-ms-win-downlevel-normaliz-l1-1-0.dll
0x77b20000 - 0x77b23000 	C:\Windows\system32\normaliz.DLL
0x76140000 - 0x76372000 	C:\Windows\system32\iertutil.dll
0x75c80000 - 0x75c85000 	C:\Windows\system32\api-ms-win-downlevel-advapi32-l1-1-0.dll
0x75a00000 - 0x75a17000 	C:\Windows\system32\USERENV.dll
0x76460000 - 0x765aa000 	C:\Windows\system32\urlmon.dll
0x75980000 - 0x75984000 	C:\Windows\system32\api-ms-win-downlevel-ole32-l1-1-0.dll
0x719d0000 - 0x719d6000 	C:\Program Files\Java\jre7\bin\jp2native.dll
0x711d0000 - 0x711e4000 	C:\Program Files\Java\jre7\bin\net.dll
0x711c0000 - 0x711cf000 	C:\Program Files\Java\jre7\bin\nio.dll
0x6dd20000 - 0x6dd4f000 	C:\Windows\system32\shdocvw.dll
0x704d0000 - 0x704f0000 	C:\Program Files\Java\jre7\bin\sunec.dll
0x70390000 - 0x70399000 	C:\Program Files\Java\jre7\bin\sunmscapi.dll
0x75a20000 - 0x75b41000 	C:\Windows\system32\CRYPT32.dll
0x75970000 - 0x7597c000 	C:\Windows\system32\MSASN1.dll

VM Arguments:
jvm_args: -Xbootclasspath/a:C:\PROGRA~1\Java\jre7\lib\deploy.jar;C:\PROGRA~1\Java\jre7\lib\javaws.jar;C:\PROGRA~1\Java\jre7\lib\plugin.jar -Xmx32m -Djava.awt.headless=true -XX:MaxDirectMemorySize=64m 
java_command: <unknown>
Launcher Type: generic

Environment Variables:
PATH=C:\Program Files\Mozilla Firefox;C:\Windows\system32;C:\Windows;C:\Windows\System32\Wbem;C:\Windows\System32\WindowsPowerShell\v1.0\;C:\Program Files\Intel\DMIX
USERNAME=Mecánica
OS=Windows_NT
PROCESSOR_IDENTIFIER=x86 Family 6 Model 37 Stepping 2, GenuineIntel



---------------  S Y S T E M  ---------------

OS: Windows 7 Build 7601 Service Pack 1

CPU:total 4 (2 cores per cpu, 2 threads per core) family 6 model 37 stepping 2, cmov, cx8, fxsr, mmx, sse, sse2, sse3, ssse3, sse4.1, sse4.2, popcnt, ht, tsc, tscinvbit

Memory: 4k page, physical 3005740k(1947072k free), swap 6009732k(5003720k free)

vm_info: Java HotSpot(TM) Client VM (24.51-b03) for windows-x86 JRE (1.7.0_51-b13), built on Dec 18 2013 19:09:58 by "java_re" with unknown MS VC++:1600

time: Thu Feb 26 07:37:48 2015
elapsed time: 30 seconds

