#
# A fatal error has been detected by the Java Runtime Environment:
#
#  EXCEPTION_ACCESS_VIOLATION (0xc0000005) at pc=0x00000001, pid=3988, tid=3432
#
# JRE version: Java(TM) SE Runtime Environment (7.0_51-b13) (build 1.7.0_51-b13)
# Java VM: Java HotSpot(TM) Client VM (24.51-b03 mixed mode, sharing windows-x86 )
# Problematic frame:
# C  0x00000001
#
# Failed to write core dump. Minidumps are not enabled by default on client versions of Windows
#
# If you would like to submit a bug report, please visit:
#   http://bugreport.sun.com/bugreport/crash.jsp
# The crash happened outside the Java Virtual Machine in native code.
# See problematic frame for where to report the bug.
#

---------------  T H R E A D  ---------------

Current thread (0x09167400):  JavaThread "Thread-2" [_thread_in_native, id=3432, stack(0x00140000,0x00240000)]

siginfo: ExceptionCode=0xc0000005, ExceptionInformation=0x00000008 0x00000001

Registers:
EAX=0x68ee8ff8, EBX=0x00000000, ECX=0x0023f090, EDX=0x06393724
ESP=0x0023f058, EBP=0x0023f088, ESI=0x09167530, EDI=0x05ae8b58
EIP=0x00000001, EFLAGS=0x00210246

Top of Stack: (sp=0x0023f058)
0x0023f058:   70c180d1 05ae8b58 000001f6 063ada48
0x0023f068:   0023f090 0023f084 09167400 337a5258
0x0023f078:   337a5258 063ada48 00000000 00000000
0x0023f088:   0023f098 70c19198 00000000 0023f0e8
0x0023f098:   0023f0d8 063da9dd 09167530 0023f0f4
0x0023f0a8:   05ae8b58 00000000 0023f0e8 0639373c
0x0023f0b8:   0023f0b8 337a5258 0023f0f4 337ad2b0
0x0023f0c8:   00000000 337a5258 00000000 0023f0e8 

Instructions: (pc=0x00000001)
0xffffffe1:   


Register to memory mapping:

EAX=0x68ee8ff8 is an unknown value
EBX=0x00000000 is an unknown value
ECX=0x0023f090 is pointing into the stack for thread: 0x09167400
EDX=0x06393724 is an unknown value
ESP=0x0023f058 is pointing into the stack for thread: 0x09167400
EBP=0x0023f088 is pointing into the stack for thread: 0x09167400
ESI=0x09167530 is an unknown value
EDI=0x05ae8b58 is an unknown value


Stack: [0x00140000,0x00240000],  sp=0x0023f058,  free space=1020k
Native frames: (J=compiled Java code, j=interpreted, Vv=VM code, C=native code)
C  0x00000001
C  [npjp2.dll+0x9198]
j  sun.plugin2.main.server.MozillaPlugin.getProxy0(JLjava/lang/String;)Ljava/lang/String;+0
j  sun.plugin2.main.server.MozillaPlugin.getProxy(Ljava/lang/String;)Ljava/lang/String;+17
j  sun.plugin2.main.server.MozillaBrowserService$MozillaProxyHandler.findProxyForURL(Ljava/lang/String;)Ljava/lang/String;+7
j  com.sun.deploy.net.proxy.AbstractBrowserProxyHandler.getProxyInfo(Ljava/net/URL;)[Lcom/sun/deploy/net/proxy/ProxyInfo;+5
j  com.sun.deploy.net.proxy.DynamicProxyManager.getProxyList(Ljava/net/URL;Z)Ljava/util/List;+113
j  sun.plugin2.main.server.ProxySupport.getProxyReply(Lsun/plugin2/main/server/Plugin;Lsun/plugin2/message/GetProxyMessage;)Lsun/plugin2/message/ProxyReplyMessage;+20
j  sun.plugin2.main.server.JVMInstance$1.run()V+26
j  sun.plugin2.main.server.MozillaPlugin$RunnableWrapper.run()V+4
j  sun.plugin2.main.server.MozillaPlugin.drainRunnableQueue()V+39
j  sun.plugin2.main.server.MozillaPlugin.access$000(Lsun/plugin2/main/server/MozillaPlugin;)V+1
j  sun.plugin2.main.server.MozillaPlugin$DrainRunnableQueue.run()V+4
v  ~StubRoutines::call_stub
V  [jvm.dll+0x13f35a]
V  [jvm.dll+0x202c6e]
V  [jvm.dll+0x13f3dd]
V  [jvm.dll+0xc9bc2]
V  [jvm.dll+0xcd813]
C  [npjp2.dll+0x203f]
C  [xul.dll+0x58de1e]

Java frames: (J=compiled Java code, j=interpreted, Vv=VM code)
j  sun.plugin2.main.server.MozillaPlugin.getProxy0(JLjava/lang/String;)Ljava/lang/String;+0
j  sun.plugin2.main.server.MozillaPlugin.getProxy(Ljava/lang/String;)Ljava/lang/String;+17
j  sun.plugin2.main.server.MozillaBrowserService$MozillaProxyHandler.findProxyForURL(Ljava/lang/String;)Ljava/lang/String;+7
j  com.sun.deploy.net.proxy.AbstractBrowserProxyHandler.getProxyInfo(Ljava/net/URL;)[Lcom/sun/deploy/net/proxy/ProxyInfo;+5
j  com.sun.deploy.net.proxy.DynamicProxyManager.getProxyList(Ljava/net/URL;Z)Ljava/util/List;+113
j  sun.plugin2.main.server.ProxySupport.getProxyReply(Lsun/plugin2/main/server/Plugin;Lsun/plugin2/message/GetProxyMessage;)Lsun/plugin2/message/ProxyReplyMessage;+20
j  sun.plugin2.main.server.JVMInstance$1.run()V+26
j  sun.plugin2.main.server.MozillaPlugin$RunnableWrapper.run()V+4
j  sun.plugin2.main.server.MozillaPlugin.drainRunnableQueue()V+39
j  sun.plugin2.main.server.MozillaPlugin.access$000(Lsun/plugin2/main/server/MozillaPlugin;)V+1
j  sun.plugin2.main.server.MozillaPlugin$DrainRunnableQueue.run()V+4
v  ~StubRoutines::call_stub

---------------  P R O C E S S  ---------------

Java Threads: ( => current thread )
  0x090e9000 JavaThread "Thread-5" daemon [_thread_in_Java, id=2360, stack(0x09ef0000,0x09ff0000)]
  0x09168000 JavaThread "Thread-4" daemon [_thread_blocked, id=3972, stack(0x03fe0000,0x040e0000)]
  0x09167c00 JavaThread "Thread-3" daemon [_thread_blocked, id=2560, stack(0x09790000,0x09890000)]
=>0x09167400 JavaThread "Thread-2" [_thread_in_native, id=3432, stack(0x00140000,0x00240000)]
  0x09131c00 JavaThread "JVM[id=1]-Heartbeat" [_thread_blocked, id=2276, stack(0x03b50000,0x03c50000)]
  0x09164000 JavaThread "JRE 1.7.0.51 Worker Thread" [_thread_blocked, id=1084, stack(0x09600000,0x09700000)]
  0x0915d400 JavaThread "JRE 1.7.0.51 Output Reader Thread" [_thread_in_native, id=2668, stack(0x09a20000,0x09b20000)]
  0x0915c400 JavaThread "JRE 1.7.0.51 Output Reader Thread" [_thread_in_native, id=3760, stack(0x09cd0000,0x09dd0000)]
  0x0915c000 JavaThread "Thread-1" [_thread_in_native, id=896, stack(0x09b20000,0x09c20000)]
  0x09157800 JavaThread "Java Plug-In Pipe Worker Thread (Server-Side)" daemon [_thread_in_native, id=3124, stack(0x098f0000,0x099f0000)]
  0x090a1c00 JavaThread "Thread-0" daemon [_thread_blocked, id=2972, stack(0x09430000,0x09530000)]
  0x063afc00 JavaThread "traceMsgQueueThread" daemon [_thread_blocked, id=3640, stack(0x09300000,0x09400000)]
  0x0638e000 JavaThread "Service Thread" daemon [_thread_blocked, id=4080, stack(0x08e00000,0x08f00000)]
  0x06380800 JavaThread "C1 CompilerThread0" daemon [_thread_in_native, id=2356, stack(0x08bd0000,0x08cd0000)]
  0x0637d400 JavaThread "Attach Listener" daemon [_thread_blocked, id=2708, stack(0x089e0000,0x08ae0000)]
  0x0637a400 JavaThread "Signal Dispatcher" daemon [_thread_blocked, id=3756, stack(0x083e0000,0x084e0000)]
  0x0630f400 JavaThread "Finalizer" daemon [_thread_blocked, id=968, stack(0x087d0000,0x088d0000)]
  0x0630dc00 JavaThread "Reference Handler" daemon [_thread_blocked, id=3836, stack(0x08600000,0x08700000)]
  0x02fec800 JavaThread "main" [_thread_in_native, id=116, stack(0x061d0000,0x062d0000)]

Other Threads:
  0x0630c000 VMThread [stack: 0x084f0000,0x085f0000] [id=2004]
  0x063a0000 WatcherThread [stack: 0x08f90000,0x09090000] [id=2096]

VM state:not at safepoint (normal execution)

VM Mutex/Monitor currently owned by a thread:  ([mutex/lock_event])
[0x02feb188] CompiledIC_lock - owner thread: 0x00000000

Heap
 def new generation   total 4928K, used 3758K [0x31790000, 0x31ce0000, 0x32230000)
  eden space 4416K,  73% used [0x31790000, 0x31abb8b8, 0x31be0000)
  from space 512K, 100% used [0x31be0000, 0x31c60000, 0x31c60000)
  to   space 512K,   0% used [0x31c60000, 0x31c60000, 0x31ce0000)
 tenured generation   total 10944K, used 1476K [0x32230000, 0x32ce0000, 0x33790000)
   the space 10944K,  13% used [0x32230000, 0x323a13f8, 0x323a1400, 0x32ce0000)
 compacting perm gen  total 12288K, used 2636K [0x33790000, 0x34390000, 0x37790000)
   the space 12288K,  21% used [0x33790000, 0x33a23180, 0x33a23200, 0x34390000)
    ro space 10240K,  41% used [0x37790000, 0x37bc2050, 0x37bc2200, 0x38190000)
    rw space 12288K,  52% used [0x38190000, 0x387d6800, 0x387d6800, 0x38d90000)

Card table byte_map: [0x03210000,0x03250000] byte_map_base: 0x03084380

Polling page: 0x02fd0000

Code Cache  [0x063d0000, 0x064d8000, 0x083d0000)
 total_blobs=444 nmethods=261 adapters=120 free_code_cache=31717Kb largest_free_block=32478208

Compilation events (10 events):
Event: 30.477 Thread 0x06380800  236             java.lang.Math::min (46 bytes)
Event: 30.477 Thread 0x06380800 nmethod 236 0x064cca88 code [0x064ccb80, 0x064cccc0]
Event: 30.477 Thread 0x06380800  237             java.util.regex.Matcher::reset (83 bytes)
Event: 30.478 Thread 0x06380800 nmethod 237 0x064ccd08 code [0x064cce20, 0x064ccf6c]
Event: 30.478 Thread 0x06380800  238             java.util.HashMap$HashIterator::<init> (63 bytes)
Event: 30.478 Thread 0x06380800 nmethod 238 0x064cd148 code [0x064cd240, 0x064cd330]
Event: 30.478 Thread 0x06380800  239             java.lang.String::equalsIgnoreCase (48 bytes)
Event: 30.478 Thread 0x06380800 nmethod 239 0x064cd408 code [0x064cd510, 0x064cd61c]
Event: 30.558 Thread 0x06380800  240             java.util.Properties::load0 (250 bytes)
Event: 30.559 Thread 0x06380800 nmethod 240 0x064cd708 code [0x064cd850, 0x064cdb70]

GC Heap History (4 events):
Event: 30.219 GC heap before
{Heap before GC invocations=0 (full 0):
 def new generation   total 4928K, used 4416K [0x31790000, 0x31ce0000, 0x32230000)
  eden space 4416K, 100% used [0x31790000, 0x31be0000, 0x31be0000)
  from space 512K,   0% used [0x31be0000, 0x31be0000, 0x31c60000)
  to   space 512K,   0% used [0x31c60000, 0x31c60000, 0x31ce0000)
 tenured generation   total 10944K, used 0K [0x32230000, 0x32ce0000, 0x33790000)
   the space 10944K,   0% used [0x32230000, 0x32230000, 0x32230200, 0x32ce0000)
 compacting perm gen  total 12288K, used 1704K [0x33790000, 0x34390000, 0x37790000)
   the space 12288K,  13% used [0x33790000, 0x3393a108, 0x3393a200, 0x34390000)
    ro space 10240K,  41% used [0x37790000, 0x37bc2050, 0x37bc2200, 0x38190000)
    rw space 12288K,  52% used [0x38190000, 0x387d6800, 0x387d6800, 0x38d90000)
Event: 30.227 GC heap after
Heap after GC invocations=1 (full 0):
 def new generation   total 4928K, used 512K [0x31790000, 0x31ce0000, 0x32230000)
  eden space 4416K,   0% used [0x31790000, 0x31790000, 0x31be0000)
  from space 512K, 100% used [0x31c60000, 0x31ce0000, 0x31ce0000)
  to   space 512K,   0% used [0x31be0000, 0x31be0000, 0x31c60000)
 tenured generation   total 10944K, used 645K [0x32230000, 0x32ce0000, 0x33790000)
   the space 10944K,   5% used [0x32230000, 0x322d1480, 0x322d1600, 0x32ce0000)
 compacting perm gen  total 12288K, used 1704K [0x33790000, 0x34390000, 0x37790000)
   the space 12288K,  13% used [0x33790000, 0x3393a108, 0x3393a200, 0x34390000)
    ro space 10240K,  41% used [0x37790000, 0x37bc2050, 0x37bc2200, 0x38190000)
    rw space 12288K,  52% used [0x38190000, 0x387d6800, 0x387d6800, 0x38d90000)
}
Event: 30.404 GC heap before
{Heap before GC invocations=1 (full 0):
 def new generation   total 4928K, used 4928K [0x31790000, 0x31ce0000, 0x32230000)
  eden space 4416K, 100% used [0x31790000, 0x31be0000, 0x31be0000)
  from space 512K, 100% used [0x31c60000, 0x31ce0000, 0x31ce0000)
  to   space 512K,   0% used [0x31be0000, 0x31be0000, 0x31c60000)
 tenured generation   total 10944K, used 645K [0x32230000, 0x32ce0000, 0x33790000)
   the space 10944K,   5% used [0x32230000, 0x322d1480, 0x322d1600, 0x32ce0000)
 compacting perm gen  total 12288K, used 2270K [0x33790000, 0x34390000, 0x37790000)
   the space 12288K,  18% used [0x33790000, 0x339c7890, 0x339c7a00, 0x34390000)
    ro space 10240K,  41% used [0x37790000, 0x37bc2050, 0x37bc2200, 0x38190000)
    rw space 12288K,  52% used [0x38190000, 0x387d6800, 0x387d6800, 0x38d90000)
Event: 30.411 GC heap after
Heap after GC invocations=2 (full 0):
 def new generation   total 4928K, used 512K [0x31790000, 0x31ce0000, 0x32230000)
  eden space 4416K,   0% used [0x31790000, 0x31790000, 0x31be0000)
  from space 512K, 100% used [0x31be0000, 0x31c60000, 0x31c60000)
  to   space 512K,   0% used [0x31c60000, 0x31c60000, 0x31ce0000)
 tenured generation   total 10944K, used 1476K [0x32230000, 0x32ce0000, 0x33790000)
   the space 10944K,  13% used [0x32230000, 0x323a13f8, 0x323a1400, 0x32ce0000)
 compacting perm gen  total 12288K, used 2270K [0x33790000, 0x34390000, 0x37790000)
   the space 12288K,  18% used [0x33790000, 0x339c7890, 0x339c7a00, 0x34390000)
    ro space 10240K,  41% used [0x37790000, 0x37bc2050, 0x37bc2200, 0x38190000)
    rw space 12288K,  52% used [0x38190000, 0x387d6800, 0x387d6800, 0x38d90000)
}

Deoptimization events (0 events):
No events

Internal exceptions (10 events):
Event: 0.019 Thread 0x02fec800 Threw 0x317957a0 at C:\re\jdk7u51\527\hotspot\src\share\vm\prims\jni.cpp:3991
Event: 0.140 Thread 0x02fec800 Threw 0x31861010 at C:\re\jdk7u51\527\hotspot\src\share\vm\prims\jvm.cpp:1244
Event: 0.140 Thread 0x02fec800 Threw 0x31861128 at C:\re\jdk7u51\527\hotspot\src\share\vm\prims\jvm.cpp:1244
Event: 0.140 Thread 0x02fec800 Threw 0x31864440 at C:\re\jdk7u51\527\hotspot\src\share\vm\prims\jvm.cpp:1244
Event: 0.140 Thread 0x02fec800 Threw 0x31864558 at C:\re\jdk7u51\527\hotspot\src\share\vm\prims\jvm.cpp:1244
Event: 0.196 Thread 0x02fec800 Threw 0x318d2818 at C:\re\jdk7u51\527\hotspot\src\share\vm\prims\jni.cpp:717
Event: 0.196 Thread 0x02fec800 Threw 0x318d29b0 at C:\re\jdk7u51\527\hotspot\src\share\vm\prims\jni.cpp:717
Event: 0.196 Thread 0x02fec800 Threw 0x318d2b18 at C:\re\jdk7u51\527\hotspot\src\share\vm\prims\jni.cpp:717
Event: 30.576 Thread 0x09167400 Threw 0x319e6d70 at C:\re\jdk7u51\527\hotspot\src\share\vm\prims\jvm.cpp:1244
Event: 30.576 Thread 0x09167400 Threw 0x319e7e68 at C:\re\jdk7u51\527\hotspot\src\share\vm\prims\jvm.cpp:1244

Events (10 events):
Event: 30.578 loading class 0x09266b90
Event: 30.578 loading class 0x09266b90 done
Event: 30.578 loading class 0x09266b08
Event: 30.578 loading class 0x09266b08 done
Event: 30.578 loading class 0x092665f0
Event: 30.578 loading class 0x092665f0 done
Event: 30.578 loading class 0x092665b0
Event: 30.578 loading class 0x092665b0 done
Event: 30.578 loading class 0x09265740
Event: 30.578 loading class 0x09265740 done


Dynamic libraries:
0x013b0000 - 0x013fd000 	C:\Users\Mecánica\Documents\moz\FirefoxPortable\App\Firefox\firefox.exe
0x77d60000 - 0x77e9c000 	C:\Windows\SYSTEM32\ntdll.dll
0x765b0000 - 0x76684000 	C:\Windows\system32\kernel32.dll
0x75dd0000 - 0x75e1b000 	C:\Windows\system32\KERNELBASE.dll
0x68600000 - 0x68f6e000 	C:\Users\Mecánica\Documents\moz\FirefoxPortable\App\Firefox\xul.dll
0x70950000 - 0x709bf000 	C:\Users\Mecánica\Documents\moz\FirefoxPortable\App\Firefox\sqlite3.dll
0x708a0000 - 0x7094e000 	C:\Users\Mecánica\Documents\moz\FirefoxPortable\App\Firefox\MOZCRT19.dll
0x766e0000 - 0x7678c000 	C:\Windows\system32\msvcrt.dll
0x6ed20000 - 0x6edce000 	C:\Users\Mecánica\Documents\moz\FirefoxPortable\App\Firefox\js3250.dll
0x600b0000 - 0x600e0000 	C:\Users\Mecánica\Documents\moz\FirefoxPortable\App\Firefox\nspr4.dll
0x763a0000 - 0x76440000 	C:\Windows\system32\ADVAPI32.dll
0x76080000 - 0x76099000 	C:\Windows\SYSTEM32\sechost.dll
0x77ec0000 - 0x77f62000 	C:\Windows\system32\RPCRT4.dll
0x71940000 - 0x71947000 	C:\Windows\system32\WSOCK32.dll
0x76570000 - 0x765a5000 	C:\Windows\system32\WS2_32.dll
0x773e0000 - 0x773e6000 	C:\Windows\system32\NSI.dll
0x74510000 - 0x74542000 	C:\Windows\system32\WINMM.dll
0x764a0000 - 0x76569000 	C:\Windows\system32\USER32.dll
0x76690000 - 0x766de000 	C:\Windows\system32\GDI32.dll
0x76390000 - 0x7639a000 	C:\Windows\system32\LPK.dll
0x77580000 - 0x7761d000 	C:\Windows\system32\USP10.dll
0x60420000 - 0x60438000 	C:\Users\Mecánica\Documents\moz\FirefoxPortable\App\Firefox\smime3.dll
0x60340000 - 0x603da000 	C:\Users\Mecánica\Documents\moz\FirefoxPortable\App\Firefox\nss3.dll
0x603e0000 - 0x603f4000 	C:\Users\Mecánica\Documents\moz\FirefoxPortable\App\Firefox\nssutil3.dll
0x600f0000 - 0x600f7000 	C:\Users\Mecánica\Documents\moz\FirefoxPortable\App\Firefox\plc4.dll
0x600e0000 - 0x600e7000 	C:\Users\Mecánica\Documents\moz\FirefoxPortable\App\Firefox\plds4.dll
0x60400000 - 0x60420000 	C:\Users\Mecánica\Documents\moz\FirefoxPortable\App\Firefox\ssl3.dll
0x76790000 - 0x773db000 	C:\Windows\system32\SHELL32.dll
0x77620000 - 0x77677000 	C:\Windows\system32\SHLWAPI.dll
0x773f0000 - 0x7754c000 	C:\Windows\system32\ole32.dll
0x75110000 - 0x75119000 	C:\Windows\system32\VERSION.dll
0x700c0000 - 0x70111000 	C:\Windows\system32\WINSPOOL.DRV
0x76310000 - 0x7638b000 	C:\Windows\system32\COMDLG32.dll
0x74c10000 - 0x74dae000 	C:\Windows\WinSxS\x86_microsoft.windows.common-controls_6595b64144ccf1df_6.0.7601.17514_none_41e6975e2bd6f2b2\COMCTL32.dll
0x77f70000 - 0x77f8f000 	C:\Windows\system32\IMM32.dll
0x76240000 - 0x7630c000 	C:\Windows\system32\MSCTF.dll
0x74af0000 - 0x74af5000 	C:\Windows\system32\MSIMG32.dll
0x77cd0000 - 0x77d5f000 	C:\Windows\system32\OLEAUT32.dll
0x74ae0000 - 0x74ae7000 	C:\Users\Mecánica\Documents\moz\FirefoxPortable\App\Firefox\xpcom.dll
0x6f1c0000 - 0x6f2ab000 	C:\Windows\system32\dbghelp.dll
0x75c70000 - 0x75c7c000 	C:\Windows\system32\CRYPTBASE.dll
0x74950000 - 0x74990000 	C:\Windows\system32\uxtheme.dll
0x760a0000 - 0x7623d000 	C:\Windows\system32\SETUPAPI.dll
0x75ec0000 - 0x75ee7000 	C:\Windows\system32\CFGMGR32.dll
0x76030000 - 0x76042000 	C:\Windows\system32\DEVOBJ.dll
0x77a10000 - 0x77a93000 	C:\Windows\system32\CLBCatQ.DLL
0x74990000 - 0x74a85000 	C:\Windows\system32\propsys.dll
0x746d0000 - 0x746f1000 	C:\Windows\system32\ntmarta.dll
0x77c80000 - 0x77cc5000 	C:\Windows\system32\WLDAP32.dll
0x744a0000 - 0x744b3000 	C:\Windows\system32\dwmapi.dll
0x75d60000 - 0x75d6b000 	C:\Windows\system32\profapi.dll
0x74550000 - 0x74558000 	C:\Users\Mecánica\Documents\moz\FirefoxPortable\App\Firefox\components\browserdirprovider.dll
0x75750000 - 0x7578c000 	C:\Windows\system32\mswsock.dll
0x75290000 - 0x75295000 	C:\Windows\System32\wshtcpip.dll
0x73910000 - 0x7392c000 	C:\Windows\system32\iphlpapi.dll
0x738f0000 - 0x738f7000 	C:\Windows\system32\WINNSI.DLL
0x744f0000 - 0x74500000 	C:\Windows\system32\NLAapi.dll
0x70f30000 - 0x70f40000 	C:\Windows\system32\napinsp.dll
0x70f10000 - 0x70f22000 	C:\Windows\system32\pnrpnsp.dll
0x75610000 - 0x75654000 	C:\Windows\system32\DNSAPI.dll
0x70f00000 - 0x70f08000 	C:\Windows\System32\winrnr.dll
0x74240000 - 0x74371000 	C:\Windows\system32\WindowsCodecs.dll
0x75c20000 - 0x75c6c000 	C:\Windows\system32\apphelp.dll
0x6ee90000 - 0x6eec1000 	C:\Windows\system32\EhStorShell.dll
0x6dd10000 - 0x6e116000 	C:\PROGRA~1\MICROS~1\Office14\GROOVEEX.DLL
0x6ede0000 - 0x6ee83000 	C:\Windows\WinSxS\x86_microsoft.vc90.crt_1fc8b3b9a1e18e3b_9.0.30729.4940_none_50916076bcb9a742\MSVCR90.dll
0x6e780000 - 0x6e80e000 	C:\Windows\WinSxS\x86_microsoft.vc90.crt_1fc8b3b9a1e18e3b_9.0.30729.4940_none_50916076bcb9a742\MSVCP90.dll
0x6ef50000 - 0x6ef7b000 	C:\Windows\WinSxS\x86_microsoft.vc90.atl_1fc8b3b9a1e18e3b_9.0.30729.4148_none_51ca66a2bbe76806\ATL90.DLL
0x6d8f0000 - 0x6dd0a000 	C:\PROGRA~1\COMMON~1\MICROS~1\OFFICE14\Cultures\office.odf
0x6d070000 - 0x6d8f0000 	C:\PROGRA~1\MICROS~1\Office14\3082\GrooveIntlResource.dll
0x6e710000 - 0x6e77a000 	C:\Windows\System32\cscui.dll
0x6f2c0000 - 0x6f2c9000 	C:\Windows\System32\CSCDLL.dll
0x6f9a0000 - 0x6f9ab000 	C:\Windows\system32\CSCAPI.dll
0x6e6a0000 - 0x6e710000 	C:\Windows\system32\ntshrui.dll
0x75a30000 - 0x75a49000 	C:\Windows\system32\srvcli.dll
0x73af0000 - 0x73afa000 	C:\Windows\system32\slc.dll
0x75790000 - 0x757a7000 	C:\Windows\system32\CRYPTSP.dll
0x75530000 - 0x7556b000 	C:\Windows\system32\rsaenh.dll
0x75ce0000 - 0x75cee000 	C:\Windows\system32\RpcRtRemote.dll
0x72240000 - 0x72263000 	C:\Users\Mecánica\Documents\moz\FirefoxPortable\App\Firefox\components\brwsrcmp.dll
0x602f0000 - 0x60316000 	C:\Users\Mecánica\Documents\moz\FirefoxPortable\App\Firefox\softokn3.dll
0x60320000 - 0x60338000 	C:\Users\Mecánica\Documents\moz\FirefoxPortable\App\Firefox\nssdbm3.dll
0x60440000 - 0x60481000 	C:\Users\Mecánica\Documents\moz\FirefoxPortable\App\Firefox\freebl3.dll
0x602a0000 - 0x602ec000 	C:\Users\Mecánica\Documents\moz\FirefoxPortable\App\Firefox\nssckbi.dll
0x75740000 - 0x75746000 	C:\Windows\System32\wship6.dll
0x713b0000 - 0x713b6000 	C:\Windows\system32\rasadhlp.dll
0x72e20000 - 0x72e58000 	C:\Windows\System32\fwpuclnt.dll
0x70c10000 - 0x70c3b000 	C:\Program Files\Java\jre7\bin\plugin2\npjp2.dll
0x6bcc0000 - 0x6bd7f000 	C:\Windows\system32\MSVCR100.dll
0x6a770000 - 0x6aaf0000 	C:\PROGRA~1\Java\jre7\bin\client\jvm.dll
0x77eb0000 - 0x77eb5000 	C:\Windows\system32\PSAPI.DLL
0x73f50000 - 0x73f5c000 	C:\PROGRA~1\Java\jre7\bin\verify.dll
0x71220000 - 0x71240000 	C:\PROGRA~1\Java\jre7\bin\java.dll
0x71180000 - 0x71193000 	C:\PROGRA~1\Java\jre7\bin\zip.dll
0x68540000 - 0x685ff000 	C:\Program Files\Java\jre7\bin\msvcr100.dll
0x6eee0000 - 0x6ef3c000 	C:\Program Files\Java\jre7\bin\deploy.dll
0x77aa0000 - 0x77c75000 	C:\Windows\system32\WININET.dll
0x75d90000 - 0x75d94000 	C:\Windows\system32\api-ms-win-downlevel-user32-l1-1-0.dll
0x75d80000 - 0x75d84000 	C:\Windows\system32\api-ms-win-downlevel-shlwapi-l1-1-0.dll
0x76020000 - 0x76024000 	C:\Windows\system32\api-ms-win-downlevel-version-l1-1-0.dll
0x75e20000 - 0x75e23000 	C:\Windows\system32\api-ms-win-downlevel-normaliz-l1-1-0.dll
0x77ea0000 - 0x77ea3000 	C:\Windows\system32\normaliz.DLL
0x77680000 - 0x778b2000 	C:\Windows\system32\iertutil.dll
0x76070000 - 0x76075000 	C:\Windows\system32\api-ms-win-downlevel-advapi32-l1-1-0.dll
0x76050000 - 0x76067000 	C:\Windows\system32\USERENV.dll
0x778c0000 - 0x77a0b000 	C:\Windows\system32\urlmon.dll
0x75d70000 - 0x75d74000 	C:\Windows\system32\api-ms-win-downlevel-ole32-l1-1-0.dll
0x73e90000 - 0x73e96000 	C:\Program Files\Java\jre7\bin\jp2native.dll
0x70f70000 - 0x70f84000 	C:\Program Files\Java\jre7\bin\net.dll
0x73940000 - 0x7394f000 	C:\Program Files\Java\jre7\bin\nio.dll
0x6e430000 - 0x6e45f000 	C:\Windows\system32\shdocvw.dll
0x6e270000 - 0x6e290000 	C:\Program Files\Java\jre7\bin\sunec.dll
0x72220000 - 0x72229000 	C:\Program Files\Java\jre7\bin\sunmscapi.dll
0x75ef0000 - 0x76011000 	C:\Windows\system32\CRYPT32.dll
0x75d50000 - 0x75d5c000 	C:\Windows\system32\MSASN1.dll

VM Arguments:
jvm_args: -Xbootclasspath/a:C:\PROGRA~1\Java\jre7\lib\deploy.jar;C:\PROGRA~1\Java\jre7\lib\javaws.jar;C:\PROGRA~1\Java\jre7\lib\plugin.jar -Xmx32m -Djava.awt.headless=true -XX:MaxDirectMemorySize=64m 
java_command: <unknown>
Launcher Type: generic

Environment Variables:
PATH=C:\Program Files\Mozilla Firefox;C:\Windows\system32;C:\Windows;C:\Windows\System32\Wbem;C:\Windows\System32\WindowsPowerShell\v1.0\;C:\Program Files\Intel\DMIX;C:\Program Files\Common Files\Nero\Lib\
USERNAME=Mecánica
OS=Windows_NT
PROCESSOR_IDENTIFIER=x86 Family 6 Model 37 Stepping 2, GenuineIntel



---------------  S Y S T E M  ---------------

OS: Windows 7 Build 7601 Service Pack 1

CPU:total 4 (2 cores per cpu, 2 threads per core) family 6 model 37 stepping 2, cmov, cx8, fxsr, mmx, sse, sse2, sse3, ssse3, sse4.1, sse4.2, popcnt, ht, tsc, tscinvbit

Memory: 4k page, physical 3005740k(1867956k free), swap 6009732k(4953736k free)

vm_info: Java HotSpot(TM) Client VM (24.51-b03) for windows-x86 JRE (1.7.0_51-b13), built on Dec 18 2013 19:09:58 by "java_re" with unknown MS VC++:1600

time: Tue Apr 07 07:56:05 2015
elapsed time: 30 seconds

