#
# A fatal error has been detected by the Java Runtime Environment:
#
#  EXCEPTION_ACCESS_VIOLATION (0xc0000005) at pc=0x00000001, pid=1860, tid=1060
#
# JRE version: Java(TM) SE Runtime Environment (7.0_51-b13) (build 1.7.0_51-b13)
# Java VM: Java HotSpot(TM) Client VM (24.51-b03 mixed mode, sharing windows-x86 )
# Problematic frame:
# C  0x00000001
#
# Failed to write core dump. Minidumps are not enabled by default on client versions of Windows
#
# If you would like to submit a bug report, please visit:
#   http://bugreport.sun.com/bugreport/crash.jsp
# The crash happened outside the Java Virtual Machine in native code.
# See problematic frame for where to report the bug.
#

---------------  T H R E A D  ---------------

Current thread (0x08879000):  JavaThread "Thread-2" [_thread_in_native, id=1060, stack(0x000a0000,0x001a0000)]

siginfo: ExceptionCode=0xc0000005, ExceptionInformation=0x00000008 0x00000001

Registers:
EAX=0x6a688ff8, EBX=0x00000000, ECX=0x0019f4e0, EDX=0x03f6f47c
ESP=0x0019f4a8, EBP=0x0019f4d8, ESI=0x08879130, EDI=0x0596bf18
EIP=0x00000001, EFLAGS=0x00210246

Top of Stack: (sp=0x0019f4a8)
0x0019f4a8:   724b80d1 0596bf18 000001f6 088ef4a8
0x0019f4b8:   0019f4e0 0019f4d4 08879000 337a5258
0x0019f4c8:   337a5258 088ef4a8 00000000 00000000
0x0019f4d8:   0019f4e8 724b9198 00000000 0019f538
0x0019f4e8:   0019f528 05b8a9dd 08879130 0019f544
0x0019f4f8:   0596bf18 00000000 0019f538 03f6f494
0x0019f508:   0019f508 337a5258 0019f544 337ad2b0
0x0019f518:   00000000 337a5258 00000000 0019f538 

Instructions: (pc=0x00000001)
0xffffffe1:   


Register to memory mapping:

EAX=0x6a688ff8 is an unknown value
EBX=0x00000000 is an unknown value
ECX=0x0019f4e0 is pointing into the stack for thread: 0x08879000
EDX=0x03f6f47c is an unknown value
ESP=0x0019f4a8 is pointing into the stack for thread: 0x08879000
EBP=0x0019f4d8 is pointing into the stack for thread: 0x08879000
ESI=0x08879130 is an unknown value
EDI=0x0596bf18 is an unknown value


Stack: [0x000a0000,0x001a0000],  sp=0x0019f4a8,  free space=1021k
Native frames: (J=compiled Java code, j=interpreted, Vv=VM code, C=native code)
C  0x00000001
C  [npjp2.dll+0x9198]
j  sun.plugin2.main.server.MozillaPlugin.getProxy0(JLjava/lang/String;)Ljava/lang/String;+0
j  sun.plugin2.main.server.MozillaPlugin.getProxy(Ljava/lang/String;)Ljava/lang/String;+17
j  sun.plugin2.main.server.MozillaBrowserService$MozillaProxyHandler.findProxyForURL(Ljava/lang/String;)Ljava/lang/String;+7
j  com.sun.deploy.net.proxy.AbstractBrowserProxyHandler.getProxyInfo(Ljava/net/URL;)[Lcom/sun/deploy/net/proxy/ProxyInfo;+5
j  com.sun.deploy.net.proxy.DynamicProxyManager.getProxyList(Ljava/net/URL;Z)Ljava/util/List;+113
j  sun.plugin2.main.server.ProxySupport.getProxyReply(Lsun/plugin2/main/server/Plugin;Lsun/plugin2/message/GetProxyMessage;)Lsun/plugin2/message/ProxyReplyMessage;+20
j  sun.plugin2.main.server.JVMInstance$1.run()V+26
j  sun.plugin2.main.server.MozillaPlugin$RunnableWrapper.run()V+4
j  sun.plugin2.main.server.MozillaPlugin.drainRunnableQueue()V+39
j  sun.plugin2.main.server.MozillaPlugin.access$000(Lsun/plugin2/main/server/MozillaPlugin;)V+1
j  sun.plugin2.main.server.MozillaPlugin$DrainRunnableQueue.run()V+4
v  ~StubRoutines::call_stub
V  [jvm.dll+0x13f35a]
V  [jvm.dll+0x202c6e]
V  [jvm.dll+0x13f3dd]
V  [jvm.dll+0xc9bc2]
V  [jvm.dll+0xcd813]
C  [npjp2.dll+0x203f]
C  [xul.dll+0x58de1e]

Java frames: (J=compiled Java code, j=interpreted, Vv=VM code)
j  sun.plugin2.main.server.MozillaPlugin.getProxy0(JLjava/lang/String;)Ljava/lang/String;+0
j  sun.plugin2.main.server.MozillaPlugin.getProxy(Ljava/lang/String;)Ljava/lang/String;+17
j  sun.plugin2.main.server.MozillaBrowserService$MozillaProxyHandler.findProxyForURL(Ljava/lang/String;)Ljava/lang/String;+7
j  com.sun.deploy.net.proxy.AbstractBrowserProxyHandler.getProxyInfo(Ljava/net/URL;)[Lcom/sun/deploy/net/proxy/ProxyInfo;+5
j  com.sun.deploy.net.proxy.DynamicProxyManager.getProxyList(Ljava/net/URL;Z)Ljava/util/List;+113
j  sun.plugin2.main.server.ProxySupport.getProxyReply(Lsun/plugin2/main/server/Plugin;Lsun/plugin2/message/GetProxyMessage;)Lsun/plugin2/message/ProxyReplyMessage;+20
j  sun.plugin2.main.server.JVMInstance$1.run()V+26
j  sun.plugin2.main.server.MozillaPlugin$RunnableWrapper.run()V+4
j  sun.plugin2.main.server.MozillaPlugin.drainRunnableQueue()V+39
j  sun.plugin2.main.server.MozillaPlugin.access$000(Lsun/plugin2/main/server/MozillaPlugin;)V+1
j  sun.plugin2.main.server.MozillaPlugin$DrainRunnableQueue.run()V+4
v  ~StubRoutines::call_stub

---------------  P R O C E S S  ---------------

Java Threads: ( => current thread )
  0x08814000 JavaThread "Thread-5" daemon [_thread_in_native, id=3536, stack(0x095d0000,0x096d0000)]
  0x03f86c00 JavaThread "Thread-4" daemon [_thread_blocked, id=1016, stack(0x05420000,0x05520000)]
  0x03f84800 JavaThread "Thread-3" daemon [_thread_blocked, id=2504, stack(0x08bd0000,0x08cd0000)]
=>0x08879000 JavaThread "Thread-2" [_thread_in_native, id=1060, stack(0x000a0000,0x001a0000)]
  0x08848800 JavaThread "JVM[id=1]-Heartbeat" [_thread_blocked, id=3792, stack(0x05040000,0x05140000)]
  0x08875c00 JavaThread "JRE 1.7.0.51 Worker Thread" [_thread_blocked, id=2416, stack(0x08f10000,0x09010000)]
  0x08873400 JavaThread "JRE 1.7.0.51 Output Reader Thread" [_thread_in_native, id=1460, stack(0x09370000,0x09470000)]
  0x08872800 JavaThread "JRE 1.7.0.51 Output Reader Thread" [_thread_in_native, id=1064, stack(0x09240000,0x09340000)]
  0x08872000 JavaThread "Thread-1" [_thread_in_native, id=748, stack(0x09050000,0x09150000)]
  0x0886e000 JavaThread "Java Plug-In Pipe Worker Thread (Server-Side)" daemon [_thread_in_native, id=4032, stack(0x08de0000,0x08ee0000)]
  0x087a9c00 JavaThread "Thread-0" daemon [_thread_blocked, id=2216, stack(0x08340000,0x08440000)]
  0x03f9b800 JavaThread "traceMsgQueueThread" daemon [_thread_blocked, id=2420, stack(0x089e0000,0x08ae0000)]
  0x03f69400 JavaThread "Service Thread" daemon [_thread_blocked, id=2524, stack(0x084d0000,0x085d0000)]
  0x03f60800 JavaThread "C1 CompilerThread0" daemon [_thread_blocked, id=3468, stack(0x081f0000,0x082f0000)]
  0x03f5d400 JavaThread "Attach Listener" daemon [_thread_blocked, id=3708, stack(0x07fb0000,0x080b0000)]
  0x03f5a000 JavaThread "Signal Dispatcher" daemon [_thread_blocked, id=824, stack(0x080d0000,0x081d0000)]
  0x03ef2c00 JavaThread "Finalizer" daemon [_thread_blocked, id=3876, stack(0x07e50000,0x07f50000)]
  0x03eedc00 JavaThread "Reference Handler" daemon [_thread_blocked, id=2940, stack(0x07d40000,0x07e40000)]
  0x02f5c800 JavaThread "main" [_thread_in_native, id=3352, stack(0x05a80000,0x05b80000)]

Other Threads:
  0x03eec000 VMThread [stack: 0x07bb0000,0x07cb0000] [id=3080]
  0x03f7a800 WatcherThread [stack: 0x086a0000,0x087a0000] [id=296]

VM state:not at safepoint (normal execution)

VM Mutex/Monitor currently owned by a thread: None

Heap
 def new generation   total 4928K, used 2971K [0x31790000, 0x31ce0000, 0x32230000)
  eden space 4416K,  55% used [0x31790000, 0x319f6f00, 0x31be0000)
  from space 512K, 100% used [0x31be0000, 0x31c60000, 0x31c60000)
  to   space 512K,   0% used [0x31c60000, 0x31c60000, 0x31ce0000)
 tenured generation   total 10944K, used 1467K [0x32230000, 0x32ce0000, 0x33790000)
   the space 10944K,  13% used [0x32230000, 0x3239ef28, 0x3239f000, 0x32ce0000)
 compacting perm gen  total 12288K, used 2483K [0x33790000, 0x34390000, 0x37790000)
   the space 12288K,  20% used [0x33790000, 0x339fcee8, 0x339fd000, 0x34390000)
    ro space 10240K,  41% used [0x37790000, 0x37bc2050, 0x37bc2200, 0x38190000)
    rw space 12288K,  52% used [0x38190000, 0x387d6800, 0x387d6800, 0x38d90000)

Card table byte_map: [0x031c0000,0x03200000] byte_map_base: 0x03034380

Polling page: 0x02ef0000

Code Cache  [0x05b80000, 0x05c80000, 0x07b80000)
 total_blobs=423 nmethods=241 adapters=119 free_code_cache=31751Kb largest_free_block=32513856

Compilation events (10 events):
Event: 30.475 Thread 0x03f60800 nmethod 227 0x05c71f08 code [0x05c72000, 0x05c72080]
Event: 30.477 Thread 0x03f60800  228             java.util.AbstractMap::<init> (15 bytes)
Event: 30.477 Thread 0x03f60800 nmethod 228 0x05c720c8 code [0x05c721c0, 0x05c72270]
Event: 30.477 Thread 0x03f60800  229             java.lang.Float::isNaN (12 bytes)
Event: 30.477 Thread 0x03f60800 nmethod 229 0x05c722c8 code [0x05c723c0, 0x05c72460]
Event: 30.477 Thread 0x03f60800  230             java.util.HashMap$HashIterator::hasNext (13 bytes)
Event: 30.478 Thread 0x03f60800 nmethod 230 0x05c724c8 code [0x05c725c0, 0x05c72650]
Event: 30.481 Thread 0x03f60800  232             java.util.ArrayList::size (5 bytes)
Event: 30.481 Thread 0x03f60800 nmethod 232 0x05c72908 code [0x05c72a00, 0x05c72a80]
Event: 30.490 Thread 0x03f60800  233 %           com.sun.crypto.provider.AESCrypt::<clinit> @ 724 (1577 bytes)

GC Heap History (4 events):
Event: 30.258 GC heap before
{Heap before GC invocations=0 (full 0):
 def new generation   total 4928K, used 4416K [0x31790000, 0x31ce0000, 0x32230000)
  eden space 4416K, 100% used [0x31790000, 0x31be0000, 0x31be0000)
  from space 512K,   0% used [0x31be0000, 0x31be0000, 0x31c60000)
  to   space 512K,   0% used [0x31c60000, 0x31c60000, 0x31ce0000)
 tenured generation   total 10944K, used 0K [0x32230000, 0x32ce0000, 0x33790000)
   the space 10944K,   0% used [0x32230000, 0x32230000, 0x32230200, 0x32ce0000)
 compacting perm gen  total 12288K, used 1704K [0x33790000, 0x34390000, 0x37790000)
   the space 12288K,  13% used [0x33790000, 0x3393a108, 0x3393a200, 0x34390000)
    ro space 10240K,  41% used [0x37790000, 0x37bc2050, 0x37bc2200, 0x38190000)
    rw space 12288K,  52% used [0x38190000, 0x387d6800, 0x387d6800, 0x38d90000)
Event: 30.265 GC heap after
Heap after GC invocations=1 (full 0):
 def new generation   total 4928K, used 512K [0x31790000, 0x31ce0000, 0x32230000)
  eden space 4416K,   0% used [0x31790000, 0x31790000, 0x31be0000)
  from space 512K, 100% used [0x31c60000, 0x31ce0000, 0x31ce0000)
  to   space 512K,   0% used [0x31be0000, 0x31be0000, 0x31c60000)
 tenured generation   total 10944K, used 644K [0x32230000, 0x32ce0000, 0x33790000)
   the space 10944K,   5% used [0x32230000, 0x322d1368, 0x322d1400, 0x32ce0000)
 compacting perm gen  total 12288K, used 1704K [0x33790000, 0x34390000, 0x37790000)
   the space 12288K,  13% used [0x33790000, 0x3393a108, 0x3393a200, 0x34390000)
    ro space 10240K,  41% used [0x37790000, 0x37bc2050, 0x37bc2200, 0x38190000)
    rw space 12288K,  52% used [0x38190000, 0x387d6800, 0x387d6800, 0x38d90000)
}
Event: 30.448 GC heap before
{Heap before GC invocations=1 (full 0):
 def new generation   total 4928K, used 4928K [0x31790000, 0x31ce0000, 0x32230000)
  eden space 4416K, 100% used [0x31790000, 0x31be0000, 0x31be0000)
  from space 512K, 100% used [0x31c60000, 0x31ce0000, 0x31ce0000)
  to   space 512K,   0% used [0x31be0000, 0x31be0000, 0x31c60000)
 tenured generation   total 10944K, used 644K [0x32230000, 0x32ce0000, 0x33790000)
   the space 10944K,   5% used [0x32230000, 0x322d1368, 0x322d1400, 0x32ce0000)
 compacting perm gen  total 12288K, used 2270K [0x33790000, 0x34390000, 0x37790000)
   the space 12288K,  18% used [0x33790000, 0x339c78b0, 0x339c7a00, 0x34390000)
    ro space 10240K,  41% used [0x37790000, 0x37bc2050, 0x37bc2200, 0x38190000)
    rw space 12288K,  52% used [0x38190000, 0x387d6800, 0x387d6800, 0x38d90000)
Event: 30.458 GC heap after
Heap after GC invocations=2 (full 0):
 def new generation   total 4928K, used 512K [0x31790000, 0x31ce0000, 0x32230000)
  eden space 4416K,   0% used [0x31790000, 0x31790000, 0x31be0000)
  from space 512K, 100% used [0x31be0000, 0x31c60000, 0x31c60000)
  to   space 512K,   0% used [0x31c60000, 0x31c60000, 0x31ce0000)
 tenured generation   total 10944K, used 1467K [0x32230000, 0x32ce0000, 0x33790000)
   the space 10944K,  13% used [0x32230000, 0x3239ef28, 0x3239f000, 0x32ce0000)
 compacting perm gen  total 12288K, used 2270K [0x33790000, 0x34390000, 0x37790000)
   the space 12288K,  18% used [0x33790000, 0x339c78b0, 0x339c7a00, 0x34390000)
    ro space 10240K,  41% used [0x37790000, 0x37bc2050, 0x37bc2200, 0x38190000)
    rw space 12288K,  52% used [0x38190000, 0x387d6800, 0x387d6800, 0x38d90000)
}

Deoptimization events (0 events):
No events

Internal exceptions (10 events):
Event: 0.033 Thread 0x02f5c800 Threw 0x31795750 at C:\re\jdk7u51\527\hotspot\src\share\vm\prims\jni.cpp:3991
Event: 0.166 Thread 0x02f5c800 Threw 0x31860990 at C:\re\jdk7u51\527\hotspot\src\share\vm\prims\jvm.cpp:1244
Event: 0.166 Thread 0x02f5c800 Threw 0x31860aa8 at C:\re\jdk7u51\527\hotspot\src\share\vm\prims\jvm.cpp:1244
Event: 0.167 Thread 0x02f5c800 Threw 0x31863de0 at C:\re\jdk7u51\527\hotspot\src\share\vm\prims\jvm.cpp:1244
Event: 0.167 Thread 0x02f5c800 Threw 0x31863ef8 at C:\re\jdk7u51\527\hotspot\src\share\vm\prims\jvm.cpp:1244
Event: 0.215 Thread 0x02f5c800 Threw 0x318d2210 at C:\re\jdk7u51\527\hotspot\src\share\vm\prims\jni.cpp:717
Event: 0.215 Thread 0x02f5c800 Threw 0x318d23a8 at C:\re\jdk7u51\527\hotspot\src\share\vm\prims\jni.cpp:717
Event: 0.215 Thread 0x02f5c800 Threw 0x318d2510 at C:\re\jdk7u51\527\hotspot\src\share\vm\prims\jni.cpp:717
Event: 30.489 Thread 0x08879000 Threw 0x31997c30 at C:\re\jdk7u51\527\hotspot\src\share\vm\prims\jvm.cpp:1244
Event: 30.490 Thread 0x08879000 Threw 0x31998d28 at C:\re\jdk7u51\527\hotspot\src\share\vm\prims\jvm.cpp:1244

Events (10 events):
Event: 30.491 loading class 0x08804ad0
Event: 30.491 loading class 0x08804ad0 done
Event: 30.491 loading class 0x08804a48
Event: 30.491 loading class 0x08804a48 done
Event: 30.491 loading class 0x08804530
Event: 30.492 loading class 0x08804530 done
Event: 30.492 loading class 0x088044f0
Event: 30.492 loading class 0x088044f0 done
Event: 30.492 loading class 0x087fb668
Event: 30.492 loading class 0x087fb668 done


Dynamic libraries:
0x00fe0000 - 0x0102d000 	C:\Users\Mecánica\Documents\moz\FirefoxPortable\App\Firefox\firefox.exe
0x77090000 - 0x771cc000 	C:\Windows\SYSTEM32\ntdll.dll
0x76a50000 - 0x76b24000 	C:\Windows\system32\kernel32.dll
0x75350000 - 0x7539b000 	C:\Windows\system32\KERNELBASE.dll
0x69da0000 - 0x6a70e000 	C:\Users\Mecánica\Documents\moz\FirefoxPortable\App\Firefox\xul.dll
0x72ac0000 - 0x72b2f000 	C:\Users\Mecánica\Documents\moz\FirefoxPortable\App\Firefox\sqlite3.dll
0x72620000 - 0x726ce000 	C:\Users\Mecánica\Documents\moz\FirefoxPortable\App\Firefox\MOZCRT19.dll
0x75440000 - 0x754ec000 	C:\Windows\system32\msvcrt.dll
0x726d0000 - 0x7277e000 	C:\Users\Mecánica\Documents\moz\FirefoxPortable\App\Firefox\js3250.dll
0x600b0000 - 0x600e0000 	C:\Users\Mecánica\Documents\moz\FirefoxPortable\App\Firefox\nspr4.dll
0x762a0000 - 0x76340000 	C:\Windows\system32\ADVAPI32.dll
0x771f0000 - 0x77209000 	C:\Windows\SYSTEM32\sechost.dll
0x77210000 - 0x772b2000 	C:\Windows\system32\RPCRT4.dll
0x6ffb0000 - 0x6ffb7000 	C:\Windows\system32\WSOCK32.dll
0x76690000 - 0x766c5000 	C:\Windows\system32\WS2_32.dll
0x753b0000 - 0x753b6000 	C:\Windows\system32\NSI.dll
0x72950000 - 0x72982000 	C:\Windows\system32\WINMM.dll
0x76cf0000 - 0x76db9000 	C:\Windows\system32\USER32.dll
0x76550000 - 0x7659e000 	C:\Windows\system32\GDI32.dll
0x76830000 - 0x7683a000 	C:\Windows\system32\LPK.dll
0x76b30000 - 0x76bcd000 	C:\Windows\system32\USP10.dll
0x60420000 - 0x60438000 	C:\Users\Mecánica\Documents\moz\FirefoxPortable\App\Firefox\smime3.dll
0x60340000 - 0x603da000 	C:\Users\Mecánica\Documents\moz\FirefoxPortable\App\Firefox\nss3.dll
0x603e0000 - 0x603f4000 	C:\Users\Mecánica\Documents\moz\FirefoxPortable\App\Firefox\nssutil3.dll
0x600f0000 - 0x600f7000 	C:\Users\Mecánica\Documents\moz\FirefoxPortable\App\Firefox\plc4.dll
0x600e0000 - 0x600e7000 	C:\Users\Mecánica\Documents\moz\FirefoxPortable\App\Firefox\plds4.dll
0x60400000 - 0x60420000 	C:\Users\Mecánica\Documents\moz\FirefoxPortable\App\Firefox\ssl3.dll
0x75650000 - 0x7629b000 	C:\Windows\system32\SHELL32.dll
0x764e0000 - 0x76537000 	C:\Windows\system32\SHLWAPI.dll
0x754f0000 - 0x7564c000 	C:\Windows\system32\ole32.dll
0x74440000 - 0x74449000 	C:\Windows\system32\VERSION.dll
0x6eb10000 - 0x6eb61000 	C:\Windows\system32\WINSPOOL.DRV
0x753c0000 - 0x7543b000 	C:\Windows\system32\COMDLG32.dll
0x73f40000 - 0x740de000 	C:\Windows\WinSxS\x86_microsoft.windows.common-controls_6595b64144ccf1df_6.0.7601.17514_none_41e6975e2bd6f2b2\COMCTL32.dll
0x771d0000 - 0x771ef000 	C:\Windows\system32\IMM32.dll
0x76c20000 - 0x76cec000 	C:\Windows\system32\MSCTF.dll
0x72fc0000 - 0x72fc5000 	C:\Windows\system32\MSIMG32.dll
0x765a0000 - 0x7662f000 	C:\Windows\system32\OLEAUT32.dll
0x72fb0000 - 0x72fb7000 	C:\Users\Mecánica\Documents\moz\FirefoxPortable\App\Firefox\xpcom.dll
0x72c20000 - 0x72d0b000 	C:\Windows\system32\dbghelp.dll
0x74fa0000 - 0x74fac000 	C:\Windows\system32\CRYPTBASE.dll
0x73d90000 - 0x73dd0000 	C:\Windows\system32\uxtheme.dll
0x76340000 - 0x764dd000 	C:\Windows\system32\SETUPAPI.dll
0x75230000 - 0x75257000 	C:\Windows\system32\CFGMGR32.dll
0x75310000 - 0x75322000 	C:\Windows\system32\DEVOBJ.dll
0x76dc0000 - 0x76e43000 	C:\Windows\system32\CLBCatQ.DLL
0x73dd0000 - 0x73ec5000 	C:\Windows\system32\propsys.dll
0x73ed0000 - 0x73ef1000 	C:\Windows\system32\ntmarta.dll
0x76bd0000 - 0x76c15000 	C:\Windows\system32\WLDAP32.dll
0x73a60000 - 0x73a73000 	C:\Windows\system32\dwmapi.dll
0x75080000 - 0x7508b000 	C:\Windows\system32\profapi.dll
0x72f90000 - 0x72f98000 	C:\Users\Mecánica\Documents\moz\FirefoxPortable\App\Firefox\components\browserdirprovider.dll
0x74a80000 - 0x74abc000 	C:\Windows\system32\mswsock.dll
0x745c0000 - 0x745c5000 	C:\Windows\System32\wshtcpip.dll
0x71c20000 - 0x71c3c000 	C:\Windows\system32\iphlpapi.dll
0x71c10000 - 0x71c17000 	C:\Windows\system32\WINNSI.DLL
0x73080000 - 0x73090000 	C:\Windows\system32\NLAapi.dll
0x70500000 - 0x70510000 	C:\Windows\system32\napinsp.dll
0x704e0000 - 0x704f2000 	C:\Windows\system32\pnrpnsp.dll
0x74940000 - 0x74984000 	C:\Windows\system32\DNSAPI.dll
0x704d0000 - 0x704d8000 	C:\Windows\System32\winrnr.dll
0x738f0000 - 0x73a21000 	C:\Windows\system32\WindowsCodecs.dll
0x74f50000 - 0x74f9c000 	C:\Windows\system32\apphelp.dll
0x6db10000 - 0x6db41000 	C:\Windows\system32\EhStorShell.dll
0x6d2f0000 - 0x6d6f6000 	C:\PROGRA~1\MICROS~1\Office14\GROOVEEX.DLL
0x6ffc0000 - 0x70063000 	C:\Windows\WinSxS\x86_microsoft.vc90.crt_1fc8b3b9a1e18e3b_9.0.30729.4940_none_50916076bcb9a742\MSVCR90.dll
0x6da80000 - 0x6db0e000 	C:\Windows\WinSxS\x86_microsoft.vc90.crt_1fc8b3b9a1e18e3b_9.0.30729.4940_none_50916076bcb9a742\MSVCP90.dll
0x6da50000 - 0x6da7b000 	C:\Windows\WinSxS\x86_microsoft.vc90.atl_1fc8b3b9a1e18e3b_9.0.30729.4148_none_51ca66a2bbe76806\ATL90.DLL
0x6ced0000 - 0x6d2ea000 	C:\PROGRA~1\COMMON~1\MICROS~1\OFFICE14\Cultures\office.odf
0x6c650000 - 0x6ced0000 	C:\PROGRA~1\MICROS~1\Office14\3082\GrooveIntlResource.dll
0x6d9e0000 - 0x6da4a000 	C:\Windows\System32\cscui.dll
0x6dbc0000 - 0x6dbc9000 	C:\Windows\System32\CSCDLL.dll
0x6e7d0000 - 0x6e7db000 	C:\Windows\system32\CSCAPI.dll
0x6d970000 - 0x6d9e0000 	C:\Windows\system32\ntshrui.dll
0x74d60000 - 0x74d79000 	C:\Windows\system32\srvcli.dll
0x73060000 - 0x7306a000 	C:\Windows\system32\slc.dll
0x74ac0000 - 0x74ad7000 	C:\Windows\system32\CRYPTSP.dll
0x74860000 - 0x7489b000 	C:\Windows\system32\rsaenh.dll
0x75010000 - 0x7501e000 	C:\Windows\system32\RpcRtRemote.dll
0x72520000 - 0x72543000 	C:\Users\Mecánica\Documents\moz\FirefoxPortable\App\Firefox\components\brwsrcmp.dll
0x602f0000 - 0x60316000 	C:\Users\Mecánica\Documents\moz\FirefoxPortable\App\Firefox\softokn3.dll
0x60320000 - 0x60338000 	C:\Users\Mecánica\Documents\moz\FirefoxPortable\App\Firefox\nssdbm3.dll
0x60440000 - 0x60481000 	C:\Users\Mecánica\Documents\moz\FirefoxPortable\App\Firefox\freebl3.dll
0x602a0000 - 0x602ec000 	C:\Users\Mecánica\Documents\moz\FirefoxPortable\App\Firefox\nssckbi.dll
0x74a70000 - 0x74a76000 	C:\Windows\System32\wship6.dll
0x70bf0000 - 0x70bf6000 	C:\Windows\system32\rasadhlp.dll
0x71ae0000 - 0x71b18000 	C:\Windows\System32\fwpuclnt.dll
0x724b0000 - 0x724db000 	C:\Program Files\Java\jre7\bin\plugin2\npjp2.dll
0x72300000 - 0x723bf000 	C:\Windows\system32\MSVCR100.dll
0x6ad00000 - 0x6b080000 	C:\PROGRA~1\Java\jre7\bin\client\jvm.dll
0x766d0000 - 0x766d5000 	C:\Windows\system32\PSAPI.DLL
0x72fa0000 - 0x72fac000 	C:\PROGRA~1\Java\jre7\bin\verify.dll
0x722e0000 - 0x72300000 	C:\PROGRA~1\Java\jre7\bin\java.dll
0x722c0000 - 0x722d3000 	C:\PROGRA~1\Java\jre7\bin\zip.dll
0x72200000 - 0x722bf000 	C:\Program Files\Java\jre7\bin\msvcr100.dll
0x72030000 - 0x7208c000 	C:\Program Files\Java\jre7\bin\deploy.dll
0x76870000 - 0x76a45000 	C:\Windows\system32\WININET.dll
0x751e0000 - 0x751e4000 	C:\Windows\system32\api-ms-win-downlevel-user32-l1-1-0.dll
0x753a0000 - 0x753a4000 	C:\Windows\system32\api-ms-win-downlevel-shlwapi-l1-1-0.dll
0x75220000 - 0x75224000 	C:\Windows\system32\api-ms-win-downlevel-version-l1-1-0.dll
0x75330000 - 0x75333000 	C:\Windows\system32\api-ms-win-downlevel-normaliz-l1-1-0.dll
0x76540000 - 0x76543000 	C:\Windows\system32\normaliz.DLL
0x76e50000 - 0x77082000 	C:\Windows\system32\iertutil.dll
0x75340000 - 0x75345000 	C:\Windows\system32\api-ms-win-downlevel-advapi32-l1-1-0.dll
0x752f0000 - 0x75307000 	C:\Windows\system32\USERENV.dll
0x766e0000 - 0x7682b000 	C:\Windows\system32\urlmon.dll
0x750a0000 - 0x750a4000 	C:\Windows\system32\api-ms-win-downlevel-ole32-l1-1-0.dll
0x72f70000 - 0x72f76000 	C:\Program Files\Java\jre7\bin\jp2native.dll
0x72010000 - 0x72024000 	C:\Program Files\Java\jre7\bin\net.dll
0x72ab0000 - 0x72abf000 	C:\Program Files\Java\jre7\bin\nio.dll
0x6d860000 - 0x6d88f000 	C:\Windows\system32\shdocvw.dll
0x71f80000 - 0x71fa0000 	C:\Program Files\Java\jre7\bin\sunec.dll
0x71e30000 - 0x71e39000 	C:\Program Files\Java\jre7\bin\sunmscapi.dll
0x750b0000 - 0x751d1000 	C:\Windows\system32\CRYPT32.dll
0x75090000 - 0x7509c000 	C:\Windows\system32\MSASN1.dll

VM Arguments:
jvm_args: -Xbootclasspath/a:C:\PROGRA~1\Java\jre7\lib\deploy.jar;C:\PROGRA~1\Java\jre7\lib\javaws.jar;C:\PROGRA~1\Java\jre7\lib\plugin.jar -Xmx32m -Djava.awt.headless=true -XX:MaxDirectMemorySize=64m 
java_command: <unknown>
Launcher Type: generic

Environment Variables:
PATH=C:\Program Files\Mozilla Firefox;C:\Windows\system32;C:\Windows;C:\Windows\System32\Wbem;C:\Windows\System32\WindowsPowerShell\v1.0\;C:\Program Files\Intel\DMIX
USERNAME=Mecánica
OS=Windows_NT
PROCESSOR_IDENTIFIER=x86 Family 6 Model 37 Stepping 2, GenuineIntel



---------------  S Y S T E M  ---------------

OS: Windows 7 Build 7601 Service Pack 1

CPU:total 4 (2 cores per cpu, 2 threads per core) family 6 model 37 stepping 2, cmov, cx8, fxsr, mmx, sse, sse2, sse3, ssse3, sse4.1, sse4.2, popcnt, ht, tsc, tscinvbit

Memory: 4k page, physical 3005740k(2196520k free), swap 6009732k(4939012k free)

vm_info: Java HotSpot(TM) Client VM (24.51-b03) for windows-x86 JRE (1.7.0_51-b13), built on Dec 18 2013 19:09:58 by "java_re" with unknown MS VC++:1600

time: Thu Mar 19 14:09:59 2015
elapsed time: 30 seconds

