#
# A fatal error has been detected by the Java Runtime Environment:
#
#  EXCEPTION_ACCESS_VIOLATION (0xc0000005) at pc=0x00000001, pid=1208, tid=328
#
# JRE version: Java(TM) SE Runtime Environment (7.0_51-b13) (build 1.7.0_51-b13)
# Java VM: Java HotSpot(TM) Client VM (24.51-b03 mixed mode, sharing windows-x86 )
# Problematic frame:
# C  0x00000001
#
# Failed to write core dump. Minidumps are not enabled by default on client versions of Windows
#
# If you would like to submit a bug report, please visit:
#   http://bugreport.sun.com/bugreport/crash.jsp
# The crash happened outside the Java Virtual Machine in native code.
# See problematic frame for where to report the bug.
#

---------------  T H R E A D  ---------------

Current thread (0x094c5400):  JavaThread "Thread-2" [_thread_in_native, id=328, stack(0x00200000,0x00300000)]

siginfo: ExceptionCode=0xc0000005, ExceptionInformation=0x00000008 0x00000001

Registers:
EAX=0x677b8ff8, EBX=0x00000000, ECX=0x002ff500, EDX=0x05d4b8ac
ESP=0x002ff4c8, EBP=0x002ff4f8, ESI=0x094c5530, EDI=0x010484d8
EIP=0x00000001, EFLAGS=0x00210246

Top of Stack: (sp=0x002ff4c8)
0x002ff4c8:   720280d1 010484d8 000001f6 05d6d740
0x002ff4d8:   002ff500 002ff4f4 094c5400 337a5258
0x002ff4e8:   337a5258 05d6d740 00000000 00000000
0x002ff4f8:   002ff508 72029198 00000000 002ff558
0x002ff508:   002ff548 0668a9dd 094c5530 002ff564
0x002ff518:   010484d8 00000000 002ff558 05d4b8c4
0x002ff528:   002ff528 337a5258 002ff564 337ad2b0
0x002ff538:   00000000 337a5258 00000000 002ff558 

Instructions: (pc=0x00000001)
0xffffffe1:   


Register to memory mapping:

EAX=0x677b8ff8 is an unknown value
EBX=0x00000000 is an unknown value
ECX=0x002ff500 is pointing into the stack for thread: 0x094c5400
EDX=0x05d4b8ac is an unknown value
ESP=0x002ff4c8 is pointing into the stack for thread: 0x094c5400
EBP=0x002ff4f8 is pointing into the stack for thread: 0x094c5400
ESI=0x094c5530 is an unknown value
EDI=0x010484d8 is an unknown value


Stack: [0x00200000,0x00300000],  sp=0x002ff4c8,  free space=1021k
Native frames: (J=compiled Java code, j=interpreted, Vv=VM code, C=native code)
C  0x00000001
C  [npjp2.dll+0x9198]
j  sun.plugin2.main.server.MozillaPlugin.getProxy0(JLjava/lang/String;)Ljava/lang/String;+0
j  sun.plugin2.main.server.MozillaPlugin.getProxy(Ljava/lang/String;)Ljava/lang/String;+17
j  sun.plugin2.main.server.MozillaBrowserService$MozillaProxyHandler.findProxyForURL(Ljava/lang/String;)Ljava/lang/String;+7
j  com.sun.deploy.net.proxy.AbstractBrowserProxyHandler.getProxyInfo(Ljava/net/URL;)[Lcom/sun/deploy/net/proxy/ProxyInfo;+5
j  com.sun.deploy.net.proxy.DynamicProxyManager.getProxyList(Ljava/net/URL;Z)Ljava/util/List;+113
j  sun.plugin2.main.server.ProxySupport.getProxyReply(Lsun/plugin2/main/server/Plugin;Lsun/plugin2/message/GetProxyMessage;)Lsun/plugin2/message/ProxyReplyMessage;+20
j  sun.plugin2.main.server.JVMInstance$1.run()V+26
j  sun.plugin2.main.server.MozillaPlugin$RunnableWrapper.run()V+4
j  sun.plugin2.main.server.MozillaPlugin.drainRunnableQueue()V+39
j  sun.plugin2.main.server.MozillaPlugin.access$000(Lsun/plugin2/main/server/MozillaPlugin;)V+1
j  sun.plugin2.main.server.MozillaPlugin$DrainRunnableQueue.run()V+4
v  ~StubRoutines::call_stub
V  [jvm.dll+0x13f35a]
V  [jvm.dll+0x202c6e]
V  [jvm.dll+0x13f3dd]
V  [jvm.dll+0xc9bc2]
V  [jvm.dll+0xcd813]
C  [npjp2.dll+0x203f]
C  [xul.dll+0x58de1e]

Java frames: (J=compiled Java code, j=interpreted, Vv=VM code)
j  sun.plugin2.main.server.MozillaPlugin.getProxy0(JLjava/lang/String;)Ljava/lang/String;+0
j  sun.plugin2.main.server.MozillaPlugin.getProxy(Ljava/lang/String;)Ljava/lang/String;+17
j  sun.plugin2.main.server.MozillaBrowserService$MozillaProxyHandler.findProxyForURL(Ljava/lang/String;)Ljava/lang/String;+7
j  com.sun.deploy.net.proxy.AbstractBrowserProxyHandler.getProxyInfo(Ljava/net/URL;)[Lcom/sun/deploy/net/proxy/ProxyInfo;+5
j  com.sun.deploy.net.proxy.DynamicProxyManager.getProxyList(Ljava/net/URL;Z)Ljava/util/List;+113
j  sun.plugin2.main.server.ProxySupport.getProxyReply(Lsun/plugin2/main/server/Plugin;Lsun/plugin2/message/GetProxyMessage;)Lsun/plugin2/message/ProxyReplyMessage;+20
j  sun.plugin2.main.server.JVMInstance$1.run()V+26
j  sun.plugin2.main.server.MozillaPlugin$RunnableWrapper.run()V+4
j  sun.plugin2.main.server.MozillaPlugin.drainRunnableQueue()V+39
j  sun.plugin2.main.server.MozillaPlugin.access$000(Lsun/plugin2/main/server/MozillaPlugin;)V+1
j  sun.plugin2.main.server.MozillaPlugin$DrainRunnableQueue.run()V+4
v  ~StubRoutines::call_stub

---------------  P R O C E S S  ---------------

Java Threads: ( => current thread )
  0x09460800 JavaThread "Thread-5" daemon [_thread_in_native, id=3120, stack(0x09840000,0x09940000)]
  0x094c6000 JavaThread "Thread-4" daemon [_thread_blocked, id=2104, stack(0x043c0000,0x044c0000)]
  0x094c5800 JavaThread "Thread-3" daemon [_thread_blocked, id=3096, stack(0x04280000,0x04380000)]
=>0x094c5400 JavaThread "Thread-2" [_thread_in_native, id=328, stack(0x00200000,0x00300000)]
  0x0948fc00 JavaThread "JVM[id=1]-Heartbeat" [_thread_blocked, id=2564, stack(0x040a0000,0x041a0000)]
  0x094c1c00 JavaThread "JRE 1.7.0.51 Worker Thread" [_thread_blocked, id=3848, stack(0x08c00000,0x08d00000)]
  0x094bb400 JavaThread "JRE 1.7.0.51 Output Reader Thread" [_thread_in_native, id=964, stack(0x09ef0000,0x09ff0000)]
  0x094bac00 JavaThread "JRE 1.7.0.51 Output Reader Thread" [_thread_in_native, id=3244, stack(0x09d00000,0x09e00000)]
  0x094ba000 JavaThread "Thread-1" [_thread_in_native, id=3692, stack(0x09b50000,0x09c50000)]
  0x094b5800 JavaThread "Java Plug-In Pipe Worker Thread (Server-Side)" daemon [_thread_in_native, id=3780, stack(0x099e0000,0x09ae0000)]
  0x09401c00 JavaThread "Thread-0" daemon [_thread_blocked, id=3872, stack(0x089b0000,0x08ab0000)]
  0x05d6fc00 JavaThread "traceMsgQueueThread" daemon [_thread_blocked, id=3368, stack(0x096c0000,0x097c0000)]
  0x05d45400 JavaThread "Service Thread" daemon [_thread_blocked, id=3336, stack(0x090c0000,0x091c0000)]
  0x05d40800 JavaThread "C1 CompilerThread0" daemon [_thread_blocked, id=1384, stack(0x08f10000,0x09010000)]
  0x05d3d400 JavaThread "Attach Listener" daemon [_thread_blocked, id=2752, stack(0x08d00000,0x08e00000)]
  0x05d3a000 JavaThread "Signal Dispatcher" daemon [_thread_blocked, id=2448, stack(0x08ad0000,0x08bd0000)]
  0x05cd2c00 JavaThread "Finalizer" daemon [_thread_blocked, id=2868, stack(0x08880000,0x08980000)]
  0x05ccdc00 JavaThread "Reference Handler" daemon [_thread_blocked, id=2016, stack(0x08730000,0x08830000)]
  0x0473c800 JavaThread "main" [_thread_in_native, id=1240, stack(0x06580000,0x06680000)]

Other Threads:
  0x05ccc000 VMThread [stack: 0x063f0000,0x064f0000] [id=2744]
  0x05d57000 WatcherThread [stack: 0x092f0000,0x093f0000] [id=2108]

VM state:not at safepoint (normal execution)

VM Mutex/Monitor currently owned by a thread: None

Heap
 def new generation   total 4928K, used 2959K [0x31790000, 0x31ce0000, 0x32230000)
  eden space 4416K,  55% used [0x31790000, 0x319f3fc8, 0x31be0000)
  from space 512K, 100% used [0x31be0000, 0x31c60000, 0x31c60000)
  to   space 512K,   0% used [0x31c60000, 0x31c60000, 0x31ce0000)
 tenured generation   total 10944K, used 1463K [0x32230000, 0x32ce0000, 0x33790000)
   the space 10944K,  13% used [0x32230000, 0x3239df58, 0x3239e000, 0x32ce0000)
 compacting perm gen  total 12288K, used 2483K [0x33790000, 0x34390000, 0x37790000)
   the space 12288K,  20% used [0x33790000, 0x339fcee8, 0x339fd000, 0x34390000)
    ro space 10240K,  41% used [0x37790000, 0x37bc2050, 0x37bc2200, 0x38190000)
    rw space 12288K,  52% used [0x38190000, 0x387d6800, 0x387d6800, 0x38d90000)

Card table byte_map: [0x02970000,0x029b0000] byte_map_base: 0x027e4380

Polling page: 0x02690000

Code Cache  [0x06680000, 0x06780000, 0x08680000)
 total_blobs=419 nmethods=237 adapters=119 free_code_cache=31754Kb largest_free_block=32516672

Compilation events (10 events):
Event: 30.360 Thread 0x05d40800  233             java.lang.Math::min (46 bytes)
Event: 30.360 Thread 0x05d40800 nmethod 233 0x0677c188 code [0x0677c280, 0x0677c3c0]
Event: 30.361 Thread 0x05d40800  234             java.util.regex.Matcher::reset (83 bytes)
Event: 30.361 Thread 0x05d40800 nmethod 234 0x0677c408 code [0x0677c520, 0x0677c66c]
Event: 30.361 Thread 0x05d40800  235             java.util.HashMap$HashIterator::<init> (63 bytes)
Event: 30.361 Thread 0x05d40800 nmethod 235 0x0677c848 code [0x0677c940, 0x0677ca30]
Event: 30.361 Thread 0x05d40800  236             java.lang.String::equalsIgnoreCase (48 bytes)
Event: 30.362 Thread 0x05d40800 nmethod 236 0x0677cb08 code [0x0677cc10, 0x0677cd1c]
Event: 30.398 Thread 0x05d40800  237             java.util.Properties::load0 (250 bytes)
Event: 30.398 Thread 0x05d40800 nmethod 237 0x0677ce08 code [0x0677cf50, 0x0677d270]

GC Heap History (4 events):
Event: 30.146 GC heap before
{Heap before GC invocations=0 (full 0):
 def new generation   total 4928K, used 4416K [0x31790000, 0x31ce0000, 0x32230000)
  eden space 4416K, 100% used [0x31790000, 0x31be0000, 0x31be0000)
  from space 512K,   0% used [0x31be0000, 0x31be0000, 0x31c60000)
  to   space 512K,   0% used [0x31c60000, 0x31c60000, 0x31ce0000)
 tenured generation   total 10944K, used 0K [0x32230000, 0x32ce0000, 0x33790000)
   the space 10944K,   0% used [0x32230000, 0x32230000, 0x32230200, 0x32ce0000)
 compacting perm gen  total 12288K, used 1704K [0x33790000, 0x34390000, 0x37790000)
   the space 12288K,  13% used [0x33790000, 0x3393a108, 0x3393a200, 0x34390000)
    ro space 10240K,  41% used [0x37790000, 0x37bc2050, 0x37bc2200, 0x38190000)
    rw space 12288K,  52% used [0x38190000, 0x387d6800, 0x387d6800, 0x38d90000)
Event: 30.154 GC heap after
Heap after GC invocations=1 (full 0):
 def new generation   total 4928K, used 512K [0x31790000, 0x31ce0000, 0x32230000)
  eden space 4416K,   0% used [0x31790000, 0x31790000, 0x31be0000)
  from space 512K, 100% used [0x31c60000, 0x31ce0000, 0x31ce0000)
  to   space 512K,   0% used [0x31be0000, 0x31be0000, 0x31c60000)
 tenured generation   total 10944K, used 644K [0x32230000, 0x32ce0000, 0x33790000)
   the space 10944K,   5% used [0x32230000, 0x322d1280, 0x322d1400, 0x32ce0000)
 compacting perm gen  total 12288K, used 1704K [0x33790000, 0x34390000, 0x37790000)
   the space 12288K,  13% used [0x33790000, 0x3393a108, 0x3393a200, 0x34390000)
    ro space 10240K,  41% used [0x37790000, 0x37bc2050, 0x37bc2200, 0x38190000)
    rw space 12288K,  52% used [0x38190000, 0x387d6800, 0x387d6800, 0x38d90000)
}
Event: 30.275 GC heap before
{Heap before GC invocations=1 (full 0):
 def new generation   total 4928K, used 4928K [0x31790000, 0x31ce0000, 0x32230000)
  eden space 4416K, 100% used [0x31790000, 0x31be0000, 0x31be0000)
  from space 512K, 100% used [0x31c60000, 0x31ce0000, 0x31ce0000)
  to   space 512K,   0% used [0x31be0000, 0x31be0000, 0x31c60000)
 tenured generation   total 10944K, used 644K [0x32230000, 0x32ce0000, 0x33790000)
   the space 10944K,   5% used [0x32230000, 0x322d1280, 0x322d1400, 0x32ce0000)
 compacting perm gen  total 12288K, used 2270K [0x33790000, 0x34390000, 0x37790000)
   the space 12288K,  18% used [0x33790000, 0x339c78b0, 0x339c7a00, 0x34390000)
    ro space 10240K,  41% used [0x37790000, 0x37bc2050, 0x37bc2200, 0x38190000)
    rw space 12288K,  52% used [0x38190000, 0x387d6800, 0x387d6800, 0x38d90000)
Event: 30.282 GC heap after
Heap after GC invocations=2 (full 0):
 def new generation   total 4928K, used 512K [0x31790000, 0x31ce0000, 0x32230000)
  eden space 4416K,   0% used [0x31790000, 0x31790000, 0x31be0000)
  from space 512K, 100% used [0x31be0000, 0x31c60000, 0x31c60000)
  to   space 512K,   0% used [0x31c60000, 0x31c60000, 0x31ce0000)
 tenured generation   total 10944K, used 1463K [0x32230000, 0x32ce0000, 0x33790000)
   the space 10944K,  13% used [0x32230000, 0x3239df58, 0x3239e000, 0x32ce0000)
 compacting perm gen  total 12288K, used 2270K [0x33790000, 0x34390000, 0x37790000)
   the space 12288K,  18% used [0x33790000, 0x339c78b0, 0x339c7a00, 0x34390000)
    ro space 10240K,  41% used [0x37790000, 0x37bc2050, 0x37bc2200, 0x38190000)
    rw space 12288K,  52% used [0x38190000, 0x387d6800, 0x387d6800, 0x38d90000)
}

Deoptimization events (0 events):
No events

Internal exceptions (10 events):
Event: 0.011 Thread 0x0473c800 Threw 0x31795750 at C:\re\jdk7u51\527\hotspot\src\share\vm\prims\jni.cpp:3991
Event: 0.088 Thread 0x0473c800 Threw 0x318609d0 at C:\re\jdk7u51\527\hotspot\src\share\vm\prims\jvm.cpp:1244
Event: 0.088 Thread 0x0473c800 Threw 0x31860ae8 at C:\re\jdk7u51\527\hotspot\src\share\vm\prims\jvm.cpp:1244
Event: 0.088 Thread 0x0473c800 Threw 0x31863e20 at C:\re\jdk7u51\527\hotspot\src\share\vm\prims\jvm.cpp:1244
Event: 0.088 Thread 0x0473c800 Threw 0x31863f38 at C:\re\jdk7u51\527\hotspot\src\share\vm\prims\jvm.cpp:1244
Event: 0.128 Thread 0x0473c800 Threw 0x318d2290 at C:\re\jdk7u51\527\hotspot\src\share\vm\prims\jni.cpp:717
Event: 0.128 Thread 0x0473c800 Threw 0x318d2428 at C:\re\jdk7u51\527\hotspot\src\share\vm\prims\jni.cpp:717
Event: 0.128 Thread 0x0473c800 Threw 0x318d2590 at C:\re\jdk7u51\527\hotspot\src\share\vm\prims\jni.cpp:717
Event: 30.409 Thread 0x094c5400 Threw 0x319e87c0 at C:\re\jdk7u51\527\hotspot\src\share\vm\prims\jvm.cpp:1244
Event: 30.410 Thread 0x094c5400 Threw 0x319e98b8 at C:\re\jdk7u51\527\hotspot\src\share\vm\prims\jvm.cpp:1244

Events (10 events):
Event: 30.411 loading class 0x095ced38
Event: 30.411 loading class 0x095ced38 done
Event: 30.411 loading class 0x095cecb0
Event: 30.412 loading class 0x095cecb0 done
Event: 30.412 loading class 0x095ce798
Event: 30.412 loading class 0x095ce798 done
Event: 30.412 loading class 0x095ce758
Event: 30.412 loading class 0x095ce758 done
Event: 30.412 loading class 0x095cd8e8
Event: 30.412 loading class 0x095cd8e8 done


Dynamic libraries:
0x01180000 - 0x011cd000 	C:\Users\Mecánica\Documents\moz\FirefoxPortable\App\Firefox\firefox.exe
0x778f0000 - 0x77a2c000 	C:\Windows\SYSTEM32\ntdll.dll
0x76980000 - 0x76a54000 	C:\Windows\system32\kernel32.dll
0x75990000 - 0x759db000 	C:\Windows\system32\KERNELBASE.dll
0x66ed0000 - 0x6783e000 	C:\Users\Mecánica\Documents\moz\FirefoxPortable\App\Firefox\xul.dll
0x72600000 - 0x7266f000 	C:\Users\Mecánica\Documents\moz\FirefoxPortable\App\Firefox\sqlite3.dll
0x716b0000 - 0x7175e000 	C:\Users\Mecánica\Documents\moz\FirefoxPortable\App\Firefox\MOZCRT19.dll
0x766a0000 - 0x7674c000 	C:\Windows\system32\msvcrt.dll
0x72090000 - 0x7213e000 	C:\Users\Mecánica\Documents\moz\FirefoxPortable\App\Firefox\js3250.dll
0x600b0000 - 0x600e0000 	C:\Users\Mecánica\Documents\moz\FirefoxPortable\App\Firefox\nspr4.dll
0x76290000 - 0x76330000 	C:\Windows\system32\ADVAPI32.dll
0x77830000 - 0x77849000 	C:\Windows\SYSTEM32\sechost.dll
0x77a70000 - 0x77b12000 	C:\Windows\system32\RPCRT4.dll
0x73a90000 - 0x73a97000 	C:\Windows\system32\WSOCK32.dll
0x76590000 - 0x765c5000 	C:\Windows\system32\WS2_32.dll
0x76030000 - 0x76036000 	C:\Windows\system32\NSI.dll
0x739c0000 - 0x739f2000 	C:\Windows\system32\WINMM.dll
0x76ab0000 - 0x76b79000 	C:\Windows\system32\USER32.dll
0x76a60000 - 0x76aae000 	C:\Windows\system32\GDI32.dll
0x76330000 - 0x7633a000 	C:\Windows\system32\LPK.dll
0x76390000 - 0x7642d000 	C:\Windows\system32\USP10.dll
0x60420000 - 0x60438000 	C:\Users\Mecánica\Documents\moz\FirefoxPortable\App\Firefox\smime3.dll
0x60340000 - 0x603da000 	C:\Users\Mecánica\Documents\moz\FirefoxPortable\App\Firefox\nss3.dll
0x603e0000 - 0x603f4000 	C:\Users\Mecánica\Documents\moz\FirefoxPortable\App\Firefox\nssutil3.dll
0x600f0000 - 0x600f7000 	C:\Users\Mecánica\Documents\moz\FirefoxPortable\App\Firefox\plc4.dll
0x600e0000 - 0x600e7000 	C:\Users\Mecánica\Documents\moz\FirefoxPortable\App\Firefox\plds4.dll
0x60400000 - 0x60420000 	C:\Users\Mecánica\Documents\moz\FirefoxPortable\App\Firefox\ssl3.dll
0x76be0000 - 0x7782a000 	C:\Windows\system32\SHELL32.dll
0x76b80000 - 0x76bd7000 	C:\Windows\system32\SHLWAPI.dll
0x76430000 - 0x7658c000 	C:\Windows\system32\ole32.dll
0x74ca0000 - 0x74ca9000 	C:\Windows\system32\VERSION.dll
0x6f570000 - 0x6f5c1000 	C:\Windows\system32\WINSPOOL.DRV
0x77850000 - 0x778cb000 	C:\Windows\system32\COMDLG32.dll
0x747a0000 - 0x7493e000 	C:\Windows\WinSxS\x86_microsoft.windows.common-controls_6595b64144ccf1df_6.0.7601.17514_none_41e6975e2bd6f2b2\COMCTL32.dll
0x778d0000 - 0x778ef000 	C:\Windows\system32\IMM32.dll
0x765d0000 - 0x7669c000 	C:\Windows\system32\MSCTF.dll
0x74780000 - 0x74785000 	C:\Windows\system32\MSIMG32.dll
0x760b0000 - 0x7613f000 	C:\Windows\system32\OLEAUT32.dll
0x73640000 - 0x73647000 	C:\Users\Mecánica\Documents\moz\FirefoxPortable\App\Firefox\xpcom.dll
0x6a850000 - 0x6a93b000 	C:\Windows\system32\dbghelp.dll
0x75800000 - 0x7580c000 	C:\Windows\system32\CRYPTBASE.dll
0x74620000 - 0x74660000 	C:\Windows\system32\uxtheme.dll
0x76750000 - 0x768ed000 	C:\Windows\system32\SETUPAPI.dll
0x75be0000 - 0x75c07000 	C:\Windows\system32\CFGMGR32.dll
0x75a80000 - 0x75a92000 	C:\Windows\system32\DEVOBJ.dll
0x768f0000 - 0x76973000 	C:\Windows\system32\CLBCatQ.DLL
0x74660000 - 0x74755000 	C:\Windows\system32\propsys.dll
0x74050000 - 0x74071000 	C:\Windows\system32\ntmarta.dll
0x76340000 - 0x76385000 	C:\Windows\system32\WLDAP32.dll
0x742f0000 - 0x74303000 	C:\Windows\system32\dwmapi.dll
0x758f0000 - 0x758fb000 	C:\Windows\system32\profapi.dll
0x735e0000 - 0x735e8000 	C:\Users\Mecánica\Documents\moz\FirefoxPortable\App\Firefox\components\browserdirprovider.dll
0x752e0000 - 0x7531c000 	C:\Windows\system32\mswsock.dll
0x74e20000 - 0x74e25000 	C:\Windows\System32\wshtcpip.dll
0x73550000 - 0x7356c000 	C:\Windows\system32\iphlpapi.dll
0x73520000 - 0x73527000 	C:\Windows\system32\WINNSI.DLL
0x73750000 - 0x73760000 	C:\Windows\system32\NLAapi.dll
0x70420000 - 0x70430000 	C:\Windows\system32\napinsp.dll
0x70400000 - 0x70412000 	C:\Windows\system32\pnrpnsp.dll
0x751a0000 - 0x751e4000 	C:\Windows\system32\DNSAPI.dll
0x703f0000 - 0x703f8000 	C:\Windows\System32\winrnr.dll
0x74190000 - 0x742c0000 	C:\Windows\system32\WindowsCodecs.dll
0x757b0000 - 0x757fc000 	C:\Windows\system32\apphelp.dll
0x6f000000 - 0x6f031000 	C:\Windows\system32\EhStorShell.dll
0x6ea30000 - 0x6ee36000 	C:\PROGRA~1\MICROS~1\Office14\GROOVEEX.DLL
0x6e980000 - 0x6ea23000 	C:\Windows\WinSxS\x86_microsoft.vc90.crt_1fc8b3b9a1e18e3b_9.0.30729.4940_none_50916076bcb9a742\MSVCR90.dll
0x6e8f0000 - 0x6e97e000 	C:\Windows\WinSxS\x86_microsoft.vc90.crt_1fc8b3b9a1e18e3b_9.0.30729.4940_none_50916076bcb9a742\MSVCP90.dll
0x6e8c0000 - 0x6e8eb000 	C:\Windows\WinSxS\x86_microsoft.vc90.atl_1fc8b3b9a1e18e3b_9.0.30729.4148_none_51ca66a2bbe76806\ATL90.DLL
0x6e4a0000 - 0x6e8ba000 	C:\PROGRA~1\COMMON~1\MICROS~1\OFFICE14\Cultures\office.odf
0x6dc20000 - 0x6e4a0000 	C:\PROGRA~1\MICROS~1\Office14\3082\GrooveIntlResource.dll
0x6da10000 - 0x6da7a000 	C:\Windows\System32\cscui.dll
0x6da00000 - 0x6da09000 	C:\Windows\System32\CSCDLL.dll
0x6f040000 - 0x6f04b000 	C:\Windows\system32\CSCAPI.dll
0x6d740000 - 0x6d7b0000 	C:\Windows\system32\ntshrui.dll
0x755c0000 - 0x755d9000 	C:\Windows\system32\srvcli.dll
0x73690000 - 0x7369a000 	C:\Windows\system32\slc.dll
0x75320000 - 0x75337000 	C:\Windows\system32\CRYPTSP.dll
0x750c0000 - 0x750fb000 	C:\Windows\system32\rsaenh.dll
0x75870000 - 0x7587e000 	C:\Windows\system32\RpcRtRemote.dll
0x72060000 - 0x72083000 	C:\Users\Mecánica\Documents\moz\FirefoxPortable\App\Firefox\components\brwsrcmp.dll
0x602f0000 - 0x60316000 	C:\Users\Mecánica\Documents\moz\FirefoxPortable\App\Firefox\softokn3.dll
0x60320000 - 0x60338000 	C:\Users\Mecánica\Documents\moz\FirefoxPortable\App\Firefox\nssdbm3.dll
0x60440000 - 0x60481000 	C:\Users\Mecánica\Documents\moz\FirefoxPortable\App\Firefox\freebl3.dll
0x602a0000 - 0x602ec000 	C:\Users\Mecánica\Documents\moz\FirefoxPortable\App\Firefox\nssckbi.dll
0x752d0000 - 0x752d6000 	C:\Windows\System32\wship6.dll
0x706a0000 - 0x706a6000 	C:\Windows\system32\rasadhlp.dll
0x71f00000 - 0x71f38000 	C:\Windows\System32\fwpuclnt.dll
0x6d520000 - 0x6d54f000 	C:\Windows\system32\shdocvw.dll
0x72020000 - 0x7204b000 	C:\Program Files\Java\jre7\bin\plugin2\npjp2.dll
0x714f0000 - 0x715af000 	C:\Windows\system32\MSVCR100.dll
0x71170000 - 0x714f0000 	C:\PROGRA~1\Java\jre7\bin\client\jvm.dll
0x760a0000 - 0x760a5000 	C:\Windows\system32\PSAPI.DLL
0x735d0000 - 0x735dc000 	C:\PROGRA~1\Java\jre7\bin\verify.dll
0x72670000 - 0x72690000 	C:\PROGRA~1\Java\jre7\bin\java.dll
0x725e0000 - 0x725f3000 	C:\PROGRA~1\Java\jre7\bin\zip.dll
0x6c250000 - 0x6c30f000 	C:\Program Files\Java\jre7\bin\msvcr100.dll
0x71110000 - 0x7116c000 	C:\Program Files\Java\jre7\bin\deploy.dll
0x75e50000 - 0x76025000 	C:\Windows\system32\WININET.dll
0x75a40000 - 0x75a44000 	C:\Windows\system32\api-ms-win-downlevel-user32-l1-1-0.dll
0x75a60000 - 0x75a64000 	C:\Windows\system32\api-ms-win-downlevel-shlwapi-l1-1-0.dll
0x75a50000 - 0x75a54000 	C:\Windows\system32\api-ms-win-downlevel-version-l1-1-0.dll
0x75a70000 - 0x75a73000 	C:\Windows\system32\api-ms-win-downlevel-normaliz-l1-1-0.dll
0x77a30000 - 0x77a33000 	C:\Windows\system32\normaliz.DLL
0x75c10000 - 0x75e42000 	C:\Windows\system32\iertutil.dll
0x75aa0000 - 0x75aa5000 	C:\Windows\system32\api-ms-win-downlevel-advapi32-l1-1-0.dll
0x75a20000 - 0x75a37000 	C:\Windows\system32\USERENV.dll
0x76140000 - 0x7628a000 	C:\Windows\system32\urlmon.dll
0x759e0000 - 0x759e4000 	C:\Windows\system32\api-ms-win-downlevel-ole32-l1-1-0.dll
0x72010000 - 0x72016000 	C:\Program Files\Java\jre7\bin\jp2native.dll
0x71fb0000 - 0x71fc4000 	C:\Program Files\Java\jre7\bin\net.dll
0x72000000 - 0x7200f000 	C:\Program Files\Java\jre7\bin\nio.dll
0x70ed0000 - 0x70ef0000 	C:\Program Files\Java\jre7\bin\sunec.dll
0x71630000 - 0x71639000 	C:\Program Files\Java\jre7\bin\sunmscapi.dll
0x75ab0000 - 0x75bd1000 	C:\Windows\system32\CRYPT32.dll
0x758e0000 - 0x758ec000 	C:\Windows\system32\MSASN1.dll

VM Arguments:
jvm_args: -Xbootclasspath/a:C:\PROGRA~1\Java\jre7\lib\deploy.jar;C:\PROGRA~1\Java\jre7\lib\javaws.jar;C:\PROGRA~1\Java\jre7\lib\plugin.jar -Xmx32m -Djava.awt.headless=true -XX:MaxDirectMemorySize=64m 
java_command: <unknown>
Launcher Type: generic

Environment Variables:
PATH=C:\Program Files\Mozilla Firefox;C:\Windows\system32;C:\Windows;C:\Windows\System32\Wbem;C:\Windows\System32\WindowsPowerShell\v1.0\;C:\Program Files\Intel\DMIX
USERNAME=Mecánica
OS=Windows_NT
PROCESSOR_IDENTIFIER=x86 Family 6 Model 37 Stepping 2, GenuineIntel



---------------  S Y S T E M  ---------------

OS: Windows 7 Build 7601 Service Pack 1

CPU:total 4 (2 cores per cpu, 2 threads per core) family 6 model 37 stepping 2, cmov, cx8, fxsr, mmx, sse, sse2, sse3, ssse3, sse4.1, sse4.2, popcnt, ht, tsc, tscinvbit

Memory: 4k page, physical 3005740k(1964208k free), swap 6009732k(4955772k free)

vm_info: Java HotSpot(TM) Client VM (24.51-b03) for windows-x86 JRE (1.7.0_51-b13), built on Dec 18 2013 19:09:58 by "java_re" with unknown MS VC++:1600

time: Sat Mar 07 11:46:51 2015
elapsed time: 30 seconds

