#
# A fatal error has been detected by the Java Runtime Environment:
#
#  EXCEPTION_ACCESS_VIOLATION (0xc0000005) at pc=0x00000001, pid=1456, tid=1460
#
# JRE version: Java(TM) SE Runtime Environment (7.0_51-b13) (build 1.7.0_51-b13)
# Java VM: Java HotSpot(TM) Client VM (24.51-b03 mixed mode, sharing windows-x86 )
# Problematic frame:
# C  0x00000001
#
# Failed to write core dump. Minidumps are not enabled by default on client versions of Windows
#
# If you would like to submit a bug report, please visit:
#   http://bugreport.sun.com/bugreport/crash.jsp
# The crash happened outside the Java Virtual Machine in native code.
# See problematic frame for where to report the bug.
#

---------------  T H R E A D  ---------------

Current thread (0x08c7a000):  JavaThread "Thread-2" [_thread_in_native, id=1460, stack(0x001c0000,0x002c0000)]

siginfo: ExceptionCode=0xc0000005, ExceptionInformation=0x00000008 0x00000001

Registers:
EAX=0x671b8ff8, EBX=0x00000000, ECX=0x002bf4a0, EDX=0x047bbb04
ESP=0x002bf468, EBP=0x002bf498, ESI=0x08c7a130, EDI=0x04474458
EIP=0x00000001, EFLAGS=0x00210246

Top of Stack: (sp=0x002bf468)
0x002bf468:   713480d1 04474458 000001f6 047c92c0
0x002bf478:   002bf4a0 002bf494 08c7a000 337a5258
0x002bf488:   337a5258 047c92c0 00000000 00000000
0x002bf498:   002bf4a8 71349198 00000000 002bf4f8
0x002bf4a8:   002bf4e8 0609a9dd 08c7a130 002bf504
0x002bf4b8:   04474458 00000000 002bf4f8 047bbb1c
0x002bf4c8:   002bf4c8 337a5258 002bf504 337ad2b0
0x002bf4d8:   00000000 337a5258 00000000 002bf4f8 

Instructions: (pc=0x00000001)
0xffffffe1:   


Register to memory mapping:

EAX=0x671b8ff8 is an unknown value
EBX=0x00000000 is an unknown value
ECX=0x002bf4a0 is pointing into the stack for thread: 0x08c7a000
EDX=0x047bbb04 is an unknown value
ESP=0x002bf468 is pointing into the stack for thread: 0x08c7a000
EBP=0x002bf498 is pointing into the stack for thread: 0x08c7a000
ESI=0x08c7a130 is an unknown value
EDI=0x04474458 is an unknown value


Stack: [0x001c0000,0x002c0000],  sp=0x002bf468,  free space=1021k
Native frames: (J=compiled Java code, j=interpreted, Vv=VM code, C=native code)
C  0x00000001
C  [npjp2.dll+0x9198]
j  sun.plugin2.main.server.MozillaPlugin.getProxy0(JLjava/lang/String;)Ljava/lang/String;+0
j  sun.plugin2.main.server.MozillaPlugin.getProxy(Ljava/lang/String;)Ljava/lang/String;+17
j  sun.plugin2.main.server.MozillaBrowserService$MozillaProxyHandler.findProxyForURL(Ljava/lang/String;)Ljava/lang/String;+7
j  com.sun.deploy.net.proxy.AbstractBrowserProxyHandler.getProxyInfo(Ljava/net/URL;)[Lcom/sun/deploy/net/proxy/ProxyInfo;+5
j  com.sun.deploy.net.proxy.DynamicProxyManager.getProxyList(Ljava/net/URL;Z)Ljava/util/List;+113
j  sun.plugin2.main.server.ProxySupport.getProxyReply(Lsun/plugin2/main/server/Plugin;Lsun/plugin2/message/GetProxyMessage;)Lsun/plugin2/message/ProxyReplyMessage;+20
j  sun.plugin2.main.server.JVMInstance$1.run()V+26
j  sun.plugin2.main.server.MozillaPlugin$RunnableWrapper.run()V+4
j  sun.plugin2.main.server.MozillaPlugin.drainRunnableQueue()V+39
j  sun.plugin2.main.server.MozillaPlugin.access$000(Lsun/plugin2/main/server/MozillaPlugin;)V+1
j  sun.plugin2.main.server.MozillaPlugin$DrainRunnableQueue.run()V+4
v  ~StubRoutines::call_stub
V  [jvm.dll+0x13f35a]
V  [jvm.dll+0x202c6e]
V  [jvm.dll+0x13f3dd]
V  [jvm.dll+0xc9bc2]
V  [jvm.dll+0xcd813]
C  [npjp2.dll+0x203f]
C  [xul.dll+0x58de1e]

Java frames: (J=compiled Java code, j=interpreted, Vv=VM code)
j  sun.plugin2.main.server.MozillaPlugin.getProxy0(JLjava/lang/String;)Ljava/lang/String;+0
j  sun.plugin2.main.server.MozillaPlugin.getProxy(Ljava/lang/String;)Ljava/lang/String;+17
j  sun.plugin2.main.server.MozillaBrowserService$MozillaProxyHandler.findProxyForURL(Ljava/lang/String;)Ljava/lang/String;+7
j  com.sun.deploy.net.proxy.AbstractBrowserProxyHandler.getProxyInfo(Ljava/net/URL;)[Lcom/sun/deploy/net/proxy/ProxyInfo;+5
j  com.sun.deploy.net.proxy.DynamicProxyManager.getProxyList(Ljava/net/URL;Z)Ljava/util/List;+113
j  sun.plugin2.main.server.ProxySupport.getProxyReply(Lsun/plugin2/main/server/Plugin;Lsun/plugin2/message/GetProxyMessage;)Lsun/plugin2/message/ProxyReplyMessage;+20
j  sun.plugin2.main.server.JVMInstance$1.run()V+26
j  sun.plugin2.main.server.MozillaPlugin$RunnableWrapper.run()V+4
j  sun.plugin2.main.server.MozillaPlugin.drainRunnableQueue()V+39
j  sun.plugin2.main.server.MozillaPlugin.access$000(Lsun/plugin2/main/server/MozillaPlugin;)V+1
j  sun.plugin2.main.server.MozillaPlugin$DrainRunnableQueue.run()V+4
v  ~StubRoutines::call_stub

---------------  P R O C E S S  ---------------

Java Threads: ( => current thread )
  0x08c19400 JavaThread "Thread-5" daemon [_thread_blocked, id=2016, stack(0x0a5d0000,0x0a6d0000)]
  0x04748000 JavaThread "Thread-4" daemon [_thread_in_native, id=2540, stack(0x08dd0000,0x08ed0000)]
  0x08c7a800 JavaThread "Thread-3" daemon [_thread_blocked, id=1396, stack(0x0a260000,0x0a360000)]
=>0x08c7a000 JavaThread "Thread-2" [_thread_in_native, id=1460, stack(0x001c0000,0x002c0000)]
  0x08c49400 JavaThread "JVM[id=1]-Heartbeat" [_thread_blocked, id=2084, stack(0x05a30000,0x05b30000)]
  0x08c76800 JavaThread "JRE 1.7.0.51 Worker Thread" [_thread_blocked, id=1136, stack(0x09980000,0x09a80000)]
  0x08c74400 JavaThread "JRE 1.7.0.51 Output Reader Thread" [_thread_in_native, id=3724, stack(0x097b0000,0x098b0000)]
  0x08c73800 JavaThread "JRE 1.7.0.51 Output Reader Thread" [_thread_in_native, id=2256, stack(0x096a0000,0x097a0000)]
  0x08c73000 JavaThread "Thread-1" [_thread_in_native, id=1012, stack(0x09550000,0x09650000)]
  0x08c6ec00 JavaThread "Java Plug-In Pipe Worker Thread (Server-Side)" daemon [_thread_in_native, id=716, stack(0x09380000,0x09480000)]
  0x047f0c00 JavaThread "Thread-0" daemon [_thread_blocked, id=2456, stack(0x09100000,0x09200000)]
  0x08bb4800 JavaThread "traceMsgQueueThread" daemon [_thread_blocked, id=1880, stack(0x08ed0000,0x08fd0000)]
  0x047b5400 JavaThread "Service Thread" daemon [_thread_blocked, id=3236, stack(0x088b0000,0x089b0000)]
  0x047b0800 JavaThread "C1 CompilerThread0" daemon [_thread_blocked, id=3252, stack(0x08700000,0x08800000)]
  0x047ad400 JavaThread "Attach Listener" daemon [_thread_blocked, id=2148, stack(0x084d0000,0x085d0000)]
  0x047aa400 JavaThread "Signal Dispatcher" daemon [_thread_blocked, id=3388, stack(0x08360000,0x08460000)]
  0x0473f000 JavaThread "Finalizer" daemon [_thread_blocked, id=3712, stack(0x04960000,0x04a60000)]
  0x0473dc00 JavaThread "Reference Handler" daemon [_thread_blocked, id=3392, stack(0x08230000,0x08330000)]
  0x02bec800 JavaThread "main" [_thread_in_native, id=2680, stack(0x05f90000,0x06090000)]

Other Threads:
  0x0473c000 VMThread [stack: 0x080c0000,0x081c0000] [id=1212]
  0x047c7000 WatcherThread [stack: 0x08aa0000,0x08ba0000] [id=2512]

VM state:not at safepoint (normal execution)

VM Mutex/Monitor currently owned by a thread: None

Heap
 def new generation   total 4928K, used 2980K [0x31790000, 0x31ce0000, 0x32230000)
  eden space 4416K,  55% used [0x31790000, 0x319f90e8, 0x31be0000)
  from space 512K, 100% used [0x31be0000, 0x31c60000, 0x31c60000)
  to   space 512K,   0% used [0x31c60000, 0x31c60000, 0x31ce0000)
 tenured generation   total 10944K, used 1464K [0x32230000, 0x32ce0000, 0x33790000)
   the space 10944K,  13% used [0x32230000, 0x3239e170, 0x3239e200, 0x32ce0000)
 compacting perm gen  total 12288K, used 2483K [0x33790000, 0x34390000, 0x37790000)
   the space 12288K,  20% used [0x33790000, 0x339fced8, 0x339fd000, 0x34390000)
    ro space 10240K,  41% used [0x37790000, 0x37bc2050, 0x37bc2200, 0x38190000)
    rw space 12288K,  52% used [0x38190000, 0x387d6800, 0x387d6800, 0x38d90000)

Card table byte_map: [0x02f20000,0x02f60000] byte_map_base: 0x02d94380

Polling page: 0x02bd0000

Code Cache  [0x06090000, 0x06190000, 0x08090000)
 total_blobs=422 nmethods=240 adapters=119 free_code_cache=31752Kb largest_free_block=32514368

Compilation events (10 events):
Event: 30.341 Thread 0x047b0800  236             java.lang.Math::min (46 bytes)
Event: 30.342 Thread 0x047b0800 nmethod 236 0x0618ca88 code [0x0618cb80, 0x0618ccc0]
Event: 30.342 Thread 0x047b0800  237             java.util.regex.Matcher::reset (83 bytes)
Event: 30.342 Thread 0x047b0800 nmethod 237 0x0618cd08 code [0x0618ce20, 0x0618cf6c]
Event: 30.342 Thread 0x047b0800  238             java.util.HashMap$HashIterator::<init> (63 bytes)
Event: 30.342 Thread 0x047b0800 nmethod 238 0x0618d148 code [0x0618d240, 0x0618d330]
Event: 30.342 Thread 0x047b0800  239             java.lang.String::equalsIgnoreCase (48 bytes)
Event: 30.343 Thread 0x047b0800 nmethod 239 0x0618d408 code [0x0618d510, 0x0618d61c]
Event: 30.383 Thread 0x047b0800  240             java.util.Properties::load0 (250 bytes)
Event: 30.384 Thread 0x047b0800 nmethod 240 0x0618d708 code [0x0618d850, 0x0618db70]

GC Heap History (4 events):
Event: 30.157 GC heap before
{Heap before GC invocations=0 (full 0):
 def new generation   total 4928K, used 4416K [0x31790000, 0x31ce0000, 0x32230000)
  eden space 4416K, 100% used [0x31790000, 0x31be0000, 0x31be0000)
  from space 512K,   0% used [0x31be0000, 0x31be0000, 0x31c60000)
  to   space 512K,   0% used [0x31c60000, 0x31c60000, 0x31ce0000)
 tenured generation   total 10944K, used 0K [0x32230000, 0x32ce0000, 0x33790000)
   the space 10944K,   0% used [0x32230000, 0x32230000, 0x32230200, 0x32ce0000)
 compacting perm gen  total 12288K, used 1704K [0x33790000, 0x34390000, 0x37790000)
   the space 12288K,  13% used [0x33790000, 0x3393a108, 0x3393a200, 0x34390000)
    ro space 10240K,  41% used [0x37790000, 0x37bc2050, 0x37bc2200, 0x38190000)
    rw space 12288K,  52% used [0x38190000, 0x387d6800, 0x387d6800, 0x38d90000)
Event: 30.165 GC heap after
Heap after GC invocations=1 (full 0):
 def new generation   total 4928K, used 512K [0x31790000, 0x31ce0000, 0x32230000)
  eden space 4416K,   0% used [0x31790000, 0x31790000, 0x31be0000)
  from space 512K, 100% used [0x31c60000, 0x31ce0000, 0x31ce0000)
  to   space 512K,   0% used [0x31be0000, 0x31be0000, 0x31c60000)
 tenured generation   total 10944K, used 644K [0x32230000, 0x32ce0000, 0x33790000)
   the space 10944K,   5% used [0x32230000, 0x322d12f0, 0x322d1400, 0x32ce0000)
 compacting perm gen  total 12288K, used 1704K [0x33790000, 0x34390000, 0x37790000)
   the space 12288K,  13% used [0x33790000, 0x3393a108, 0x3393a200, 0x34390000)
    ro space 10240K,  41% used [0x37790000, 0x37bc2050, 0x37bc2200, 0x38190000)
    rw space 12288K,  52% used [0x38190000, 0x387d6800, 0x387d6800, 0x38d90000)
}
Event: 30.275 GC heap before
{Heap before GC invocations=1 (full 0):
 def new generation   total 4928K, used 4926K [0x31790000, 0x31ce0000, 0x32230000)
  eden space 4416K,  99% used [0x31790000, 0x31bdf948, 0x31be0000)
  from space 512K, 100% used [0x31c60000, 0x31ce0000, 0x31ce0000)
  to   space 512K,   0% used [0x31be0000, 0x31be0000, 0x31c60000)
 tenured generation   total 10944K, used 644K [0x32230000, 0x32ce0000, 0x33790000)
   the space 10944K,   5% used [0x32230000, 0x322d12f0, 0x322d1400, 0x32ce0000)
 compacting perm gen  total 12288K, used 2270K [0x33790000, 0x34390000, 0x37790000)
   the space 12288K,  18% used [0x33790000, 0x339c78a0, 0x339c7a00, 0x34390000)
    ro space 10240K,  41% used [0x37790000, 0x37bc2050, 0x37bc2200, 0x38190000)
    rw space 12288K,  52% used [0x38190000, 0x387d6800, 0x387d6800, 0x38d90000)
Event: 30.285 GC heap after
Heap after GC invocations=2 (full 0):
 def new generation   total 4928K, used 512K [0x31790000, 0x31ce0000, 0x32230000)
  eden space 4416K,   0% used [0x31790000, 0x31790000, 0x31be0000)
  from space 512K, 100% used [0x31be0000, 0x31c60000, 0x31c60000)
  to   space 512K,   0% used [0x31c60000, 0x31c60000, 0x31ce0000)
 tenured generation   total 10944K, used 1464K [0x32230000, 0x32ce0000, 0x33790000)
   the space 10944K,  13% used [0x32230000, 0x3239e170, 0x3239e200, 0x32ce0000)
 compacting perm gen  total 12288K, used 2270K [0x33790000, 0x34390000, 0x37790000)
   the space 12288K,  18% used [0x33790000, 0x339c78a0, 0x339c7a00, 0x34390000)
    ro space 10240K,  41% used [0x37790000, 0x37bc2050, 0x37bc2200, 0x38190000)
    rw space 12288K,  52% used [0x38190000, 0x387d6800, 0x387d6800, 0x38d90000)
}

Deoptimization events (0 events):
No events

Internal exceptions (10 events):
Event: 0.015 Thread 0x02bec800 Threw 0x31795750 at C:\re\jdk7u51\527\hotspot\src\share\vm\prims\jni.cpp:3991
Event: 0.091 Thread 0x02bec800 Threw 0x318609d0 at C:\re\jdk7u51\527\hotspot\src\share\vm\prims\jvm.cpp:1244
Event: 0.091 Thread 0x02bec800 Threw 0x31860ae8 at C:\re\jdk7u51\527\hotspot\src\share\vm\prims\jvm.cpp:1244
Event: 0.092 Thread 0x02bec800 Threw 0x31863e20 at C:\re\jdk7u51\527\hotspot\src\share\vm\prims\jvm.cpp:1244
Event: 0.092 Thread 0x02bec800 Threw 0x31863f38 at C:\re\jdk7u51\527\hotspot\src\share\vm\prims\jvm.cpp:1244
Event: 0.131 Thread 0x02bec800 Threw 0x318d2278 at C:\re\jdk7u51\527\hotspot\src\share\vm\prims\jni.cpp:717
Event: 0.131 Thread 0x02bec800 Threw 0x318d2410 at C:\re\jdk7u51\527\hotspot\src\share\vm\prims\jni.cpp:717
Event: 0.131 Thread 0x02bec800 Threw 0x318d2578 at C:\re\jdk7u51\527\hotspot\src\share\vm\prims\jni.cpp:717
Event: 30.395 Thread 0x08c7a000 Threw 0x319ed8e0 at C:\re\jdk7u51\527\hotspot\src\share\vm\prims\jvm.cpp:1244
Event: 30.395 Thread 0x08c7a000 Threw 0x319ee9d8 at C:\re\jdk7u51\527\hotspot\src\share\vm\prims\jvm.cpp:1244

Events (10 events):
Event: 30.397 loading class 0x08d7fdb0
Event: 30.397 loading class 0x08d7fdb0 done
Event: 30.397 loading class 0x08d7fd28
Event: 30.397 loading class 0x08d7fd28 done
Event: 30.397 loading class 0x08d7f810
Event: 30.397 loading class 0x08d7f810 done
Event: 30.397 loading class 0x08d7f7d0
Event: 30.397 loading class 0x08d7f7d0 done
Event: 30.397 loading class 0x08d7e960
Event: 30.397 loading class 0x08d7e960 done


Dynamic libraries:
0x00f60000 - 0x00fad000 	C:\Users\Mecánica\Documents\moz\FirefoxPortable\App\Firefox\firefox.exe
0x77550000 - 0x7768c000 	C:\Windows\SYSTEM32\ntdll.dll
0x767d0000 - 0x768a4000 	C:\Windows\system32\kernel32.dll
0x756e0000 - 0x7572b000 	C:\Windows\system32\KERNELBASE.dll
0x668d0000 - 0x6723e000 	C:\Users\Mecánica\Documents\moz\FirefoxPortable\App\Firefox\xul.dll
0x6b940000 - 0x6b9af000 	C:\Users\Mecánica\Documents\moz\FirefoxPortable\App\Firefox\sqlite3.dll
0x69ef0000 - 0x69f9e000 	C:\Users\Mecánica\Documents\moz\FirefoxPortable\App\Firefox\MOZCRT19.dll
0x76530000 - 0x765dc000 	C:\Windows\system32\msvcrt.dll
0x69e40000 - 0x69eee000 	C:\Users\Mecánica\Documents\moz\FirefoxPortable\App\Firefox\js3250.dll
0x600b0000 - 0x600e0000 	C:\Users\Mecánica\Documents\moz\FirefoxPortable\App\Firefox\nspr4.dll
0x765e0000 - 0x76680000 	C:\Windows\system32\ADVAPI32.dll
0x761f0000 - 0x76209000 	C:\Windows\SYSTEM32\sechost.dll
0x75ab0000 - 0x75b52000 	C:\Windows\system32\RPCRT4.dll
0x71a20000 - 0x71a27000 	C:\Windows\system32\WSOCK32.dll
0x761b0000 - 0x761e5000 	C:\Windows\system32\WS2_32.dll
0x760d0000 - 0x760d6000 	C:\Windows\system32\NSI.dll
0x73610000 - 0x73642000 	C:\Windows\system32\WINMM.dll
0x762a0000 - 0x76369000 	C:\Windows\system32\USER32.dll
0x768b0000 - 0x768fe000 	C:\Windows\system32\GDI32.dll
0x776b0000 - 0x776ba000 	C:\Windows\system32\LPK.dll
0x75d90000 - 0x75e2d000 	C:\Windows\system32\USP10.dll
0x60420000 - 0x60438000 	C:\Users\Mecánica\Documents\moz\FirefoxPortable\App\Firefox\smime3.dll
0x60340000 - 0x603da000 	C:\Users\Mecánica\Documents\moz\FirefoxPortable\App\Firefox\nss3.dll
0x603e0000 - 0x603f4000 	C:\Users\Mecánica\Documents\moz\FirefoxPortable\App\Firefox\nssutil3.dll
0x600f0000 - 0x600f7000 	C:\Users\Mecánica\Documents\moz\FirefoxPortable\App\Firefox\plc4.dll
0x600e0000 - 0x600e7000 	C:\Users\Mecánica\Documents\moz\FirefoxPortable\App\Firefox\plds4.dll
0x60400000 - 0x60420000 	C:\Users\Mecánica\Documents\moz\FirefoxPortable\App\Firefox\ssl3.dll
0x76900000 - 0x7754b000 	C:\Windows\system32\SHELL32.dll
0x776c0000 - 0x77717000 	C:\Windows\system32\SHLWAPI.dll
0x76370000 - 0x764cc000 	C:\Windows\system32\ole32.dll
0x74900000 - 0x74909000 	C:\Windows\system32\VERSION.dll
0x6f4d0000 - 0x6f521000 	C:\Windows\system32\WINSPOOL.DRV
0x76050000 - 0x760cb000 	C:\Windows\system32\COMDLG32.dll
0x74400000 - 0x7459e000 	C:\Windows\WinSxS\x86_microsoft.windows.common-controls_6595b64144ccf1df_6.0.7601.17514_none_41e6975e2bd6f2b2\COMCTL32.dll
0x77690000 - 0x776af000 	C:\Windows\system32\IMM32.dll
0x760e0000 - 0x761ac000 	C:\Windows\system32\MSCTF.dll
0x73da0000 - 0x73da5000 	C:\Windows\system32\MSIMG32.dll
0x75d00000 - 0x75d8f000 	C:\Windows\system32\OLEAUT32.dll
0x73d90000 - 0x73d97000 	C:\Users\Mecánica\Documents\moz\FirefoxPortable\App\Firefox\xpcom.dll
0x6bb90000 - 0x6bc7b000 	C:\Windows\system32\dbghelp.dll
0x75460000 - 0x7546c000 	C:\Windows\system32\CRYPTBASE.dll
0x74170000 - 0x741b0000 	C:\Windows\system32\uxtheme.dll
0x75b60000 - 0x75cfd000 	C:\Windows\system32\SETUPAPI.dll
0x756b0000 - 0x756d7000 	C:\Windows\system32\CFGMGR32.dll
0x75730000 - 0x75742000 	C:\Windows\system32\DEVOBJ.dll
0x76210000 - 0x76293000 	C:\Windows\system32\CLBCatQ.DLL
0x742c0000 - 0x743b5000 	C:\Windows\system32\propsys.dll
0x73e80000 - 0x73ea1000 	C:\Windows\system32\ntmarta.dll
0x764d0000 - 0x76515000 	C:\Windows\system32\WLDAP32.dll
0x73cd0000 - 0x73ce3000 	C:\Windows\system32\dwmapi.dll
0x75550000 - 0x7555b000 	C:\Windows\system32\profapi.dll
0x73290000 - 0x73298000 	C:\Users\Mecánica\Documents\moz\FirefoxPortable\App\Firefox\components\browserdirprovider.dll
0x74f40000 - 0x74f7c000 	C:\Windows\system32\mswsock.dll
0x74a80000 - 0x74a85000 	C:\Windows\System32\wshtcpip.dll
0x73050000 - 0x7306c000 	C:\Windows\system32\iphlpapi.dll
0x73040000 - 0x73047000 	C:\Windows\system32\WINNSI.DLL
0x733d0000 - 0x733e0000 	C:\Windows\system32\NLAapi.dll
0x6fe80000 - 0x6fe90000 	C:\Windows\system32\napinsp.dll
0x6fe60000 - 0x6fe72000 	C:\Windows\system32\pnrpnsp.dll
0x74e00000 - 0x74e44000 	C:\Windows\system32\DNSAPI.dll
0x6fe50000 - 0x6fe58000 	C:\Windows\System32\winrnr.dll
0x73a60000 - 0x73b91000 	C:\Windows\system32\WindowsCodecs.dll
0x75410000 - 0x7545c000 	C:\Windows\system32\apphelp.dll
0x6e720000 - 0x6e751000 	C:\Windows\system32\EhStorShell.dll
0x6dd60000 - 0x6e166000 	C:\PROGRA~1\MICROS~1\Office14\GROOVEEX.DLL
0x6e670000 - 0x6e713000 	C:\Windows\WinSxS\x86_microsoft.vc90.crt_1fc8b3b9a1e18e3b_9.0.30729.4940_none_50916076bcb9a742\MSVCR90.dll
0x6e4f0000 - 0x6e57e000 	C:\Windows\WinSxS\x86_microsoft.vc90.crt_1fc8b3b9a1e18e3b_9.0.30729.4940_none_50916076bcb9a742\MSVCP90.dll
0x6e4c0000 - 0x6e4eb000 	C:\Windows\WinSxS\x86_microsoft.vc90.atl_1fc8b3b9a1e18e3b_9.0.30729.4148_none_51ca66a2bbe76806\ATL90.DLL
0x6d940000 - 0x6dd5a000 	C:\PROGRA~1\COMMON~1\MICROS~1\OFFICE14\Cultures\office.odf
0x6d0c0000 - 0x6d940000 	C:\PROGRA~1\MICROS~1\Office14\3082\GrooveIntlResource.dll
0x6e450000 - 0x6e4ba000 	C:\Windows\System32\cscui.dll
0x6e440000 - 0x6e449000 	C:\Windows\System32\CSCDLL.dll
0x6ed20000 - 0x6ed2b000 	C:\Windows\system32\CSCAPI.dll
0x6e3d0000 - 0x6e440000 	C:\Windows\system32\ntshrui.dll
0x75220000 - 0x75239000 	C:\Windows\system32\srvcli.dll
0x73330000 - 0x7333a000 	C:\Windows\system32\slc.dll
0x74f80000 - 0x74f97000 	C:\Windows\system32\CRYPTSP.dll
0x74d20000 - 0x74d5b000 	C:\Windows\system32\rsaenh.dll
0x754d0000 - 0x754de000 	C:\Windows\system32\RpcRtRemote.dll
0x730d0000 - 0x730f3000 	C:\Users\Mecánica\Documents\moz\FirefoxPortable\App\Firefox\components\brwsrcmp.dll
0x602f0000 - 0x60316000 	C:\Users\Mecánica\Documents\moz\FirefoxPortable\App\Firefox\softokn3.dll
0x60320000 - 0x60338000 	C:\Users\Mecánica\Documents\moz\FirefoxPortable\App\Firefox\nssdbm3.dll
0x60440000 - 0x60481000 	C:\Users\Mecánica\Documents\moz\FirefoxPortable\App\Firefox\freebl3.dll
0x602a0000 - 0x602ec000 	C:\Users\Mecánica\Documents\moz\FirefoxPortable\App\Firefox\nssckbi.dll
0x71340000 - 0x7136b000 	C:\Program Files\Java\jre7\bin\plugin2\npjp2.dll
0x69d80000 - 0x69e3f000 	C:\Windows\system32\MSVCR100.dll
0x66550000 - 0x668d0000 	C:\PROGRA~1\Java\jre7\bin\client\jvm.dll
0x76040000 - 0x76045000 	C:\Windows\system32\PSAPI.DLL
0x73280000 - 0x7328c000 	C:\PROGRA~1\Java\jre7\bin\verify.dll
0x730b0000 - 0x730d0000 	C:\PROGRA~1\Java\jre7\bin\java.dll
0x711f0000 - 0x71203000 	C:\PROGRA~1\Java\jre7\bin\zip.dll
0x66490000 - 0x6654f000 	C:\Program Files\Java\jre7\bin\msvcr100.dll
0x6e5b0000 - 0x6e60c000 	C:\Program Files\Java\jre7\bin\deploy.dll
0x75e60000 - 0x76035000 	C:\Windows\system32\WININET.dll
0x757a0000 - 0x757a4000 	C:\Windows\system32\api-ms-win-downlevel-user32-l1-1-0.dll
0x75570000 - 0x75574000 	C:\Windows\system32\api-ms-win-downlevel-shlwapi-l1-1-0.dll
0x75560000 - 0x75564000 	C:\Windows\system32\api-ms-win-downlevel-version-l1-1-0.dll
0x75850000 - 0x75853000 	C:\Windows\system32\api-ms-win-downlevel-normaliz-l1-1-0.dll
0x76520000 - 0x76523000 	C:\Windows\system32\normaliz.DLL
0x75870000 - 0x75aa2000 	C:\Windows\system32\iertutil.dll
0x75840000 - 0x75845000 	C:\Windows\system32\api-ms-win-downlevel-advapi32-l1-1-0.dll
0x75750000 - 0x75767000 	C:\Windows\system32\USERENV.dll
0x76680000 - 0x767cb000 	C:\Windows\system32\urlmon.dll
0x75860000 - 0x75864000 	C:\Windows\system32\api-ms-win-downlevel-ole32-l1-1-0.dll
0x6f900000 - 0x6f906000 	C:\Program Files\Java\jre7\bin\jp2native.dll
0x6b920000 - 0x6b934000 	C:\Program Files\Java\jre7\bin\net.dll
0x74f30000 - 0x74f36000 	C:\Windows\System32\wship6.dll
0x71330000 - 0x7133f000 	C:\Program Files\Java\jre7\bin\nio.dll
0x701f0000 - 0x701f6000 	C:\Windows\system32\rasadhlp.dll
0x72f30000 - 0x72f68000 	C:\Windows\System32\fwpuclnt.dll
0x6e2c0000 - 0x6e2ef000 	C:\Windows\system32\shdocvw.dll
0x6b610000 - 0x6b630000 	C:\Program Files\Java\jre7\bin\sunec.dll
0x6b600000 - 0x6b609000 	C:\Program Files\Java\jre7\bin\sunmscapi.dll
0x75580000 - 0x756a1000 	C:\Windows\system32\CRYPT32.dll
0x75540000 - 0x7554c000 	C:\Windows\system32\MSASN1.dll

VM Arguments:
jvm_args: -Xbootclasspath/a:C:\PROGRA~1\Java\jre7\lib\deploy.jar;C:\PROGRA~1\Java\jre7\lib\javaws.jar;C:\PROGRA~1\Java\jre7\lib\plugin.jar -Xmx32m -Djava.awt.headless=true -XX:MaxDirectMemorySize=64m 
java_command: <unknown>
Launcher Type: generic

Environment Variables:
PATH=C:\Program Files\Mozilla Firefox;C:\Windows\system32;C:\Windows;C:\Windows\System32\Wbem;C:\Windows\System32\WindowsPowerShell\v1.0\;C:\Program Files\Intel\DMIX
USERNAME=Mecánica
OS=Windows_NT
PROCESSOR_IDENTIFIER=x86 Family 6 Model 37 Stepping 2, GenuineIntel



---------------  S Y S T E M  ---------------

OS: Windows 7 Build 7601 Service Pack 1

CPU:total 4 (2 cores per cpu, 2 threads per core) family 6 model 37 stepping 2, cmov, cx8, fxsr, mmx, sse, sse2, sse3, ssse3, sse4.1, sse4.2, popcnt, ht, tsc, tscinvbit

Memory: 4k page, physical 3005740k(2131948k free), swap 6009732k(5034044k free)

vm_info: Java HotSpot(TM) Client VM (24.51-b03) for windows-x86 JRE (1.7.0_51-b13), built on Dec 18 2013 19:09:58 by "java_re" with unknown MS VC++:1600

time: Wed Mar 25 07:29:41 2015
elapsed time: 30 seconds

